153.16001858115982 GPa
257.2414478561142 GPa
258.26993636681095 GPa
153.16001858115982 GPa
257.2414478561142 GPa
258.26993636681095 GPa
153.16001858115982 GPa
257.2414478561142 GPa
258.26993636681095 GPa
153.16001858115982 GPa
257.2414478561142 GPa
258.26993636681095 GPa
153.16001858115982 GPa
257.2414478561142 GPa
258.26993636681095 GPa
153.16001858115982 GPa
257.2414478561142 GPa
258.26993636681095 GPa
153.16001858115982 GPa
257.2414478561142 GPa
258.26993636681095 GPa
153.16001858115982 GPa
257.2414478561142 GPa
258.26993636681095 GPa
