      Step     Time          Energy         fmax
BFGS:    0 19:21:55       13.330145       33.1618
BFGS:    1 19:21:55        1.224952       10.7155
BFGS:    2 19:21:55       -1.299640        4.7641
BFGS:    3 19:21:55       -2.376570        2.6961
BFGS:    4 19:21:55       -2.858709        1.2224
BFGS:    5 19:21:55       -3.005783        0.5552
BFGS:    6 19:21:55       -3.043996        0.4983
BFGS:    7 19:21:55       -3.058302        0.5241
BFGS:    8 19:21:55       -3.077526        0.5931
BFGS:    9 19:21:55       -3.126404        0.7712
BFGS:   10 19:21:55       -3.221501        0.9311
BFGS:   11 19:21:55       -3.188376        1.1348
BFGS:   12 19:21:55       -3.311892        0.8801
BFGS:   13 19:21:55       -3.384687        0.8689
BFGS:   14 19:21:55       -3.487293        1.5441
BFGS:   15 19:21:55       -3.575226        0.7282
BFGS:   16 19:21:55       -3.605847        0.7578
BFGS:   17 19:21:55       -3.662719        0.5790
BFGS:   18 19:21:55       -3.685337        0.4184
BFGS:   19 19:21:55       -3.713714        0.4759
BFGS:   20 19:21:55       -3.727575        0.5250
BFGS:   21 19:21:55       -3.751663        0.5285
BFGS:   22 19:21:55       -3.779938        0.4207
BFGS:   23 19:21:55       -3.810834        0.4735
BFGS:   24 19:21:55       -3.846799        0.4245
BFGS:   25 19:21:55       -3.868881        0.6267
BFGS:   26 19:21:55       -3.937702        0.9672
BFGS:   27 19:21:55       -4.060068        1.5903
BFGS:   28 19:21:55       -4.182147        2.1670
BFGS:   29 19:21:55       -4.115996        2.0606
BFGS:   30 19:21:55       -4.302371        1.9769
BFGS:   31 19:21:55       -4.354742        1.2637
BFGS:   32 19:21:55       -4.455194        1.1397
BFGS:   33 19:21:55       -4.616867        0.8421
BFGS:   34 19:21:55       -4.653045        0.7702
BFGS:   35 19:21:55       -4.696099        0.6127
BFGS:   36 19:21:55       -4.722498        0.4022
BFGS:   37 19:21:55       -4.735814        0.3564
BFGS:   38 19:21:55       -4.760148        0.3437
BFGS:   39 19:21:55       -4.770924        0.4019
BFGS:   40 19:21:55       -4.787884        0.4683
BFGS:   41 19:21:55       -4.808899        0.4715
BFGS:   42 19:21:55       -4.827588        0.4367
BFGS:   43 19:21:55       -4.845252        0.4192
BFGS:   44 19:21:55       -4.858995        0.3648
BFGS:   45 19:21:55       -4.868042        0.3382
BFGS:   46 19:21:55       -4.888937        0.3722
BFGS:   47 19:21:55       -4.896952        0.1668
BFGS:   48 19:21:55       -4.898760        0.1268
BFGS:   49 19:21:55       -4.901566        0.0864
BFGS:   50 19:21:55       -4.902087        0.1023
BFGS:   51 19:21:55       -4.902849        0.0916
BFGS:   52 19:21:55       -4.903784        0.0780
BFGS:   53 19:21:55       -4.904696        0.0757
BFGS:   54 19:21:55       -4.905971        0.1157
BFGS:   55 19:21:55       -4.907106        0.1627
BFGS:   56 19:21:55       -4.908543        0.2035
BFGS:   57 19:21:55       -4.911770        0.2653
BFGS:   58 19:21:55       -4.922510        0.4321
BFGS:   59 19:21:55       -4.944413        0.6760
BFGS:   60 19:21:55       -4.956503        0.9044
BFGS:   61 19:21:55       -4.987626        0.7513
BFGS:   62 19:21:55       -5.088005        0.7595
BFGS:   63 19:21:55       -5.133604        0.7047
BFGS:   64 19:21:55       -5.080308        1.4138
BFGS:   65 19:21:55       -5.173659        0.4960
BFGS:   66 19:21:55       -5.199665        0.2075
BFGS:   67 19:21:55       -5.207596        0.1104
BFGS:   68 19:21:55       -5.210732        0.0652
BFGS:   69 19:21:55       -5.211031        0.0535
BFGS:   70 19:21:55       -5.211298        0.0375
      Step     Time          Energy         fmax
BFGS:    0 19:21:55       14.000697       30.2628
BFGS:    1 19:21:55        1.649964       10.2098
BFGS:    2 19:21:55       -1.297633        4.8745
BFGS:    3 19:21:55       -2.179594        2.3549
BFGS:    4 19:21:55       -2.546203        1.1519
BFGS:    5 19:21:55       -2.659232        0.5317
BFGS:    6 19:21:55       -2.681553        0.2862
BFGS:    7 19:21:55       -2.687555        0.2319
BFGS:    8 19:21:55       -2.693962        0.2466
BFGS:    9 19:21:55       -2.705408        0.2841
BFGS:   10 19:21:55       -2.720485        0.4011
BFGS:   11 19:21:55       -2.733416        0.4883
BFGS:   12 19:21:55       -2.746614        0.5486
BFGS:   13 19:21:55       -2.794165        0.8132
BFGS:   14 19:21:55       -2.868337        1.3908
BFGS:   15 19:21:55       -2.847314        1.8955
BFGS:   16 19:21:55       -2.917469        1.4328
BFGS:   17 19:21:55       -2.953404        1.3709
BFGS:   18 19:21:55       -3.099223        1.2489
BFGS:   19 19:21:55       -3.176213        0.8773
BFGS:   20 19:21:55       -3.215117        0.7225
BFGS:   21 19:21:55       -3.282937        0.4236
BFGS:   22 19:21:55       -3.300449        0.4505
BFGS:   23 19:21:55       -3.319722        0.4025
BFGS:   24 19:21:55       -3.334400        0.3915
BFGS:   25 19:21:55       -3.364878        0.3309
BFGS:   26 19:21:55       -3.381944        0.3267
BFGS:   27 19:21:55       -3.388245        0.3470
BFGS:   28 19:21:55       -3.393450        0.2575
BFGS:   29 19:21:55       -3.396828        0.2465
BFGS:   30 19:21:55       -3.404020        0.1455
BFGS:   31 19:21:55       -3.405500        0.1797
BFGS:   32 19:21:55       -3.407398        0.2039
BFGS:   33 19:21:55       -3.411927        0.2377
BFGS:   34 19:21:55       -3.426391        0.3472
BFGS:   35 19:21:55       -3.473395        0.5777
BFGS:   36 19:21:55       -3.570274        0.6743
BFGS:   37 19:21:55       -3.691723        0.6946
BFGS:   38 19:21:55       -3.443410        3.3427
BFGS:   39 19:21:55       -3.732060        0.6236
BFGS:   40 19:21:55       -3.754248        0.5764
BFGS:   41 19:21:55       -3.805157        0.4935
BFGS:   42 19:21:55       -3.899482        0.7488
BFGS:   43 19:21:55       -3.934629        0.4122
BFGS:   44 19:21:55       -3.940744        0.2752
BFGS:   45 19:21:55       -3.945673        0.2271
BFGS:   46 19:21:55       -3.950449        0.1970
BFGS:   47 19:21:55       -3.967671        0.3106
BFGS:   48 19:21:55       -3.973688        0.3411
BFGS:   49 19:21:55       -4.029643        0.5862
BFGS:   50 19:21:55       -4.049792        1.6036
BFGS:   51 19:21:55       -4.204462        1.2643
BFGS:   52 19:21:55       -4.118305        1.9707
BFGS:   53 19:21:55       -4.293044        0.5147
BFGS:   54 19:21:55       -4.316303        0.4437
BFGS:   55 19:21:55       -4.346138        0.3592
BFGS:   56 19:21:56       -4.354436        0.3115
BFGS:   57 19:21:56       -4.366277        0.2022
BFGS:   58 19:21:56       -4.369393        0.2105
BFGS:   59 19:21:56       -4.374190        0.2258
BFGS:   60 19:21:56       -4.378418        0.2236
BFGS:   61 19:21:56       -4.387549        0.2513
BFGS:   62 19:21:56       -4.400024        0.3389
BFGS:   63 19:21:56       -4.422886        0.4940
BFGS:   64 19:21:56       -4.455221        0.8090
BFGS:   65 19:21:56       -4.399792        1.2486
BFGS:   66 19:21:56       -4.468269        0.7677
BFGS:   67 19:21:56       -4.476306        0.7276
BFGS:   68 19:21:56       -4.526084        0.8156
BFGS:   69 19:21:56       -4.569567        0.6002
BFGS:   70 19:21:56       -4.588903        0.6739
BFGS:   71 19:21:56       -4.616336        0.4959
BFGS:   72 19:21:56       -4.630510        0.4916
BFGS:   73 19:21:56       -4.657482        0.8203
BFGS:   74 19:21:56       -4.665559        0.6668
BFGS:   75 19:21:56       -4.675781        0.5967
BFGS:   76 19:21:56       -4.721561        0.3627
BFGS:   77 19:21:56       -4.740541        0.2643
BFGS:   78 19:21:56       -4.752345        0.2164
BFGS:   79 19:21:56       -4.758861        0.1020
BFGS:   80 19:21:56       -4.759829        0.0343
      Step     Time          Energy         fmax
BFGS:    0 19:21:56       16.904211       40.3423
BFGS:    1 19:21:56        6.379925       22.4927
BFGS:    2 19:21:56        0.607879       11.2111
BFGS:    3 19:21:56       -1.923224        4.8775
BFGS:    4 19:21:56       -2.615388        1.9814
BFGS:    5 19:21:56       -2.921602        0.6627
BFGS:    6 19:21:56       -2.996209        0.2941
BFGS:    7 19:21:56       -3.008748        0.2437
BFGS:    8 19:21:56       -3.011529        0.2424
BFGS:    9 19:21:56       -3.015280        0.2418
BFGS:   10 19:21:56       -3.022812        0.2322
BFGS:   11 19:21:56       -3.034669        0.2816
BFGS:   12 19:21:56       -3.048013        0.3774
BFGS:   13 19:21:56       -3.062788        0.6969
BFGS:   14 19:21:56       -3.104462        1.3454
BFGS:   15 19:21:56       -3.060612        1.9359
BFGS:   16 19:21:56       -3.123818        1.4511
BFGS:   17 19:21:56       -3.137781        1.5053
BFGS:   18 19:21:56       -3.216838        2.1087
BFGS:   19 19:21:56       -3.236741        2.1412
BFGS:   20 19:21:56       -3.288809        1.9667
BFGS:   21 19:21:56       -3.339474        1.7930
BFGS:   22 19:21:56       -3.388532        1.4257
BFGS:   23 19:21:56       -3.412331        1.1864
BFGS:   24 19:21:56       -3.445121        0.6873
BFGS:   25 19:21:56       -3.475999        0.5651
BFGS:   26 19:21:56       -3.523932        0.5592
BFGS:   27 19:21:56       -3.561629        0.4812
BFGS:   28 19:21:56       -3.582356        0.4757
BFGS:   29 19:21:56       -3.594818        0.5256
BFGS:   30 19:21:56       -3.610447        0.4650
BFGS:   31 19:21:56       -3.646484        0.4880
BFGS:   32 19:21:56       -3.711511        0.5239
BFGS:   33 19:21:56       -3.759195        0.4395
BFGS:   34 19:21:56       -3.775928        0.3671
BFGS:   35 19:21:56       -3.783855        0.4885
BFGS:   36 19:21:56       -3.790241        0.2973
BFGS:   37 19:21:56       -3.793444        0.2782
BFGS:   38 19:21:56       -3.794810        0.2635
BFGS:   39 19:21:56       -3.798524        0.2344
BFGS:   40 19:21:56       -3.803083        0.1890
BFGS:   41 19:21:56       -3.805950        0.1813
BFGS:   42 19:21:56       -3.806879        0.1631
BFGS:   43 19:21:56       -3.807808        0.1382
BFGS:   44 19:21:56       -3.808944        0.1157
BFGS:   45 19:21:56       -3.809978        0.0829
BFGS:   46 19:21:56       -3.810630        0.0595
BFGS:   47 19:21:56       -3.810991        0.0625
BFGS:   48 19:21:56       -3.811398        0.0769
BFGS:   49 19:21:56       -3.812222        0.0807
BFGS:   50 19:21:56       -3.813280        0.1091
BFGS:   51 19:21:56       -3.814183        0.1309
BFGS:   52 19:21:56       -3.814718        0.1357
BFGS:   53 19:21:56       -3.815099        0.1359
BFGS:   54 19:21:56       -3.815892        0.1469
BFGS:   55 19:21:56       -3.818044        0.2125
BFGS:   56 19:21:56       -3.823834        0.3500
BFGS:   57 19:21:56       -3.832985        0.5696
BFGS:   58 19:21:56       -3.855134        0.6913
BFGS:   59 19:21:56       -3.882747        0.8476
BFGS:   60 19:21:56       -3.910914        0.9843
BFGS:   61 19:21:56       -3.933324        0.9964
BFGS:   62 19:21:56       -3.978989        1.0104
BFGS:   63 19:21:56       -4.112452        1.0460
BFGS:   64 19:21:56       -3.946720        2.2493
BFGS:   65 19:21:56       -4.166220        0.4549
BFGS:   66 19:21:56       -4.185530        0.6994
BFGS:   67 19:21:56       -4.228243        0.7089
BFGS:   68 19:21:56       -4.338031        0.3541
BFGS:   69 19:21:56       -4.347810        0.3485
BFGS:   70 19:21:56       -4.367910        0.2606
BFGS:   71 19:21:56       -4.370116        0.1700
BFGS:   72 19:21:56       -4.373163        0.1693
BFGS:   73 19:21:56       -4.375298        0.1883
BFGS:   74 19:21:56       -4.381315        0.2244
BFGS:   75 19:21:56       -4.387790        0.2535
BFGS:   76 19:21:56       -4.411734        0.6432
BFGS:   77 19:21:56       -4.451926        1.2166
BFGS:   78 19:21:56       -4.565497        0.7206
BFGS:   79 19:21:56       -4.704091        0.6160
BFGS:   80 19:21:56       -4.804296        0.7537
BFGS:   81 19:21:56       -4.849591        0.6752
BFGS:   82 19:21:56       -4.883269        0.7017
BFGS:   83 19:21:56       -4.905426        0.6482
BFGS:   84 19:21:56       -4.922664        0.5498
BFGS:   85 19:21:56       -4.935465        0.4423
BFGS:   86 19:21:56       -4.949194        0.4387
BFGS:   87 19:21:56       -4.963867        0.5130
BFGS:   88 19:21:56       -4.994348        0.6535
BFGS:   89 19:21:56       -5.038255        0.7637
BFGS:   90 19:21:56       -5.068976        0.5195
BFGS:   91 19:21:56       -5.107669        0.5243
BFGS:   92 19:21:56       -5.125045        0.4276
BFGS:   93 19:21:56       -5.156981        0.4171
BFGS:   94 19:21:56       -5.186610        0.4452
BFGS:   95 19:21:56       -5.207468        0.3290
BFGS:   96 19:21:56       -5.215937        0.2120
BFGS:   97 19:21:56       -5.217679        0.1156
BFGS:   98 19:21:56       -5.219134        0.0506
BFGS:   99 19:21:56       -5.219459        0.0611
BFGS:  100 19:21:56       -5.219803        0.0528
BFGS:  101 19:21:56       -5.220270        0.0593
BFGS:  102 19:21:56       -5.220919        0.0698
BFGS:  103 19:21:56       -5.222116        0.0898
BFGS:  104 19:21:56       -5.223662        0.1223
BFGS:  105 19:21:56       -5.225370        0.1803
BFGS:  106 19:21:56       -5.228136        0.2531
BFGS:  107 19:21:56       -5.245938        0.5043
BFGS:  108 19:21:56       -5.312524        0.5442
BFGS:  109 19:21:56       -5.437365        0.4902
BFGS:  110 19:21:56       -5.575562        0.4170
BFGS:  111 19:21:56       -5.499916        1.7047
BFGS:  112 19:21:56       -5.624914        0.3828
BFGS:  113 19:21:56       -5.640327        0.2191
BFGS:  114 19:21:56       -5.646261        0.1907
BFGS:  115 19:21:56       -5.648269        0.1347
BFGS:  116 19:21:56       -5.648866        0.1218
BFGS:  117 19:21:56       -5.650636        0.0871
BFGS:  118 19:21:56       -5.651574        0.0618
BFGS:  119 19:21:56       -5.652300        0.0298
      Step     Time          Energy         fmax
BFGS:    0 19:21:56       13.452582       34.3013
BFGS:    1 19:21:56        2.125753       12.0920
BFGS:    2 19:21:56       -1.380325        5.8009
BFGS:    3 19:21:56       -2.532373        2.9564
BFGS:    4 19:21:56       -2.882365        1.7413
BFGS:    5 19:21:56       -3.025039        0.8699
BFGS:    6 19:21:56       -3.058309        0.5297
BFGS:    7 19:21:56       -3.075517        0.4105
BFGS:    8 19:21:56       -3.085633        0.2440
BFGS:    9 19:21:56       -3.090736        0.1673
BFGS:   10 19:21:56       -3.092679        0.1196
BFGS:   11 19:21:56       -3.093324        0.0892
BFGS:   12 19:21:56       -3.094002        0.0903
BFGS:   13 19:21:56       -3.095392        0.1270
BFGS:   14 19:21:56       -3.097984        0.2272
BFGS:   15 19:21:56       -3.103153        0.4252
BFGS:   16 19:21:56       -3.115803        0.8381
BFGS:   17 19:21:56       -3.147571        1.6396
BFGS:   18 19:21:56       -3.157502        2.3809
BFGS:   19 19:21:56       -3.167582        1.8164
BFGS:   20 19:21:56       -3.172465        1.8138
BFGS:   21 19:21:56       -3.176946        1.8204
BFGS:   22 19:21:56       -3.178835        1.7709
BFGS:   23 19:21:56       -3.188313        1.5665
BFGS:   24 19:21:56       -3.201193        1.3482
BFGS:   25 19:21:56       -3.213787        1.2128
BFGS:   26 19:21:56       -3.237585        1.1507
BFGS:   27 19:21:56       -3.278131        1.0480
BFGS:   28 19:21:56       -3.294850        0.8183
BFGS:   29 19:21:56       -3.340562        1.1454
BFGS:   30 19:21:56       -3.383517        0.7355
BFGS:   31 19:21:56       -3.501595        1.0120
BFGS:   32 19:21:56       -3.567918        0.7443
BFGS:   33 19:21:56       -3.569123        0.6603
BFGS:   34 19:21:56       -3.596169        0.5016
BFGS:   35 19:21:56       -3.604634        0.5988
BFGS:   36 19:21:56       -3.611568        0.5329
BFGS:   37 19:21:56       -3.633195        0.3655
BFGS:   38 19:21:56       -3.662425        0.4619
BFGS:   39 19:21:56       -3.697375        0.6971
BFGS:   40 19:21:56       -3.752336        0.9189
BFGS:   41 19:21:56       -3.836907        1.1128
BFGS:   42 19:21:56       -3.928309        1.3081
BFGS:   43 19:21:56       -4.063247        1.3340
BFGS:   44 19:21:56       -4.162349        1.2538
BFGS:   45 19:21:56       -4.217877        0.7925
BFGS:   46 19:21:56       -4.276927        0.8169
BFGS:   47 19:21:56       -4.344642        0.6800
BFGS:   48 19:21:56       -4.351505        2.0645
BFGS:   49 19:21:56       -4.462341        0.5139
BFGS:   50 19:21:56       -4.490601        0.5579
BFGS:   51 19:21:56       -4.539577        1.2602
BFGS:   52 19:21:56       -4.578101        0.9738
BFGS:   53 19:21:56       -4.658248        0.7042
BFGS:   54 19:21:56       -4.721780        0.9117
BFGS:   55 19:21:56       -4.753320        0.7026
BFGS:   56 19:21:56       -4.798636        0.6333
BFGS:   57 19:21:56       -4.864904        0.4429
BFGS:   58 19:21:56       -4.895516        0.3618
BFGS:   59 19:21:56       -4.915441        0.3494
BFGS:   60 19:21:56       -4.923124        0.2683
BFGS:   61 19:21:56       -4.926590        0.2029
BFGS:   62 19:21:56       -4.928765        0.1925
BFGS:   63 19:21:56       -4.930489        0.1853
BFGS:   64 19:21:56       -4.932151        0.1656
BFGS:   65 19:21:56       -4.933112        0.1465
BFGS:   66 19:21:56       -4.935343        0.1110
BFGS:   67 19:21:56       -4.939176        0.1296
BFGS:   68 19:21:56       -4.946363        0.1834
BFGS:   69 19:21:56       -4.957268        0.3672
BFGS:   70 19:21:56       -4.973515        0.5929
BFGS:   71 19:21:56       -4.986666        0.7707
BFGS:   72 19:21:56       -4.997025        0.9234
BFGS:   73 19:21:56       -5.030149        0.9626
BFGS:   74 19:21:56       -5.100612        1.0646
BFGS:   75 19:21:56       -5.001377        2.0174
BFGS:   76 19:21:56       -5.181075        0.7458
BFGS:   77 19:21:56       -5.205700        0.6173
BFGS:   78 19:21:56       -5.219214        0.7613
BFGS:   79 19:21:56       -5.230973        0.5173
BFGS:   80 19:21:56       -5.236380        0.5371
BFGS:   81 19:21:56       -5.241794        0.5530
BFGS:   82 19:21:56       -5.302232        0.6162
BFGS:   83 19:21:56       -5.324107        0.4011
BFGS:   84 19:21:56       -5.351238        0.2645
BFGS:   85 19:21:56       -5.364224        0.1642
BFGS:   86 19:21:56       -5.366429        0.1354
BFGS:   87 19:21:56       -5.367408        0.1230
BFGS:   88 19:21:56       -5.369693        0.1602
BFGS:   89 19:21:56       -5.375380        0.2023
BFGS:   90 19:21:56       -5.391859        0.3075
BFGS:   91 19:21:56       -5.416378        0.5210
BFGS:   92 19:21:56       -5.436870        0.6895
BFGS:   93 19:21:56       -5.480637        0.7191
BFGS:   94 19:21:56       -5.478536        1.0516
BFGS:   95 19:21:56       -5.536142        1.0466
BFGS:   96 19:21:56       -5.534316        0.6368
BFGS:   97 19:21:56       -5.579459        0.5023
BFGS:   98 19:21:56       -5.591174        0.5786
BFGS:   99 19:21:56       -5.602456        0.5255
BFGS:  100 19:21:56       -5.620048        0.3118
BFGS:  101 19:21:56       -5.628743        0.2400
BFGS:  102 19:21:56       -5.635650        0.2643
BFGS:  103 19:21:56       -5.639068        0.2622
BFGS:  104 19:21:56       -5.644677        0.2110
BFGS:  105 19:21:56       -5.649203        0.1322
BFGS:  106 19:21:56       -5.651579        0.0654
BFGS:  107 19:21:56       -5.652375        0.0166
      Step     Time          Energy         fmax
BFGS:    0 19:21:56       13.404861       30.8131
BFGS:    1 19:21:56        1.073815       19.9965
BFGS:    2 19:21:56       -2.030181        6.2901
BFGS:    3 19:21:56       -2.788433        3.8551
BFGS:    4 19:21:56       -3.500584        1.4463
BFGS:    5 19:21:56       -3.674894        0.6195
BFGS:    6 19:21:56       -3.729867        0.5502
BFGS:    7 19:21:56       -3.751019        0.6226
BFGS:    8 19:21:56       -3.778383        0.6927
BFGS:    9 19:21:56       -3.831752        0.7415
BFGS:   10 19:21:56       -3.883871        0.6842
BFGS:   11 19:21:56       -3.920060        0.6244
BFGS:   12 19:21:56       -3.972477        0.6235
BFGS:   13 19:21:56       -3.993496        0.4461
BFGS:   14 19:21:56       -4.010296        0.4208
BFGS:   15 19:21:56       -4.048278        0.9587
BFGS:   16 19:21:56       -4.097563        0.3562
BFGS:   17 19:21:56       -4.114633        0.3382
BFGS:   18 19:21:56       -4.124879        0.3851
BFGS:   19 19:21:56       -4.132638        0.3498
BFGS:   20 19:21:56       -4.181377        0.4593
BFGS:   21 19:21:56       -4.200338        0.5559
BFGS:   22 19:21:56       -4.271857        0.7007
BFGS:   23 19:21:56       -4.320283        0.7469
BFGS:   24 19:21:56       -4.354338        0.6216
BFGS:   25 19:21:56       -4.385918        0.6622
BFGS:   26 19:21:56       -4.434693        0.7539
BFGS:   27 19:21:56       -4.479235        0.8733
BFGS:   28 19:21:56       -4.557618        0.9882
BFGS:   29 19:21:56       -4.611748        0.6804
BFGS:   30 19:21:56       -4.634193        0.4418
BFGS:   31 19:21:56       -4.653005        0.4221
BFGS:   32 19:21:56       -4.681432        0.4180
BFGS:   33 19:21:56       -4.693311        0.4751
BFGS:   34 19:21:56       -4.708786        0.4148
BFGS:   35 19:21:56       -4.734795        0.4400
BFGS:   36 19:21:56       -4.755021        0.3460
BFGS:   37 19:21:56       -4.773028        0.2217
BFGS:   38 19:21:56       -4.776860        0.1604
BFGS:   39 19:21:56       -4.778477        0.0966
BFGS:   40 19:21:56       -4.779232        0.0945
BFGS:   41 19:21:56       -4.781330        0.1025
BFGS:   42 19:21:56       -4.783271        0.1269
BFGS:   43 19:21:56       -4.785944        0.1406
BFGS:   44 19:21:56       -4.787819        0.1432
BFGS:   45 19:21:56       -4.790383        0.1701
BFGS:   46 19:21:56       -4.795770        0.2881
BFGS:   47 19:21:56       -4.815605        0.5637
BFGS:   48 19:21:56       -4.845920        0.8019
BFGS:   49 19:21:56       -4.917733        0.8697
BFGS:   50 19:21:56       -4.879325        1.0741
BFGS:   51 19:21:56       -4.966313        0.8630
BFGS:   52 19:21:56       -4.995670        0.8474
BFGS:   53 19:21:56       -5.089318        0.7206
BFGS:   54 19:21:56       -5.144900        0.5674
BFGS:   55 19:21:56       -5.193737        0.4160
BFGS:   56 19:21:56       -5.219959        0.2451
BFGS:   57 19:21:56       -5.228774        0.1580
BFGS:   58 19:21:56       -5.230894        0.1161
BFGS:   59 19:21:56       -5.231517        0.0990
BFGS:   60 19:21:56       -5.233049        0.0673
BFGS:   61 19:21:56       -5.233780        0.0683
BFGS:   62 19:21:56       -5.234423        0.0889
BFGS:   63 19:21:56       -5.234915        0.0953
BFGS:   64 19:21:56       -5.236320        0.1247
BFGS:   65 19:21:56       -5.239654        0.2151
BFGS:   66 19:21:56       -5.250742        0.4808
BFGS:   67 19:21:56       -5.268600        0.7870
BFGS:   68 19:21:56       -5.285276        0.9544
BFGS:   69 19:21:56       -5.307674        0.9500
BFGS:   70 19:21:56       -5.328309        0.8873
BFGS:   71 19:21:56       -5.401860        0.8211
BFGS:   72 19:21:56       -5.441853        0.8941
BFGS:   73 19:21:56       -5.482448        0.6749
BFGS:   74 19:21:56       -5.539055        0.5255
BFGS:   75 19:21:56       -5.595247        0.3567
BFGS:   76 19:21:56       -5.626220        0.3069
BFGS:   77 19:21:56       -5.636477        0.2434
BFGS:   78 19:21:56       -5.650449        0.1054
BFGS:   79 19:21:56       -5.652292        0.0241
      Step     Time          Energy         fmax
BFGS:    0 19:21:56       12.866608       35.5441
BFGS:    1 19:21:56        1.396495       12.5453
BFGS:    2 19:21:56       -1.761007        5.5172
BFGS:    3 19:21:56       -2.876829        2.7669
BFGS:    4 19:21:56       -3.368317        1.4956
BFGS:    5 19:21:56       -3.550688        0.7775
BFGS:    6 19:21:56       -3.614589        0.7453
BFGS:    7 19:21:56       -3.652734        0.7928
BFGS:    8 19:21:56       -3.704980        0.8433
BFGS:    9 19:21:56       -3.778095        0.7308
BFGS:   10 19:21:56       -3.823634        0.5615
BFGS:   11 19:21:56       -3.889972        0.5556
BFGS:   12 19:21:56       -3.911275        0.4355
BFGS:   13 19:21:56       -3.922512        0.3560
BFGS:   14 19:21:56       -3.930249        0.3027
BFGS:   15 19:21:56       -3.945649        0.1904
BFGS:   16 19:21:56       -3.948617        0.2022
BFGS:   17 19:21:56       -3.951031        0.2205
BFGS:   18 19:21:56       -3.956048        0.2600
BFGS:   19 19:21:56       -3.966657        0.3268
BFGS:   20 19:21:56       -3.986842        0.4236
BFGS:   21 19:21:56       -4.021419        0.6073
BFGS:   22 19:21:56       -4.065775        0.8323
BFGS:   23 19:21:56       -4.030694        0.8775
BFGS:   24 19:21:56       -4.091082        0.7132
BFGS:   25 19:21:56       -4.108551        0.7107
BFGS:   26 19:21:56       -4.203449        1.1452
BFGS:   27 19:21:56       -4.286981        0.4436
BFGS:   28 19:21:56       -4.309990        0.5255
BFGS:   29 19:21:56       -4.333919        0.5503
BFGS:   30 19:21:56       -4.346052        0.4465
BFGS:   31 19:21:56       -4.358802        0.4092
BFGS:   32 19:21:56       -4.367541        0.4149
BFGS:   33 19:21:56       -4.379331        0.2711
BFGS:   34 19:21:56       -4.382562        0.1961
BFGS:   35 19:21:56       -4.385336        0.1707
BFGS:   36 19:21:56       -4.388872        0.1801
BFGS:   37 19:21:56       -4.395470        0.2690
BFGS:   38 19:21:56       -4.403785        0.3663
BFGS:   39 19:21:56       -4.415455        0.4672
BFGS:   40 19:21:56       -4.437649        0.5853
BFGS:   41 19:21:56       -4.479362        0.6787
BFGS:   42 19:21:56       -4.563958        0.7307
BFGS:   43 19:21:56       -4.701754        0.7546
BFGS:   44 19:21:56       -4.861992        0.6700
BFGS:   45 19:21:56       -4.913820        0.6496
BFGS:   46 19:21:56       -4.950099        0.5928
BFGS:   47 19:21:56       -4.982555        0.5557
BFGS:   48 19:21:56       -5.010791        0.3951
BFGS:   49 19:21:56       -5.024295        0.4057
BFGS:   50 19:21:56       -5.039681        0.3851
BFGS:   51 19:21:56       -5.059571        0.6407
BFGS:   52 19:21:56       -5.088030        0.3193
BFGS:   53 19:21:56       -5.097323        0.2930
BFGS:   54 19:21:56       -5.111958        0.4064
BFGS:   55 19:21:56       -5.124829        0.4763
BFGS:   56 19:21:56       -5.195272        0.7036
BFGS:   57 19:21:56       -5.282144        0.8726
BFGS:   58 19:21:56       -5.317722        1.1391
BFGS:   59 19:21:56       -5.349155        0.8595
BFGS:   60 19:21:56       -5.437417        0.7473
BFGS:   61 19:21:56       -5.490157        0.6730
BFGS:   62 19:21:56       -5.519781        0.6019
BFGS:   63 19:21:56       -5.535182        0.5798
BFGS:   64 19:21:56       -5.550169        0.5601
BFGS:   65 19:21:56       -5.558077        0.5313
BFGS:   66 19:21:56       -5.569674        0.4910
BFGS:   67 19:21:56       -5.584162        0.5837
BFGS:   68 19:21:56       -5.601235        0.5379
BFGS:   69 19:21:56       -5.612387        0.4380
BFGS:   70 19:21:56       -5.632343        0.2601
BFGS:   71 19:21:56       -5.636192        0.1988
BFGS:   72 19:21:56       -5.637187        0.2037
BFGS:   73 19:21:56       -5.641380        0.2093
BFGS:   74 19:21:56       -5.644007        0.1645
BFGS:   75 19:21:56       -5.646317        0.1231
BFGS:   76 19:21:56       -5.647254        0.1206
BFGS:   77 19:21:56       -5.648187        0.1222
BFGS:   78 19:21:56       -5.649631        0.1049
BFGS:   79 19:21:56       -5.650961        0.0693
BFGS:   80 19:21:56       -5.651487        0.0379
      Step     Time          Energy         fmax
BFGS:    0 19:21:56       12.484448       36.4573
BFGS:    1 19:21:56        0.836757       12.4448
BFGS:    2 19:21:56       -1.841637        6.2880
BFGS:    3 19:21:56       -3.215361        3.1704
BFGS:    4 19:21:56       -3.592716        1.5995
BFGS:    5 19:21:56       -3.755623        0.6143
BFGS:    6 19:21:56       -3.790726        0.3903
BFGS:    7 19:21:56       -3.804810        0.3727
BFGS:    8 19:21:56       -3.819457        0.3748
BFGS:    9 19:21:56       -3.838470        0.3300
BFGS:   10 19:21:56       -3.853316        0.3656
BFGS:   11 19:21:56       -3.862715        0.4073
BFGS:   12 19:21:56       -3.874300        0.3229
BFGS:   13 19:21:56       -3.879522        0.1737
BFGS:   14 19:21:56       -3.884638        0.1665
BFGS:   15 19:21:56       -3.887551        0.2167
BFGS:   16 19:21:56       -3.889165        0.2261
BFGS:   17 19:21:56       -3.891235        0.1838
BFGS:   18 19:21:56       -3.892789        0.1086
BFGS:   19 19:21:56       -3.893571        0.0669
BFGS:   20 19:21:56       -3.893978        0.0669
BFGS:   21 19:21:56       -3.894421        0.0624
BFGS:   22 19:21:56       -3.894955        0.0569
BFGS:   23 19:21:56       -3.895300        0.0332
      Step     Time          Energy         fmax
BFGS:    0 19:21:56       13.958611       33.6582
BFGS:    1 19:21:56        3.369801       14.5768
BFGS:    2 19:21:56       -0.307375        8.6058
BFGS:    3 19:21:56       -2.090940        2.9199
BFGS:    4 19:21:56       -2.495872        1.7188
BFGS:    5 19:21:56       -2.696124        0.7549
BFGS:    6 19:21:56       -2.735614        0.3774
BFGS:    7 19:21:56       -2.746868        0.3434
BFGS:    8 19:21:56       -2.756733        0.3740
BFGS:    9 19:21:56       -2.778563        0.4942
BFGS:   10 19:21:56       -2.823384        0.6835
BFGS:   11 19:21:56       -2.854596        0.5963
BFGS:   12 19:21:56       -2.880559        0.6692
BFGS:   13 19:21:56       -2.901912        0.6296
BFGS:   14 19:21:56       -2.937012        0.5579
BFGS:   15 19:21:56       -2.947568        0.4113
BFGS:   16 19:21:56       -2.969439        0.2638
BFGS:   17 19:21:56       -2.976708        0.1955
BFGS:   18 19:21:56       -2.979097        0.2247
BFGS:   19 19:21:56       -2.982453        0.2480
BFGS:   20 19:21:56       -2.988877        0.2575
BFGS:   21 19:21:56       -2.996341        0.2903
BFGS:   22 19:21:56       -2.999696        0.2826
BFGS:   23 19:21:56       -3.004670        0.2808
BFGS:   24 19:21:56       -3.023791        0.4891
BFGS:   25 19:21:56       -3.079663        0.7783
BFGS:   26 19:21:56       -2.855483        2.1758
BFGS:   27 19:21:56       -3.120399        0.7885
BFGS:   28 19:21:56       -3.285228        0.6054
BFGS:   29 19:21:56       -3.282062        1.1845
BFGS:   30 19:21:56       -3.244161        1.1268
BFGS:   31 19:21:56       -3.262843        0.5969
BFGS:   32 19:21:56       -3.352243        0.4487
BFGS:   33 19:21:56       -3.367284        0.7100
BFGS:   34 19:21:57       -3.386562        0.4553
BFGS:   35 19:21:57       -3.405144        0.4412
BFGS:   36 19:21:57       -3.483623        0.6045
BFGS:   37 19:21:57       -3.508085        0.5140
BFGS:   38 19:21:57       -3.530047        0.7887
BFGS:   39 19:21:57       -3.547197        0.6237
BFGS:   40 19:21:57       -3.594488        0.3576
BFGS:   41 19:21:57       -3.609639        0.4029
BFGS:   42 19:21:57       -3.630086        0.4976
BFGS:   43 19:21:57       -3.647943        0.5663
BFGS:   44 19:21:57       -3.660894        0.6095
BFGS:   45 19:21:57       -3.700074        0.5798
BFGS:   46 19:21:57       -3.726201        0.5382
BFGS:   47 19:21:57       -3.785791        0.6060
BFGS:   48 19:21:57       -3.822858        0.2714
BFGS:   49 19:21:57       -3.836926        0.1792
BFGS:   50 19:21:57       -3.842858        0.1633
BFGS:   51 19:21:57       -3.844506        0.0956
BFGS:   52 19:21:57       -3.846221        0.0596
BFGS:   53 19:21:57       -3.846829        0.0595
BFGS:   54 19:21:57       -3.847368        0.0550
BFGS:   55 19:21:57       -3.847664        0.0517
BFGS:   56 19:21:57       -3.848065        0.0710
BFGS:   57 19:21:57       -3.848930        0.1026
BFGS:   58 19:21:57       -3.851307        0.1620
BFGS:   59 19:21:57       -3.860429        0.3226
BFGS:   60 19:21:57       -3.880414        0.6021
BFGS:   61 19:21:57       -3.925873        0.7011
BFGS:   62 19:21:57       -4.004664        0.7508
BFGS:   63 19:21:57       -4.120843        0.6610
BFGS:   64 19:21:57       -4.260588        0.6379
BFGS:   65 19:21:57       -4.327153        0.4229
BFGS:   66 19:21:57       -4.334771        0.3204
BFGS:   67 19:21:57       -4.339382        0.2416
BFGS:   68 19:21:57       -4.341439        0.1594
BFGS:   69 19:21:57       -4.343250        0.1248
BFGS:   70 19:21:57       -4.347914        0.1279
BFGS:   71 19:21:57       -4.352934        0.1880
BFGS:   72 19:21:57       -4.357936        0.2610
BFGS:   73 19:21:57       -4.361324        0.2690
BFGS:   74 19:21:57       -4.364759        0.2895
BFGS:   75 19:21:57       -4.370440        0.3150
BFGS:   76 19:21:57       -4.387785        0.3754
BFGS:   77 19:21:57       -4.421469        0.4958
BFGS:   78 19:21:57       -4.443885        0.6617
BFGS:   79 19:21:57       -4.498254        0.5378
BFGS:   80 19:21:57       -4.577715        1.3763
BFGS:   81 19:21:57       -4.672786        1.0243
BFGS:   82 19:21:57       -4.779006        0.6447
BFGS:   83 19:21:57       -4.812155        0.4077
BFGS:   84 19:21:57       -4.837168        0.2152
BFGS:   85 19:21:57       -4.844968        0.2236
BFGS:   86 19:21:57       -4.849006        0.1210
BFGS:   87 19:21:57       -4.850395        0.1174
BFGS:   88 19:21:57       -4.852610        0.1249
BFGS:   89 19:21:57       -4.855602        0.1644
BFGS:   90 19:21:57       -4.866263        0.2544
BFGS:   91 19:21:57       -4.902101        0.4058
BFGS:   92 19:21:57       -4.968882        0.4626
BFGS:   93 19:21:57       -4.879764        1.4779
BFGS:   94 19:21:57       -4.985332        0.4300
BFGS:   95 19:21:57       -4.995897        0.3997
BFGS:   96 19:21:57       -5.023405        0.3500
BFGS:   97 19:21:57       -5.043001        0.2655
BFGS:   98 19:21:57       -5.060637        0.2739
BFGS:   99 19:21:57       -5.131186        0.3902
BFGS:  100 19:21:57       -5.148362        0.4213
BFGS:  101 19:21:57       -5.192901        0.3942
BFGS:  102 19:21:57       -5.209279        0.3470
BFGS:  103 19:21:57       -5.216312        0.3121
BFGS:  104 19:21:57       -5.222593        0.1136
BFGS:  105 19:21:57       -5.227352        0.0917
BFGS:  106 19:21:57       -5.228206        0.0717
BFGS:  107 19:21:57       -5.228707        0.0622
BFGS:  108 19:21:57       -5.228974        0.0666
BFGS:  109 19:21:57       -5.230314        0.0979
BFGS:  110 19:21:57       -5.233192        0.1619
BFGS:  111 19:21:57       -5.241172        0.3455
BFGS:  112 19:21:57       -5.253281        0.5999
BFGS:  113 19:21:57       -5.278933        0.8535
BFGS:  114 19:21:57       -5.310626        1.0719
BFGS:  115 19:21:57       -5.328714        1.0312
BFGS:  116 19:21:57       -5.394418        1.0685
BFGS:  117 19:21:57       -5.516933        0.7304
BFGS:  118 19:21:57       -5.607014        0.4449
BFGS:  119 19:21:57       -5.641902        0.1902
BFGS:  120 19:21:57       -5.649730        0.0965
BFGS:  121 19:21:57       -5.650383        0.1475
BFGS:  122 19:21:57       -5.652001        0.0384
      Step     Time          Energy         fmax
BFGS:    0 19:21:57       13.452181       25.0730
BFGS:    1 19:21:57        0.198709        8.8198
BFGS:    2 19:21:57       -1.816681        5.1562
BFGS:    3 19:21:57       -3.064699        1.9659
BFGS:    4 19:21:57       -3.452189        0.9780
BFGS:    5 19:21:57       -3.597848        0.6447
BFGS:    6 19:21:57       -3.636507        0.6140
BFGS:    7 19:21:57       -3.656663        0.6117
BFGS:    8 19:21:57       -3.683525        0.5845
BFGS:    9 19:21:57       -3.713273        0.4489
BFGS:   10 19:21:57       -3.738326        0.3683
BFGS:   11 19:21:57       -3.765420        0.3551
BFGS:   12 19:21:57       -3.772151        0.2191
BFGS:   13 19:21:57       -3.774987        0.1876
BFGS:   14 19:21:57       -3.793240        0.2703
BFGS:   15 19:21:57       -3.798700        0.3161
BFGS:   16 19:21:57       -3.818106        0.4904
BFGS:   17 19:21:57       -3.860628        0.7702
BFGS:   18 19:21:57       -3.886246        0.7001
BFGS:   19 19:21:57       -4.018388        0.4704
BFGS:   20 19:21:57       -3.827308        2.3039
BFGS:   21 19:21:57       -4.055408        0.3219
BFGS:   22 19:21:57       -4.068095        0.2971
BFGS:   23 19:21:57       -4.079733        0.3369
BFGS:   24 19:21:57       -4.085178        0.3087
BFGS:   25 19:21:57       -4.174543        0.7053
BFGS:   26 19:21:57       -4.192076        0.6680
BFGS:   27 19:21:57       -4.212714        0.5800
BFGS:   28 19:21:57       -4.225791        0.5391
BFGS:   29 19:21:57       -4.265181        0.4733
BFGS:   30 19:21:57       -4.284443        0.3548
BFGS:   31 19:21:57       -4.298041        0.2389
BFGS:   32 19:21:57       -4.300169        0.1677
BFGS:   33 19:21:57       -4.301457        0.1517
BFGS:   34 19:21:57       -4.306745        0.0914
BFGS:   35 19:21:57       -4.307921        0.1021
BFGS:   36 19:21:57       -4.308406        0.1010
BFGS:   37 19:21:57       -4.308714        0.0912
BFGS:   38 19:21:57       -4.309346        0.0554
BFGS:   39 19:21:57       -4.309822        0.0506
BFGS:   40 19:21:57       -4.310100        0.0484
      Step     Time          Energy         fmax
BFGS:    0 19:21:57       14.102769       39.2423
BFGS:    1 19:21:57        2.515057       19.9749
BFGS:    2 19:21:57       -0.652343       11.8750
BFGS:    3 19:21:57       -2.777311        4.0055
BFGS:    4 19:21:57       -3.294892        2.0754
BFGS:    5 19:21:57       -3.603043        0.8303
BFGS:    6 19:21:57       -3.675288        0.4316
BFGS:    7 19:21:57       -3.693714        0.4276
BFGS:    8 19:21:57       -3.703813        0.4274
BFGS:    9 19:21:57       -3.723741        0.4348
BFGS:   10 19:21:57       -3.769094        0.4734
BFGS:   11 19:21:57       -3.858482        0.5727
BFGS:   12 19:21:57       -3.782329        1.5922
BFGS:   13 19:21:57       -3.931204        0.5780
BFGS:   14 19:21:57       -3.976348        0.6533
BFGS:   15 19:21:57       -4.064570        1.1776
BFGS:   16 19:21:57       -4.115986        0.8631
BFGS:   17 19:21:57       -4.191889        0.7222
BFGS:   18 19:21:57       -4.241303        0.3898
BFGS:   19 19:21:57       -4.249916        0.3482
BFGS:   20 19:21:57       -4.257068        0.2999
BFGS:   21 19:21:57       -4.273371        0.2098
BFGS:   22 19:21:57       -4.279015        0.1796
BFGS:   23 19:21:57       -4.281508        0.1505
BFGS:   24 19:21:57       -4.282856        0.1695
BFGS:   25 19:21:57       -4.285129        0.1556
BFGS:   26 19:21:57       -4.287239        0.1048
BFGS:   27 19:21:57       -4.288693        0.0973
BFGS:   28 19:21:57       -4.289272        0.0810
BFGS:   29 19:21:57       -4.289631        0.0698
BFGS:   30 19:21:57       -4.290141        0.0607
BFGS:   31 19:21:57       -4.290567        0.0498
      Step     Time          Energy         fmax
BFGS:    0 19:21:57       13.904057       23.7540
BFGS:    1 19:21:57        3.333267       19.1680
BFGS:    2 19:21:57       -0.954000        5.7018
BFGS:    3 19:21:57       -1.957752        1.8832
BFGS:    4 19:21:57       -2.324986        1.0970
BFGS:    5 19:21:57       -2.519758        0.5225
BFGS:    6 19:21:57       -2.553095        0.3013
BFGS:    7 19:21:57       -2.559504        0.2109
BFGS:    8 19:21:57       -2.562710        0.1735
BFGS:    9 19:21:57       -2.568146        0.1373
BFGS:   10 19:21:57       -2.572945        0.1781
BFGS:   11 19:21:57       -2.575424        0.1855
BFGS:   12 19:21:57       -2.577972        0.2001
BFGS:   13 19:21:57       -2.582632        0.2516
BFGS:   14 19:21:57       -2.593675        0.3318
BFGS:   15 19:21:57       -2.641041        0.7524
BFGS:   16 19:21:57       -2.680234        1.7787
BFGS:   17 19:21:57       -2.721512        1.9443
BFGS:   18 19:21:57       -2.895225        0.8348
BFGS:   19 19:21:57       -2.870612        0.9542
BFGS:   20 19:21:57       -2.926295        0.7883
BFGS:   21 19:21:57       -2.937381        0.7091
BFGS:   22 19:21:57       -2.959240        0.3646
BFGS:   23 19:21:57       -2.970196        0.1713
BFGS:   24 19:21:57       -2.973838        0.1777
BFGS:   25 19:21:57       -2.974739        0.1736
BFGS:   26 19:21:57       -2.979002        0.1392
BFGS:   27 19:21:57       -2.983401        0.1647
BFGS:   28 19:21:57       -2.988467        0.2712
BFGS:   29 19:21:57       -2.994685        0.3929
BFGS:   30 19:21:57       -3.012055        0.6424
BFGS:   31 19:21:57       -3.046671        0.9930
BFGS:   32 19:21:57       -3.113327        1.1663
BFGS:   33 19:21:57       -3.113611        1.1630
BFGS:   34 19:21:57       -3.146531        1.0786
BFGS:   35 19:21:57       -3.163697        1.0347
BFGS:   36 19:21:57       -3.236452        1.2030
BFGS:   37 19:21:57       -3.312938        0.5835
BFGS:   38 19:21:57       -3.342229        0.9479
BFGS:   39 19:21:57       -3.377453        0.3126
BFGS:   40 19:21:57       -3.385186        0.2426
BFGS:   41 19:21:57       -3.394963        0.1740
BFGS:   42 19:21:57       -3.397561        0.1334
BFGS:   43 19:21:57       -3.400175        0.1302
BFGS:   44 19:21:57       -3.401730        0.1289
BFGS:   45 19:21:57       -3.403564        0.1212
BFGS:   46 19:21:57       -3.405261        0.1302
BFGS:   47 19:21:57       -3.406605        0.0984
BFGS:   48 19:21:57       -3.407917        0.1201
BFGS:   49 19:21:57       -3.410814        0.1518
BFGS:   50 19:21:57       -3.418634        0.2203
BFGS:   51 19:21:57       -3.444876        0.3974
BFGS:   52 19:21:57       -3.292536        2.0278
BFGS:   53 19:21:57       -3.511422        0.7159
BFGS:   54 19:21:57       -3.634767        0.4940
BFGS:   55 19:21:57       -3.754645        0.6097
BFGS:   56 19:21:57       -3.878941        0.8550
BFGS:   57 19:21:57       -4.015641        0.9388
BFGS:   58 19:21:57       -4.080627        0.9056
BFGS:   59 19:21:57       -4.127151        0.8111
BFGS:   60 19:21:57       -4.159080        0.7637
BFGS:   61 19:21:57       -4.209999        0.7753
BFGS:   62 19:21:57       -4.261001        0.7294
BFGS:   63 19:21:57       -4.296033        0.6773
BFGS:   64 19:21:57       -4.320378        0.6368
BFGS:   65 19:21:57       -4.425687        0.8315
BFGS:   66 19:21:57       -4.495486        1.6378
BFGS:   67 19:21:57       -4.563997        1.2292
BFGS:   68 19:21:57       -4.643225        1.3419
BFGS:   69 19:21:57       -4.771358        0.5642
BFGS:   70 19:21:57       -4.802311        0.4844
BFGS:   71 19:21:57       -4.800253        0.6342
BFGS:   72 19:21:57       -4.826489        0.3431
BFGS:   73 19:21:57       -4.833645        0.2694
BFGS:   74 19:21:57       -4.839066        0.2360
BFGS:   75 19:21:57       -4.847708        0.2531
BFGS:   76 19:21:57       -4.853163        0.2635
BFGS:   77 19:21:57       -4.861986        0.2609
BFGS:   78 19:21:57       -4.867482        0.3246
BFGS:   79 19:21:57       -4.872110        0.3452
BFGS:   80 19:21:57       -4.875750        0.3183
BFGS:   81 19:21:57       -4.878185        0.2594
BFGS:   82 19:21:57       -4.879065        0.2275
BFGS:   83 19:21:57       -4.879591        0.2447
BFGS:   84 19:21:57       -4.879956        0.2594
BFGS:   85 19:21:57       -4.880420        0.2743
BFGS:   86 19:21:57       -4.881228        0.2927
BFGS:   87 19:21:57       -4.882844        0.3156
BFGS:   88 19:21:57       -4.886368        0.3492
BFGS:   89 19:21:57       -4.893625        0.4391
BFGS:   90 19:21:57       -4.905803        0.5703
BFGS:   91 19:21:57       -4.927124        0.6735
BFGS:   92 19:21:57       -4.963019        0.6350
BFGS:   93 19:21:57       -4.981220        0.3903
BFGS:   94 19:21:57       -4.988336        0.5173
BFGS:   95 19:21:57       -4.997981        0.4390
BFGS:   96 19:21:57       -5.008553        0.4130
BFGS:   97 19:21:57       -5.021253        0.5151
BFGS:   98 19:21:57       -5.037035        0.5497
BFGS:   99 19:21:57       -5.064581        0.5387
BFGS:  100 19:21:57       -5.096865        0.6142
BFGS:  101 19:21:57       -5.129102        0.6911
BFGS:  102 19:21:57       -5.133046        0.6708
BFGS:  103 19:21:57       -5.161426        0.6634
BFGS:  104 19:21:57       -5.179697        0.4668
BFGS:  105 19:21:57       -5.198560        0.4407
BFGS:  106 19:21:57       -5.224824        0.4430
BFGS:  107 19:21:57       -5.259042        0.4629
BFGS:  108 19:21:57       -5.294302        0.5966
BFGS:  109 19:21:57       -5.327518        0.7958
BFGS:  110 19:21:57       -5.355672        0.9932
BFGS:  111 19:21:57       -5.375388        1.1007
BFGS:  112 19:21:57       -5.401413        1.0622
BFGS:  113 19:21:57       -5.498971        0.8933
BFGS:  114 19:21:57       -5.515853        0.9019
BFGS:  115 19:21:57       -5.572830        0.6494
BFGS:  116 19:21:57       -5.614173        0.3748
BFGS:  117 19:21:57       -5.638319        0.2326
BFGS:  118 19:21:57       -5.647001        0.1354
BFGS:  119 19:21:57       -5.650113        0.1283
BFGS:  120 19:21:57       -5.651000        0.0738
BFGS:  121 19:21:57       -5.651352        0.0417
      Step     Time          Energy         fmax
BFGS:    0 19:21:57       13.231325       23.5051
BFGS:    1 19:21:57        0.993137        8.7728
BFGS:    2 19:21:57       -1.055617        5.0699
BFGS:    3 19:21:57       -2.434773        1.6869
BFGS:    4 19:21:57       -2.788840        0.7759
BFGS:    5 19:21:57       -2.919479        0.3726
BFGS:    6 19:21:57       -2.947394        0.3120
BFGS:    7 19:21:57       -2.957277        0.3261
BFGS:    8 19:21:57       -2.970928        0.3687
BFGS:    9 19:21:57       -3.006384        0.4804
BFGS:   10 19:21:57       -3.118243        0.7079
BFGS:   11 19:21:57       -3.217266        0.8444
BFGS:   12 19:21:57       -3.258862        0.8901
BFGS:   13 19:21:57       -3.495275        0.9491
BFGS:   14 19:21:57       -3.530842        2.6129
BFGS:   15 19:21:57       -3.679271        1.0906
BFGS:   16 19:21:57       -3.749940        0.7725
BFGS:   17 19:21:57       -3.881335        0.6969
BFGS:   18 19:21:57       -3.922173        0.6936
BFGS:   19 19:21:57       -3.958106        0.5206
BFGS:   20 19:21:57       -3.970513        0.5012
BFGS:   21 19:21:57       -3.986952        0.3569
BFGS:   22 19:21:57       -4.002493        0.1966
BFGS:   23 19:21:57       -4.005581        0.1208
BFGS:   24 19:21:57       -4.006571        0.1011
BFGS:   25 19:21:57       -4.007725        0.1085
BFGS:   26 19:21:57       -4.009443        0.1194
BFGS:   27 19:21:57       -4.011029        0.1000
BFGS:   28 19:21:57       -4.011985        0.0698
BFGS:   29 19:21:57       -4.012395        0.0678
BFGS:   30 19:21:57       -4.012823        0.0692
BFGS:   31 19:21:57       -4.013798        0.0957
BFGS:   32 19:21:57       -4.015393        0.1248
BFGS:   33 19:21:57       -4.017411        0.1269
BFGS:   34 19:21:57       -4.019275        0.1747
BFGS:   35 19:21:57       -4.021897        0.2046
BFGS:   36 19:21:57       -4.028184        0.2795
BFGS:   37 19:21:57       -4.043543        0.4787
BFGS:   38 19:21:57       -4.064002        0.7160
BFGS:   39 19:21:57       -4.097704        0.8997
BFGS:   40 19:21:57       -4.133927        0.8720
BFGS:   41 19:21:57       -4.157930        1.0462
BFGS:   42 19:21:57       -4.220079        0.7643
BFGS:   43 19:21:57       -4.255481        0.7684
BFGS:   44 19:21:57       -4.322454        0.6075
BFGS:   45 19:21:57       -4.338946        0.9092
BFGS:   46 19:21:57       -4.332915        0.7891
BFGS:   47 19:21:57       -4.326794        0.6117
BFGS:   48 19:21:57       -4.386217        0.2109
BFGS:   49 19:21:57       -4.392387        0.2209
BFGS:   50 19:21:57       -4.394752        0.1723
BFGS:   51 19:21:57       -4.397140        0.1539
BFGS:   52 19:21:57       -4.403449        0.1642
BFGS:   53 19:21:57       -4.413898        0.2911
BFGS:   54 19:21:57       -4.451001        0.6505
BFGS:   55 19:21:57       -4.519559        0.8867
BFGS:   56 19:21:57       -4.654171        1.0780
BFGS:   57 19:21:57       -4.794653        1.1837
BFGS:   58 19:21:57       -4.826723        1.4700
BFGS:   59 19:21:57       -4.836225        1.2911
BFGS:   60 19:21:57       -4.870161        0.9361
BFGS:   61 19:21:57       -4.888601        0.9170
BFGS:   62 19:21:57       -4.896108        1.0267
BFGS:   63 19:21:57       -4.904358        0.9446
BFGS:   64 19:21:57       -4.954599        0.6522
BFGS:   65 19:21:57       -4.976304        0.6007
BFGS:   66 19:21:57       -4.993897        0.6156
BFGS:   67 19:21:57       -5.001223        0.5991
BFGS:   68 19:21:57       -5.020655        0.7375
BFGS:   69 19:21:57       -5.063307        1.2143
BFGS:   70 19:21:57       -5.096609        1.2797
BFGS:   71 19:21:57       -5.161313        0.7573
BFGS:   72 19:21:57       -5.222011        0.5277
BFGS:   73 19:21:57       -5.258862        0.4390
BFGS:   74 19:21:57       -5.275450        0.4374
BFGS:   75 19:21:57       -5.292585        0.4792
BFGS:   76 19:21:57       -5.326025        0.6231
BFGS:   77 19:21:57       -5.346603        0.7568
BFGS:   78 19:21:57       -5.378723        0.8511
BFGS:   79 19:21:57       -5.434386        0.6168
BFGS:   80 19:21:57       -5.537318        0.5713
BFGS:   81 19:21:57       -5.559990        0.5114
BFGS:   82 19:21:57       -5.577671        0.5080
BFGS:   83 19:21:57       -5.586890        0.4265
BFGS:   84 19:21:57       -5.595934        0.4118
BFGS:   85 19:21:57       -5.600399        0.4461
BFGS:   86 19:21:57       -5.604057        0.4533
BFGS:   87 19:21:57       -5.610499        0.5047
BFGS:   88 19:21:57       -5.615753        0.4280
BFGS:   89 19:21:57       -5.622093        0.3714
BFGS:   90 19:21:57       -5.627164        0.2819
BFGS:   91 19:21:57       -5.630208        0.2428
BFGS:   92 19:21:57       -5.633541        0.2204
BFGS:   93 19:21:57       -5.638698        0.1746
BFGS:   94 19:21:57       -5.644263        0.1136
BFGS:   95 19:21:57       -5.648326        0.0821
BFGS:   96 19:21:58       -5.651504        0.0516
BFGS:   97 19:21:58       -5.652316        0.0338
      Step     Time          Energy         fmax
BFGS:    0 19:21:58       15.311988       52.7514
BFGS:    1 19:21:58       -1.408541       12.6881
BFGS:    2 19:21:58       -3.410102        7.2532
BFGS:    3 19:21:58       -4.828145        3.0213
BFGS:    4 19:21:58       -5.252651        1.2128
BFGS:    5 19:21:58       -5.382947        0.6554
BFGS:    6 19:21:58       -5.418106        0.7296
BFGS:    7 19:21:58       -5.441609        0.7714
BFGS:    8 19:21:58       -5.483668        0.7660
BFGS:    9 19:21:58       -5.534993        0.7186
BFGS:   10 19:21:58       -5.571416        0.6079
BFGS:   11 19:21:58       -5.616113        0.4662
BFGS:   12 19:21:58       -5.624987        0.3125
BFGS:   13 19:21:58       -5.628672        0.2589
BFGS:   14 19:21:58       -5.642610        0.2025
BFGS:   15 19:21:58       -5.644580        0.1928
BFGS:   16 19:21:58       -5.648444        0.1443
BFGS:   17 19:21:58       -5.650451        0.0814
BFGS:   18 19:21:58       -5.651163        0.0577
BFGS:   19 19:21:58       -5.651391        0.0555
BFGS:   20 19:21:58       -5.651624        0.0416
      Step     Time          Energy         fmax
BFGS:    0 19:21:58       13.018767       47.4619
BFGS:    1 19:21:58        1.369096       14.1811
BFGS:    2 19:21:58       -1.571565        8.3755
BFGS:    3 19:21:58       -2.962698        3.2317
BFGS:    4 19:21:58       -3.526655        1.3203
BFGS:    5 19:21:58       -3.707209        0.5293
BFGS:    6 19:21:58       -3.755131        0.4996
BFGS:    7 19:21:58       -3.770580        0.5284
BFGS:    8 19:21:58       -3.785651        0.5319
BFGS:    9 19:21:58       -3.812520        0.4902
BFGS:   10 19:21:58       -3.845861        0.4844
BFGS:   11 19:21:58       -3.870933        0.4912
BFGS:   12 19:21:58       -3.907070        0.6513
BFGS:   13 19:21:58       -3.934748        0.7443
BFGS:   14 19:21:58       -3.971508        0.6846
BFGS:   15 19:21:58       -4.006064        0.3077
BFGS:   16 19:21:58       -4.013932        0.3807
BFGS:   17 19:21:58       -4.017617        0.2167
BFGS:   18 19:21:58       -4.020723        0.1467
BFGS:   19 19:21:58       -4.025368        0.1245
BFGS:   20 19:21:58       -4.026226        0.1381
BFGS:   21 19:21:58       -4.031014        0.1715
BFGS:   22 19:21:58       -4.036578        0.2497
BFGS:   23 19:21:58       -4.051032        0.5324
BFGS:   24 19:21:58       -4.079173        1.1026
BFGS:   25 19:21:58       -4.105400        1.6819
BFGS:   26 19:21:58       -4.158861        1.2086
BFGS:   27 19:21:58       -4.174352        0.7439
BFGS:   28 19:21:58       -4.236614        0.6301
BFGS:   29 19:21:58       -4.235917        0.8545
BFGS:   30 19:21:58       -4.329670        0.3701
BFGS:   31 19:21:58       -4.352219        0.2423
BFGS:   32 19:21:58       -4.361681        0.1809
BFGS:   33 19:21:58       -4.364425        0.1838
BFGS:   34 19:21:58       -4.367305        0.1800
BFGS:   35 19:21:58       -4.373171        0.2419
BFGS:   36 19:21:58       -4.381213        0.2808
BFGS:   37 19:21:58       -4.389542        0.2990
BFGS:   38 19:21:58       -4.397610        0.3399
BFGS:   39 19:21:58       -4.416384        0.4288
BFGS:   40 19:21:58       -4.478743        0.7519
BFGS:   41 19:21:58       -4.636438        0.9868
BFGS:   42 19:21:58       -4.890837        1.0899
BFGS:   43 19:21:58       -5.091846        0.8129
BFGS:   44 19:21:58       -5.133577        0.8325
BFGS:   45 19:21:58       -5.205076        0.9051
BFGS:   46 19:21:58       -5.320545        0.7226
BFGS:   47 19:21:58       -5.365465        0.6611
BFGS:   48 19:21:58       -5.401622        0.4813
BFGS:   49 19:21:58       -5.433206        0.4278
BFGS:   50 19:21:58       -5.452632        0.4734
BFGS:   51 19:21:58       -5.478765        0.5662
BFGS:   52 19:21:58       -5.527408        0.6430
BFGS:   53 19:21:58       -5.572181        0.5428
BFGS:   54 19:21:58       -5.604176        0.4887
BFGS:   55 19:21:58       -5.619735        0.2805
BFGS:   56 19:21:58       -5.625301        0.2346
BFGS:   57 19:21:58       -5.631199        0.2544
BFGS:   58 19:21:58       -5.638546        0.2595
BFGS:   59 19:21:58       -5.642641        0.1909
BFGS:   60 19:21:58       -5.645707        0.1146
BFGS:   61 19:21:58       -5.648117        0.0830
BFGS:   62 19:21:58       -5.649300        0.0962
BFGS:   63 19:21:58       -5.649888        0.1036
BFGS:   64 19:21:58       -5.650779        0.0844
BFGS:   65 19:21:58       -5.651610        0.0507
BFGS:   66 19:21:58       -5.652171        0.0412
      Step     Time          Energy         fmax
BFGS:    0 19:21:58       13.643188       38.5223
BFGS:    1 19:21:58        1.927189       12.4992
BFGS:    2 19:21:58       -0.546846        9.2937
BFGS:    3 19:21:58       -2.221373        3.4263
BFGS:    4 19:21:58       -2.788823        1.9658
BFGS:    5 19:21:58       -3.083536        0.8415
BFGS:    6 19:21:58       -3.146864        0.3908
BFGS:    7 19:21:58       -3.162894        0.4130
BFGS:    8 19:21:58       -3.172768        0.4374
BFGS:    9 19:21:58       -3.192492        0.5032
BFGS:   10 19:21:58       -3.229837        0.6707
BFGS:   11 19:21:58       -3.263982        0.6485
BFGS:   12 19:21:58       -3.285475        0.6226
BFGS:   13 19:21:58       -3.323328        0.4364
BFGS:   14 19:21:58       -3.337072        0.4008
BFGS:   15 19:21:58       -3.364077        0.1890
BFGS:   16 19:21:58       -3.371633        0.1341
BFGS:   17 19:21:58       -3.372643        0.1521
BFGS:   18 19:21:58       -3.373135        0.1410
BFGS:   19 19:21:58       -3.376801        0.1000
BFGS:   20 19:21:58       -3.377394        0.1000
BFGS:   21 19:21:58       -3.379066        0.1313
BFGS:   22 19:21:58       -3.381336        0.1610
BFGS:   23 19:21:58       -3.388678        0.2740
BFGS:   24 19:21:58       -3.408780        0.4952
BFGS:   25 19:21:58       -3.433665        0.6640
BFGS:   26 19:21:58       -3.455228        0.8137
BFGS:   27 19:21:58       -3.522372        0.6173
BFGS:   28 19:21:58       -3.657782        0.7602
BFGS:   29 19:21:58       -3.893621        0.6931
BFGS:   30 19:21:58       -4.109377        0.5498
BFGS:   31 19:21:58       -4.117855        2.3574
BFGS:   32 19:21:58       -4.225660        1.6644
BFGS:   33 19:21:58       -4.284003        0.8554
BFGS:   34 19:21:58       -4.397573        0.8877
BFGS:   35 19:21:58       -4.486433        1.0810
BFGS:   36 19:21:58       -4.564228        0.6805
BFGS:   37 19:21:58       -4.626902        0.5247
BFGS:   38 19:21:58       -4.679789        0.8166
BFGS:   39 19:21:58       -4.711727        0.8052
BFGS:   40 19:21:58       -4.771726        0.6252
BFGS:   41 19:21:58       -4.800623        0.5565
BFGS:   42 19:21:58       -4.833746        0.5080
BFGS:   43 19:21:58       -4.852069        0.4699
BFGS:   44 19:21:58       -4.871473        0.2916
BFGS:   45 19:21:58       -4.876238        0.2483
BFGS:   46 19:21:58       -4.904345        0.3880
BFGS:   47 19:21:58       -4.942035        0.5041
BFGS:   48 19:21:58       -4.972802        0.6553
BFGS:   49 19:21:58       -4.984855        0.4741
BFGS:   50 19:21:58       -5.001354        0.4659
BFGS:   51 19:21:58       -5.037318        0.4372
BFGS:   52 19:21:58       -5.065505        0.5698
BFGS:   53 19:21:58       -5.111813        0.5555
BFGS:   54 19:21:58       -5.148828        0.5590
BFGS:   55 19:21:58       -5.183976        0.3448
BFGS:   56 19:21:58       -5.197856        0.2147
BFGS:   57 19:21:58       -5.202334        0.0680
BFGS:   58 19:21:58       -5.202755        0.0567
BFGS:   59 19:21:58       -5.203023        0.0620
BFGS:   60 19:21:58       -5.203485        0.0586
BFGS:   61 19:21:58       -5.203972        0.0465
      Step     Time          Energy         fmax
BFGS:    0 19:21:58       13.160610       33.3705
BFGS:    1 19:21:58        0.622086       11.8981
BFGS:    2 19:21:58       -1.673614        5.2649
BFGS:    3 19:21:58       -2.641343        2.5612
BFGS:    4 19:21:58       -3.005624        1.3035
BFGS:    5 19:21:58       -3.145906        0.5870
BFGS:    6 19:21:58       -3.181815        0.4727
BFGS:    7 19:21:58       -3.200539        0.4506
BFGS:    8 19:21:58       -3.229117        0.5111
BFGS:    9 19:21:58       -3.293482        0.7110
BFGS:   10 19:21:58       -3.438893        0.9728
BFGS:   11 19:21:58       -3.597629        1.0628
BFGS:   12 19:21:58       -3.699738        1.0957
BFGS:   13 19:21:58       -3.736612        1.0813
BFGS:   14 19:21:58       -3.825464        2.6019
BFGS:   15 19:21:58       -3.903063        1.9383
BFGS:   16 19:21:58       -4.302011        0.9590
BFGS:   17 19:21:58       -4.365412        1.7693
BFGS:   18 19:21:58       -4.475717        1.0163
BFGS:   19 19:21:58       -4.515516        0.9270
BFGS:   20 19:21:58       -4.617366        1.1113
BFGS:   21 19:21:58       -4.677957        0.6287
BFGS:   22 19:21:58       -4.741641        0.5064
BFGS:   23 19:21:58       -4.776828        0.5519
BFGS:   24 19:21:58       -4.818738        0.7729
BFGS:   25 19:21:58       -4.866887        0.9272
BFGS:   26 19:21:58       -4.922562        1.0682
BFGS:   27 19:21:58       -4.996229        1.0408
BFGS:   28 19:21:58       -5.057407        1.2095
BFGS:   29 19:21:58       -5.107910        0.7749
BFGS:   30 19:21:58       -5.131671        0.4828
BFGS:   31 19:21:58       -5.151780        0.3456
BFGS:   32 19:21:58       -5.173187        0.3198
BFGS:   33 19:21:58       -5.192397        0.3141
BFGS:   34 19:21:58       -5.199920        0.2348
BFGS:   35 19:21:58       -5.203803        0.1711
BFGS:   36 19:21:58       -5.205805        0.1005
BFGS:   37 19:21:58       -5.206471        0.0710
BFGS:   38 19:21:58       -5.207517        0.0456
      Step     Time          Energy         fmax
BFGS:    0 19:21:58       14.406976       40.4589
BFGS:    1 19:21:58        1.216743       14.2180
BFGS:    2 19:21:58       -1.545461        9.6132
BFGS:    3 19:21:58       -2.950549        3.3195
BFGS:    4 19:21:58       -3.330041        1.7291
BFGS:    5 19:21:58       -3.525153        0.8071
BFGS:    6 19:21:58       -3.579328        0.5926
BFGS:    7 19:21:58       -3.608404        0.5258
BFGS:    8 19:21:58       -3.645507        0.5649
BFGS:    9 19:21:58       -3.719896        0.6788
BFGS:   10 19:21:58       -3.792418        1.1300
BFGS:   11 19:21:58       -3.844376        0.7932
BFGS:   12 19:21:58       -3.926103        1.0557
BFGS:   13 19:21:58       -3.971278        1.3375
BFGS:   14 19:21:58       -4.064146        1.7347
BFGS:   15 19:21:58       -4.173991        1.0171
BFGS:   16 19:21:58       -4.294159        0.6776
BFGS:   17 19:21:58       -4.320146        0.4087
BFGS:   18 19:21:58       -4.337351        0.5248
BFGS:   19 19:21:58       -4.370086        0.7172
BFGS:   20 19:21:58       -4.410982        0.7200
BFGS:   21 19:21:58       -4.448177        0.6871
BFGS:   22 19:21:58       -4.480754        0.7729
BFGS:   23 19:21:58       -4.516911        0.6886
BFGS:   24 19:21:58       -4.550649        0.4987
BFGS:   25 19:21:58       -4.577411        0.4300
BFGS:   26 19:21:58       -4.590702        0.4531
BFGS:   27 19:21:58       -4.614391        0.5115
BFGS:   28 19:21:58       -4.669999        0.7243
BFGS:   29 19:21:58       -4.745096        0.9929
BFGS:   30 19:21:58       -4.813775        1.2847
BFGS:   31 19:21:58       -4.935175        1.0424
BFGS:   32 19:21:58       -5.126760        0.9068
BFGS:   33 19:21:58       -5.153736        0.5527
BFGS:   34 19:21:58       -5.167614        0.4346
BFGS:   35 19:21:58       -5.187820        0.2106
BFGS:   36 19:21:58       -5.190791        0.1901
BFGS:   37 19:21:58       -5.193922        0.1770
BFGS:   38 19:21:58       -5.201910        0.2133
BFGS:   39 19:21:58       -5.205807        0.1734
BFGS:   40 19:21:58       -5.207344        0.1021
BFGS:   41 19:21:58       -5.207994        0.0974
BFGS:   42 19:21:58       -5.208983        0.0958
BFGS:   43 19:21:58       -5.209919        0.0643
BFGS:   44 19:21:58       -5.210363        0.0408
      Step     Time          Energy         fmax
BFGS:    0 19:21:58       13.051568       28.2144
BFGS:    1 19:21:58       -0.343467       11.0877
BFGS:    2 19:21:58       -1.936127        6.5227
BFGS:    3 19:21:58       -2.831737        2.2161
BFGS:    4 19:21:58       -3.132290        1.2364
BFGS:    5 19:21:58       -3.267716        0.6505
BFGS:    6 19:21:58       -3.305071        0.4349
BFGS:    7 19:21:58       -3.324581        0.4717
BFGS:    8 19:21:58       -3.351754        0.5358
BFGS:    9 19:21:58       -3.405399        0.6134
BFGS:   10 19:21:58       -3.475487        0.7873
BFGS:   11 19:21:58       -3.522122        0.8856
BFGS:   12 19:21:58       -3.668765        1.7872
BFGS:   13 19:21:58       -3.781558        1.4567
BFGS:   14 19:21:58       -4.078610        1.5496
BFGS:   15 19:21:58       -4.054896        3.4545
BFGS:   16 19:21:58       -4.283289        0.5961
BFGS:   17 19:21:58       -4.345726        0.5170
BFGS:   18 19:21:58       -4.394636        1.1675
BFGS:   19 19:21:58       -4.426991        0.9434
BFGS:   20 19:21:58       -4.555658        0.5334
BFGS:   21 19:21:58       -4.592614        0.6884
BFGS:   22 19:21:58       -4.633586        0.5546
BFGS:   23 19:21:58       -4.655506        0.5013
BFGS:   24 19:21:58       -4.681644        0.3339
BFGS:   25 19:21:58       -4.705191        0.2085
BFGS:   26 19:21:58       -4.709972        0.1475
BFGS:   27 19:21:58       -4.711077        0.1342
BFGS:   28 19:21:58       -4.714760        0.1503
BFGS:   29 19:21:58       -4.720411        0.2146
BFGS:   30 19:21:58       -4.748336        0.4566
BFGS:   31 19:21:58       -4.817535        0.8838
BFGS:   32 19:21:58       -4.949481        1.0613
BFGS:   33 19:21:58       -4.945495        1.8053
BFGS:   34 19:21:58       -5.030559        0.9651
BFGS:   35 19:21:58       -5.076212        0.9687
BFGS:   36 19:21:58       -5.278250        1.1073
BFGS:   37 19:21:58       -5.380003        0.9397
BFGS:   38 19:21:58       -5.452210        0.7582
BFGS:   39 19:21:58       -5.497558        0.6259
BFGS:   40 19:21:58       -5.518332        0.5251
BFGS:   41 19:21:58       -5.550364        0.4098
BFGS:   42 19:21:58       -5.574920        0.2979
BFGS:   43 19:21:58       -5.584699        0.2994
BFGS:   44 19:21:58       -5.593190        0.2732
BFGS:   45 19:21:58       -5.600492        0.2790
BFGS:   46 19:21:58       -5.613852        0.3009
BFGS:   47 19:21:58       -5.631506        0.3413
BFGS:   48 19:21:58       -5.638937        0.2920
BFGS:   49 19:21:58       -5.641847        0.2134
BFGS:   50 19:21:58       -5.644430        0.1745
BFGS:   51 19:21:58       -5.648685        0.1476
BFGS:   52 19:21:58       -5.651465        0.0730
BFGS:   53 19:21:58       -5.652133        0.0387
      Step     Time          Energy         fmax
BFGS:    0 19:21:58       13.576740       39.9270
BFGS:    1 19:21:58       -0.049573       11.6719
BFGS:    2 19:21:58       -2.314412        4.1865
BFGS:    3 19:21:58       -3.104507        2.6883
BFGS:    4 19:21:58       -3.576367        1.2905
BFGS:    5 19:21:58       -3.704899        0.5906
BFGS:    6 19:21:58       -3.736687        0.3994
BFGS:    7 19:21:58       -3.747589        0.4002
BFGS:    8 19:21:58       -3.762735        0.4010
BFGS:    9 19:21:58       -3.795400        0.5336
BFGS:   10 19:21:58       -3.839621        0.7180
BFGS:   11 19:21:58       -3.871969        0.6698
BFGS:   12 19:21:58       -3.922577        1.0048
BFGS:   13 19:21:58       -3.949381        0.6083
BFGS:   14 19:21:58       -3.968685        0.3232
BFGS:   15 19:21:58       -4.004982        0.2282
BFGS:   16 19:21:58       -4.022919        0.3070
BFGS:   17 19:21:58       -4.027086        0.2795
BFGS:   18 19:21:58       -4.068841        0.4933
BFGS:   19 19:21:58       -4.111602        0.6749
BFGS:   20 19:21:58       -4.160953        0.8698
BFGS:   21 19:21:58       -4.208569        0.8568
BFGS:   22 19:21:58       -4.262448        0.7590
BFGS:   23 19:21:58       -4.290816        0.6305
BFGS:   24 19:21:58       -4.311665        0.4868
BFGS:   25 19:21:58       -4.337127        0.2458
BFGS:   26 19:21:58       -4.348413        0.1852
BFGS:   27 19:21:58       -4.351343        0.1502
BFGS:   28 19:21:58       -4.353671        0.1249
BFGS:   29 19:21:58       -4.356395        0.1719
BFGS:   30 19:21:58       -4.367019        0.2830
BFGS:   31 19:21:58       -4.385197        0.3996
BFGS:   32 19:21:58       -4.414234        0.5318
BFGS:   33 19:21:58       -4.465580        0.6929
BFGS:   34 19:21:58       -4.494913        0.6263
BFGS:   35 19:21:58       -4.538703        0.8631
BFGS:   36 19:21:58       -4.569413        0.7246
BFGS:   37 19:21:58       -4.616254        0.7073
BFGS:   38 19:21:58       -4.655824        0.4449
BFGS:   39 19:21:58       -4.696998        0.3030
BFGS:   40 19:21:58       -4.717355        0.3088
BFGS:   41 19:21:58       -4.728942        0.2968
BFGS:   42 19:21:59       -4.734032        0.3345
BFGS:   43 19:21:59       -4.739417        0.2164
BFGS:   44 19:21:59       -4.744097        0.1200
BFGS:   45 19:21:59       -4.745802        0.0755
BFGS:   46 19:21:59       -4.746177        0.0621
BFGS:   47 19:21:59       -4.746676        0.0639
BFGS:   48 19:21:59       -4.747551        0.0734
BFGS:   49 19:21:59       -4.748967        0.0819
BFGS:   50 19:21:59       -4.750525        0.1301
BFGS:   51 19:21:59       -4.751989        0.1610
BFGS:   52 19:21:59       -4.754099        0.2057
BFGS:   53 19:21:59       -4.758938        0.2675
BFGS:   54 19:21:59       -4.775624        0.4034
BFGS:   55 19:21:59       -4.794033        0.5027
BFGS:   56 19:21:59       -4.811958        0.5765
BFGS:   57 19:21:59       -4.829897        0.7700
BFGS:   58 19:21:59       -4.847754        0.9300
BFGS:   59 19:21:59       -4.860659        0.9298
BFGS:   60 19:21:59       -4.894440        0.9581
BFGS:   61 19:21:59       -5.027348        1.0486
BFGS:   62 19:21:59       -5.197586        0.9328
BFGS:   63 19:21:59       -5.328561        1.3150
BFGS:   64 19:21:59       -5.308769        2.1688
BFGS:   65 19:21:59       -5.438522        0.6452
BFGS:   66 19:21:59       -5.496582        0.3522
BFGS:   67 19:21:59       -5.517587        0.4571
BFGS:   68 19:21:59       -5.535725        0.3914
BFGS:   69 19:21:59       -5.557595        0.4177
BFGS:   70 19:21:59       -5.577811        0.4068
BFGS:   71 19:21:59       -5.617041        0.3162
BFGS:   72 19:21:59       -5.630798        0.2120
BFGS:   73 19:21:59       -5.638707        0.2295
BFGS:   74 19:21:59       -5.643098        0.2043
BFGS:   75 19:21:59       -5.648297        0.1542
BFGS:   76 19:21:59       -5.650276        0.1255
BFGS:   77 19:21:59       -5.651667        0.0693
BFGS:   78 19:21:59       -5.652042        0.0398
      Step     Time          Energy         fmax
BFGS:    0 19:21:59       14.372377       41.1058
BFGS:    1 19:21:59        1.779879       15.5943
BFGS:    2 19:21:59       -0.794605       12.7418
BFGS:    3 19:21:59       -2.810242        3.6195
BFGS:    4 19:21:59       -3.347880        1.9320
BFGS:    5 19:21:59       -3.613768        0.8303
BFGS:    6 19:21:59       -3.677023        0.4602
BFGS:    7 19:21:59       -3.694128        0.3880
BFGS:    8 19:21:59       -3.705181        0.4124
BFGS:    9 19:21:59       -3.725919        0.4119
BFGS:   10 19:21:59       -3.755382        0.4186
BFGS:   11 19:21:59       -3.772336        0.4259
BFGS:   12 19:21:59       -3.788817        0.3476
BFGS:   13 19:21:59       -3.800012        0.3189
BFGS:   14 19:21:59       -3.807612        0.3064
BFGS:   15 19:21:59       -3.862226        0.5035
BFGS:   16 19:21:59       -3.882624        0.4703
BFGS:   17 19:21:59       -3.907996        0.5622
BFGS:   18 19:21:59       -3.930401        0.5640
BFGS:   19 19:21:59       -3.965574        0.4997
BFGS:   20 19:21:59       -4.012946        0.3731
BFGS:   21 19:21:59       -4.030348        0.3198
BFGS:   22 19:21:59       -4.036422        0.2663
BFGS:   23 19:21:59       -4.041392        0.2946
BFGS:   24 19:21:59       -4.047599        0.2845
BFGS:   25 19:21:59       -4.066319        0.4110
BFGS:   26 19:21:59       -4.134672        1.4492
BFGS:   27 19:21:59       -4.150165        2.1589
BFGS:   28 19:21:59       -4.208230        1.2013
BFGS:   29 19:21:59       -4.242295        0.8844
BFGS:   30 19:21:59       -4.280201        0.4594
BFGS:   31 19:21:59       -4.305395        0.2975
BFGS:   32 19:21:59       -4.323212        0.2628
BFGS:   33 19:21:59       -4.326291        0.1840
BFGS:   34 19:21:59       -4.327708        0.1861
BFGS:   35 19:21:59       -4.328704        0.1717
BFGS:   36 19:21:59       -4.329812        0.1284
BFGS:   37 19:21:59       -4.330816        0.0671
BFGS:   38 19:21:59       -4.331448        0.0677
BFGS:   39 19:21:59       -4.331847        0.0964
BFGS:   40 19:21:59       -4.332400        0.1265
BFGS:   41 19:21:59       -4.333693        0.1712
BFGS:   42 19:21:59       -4.336759        0.2362
BFGS:   43 19:21:59       -4.343178        0.3550
BFGS:   44 19:21:59       -4.353895        0.5442
BFGS:   45 19:21:59       -4.376964        0.7673
BFGS:   46 19:21:59       -4.408990        0.9600
BFGS:   47 19:21:59       -4.441240        1.0895
BFGS:   48 19:21:59       -4.449544        0.8439
BFGS:   49 19:21:59       -4.591009        0.8933
BFGS:   50 19:21:59       -4.638026        0.7239
BFGS:   51 19:21:59       -4.690149        0.5390
BFGS:   52 19:21:59       -4.720583        0.3961
BFGS:   53 19:21:59       -4.730907        0.3529
BFGS:   54 19:21:59       -4.737510        0.3179
BFGS:   55 19:21:59       -4.761072        0.2690
BFGS:   56 19:21:59       -4.757419        0.6770
BFGS:   57 19:21:59       -4.790811        0.2398
BFGS:   58 19:21:59       -4.799531        0.1411
BFGS:   59 19:21:59       -4.802931        0.1979
BFGS:   60 19:21:59       -4.805040        0.0758
BFGS:   61 19:21:59       -4.805349        0.0676
BFGS:   62 19:21:59       -4.805880        0.0461
