       Step     Time          Energy         fmax
GPMin:    0 19:48:25       -3.184156        1.3161
GPMin:    1 19:48:31       -3.975554        0.6187
GPMin:    2 19:48:37       -4.262542        0.3151
GPMin:    3 19:48:43       -4.365488        0.2021
GPMin:    4 19:48:48       -4.396263        0.2014
GPMin:    5 19:48:54       -4.478180        0.1838
GPMin:    6 19:49:00       -4.484630        0.1724
GPMin:    7 19:49:04       -4.489327        0.1655
GPMin:    8 19:49:11       -4.501697        0.3469
GPMin:    9 19:49:17       -4.532391        0.1406
GPMin:   10 19:49:23       -4.557939        0.0980
GPMin:   11 19:49:28       -4.573285        0.1052
GPMin:   12 19:49:33       -4.586416        0.1049
GPMin:   13 19:49:38       -4.607931        0.0965
GPMin:   14 19:49:43       -4.630229        0.0895
GPMin:   15 19:49:48       -4.648788        0.0818
GPMin:   16 19:49:53       -4.667773        0.0725
GPMin:   17 19:49:58       -4.683687        0.0650
GPMin:   18 19:50:03       -4.696638        0.0578
GPMin:   19 19:50:08       -4.712246        0.0528
GPMin:   20 19:50:13       -4.724926        0.0506
GPMin:   21 19:50:18       -4.738751        0.0502
GPMin:   22 19:50:23       -4.751581        0.0576
GPMin:   23 19:50:28       -4.764598        0.0646
GPMin:   24 19:50:32       -4.777778        0.0650
GPMin:   25 19:50:37       -4.790800        0.0528
GPMin:   26 19:50:42       -4.802171        0.0477
GPMin:   27 19:50:46       -4.812520        0.0545
GPMin:   28 19:50:52       -4.820968        0.0588
GPMin:   29 19:50:58       -4.831575        0.0616
GPMin:   30 19:51:04       -4.843806        0.0613
GPMin:   31 19:51:08       -4.856840        0.0574
GPMin:   32 19:51:14       -4.869057        0.0500
GPMin:   33 19:51:19       -4.877193        0.0422
GPMin:   34 19:51:23       -4.881238        0.0445
GPMin:   35 19:51:28       -4.884028        0.0411
GPMin:   36 19:51:32       -4.885101        0.0329
GPMin:   37 19:51:38       -4.887976        0.0411
GPMin:   38 19:51:44       -4.888396        0.0385
GPMin:   39 19:51:48       -4.889578        0.0184
       Step     Time          Energy         fmax
GPMin:    0 19:51:58       -3.234629        1.3185
GPMin:    1 19:52:05       -3.939515        0.6042
GPMin:    2 19:52:11       -4.197867        0.3031
GPMin:    3 19:52:17       -4.294483        0.1938
GPMin:    4 19:52:22       -4.325979        0.1775
GPMin:    5 19:52:28       -4.386549        0.1889
GPMin:    6 19:52:32       -4.398797        0.1938
GPMin:    7 19:52:38       -4.498856        0.1825
GPMin:    8 19:52:44       -4.500858        0.2154
GPMin:    9 19:52:50       -4.520715        0.1957
GPMin:   10 19:52:55       -4.599965        0.1573
GPMin:   11 19:53:01       -4.631083        0.1330
GPMin:   12 19:53:06       -4.667928        0.1301
GPMin:   13 19:53:12       -4.698248        0.1351
GPMin:   14 19:53:17       -4.729041        0.1276
GPMin:   15 19:53:21       -4.762392        0.1051
GPMin:   16 19:53:26       -4.793017        0.1151
GPMin:   17 19:53:32       -4.820865        0.1132
GPMin:   18 19:53:37       -4.844605        0.1014
GPMin:   19 19:53:42       -4.865660        0.0866
GPMin:   20 19:53:46       -4.884627        0.0724
GPMin:   21 19:53:51       -4.898068        0.0572
GPMin:   22 19:53:55       -4.907431        0.0464
GPMin:   23 19:54:00       -4.914309        0.0425
GPMin:   24 19:54:04       -4.920403        0.0394
GPMin:   25 19:54:09       -4.925497        0.0471
GPMin:   26 19:54:13       -4.929368        0.0338
GPMin:   27 19:54:17       -4.931237        0.0206
GPMin:   28 19:54:22       -4.932106        0.0272
GPMin:   29 19:54:26       -4.933009        0.0200
       Step     Time          Energy         fmax
GPMin:    0 19:54:36       -3.172246        1.3437
GPMin:    1 19:54:43       -4.011686        0.6000
GPMin:    2 19:54:49       -4.288501        0.2567
GPMin:    3 19:54:55       -4.354558        0.0982
GPMin:    4 19:54:59       -4.363928        0.1255
GPMin:    5 19:55:04       -4.377406        0.1064
GPMin:    6 19:55:23       -4.400562        0.1129
GPMin:    7 19:55:36       -4.409200        0.1044
GPMin:    8 19:55:54       -4.425985        0.0774
GPMin:    9 19:55:58       -4.431955        0.1000
GPMin:   10 19:56:04       -4.457791        0.0909
GPMin:   11 19:56:09       -4.462907        0.0674
GPMin:   12 19:56:14       -4.464282        0.0563
GPMin:   13 19:56:20       -4.470588        0.0582
GPMin:   14 19:56:27       -4.477785        0.2345
GPMin:   15 19:56:33       -4.495212        0.1812
GPMin:   16 19:56:39       -4.563595        0.2007
GPMin:   17 19:56:45       -4.595626        0.2046
GPMin:   18 19:56:51       -4.660280        0.2030
GPMin:   19 19:56:57       -4.677406        0.2003
GPMin:   20 19:57:04       -4.743899        0.2035
GPMin:   21 19:57:10       -4.748679        0.2704
GPMin:   22 19:57:15       -4.751005        0.2874
GPMin:   23 19:57:20       -4.769183        0.1910
GPMin:   24 19:57:25       -4.785587        0.1285
GPMin:   25 19:57:30       -4.808358        0.1248
GPMin:   26 19:57:35       -4.836690        0.1134
GPMin:   27 19:57:41       -4.864252        0.0748
GPMin:   28 19:57:45       -4.875712        0.0465
GPMin:   29 19:57:50       -4.878824        0.0442
GPMin:   30 19:57:55       -4.883190        0.0456
GPMin:   31 19:58:00       -4.886305        0.0281
GPMin:   32 19:58:05       -4.887612        0.0281
GPMin:   33 19:58:09       -4.888470        0.0192
       Step     Time          Energy         fmax
GPMin:    0 19:58:17       -3.168087        1.3510
GPMin:    1 19:58:24       -4.010337        0.6024
GPMin:    2 19:58:30       -4.288359        0.2564
GPMin:    3 19:58:35       -4.354570        0.0967
GPMin:    4 19:58:40       -4.364094        0.1252
GPMin:    5 19:58:44       -4.376981        0.1092
GPMin:    6 19:58:50       -4.392720        0.1275
GPMin:    7 19:58:55       -4.415647        0.0932
GPMin:    8 19:58:59       -4.425422        0.0703
GPMin:    9 19:59:04       -4.432243        0.0599
GPMin:   10 19:59:17       -4.441035        0.0731
GPMin:   11 20:00:09       -4.441102        0.0672
GPMin:   12 20:00:14       -4.444298        0.1619
GPMin:   13 20:00:28       -4.469675        0.2041
GPMin:   14 20:00:34       -4.484381        0.2007
GPMin:   15 20:00:40       -4.524715        0.2044
GPMin:   16 20:00:45       -4.552251        0.2073
GPMin:   17 20:00:52       -4.601801        0.2053
GPMin:   18 20:00:57       -4.617244        0.2074
GPMin:   19 20:01:03       -4.671276        0.2428
GPMin:   20 20:01:14       -4.697289        0.2598
GPMin:   21 20:01:19       -4.775672        0.1564
GPMin:   22 20:01:23       -4.781652        0.1628
GPMin:   23 20:01:28       -4.801268        0.1382
GPMin:   24 20:01:33       -4.825993        0.0902
GPMin:   25 20:01:38       -4.845259        0.0891
GPMin:   26 20:01:43       -4.857160        0.0876
GPMin:   27 20:01:48       -4.868843        0.0701
GPMin:   28 20:01:52       -4.875724        0.0467
GPMin:   29 20:01:56       -4.879299        0.0449
GPMin:   30 20:02:01       -4.884170        0.0380
GPMin:   31 20:02:05       -4.886481        0.0263
GPMin:   32 20:02:09       -4.888038        0.0320
GPMin:   33 20:02:13       -4.888883        0.0313
GPMin:   34 20:02:19       -4.889710        0.0229
GPMin:   35 20:02:24       -4.889851        0.0165
       Step     Time          Energy         fmax
GPMin:    0 20:02:33       -3.163594        1.3532
GPMin:    1 20:02:40       -4.008603        0.6055
GPMin:    2 20:02:45       -4.288160        0.2579
GPMin:    3 20:02:51       -4.355140        0.0964
GPMin:    4 20:02:55       -4.364655        0.1249
GPMin:    5 20:03:00       -4.377372        0.1100
GPMin:    6 20:03:05       -4.393055        0.1272
GPMin:    7 20:03:11       -4.418132        0.0868
GPMin:    8 20:03:16       -4.424228        0.0738
GPMin:    9 20:03:26       -4.429756        0.1737
GPMin:   10 20:03:46       -4.437053        0.0736
GPMin:   11 20:03:56       -4.439596        0.0743
GPMin:   12 20:04:01       -4.440027        0.0622
GPMin:   13 20:04:11       -4.441222        0.0546
GPMin:   14 20:04:32       -4.446203        0.0544
GPMin:   15 20:05:05       -4.468179        0.1013
GPMin:   16 20:05:25       -4.480631        0.1697
GPMin:   17 20:05:37       -4.535607        0.2376
GPMin:   18 20:05:43       -4.592345        0.2449
GPMin:   19 20:05:48       -4.629220        0.2269
GPMin:   20 20:05:53       -4.682472        0.1940
GPMin:   21 20:05:59       -4.709924        0.1773
GPMin:   22 20:06:05       -4.819492        0.1027
GPMin:   23 20:06:10       -4.842017        0.0844
GPMin:   24 20:06:14       -4.851836        0.0904
GPMin:   25 20:06:19       -4.862515        0.0732
GPMin:   26 20:06:23       -4.871996        0.0515
GPMin:   27 20:06:28       -4.876755        0.0458
GPMin:   28 20:06:33       -4.882384        0.0430
GPMin:   29 20:06:38       -4.885374        0.0330
GPMin:   30 20:06:42       -4.887581        0.0299
GPMin:   31 20:06:46       -4.888585        0.0272
GPMin:   32 20:06:51       -4.889341        0.0222
GPMin:   33 20:06:55       -4.889667        0.0168
       Step     Time          Energy         fmax
GPMin:    0 20:07:04       -3.166296        1.3473
GPMin:    1 20:07:09       -4.007205        0.5976
GPMin:    2 20:07:15       -4.284652        0.2562
GPMin:    3 20:07:22       -4.349925        0.0971
GPMin:    4 20:07:27       -4.358809        0.1254
GPMin:    5 20:07:33       -4.373700        0.1000
GPMin:    6 20:07:38       -4.388790        0.1221
GPMin:    7 20:07:43       -4.409268        0.1024
GPMin:    8 20:07:49       -4.411458        0.1848
GPMin:    9 20:07:54       -4.432081        0.0847
GPMin:   10 20:07:59       -4.437890        0.0642
GPMin:   11 20:08:11       -4.447891        0.1018
GPMin:   12 20:08:15       -4.449539        0.0868
GPMin:   13 20:08:34       -4.457396        0.0857
GPMin:   14 20:08:46       -4.462587        0.1068
GPMin:   15 20:08:53       -4.506344        0.2218
GPMin:   16 20:08:59       -4.586899        0.2724
GPMin:   17 20:09:05       -4.627788        0.2588
GPMin:   18 20:09:11       -4.659814        0.2349
GPMin:   19 20:09:17       -4.704860        0.1740
GPMin:   20 20:09:23       -4.726687        0.1420
GPMin:   21 20:09:28       -4.756974        0.1481
GPMin:   22 20:09:33       -4.781959        0.1465
GPMin:   23 20:09:38       -4.805050        0.1170
GPMin:   24 20:09:42       -4.827829        0.0930
GPMin:   25 20:09:47       -4.844444        0.0798
GPMin:   26 20:09:52       -4.858398        0.0722
GPMin:   27 20:09:57       -4.869951        0.0603
GPMin:   28 20:10:01       -4.876959        0.0410
GPMin:   29 20:10:06       -4.880860        0.0349
GPMin:   30 20:10:10       -4.885672        0.0372
GPMin:   31 20:10:15       -4.887495        0.0306
GPMin:   32 20:10:19       -4.888806        0.0312
GPMin:   33 20:10:23       -4.889478        0.0198
       Step     Time          Energy         fmax
GPMin:    0 20:10:32       -3.517042        0.8483
GPMin:    1 20:10:39       -3.987755        0.4133
GPMin:    2 20:10:45       -4.154853        0.2097
GPMin:    3 20:10:51       -4.222709        0.1750
GPMin:    4 20:10:55       -4.253675        0.1652
GPMin:    5 20:11:00       -4.277174        0.1632
GPMin:    6 20:11:04       -4.300656        0.1534
GPMin:    7 20:11:09       -4.325979        0.1529
GPMin:    8 20:11:13       -4.347725        0.1446
GPMin:    9 20:11:18       -4.364364        0.1480
GPMin:   10 20:11:23       -4.384955        0.1720
GPMin:   11 20:11:28       -4.437391        0.2529
GPMin:   12 20:11:34       -4.470407        0.2318
GPMin:   13 20:11:40       -4.519059        0.1866
GPMin:   14 20:11:46       -4.584042        0.1777
GPMin:   15 20:11:52       -4.630507        0.1714
GPMin:   16 20:11:57       -4.672031        0.1531
GPMin:   17 20:12:03       -4.715254        0.1295
GPMin:   18 20:12:08       -4.750158        0.0959
GPMin:   19 20:12:13       -4.771645        0.0699
GPMin:   20 20:12:18       -4.784886        0.0639
GPMin:   21 20:12:22       -4.794529        0.0627
GPMin:   22 20:12:27       -4.802940        0.0473
GPMin:   23 20:12:32       -4.808763        0.0398
GPMin:   24 20:12:36       -4.813801        0.0353
GPMin:   25 20:12:41       -4.816665        0.0380
GPMin:   26 20:12:45       -4.821188        0.0447
GPMin:   27 20:12:50       -4.824640        0.0421
GPMin:   28 20:12:55       -4.832684        0.0567
GPMin:   29 20:13:00       -4.841617        0.0552
GPMin:   30 20:13:06       -4.850383        0.0480
GPMin:   31 20:13:11       -4.858868        0.0468
GPMin:   32 20:13:15       -4.865667        0.0467
GPMin:   33 20:13:21       -4.870428        0.0543
GPMin:   34 20:13:26       -4.875226        0.0555
GPMin:   35 20:13:31       -4.880750        0.0419
GPMin:   36 20:13:36       -4.884392        0.0369
GPMin:   37 20:13:41       -4.887441        0.0297
GPMin:   38 20:13:46       -4.888789        0.0214
GPMin:   39 20:13:50       -4.889652        0.0188
       Step     Time          Energy         fmax
GPMin:    0 20:13:58       -3.170716        1.3519
GPMin:    1 20:14:04       -4.012750        0.6045
GPMin:    2 20:14:10       -4.290688        0.2545
GPMin:    3 20:14:15       -4.356279        0.0959
GPMin:    4 20:14:20       -4.365499        0.1228
GPMin:    5 20:14:25       -4.378595        0.1068
GPMin:    6 20:14:43       -4.400868        0.1037
GPMin:    7 20:14:55       -4.411107        0.0682
GPMin:    8 20:15:14       -4.426758        0.1613
GPMin:    9 20:15:20       -4.437155        0.0787
GPMin:   10 20:15:55       -4.442174        0.0585
GPMin:   11 20:16:01       -4.461814        0.2698
GPMin:   12 20:16:06       -4.470391        0.1064
GPMin:   13 20:16:12       -4.481364        0.1842
GPMin:   14 20:16:25       -4.511582        0.1983
GPMin:   15 20:16:31       -4.576148        0.2144
GPMin:   16 20:16:36       -4.612435        0.1953
GPMin:   17 20:16:41       -4.637237        0.1903
GPMin:   18 20:16:47       -4.681683        0.1731
GPMin:   19 20:16:52       -4.701269        0.1615
GPMin:   20 20:16:59       -4.765436        0.1210
GPMin:   21 20:17:05       -4.815330        0.1243
GPMin:   22 20:17:10       -4.837693        0.0959
GPMin:   23 20:17:15       -4.847597        0.0890
GPMin:   24 20:17:19       -4.853054        0.1020
GPMin:   25 20:17:24       -4.861763        0.0993
GPMin:   26 20:17:29       -4.873461        0.0761
GPMin:   27 20:17:33       -4.882103        0.0390
GPMin:   28 20:17:37       -4.883855        0.0430
GPMin:   29 20:17:42       -4.885406        0.0407
GPMin:   30 20:17:46       -4.886704        0.0376
GPMin:   31 20:17:51       -4.887796        0.0315
GPMin:   32 20:17:55       -4.889195        0.0311
GPMin:   33 20:17:58       -4.889483        0.0273
GPMin:   34 20:18:03       -4.890016        0.0162
       Step     Time          Energy         fmax
GPMin:    0 20:18:10       -3.958551        0.9692
GPMin:    1 20:18:15       -4.499118        0.4398
GPMin:    2 20:18:21       -4.679869        0.1933
GPMin:    3 20:18:26       -4.724181        0.0938
GPMin:    4 20:18:31       -4.732298        0.0835
GPMin:    5 20:18:35       -4.750487        0.0719
GPMin:    6 20:18:40       -4.761953        0.0635
GPMin:    7 20:18:44       -4.775436        0.0522
GPMin:    8 20:18:49       -4.787436        0.0407
GPMin:    9 20:18:53       -4.795319        0.0340
GPMin:   10 20:18:58       -4.799692        0.0279
GPMin:   11 20:19:02       -4.802142        0.0234
GPMin:   12 20:19:07       -4.803661        0.0173
       Step     Time          Energy         fmax
GPMin:    0 20:19:16       -3.131327        1.1489
GPMin:    1 20:19:23       -3.707252        0.4440
GPMin:    2 20:19:30       -3.895262        0.3592
GPMin:    3 20:19:37       -3.987989        0.1938
GPMin:    4 20:19:43       -4.042775        0.2129
GPMin:    5 20:19:49       -4.066919        0.2182
GPMin:    6 20:19:55       -4.275412        0.1453
GPMin:    7 20:20:01       -4.293239        0.2799
GPMin:    8 20:20:07       -4.310182        0.1897
GPMin:    9 20:20:14       -4.355791        0.1912
GPMin:   10 20:20:19       -4.369379        0.1698
GPMin:   11 20:20:25       -4.413813        0.1440
GPMin:   12 20:20:30       -4.443798        0.1449
GPMin:   13 20:20:35       -4.487895        0.1513
GPMin:   14 20:20:40       -4.546399        0.1656
GPMin:   15 20:20:46       -4.604058        0.1784
GPMin:   16 20:20:52       -4.667470        0.1862
GPMin:   17 20:20:57       -4.741237        0.1851
GPMin:   18 20:21:03       -4.800149        0.1648
GPMin:   19 20:21:08       -4.849912        0.1194
GPMin:   20 20:21:13       -4.878482        0.0684
GPMin:   21 20:21:19       -4.888629        0.0820
GPMin:   22 20:21:24       -4.895874        0.0879
GPMin:   23 20:21:30       -4.903851        0.0469
GPMin:   24 20:21:34       -4.908933        0.0495
GPMin:   25 20:21:39       -4.917038        0.0611
GPMin:   26 20:21:44       -4.921190        0.0423
GPMin:   27 20:21:49       -4.925067        0.0473
GPMin:   28 20:21:53       -4.929091        0.0382
GPMin:   29 20:21:58       -4.931549        0.0195
       Step     Time          Energy         fmax
GPMin:    0 20:22:07       -3.176195        1.3484
GPMin:    1 20:22:15       -4.016449        0.6014
GPMin:    2 20:22:22       -4.293244        0.2551
GPMin:    3 20:22:30       -4.358957        0.0990
GPMin:    4 20:22:35       -4.368253        0.1255
GPMin:    5 20:22:40       -4.381243        0.1065
GPMin:    6 20:23:00       -4.406135        0.1111
GPMin:    7 20:23:12       -4.411320        0.1045
GPMin:    8 20:23:25       -4.417378        0.1426
GPMin:    9 20:23:30       -4.426477        0.0775
GPMin:   10 20:23:35       -4.431665        0.0818
GPMin:   11 20:23:41       -4.453273        0.0575
GPMin:   12 20:23:46       -4.455799        0.0631
GPMin:   13 20:23:53       -4.546193        0.2461
GPMin:   14 20:23:59       -4.568709        0.3116
GPMin:   15 20:24:05       -4.593122        0.3342
GPMin:   16 20:24:11       -4.654160        0.3086
GPMin:   17 20:24:16       -4.726938        0.2696
GPMin:   18 20:24:22       -4.782509        0.2017
GPMin:   19 20:24:28       -4.818090        0.1151
GPMin:   20 20:24:34       -4.837031        0.0898
GPMin:   21 20:24:39       -4.847577        0.0902
GPMin:   22 20:24:46       -4.858260        0.0740
GPMin:   23 20:24:51       -4.865583        0.0583
GPMin:   24 20:24:56       -4.872649        0.0563
GPMin:   25 20:25:02       -4.877947        0.0473
GPMin:   26 20:25:08       -4.882170        0.0366
GPMin:   27 20:25:13       -4.885234        0.0384
GPMin:   28 20:25:19       -4.888015        0.0340
GPMin:   29 20:25:24       -4.888731        0.0248
GPMin:   30 20:25:29       -4.889509        0.0138
       Step     Time          Energy         fmax
GPMin:    0 20:25:39       -3.171757        1.3418
GPMin:    1 20:25:45       -4.011769        0.5989
GPMin:    2 20:25:51       -4.288642        0.2561
GPMin:    3 20:25:56       -4.353974        0.0970
GPMin:    4 20:26:01       -4.363360        0.1245
GPMin:    5 20:26:06       -4.376484        0.1080
GPMin:    6 20:26:26       -4.401269        0.1111
GPMin:    7 20:26:43       -4.407234        0.1002
GPMin:    8 20:26:59       -4.410962        0.1675
GPMin:    9 20:27:06       -4.423312        0.1000
GPMin:   10 20:27:12       -4.428318        0.0899
GPMin:   11 20:27:41       -4.457631        0.1333
GPMin:   12 20:27:48       -4.464115        0.0678
GPMin:   13 20:28:04       -4.518596        0.1834
GPMin:   14 20:28:12       -4.558591        0.2056
GPMin:   15 20:28:18       -4.581192        0.2101
GPMin:   16 20:28:25       -4.737271        0.1498
GPMin:   17 20:28:32       -4.778677        0.1681
GPMin:   18 20:28:39       -4.786034        0.2275
GPMin:   19 20:28:45       -4.807949        0.1860
GPMin:   20 20:28:50       -4.831498        0.1077
GPMin:   21 20:28:56       -4.841358        0.0989
GPMin:   22 20:29:02       -4.852221        0.0912
GPMin:   23 20:29:07       -4.867279        0.0603
GPMin:   24 20:29:12       -4.875830        0.0454
GPMin:   25 20:29:18       -4.879340        0.0401
GPMin:   26 20:29:23       -4.883009        0.0363
GPMin:   27 20:29:29       -4.885615        0.0313
GPMin:   28 20:29:33       -4.887378        0.0333
GPMin:   29 20:29:38       -4.888943        0.0210
GPMin:   30 20:29:42       -4.889182        0.0164
       Step     Time          Energy         fmax
GPMin:    0 20:29:51       -3.165076        1.3541
GPMin:    1 20:29:57       -4.006915        0.6025
GPMin:    2 20:30:03       -4.284416        0.2575
GPMin:    3 20:30:09       -4.350217        0.0972
GPMin:    4 20:30:14       -4.359209        0.1251
GPMin:    5 20:30:19       -4.373743        0.1024
GPMin:    6 20:30:39       -4.392432        0.1138
GPMin:    7 20:30:45       -4.416587        0.0626
GPMin:    8 20:30:50       -4.422311        0.0621
GPMin:    9 20:31:03       -4.449912        0.0814
GPMin:   10 20:31:14       -4.454180        0.0553
GPMin:   11 20:31:33       -4.454451        0.0438
GPMin:   12 20:31:47       -4.459520        0.0409
GPMin:   13 20:31:53       -4.480692        0.2164
GPMin:   14 20:32:01       -4.517164        0.3594
GPMin:   15 20:32:08       -4.581334        0.3100
GPMin:   16 20:32:15       -4.635311        0.2065
GPMin:   17 20:32:21       -4.672962        0.1880
GPMin:   18 20:32:26       -4.710945        0.1962
GPMin:   19 20:32:33       -4.745707        0.1900
GPMin:   20 20:32:39       -4.779686        0.1568
GPMin:   21 20:32:44       -4.811884        0.1004
GPMin:   22 20:32:51       -4.834749        0.0811
GPMin:   23 20:32:57       -4.851119        0.0761
GPMin:   24 20:33:03       -4.862969        0.0687
GPMin:   25 20:33:09       -4.871424        0.0557
GPMin:   26 20:33:14       -4.878968        0.0394
GPMin:   27 20:33:19       -4.882876        0.0345
GPMin:   28 20:33:24       -4.888870        0.0195
       Step     Time          Energy         fmax
GPMin:    0 20:33:33       -3.168677        1.3523
GPMin:    1 20:33:40       -4.010062        0.6034
GPMin:    2 20:33:47       -4.287968        0.2579
GPMin:    3 20:33:53       -4.354265        0.0976
GPMin:    4 20:33:59       -4.363709        0.1254
GPMin:    5 20:34:05       -4.376798        0.1077
GPMin:    6 20:34:10       -4.392299        0.1318
GPMin:    7 20:34:16       -4.408955        0.1085
GPMin:    8 20:34:27       -4.445961        0.1016
GPMin:    9 20:34:31       -4.448019        0.0579
GPMin:   10 20:34:47       -4.448481        0.0563
GPMin:   11 20:34:53       -4.478491        0.2290
GPMin:   12 20:34:59       -4.487243        0.1365
GPMin:   13 20:35:04       -4.508736        0.1784
GPMin:   14 20:35:10       -4.530819        0.1742
GPMin:   15 20:35:17       -4.547261        0.1858
GPMin:   16 20:35:25       -4.681106        0.1634
GPMin:   17 20:35:33       -4.732541        0.2202
GPMin:   18 20:35:40       -4.739138        0.3560
GPMin:   19 20:35:46       -4.770268        0.3630
GPMin:   20 20:35:51       -4.824051        0.2040
GPMin:   21 20:35:58       -4.845157        0.1149
GPMin:   22 20:36:04       -4.851427        0.0928
GPMin:   23 20:36:11       -4.864667        0.0748
GPMin:   24 20:36:17       -4.875597        0.0481
GPMin:   25 20:36:22       -4.878954        0.0490
GPMin:   26 20:36:27       -4.883566        0.0472
GPMin:   27 20:36:31       -4.886002        0.0385
GPMin:   28 20:36:35       -4.887165        0.0303
GPMin:   29 20:36:40       -4.888413        0.0235
GPMin:   30 20:36:44       -4.889044        0.0219
GPMin:   31 20:36:48       -4.889478        0.0170
       Step     Time          Energy         fmax
GPMin:    0 20:36:56       -3.184413        1.3164
GPMin:    1 20:37:02       -3.974029        0.6201
GPMin:    2 20:37:08       -4.261716        0.3177
GPMin:    3 20:37:13       -4.366235        0.1950
GPMin:    4 20:37:19       -4.397180        0.1976
GPMin:    5 20:37:25       -4.469431        0.2001
GPMin:    6 20:37:31       -4.482163        0.1534
GPMin:    7 20:37:35       -4.486604        0.1403
GPMin:    8 20:37:47       -4.511339        0.1308
GPMin:    9 20:37:52       -4.528831        0.0484
GPMin:   10 20:37:57       -4.530991        0.0412
GPMin:   11 20:38:03       -4.533339        0.0359
GPMin:   12 20:38:07       -4.533980        0.0318
GPMin:   13 20:38:13       -4.538709        0.0677
GPMin:   14 20:38:18       -4.545183        0.0894
GPMin:   15 20:38:23       -4.562058        0.0965
GPMin:   16 20:38:29       -4.578355        0.0948
GPMin:   17 20:38:36       -4.606507        0.1072
GPMin:   18 20:38:41       -4.626754        0.1035
GPMin:   19 20:38:46       -4.649554        0.0978
GPMin:   20 20:38:52       -4.669086        0.0936
GPMin:   21 20:38:57       -4.687593        0.0883
GPMin:   22 20:39:03       -4.705912        0.0850
GPMin:   23 20:39:09       -4.722333        0.0852
GPMin:   24 20:39:15       -4.742404        0.0795
GPMin:   25 20:39:20       -4.760284        0.0737
GPMin:   26 20:39:26       -4.782198        0.0723
GPMin:   27 20:39:30       -4.801996        0.0697
GPMin:   28 20:39:36       -4.826447        0.0674
GPMin:   29 20:39:41       -4.846258        0.0725
GPMin:   30 20:39:46       -4.867349        0.0772
GPMin:   31 20:39:51       -4.883099        0.0767
GPMin:   32 20:39:56       -4.897085        0.0704
GPMin:   33 20:40:01       -4.907382        0.0646
GPMin:   34 20:40:05       -4.915287        0.0567
GPMin:   35 20:40:11       -4.922099        0.0466
GPMin:   36 20:40:15       -4.926209        0.0397
GPMin:   37 20:40:19       -4.930375        0.0316
GPMin:   38 20:40:23       -4.932291        0.0222
GPMin:   39 20:40:27       -4.933459        0.0137
       Step     Time          Energy         fmax
GPMin:    0 20:40:36       -3.188284        1.3187
GPMin:    1 20:40:42       -3.978396        0.6181
GPMin:    2 20:40:49       -4.264863        0.3177
GPMin:    3 20:40:55       -4.368543        0.1994
GPMin:    4 20:41:01       -4.399165        0.1982
GPMin:    5 20:41:07       -4.475671        0.1921
GPMin:    6 20:41:13       -4.484889        0.1648
GPMin:    7 20:41:18       -4.489841        0.1546
GPMin:    8 20:41:24       -4.491939        0.3762
GPMin:    9 20:41:30       -4.528206        0.1244
GPMin:   10 20:41:36       -4.545739        0.1035
GPMin:   11 20:41:41       -4.560481        0.0880
GPMin:   12 20:41:47       -4.568397        0.0920
GPMin:   13 20:41:54       -4.612696        0.1043
GPMin:   14 20:42:00       -4.641919        0.1441
GPMin:   15 20:42:06       -4.659566        0.1372
GPMin:   16 20:42:11       -4.679844        0.0835
GPMin:   17 20:42:16       -4.695540        0.0653
GPMin:   18 20:42:22       -4.703574        0.0571
GPMin:   19 20:42:27       -4.713761        0.0668
GPMin:   20 20:42:32       -4.723386        0.0551
GPMin:   21 20:42:37       -4.731145        0.0518
GPMin:   22 20:42:42       -4.738639        0.0448
GPMin:   23 20:42:47       -4.745057        0.0334
GPMin:   24 20:42:52       -4.749847        0.0470
GPMin:   25 20:42:58       -4.755163        0.0521
GPMin:   26 20:43:03       -4.759198        0.0333
GPMin:   27 20:43:07       -4.763170        0.0443
GPMin:   28 20:43:12       -4.766386        0.0470
GPMin:   29 20:43:17       -4.770730        0.0250
GPMin:   30 20:43:23       -4.772175        0.0296
GPMin:   31 20:43:28       -4.776589        0.0354
GPMin:   32 20:43:32       -4.779462        0.0332
GPMin:   33 20:43:37       -4.783442        0.0383
GPMin:   34 20:43:41       -4.787551        0.0284
GPMin:   35 20:43:46       -4.790581        0.0332
GPMin:   36 20:43:51       -4.798929        0.0548
GPMin:   37 20:43:56       -4.805797        0.0563
GPMin:   38 20:44:02       -4.816384        0.0600
GPMin:   39 20:44:07       -4.830450        0.0598
GPMin:   40 20:44:12       -4.849701        0.0816
GPMin:   41 20:44:17       -4.869775        0.1037
GPMin:   42 20:44:21       -4.892762        0.1002
GPMin:   43 20:44:26       -4.913110        0.0686
GPMin:   44 20:44:31       -4.926236        0.0358
GPMin:   45 20:44:36       -4.930744        0.0334
GPMin:   46 20:44:40       -4.932411        0.0309
GPMin:   47 20:44:45       -4.933046        0.0162
       Step     Time          Energy         fmax
GPMin:    0 20:44:53       -3.191776        1.3116
GPMin:    1 20:44:59       -3.980182        0.6161
GPMin:    2 20:45:05       -4.265724        0.3148
GPMin:    3 20:45:11       -4.368782        0.2013
GPMin:    4 20:45:16       -4.399219        0.1996
GPMin:    5 20:45:22       -4.478768        0.1922
GPMin:    6 20:45:27       -4.487519        0.1660
GPMin:    7 20:45:31       -4.492934        0.1534
GPMin:    8 20:45:37       -4.511192        0.3431
GPMin:    9 20:45:43       -4.539514        0.1128
GPMin:   10 20:45:48       -4.546800        0.1433
GPMin:   11 20:45:53       -4.562800        0.1009
GPMin:   12 20:45:58       -4.579559        0.0989
GPMin:   13 20:46:03       -4.594858        0.1018
GPMin:   14 20:46:08       -4.618101        0.0971
GPMin:   15 20:46:13       -4.640808        0.0843
GPMin:   16 20:46:18       -4.660524        0.0778
GPMin:   17 20:46:23       -4.677101        0.0691
GPMin:   18 20:46:28       -4.692240        0.0605
GPMin:   19 20:46:32       -4.703520        0.0560
GPMin:   20 20:46:37       -4.719600        0.0462
GPMin:   21 20:46:42       -4.731812        0.0523
GPMin:   22 20:46:46       -4.741086        0.0482
GPMin:   23 20:46:52       -4.750905        0.0413
GPMin:   24 20:46:58       -4.760844        0.0539
GPMin:   25 20:47:03       -4.769421        0.0689
GPMin:   26 20:47:07       -4.779367        0.0617
GPMin:   27 20:47:12       -4.787406        0.0467
GPMin:   28 20:47:16       -4.794327        0.0540
GPMin:   29 20:47:21       -4.799774        0.0505
GPMin:   30 20:47:26       -4.806644        0.0520
GPMin:   31 20:47:30       -4.812879        0.0555
GPMin:   32 20:47:35       -4.822136        0.0640
GPMin:   33 20:47:39       -4.832124        0.0765
GPMin:   34 20:47:45       -4.843340        0.0656
GPMin:   35 20:47:50       -4.853688        0.0684
GPMin:   36 20:47:55       -4.862781        0.0603
GPMin:   37 20:48:00       -4.871750        0.0692
GPMin:   38 20:48:04       -4.876908        0.0686
GPMin:   39 20:48:09       -4.880189        0.0600
GPMin:   40 20:48:13       -4.882563        0.0487
GPMin:   41 20:48:18       -4.884732        0.0525
GPMin:   42 20:48:22       -4.886899        0.0462
GPMin:   43 20:48:27       -4.888311        0.0304
GPMin:   44 20:48:32       -4.889338        0.0227
GPMin:   45 20:48:36       -4.889830        0.0119
       Step     Time          Energy         fmax
GPMin:    0 20:48:44       -3.169980        1.3557
GPMin:    1 20:48:50       -4.012042        0.6069
GPMin:    2 20:48:55       -4.290136        0.2572
GPMin:    3 20:49:00       -4.356540        0.0975
GPMin:    4 20:49:04       -4.365811        0.1244
GPMin:    5 20:49:09       -4.379110        0.1059
GPMin:    6 20:49:28       -4.401690        0.1089
GPMin:    7 20:49:39       -4.410529        0.0990
GPMin:    8 20:49:56       -4.427270        0.0849
GPMin:    9 20:50:01       -4.432734        0.0919
GPMin:   10 20:50:07       -4.458542        0.1375
GPMin:   11 20:50:15       -4.465946        0.0869
GPMin:   12 20:50:28       -4.470749        0.1051
GPMin:   13 20:50:39       -4.486430        0.1982
GPMin:   14 20:50:45       -4.611684        0.2715
GPMin:   15 20:50:51       -4.658508        0.2274
GPMin:   16 20:50:57       -4.687675        0.1868
GPMin:   17 20:51:02       -4.725059        0.1480
GPMin:   18 20:51:07       -4.759300        0.1239
GPMin:   19 20:51:12       -4.778496        0.1126
GPMin:   20 20:51:17       -4.800868        0.1054
GPMin:   21 20:51:21       -4.825104        0.0933
GPMin:   22 20:51:26       -4.843852        0.0815
GPMin:   23 20:51:32       -4.857421        0.0685
GPMin:   24 20:51:36       -4.868373        0.0538
GPMin:   25 20:51:41       -4.877699        0.0394
GPMin:   26 20:51:45       -4.882349        0.0284
GPMin:   27 20:51:49       -4.884903        0.0343
GPMin:   28 20:51:53       -4.888801        0.0252
GPMin:   29 20:51:57       -4.889679        0.0145
       Step     Time          Energy         fmax
GPMin:    0 20:52:05       -3.173266        1.3529
GPMin:    1 20:52:10       -4.012818        0.6024
GPMin:    2 20:52:16       -4.289450        0.2540
GPMin:    3 20:52:20       -4.354333        0.0975
GPMin:    4 20:52:25       -4.363613        0.1253
GPMin:    5 20:52:29       -4.377220        0.1065
GPMin:    6 20:52:48       -4.399690        0.1123
GPMin:    7 20:52:59       -4.410773        0.1000
GPMin:    8 20:53:17       -4.426909        0.0985
GPMin:    9 20:53:21       -4.431172        0.0872
GPMin:   10 20:53:39       -4.462239        0.0765
GPMin:   11 20:53:50       -4.466077        0.0809
GPMin:   12 20:53:55       -4.475489        0.1001
GPMin:   13 20:54:00       -4.503162        0.1885
GPMin:   14 20:54:06       -4.554909        0.2587
GPMin:   15 20:54:11       -4.590440        0.2247
GPMin:   16 20:54:16       -4.621167        0.1991
GPMin:   17 20:54:21       -4.667664        0.1691
GPMin:   18 20:54:26       -4.694937        0.1607
GPMin:   19 20:54:32       -4.761551        0.2535
GPMin:   20 20:54:42       -4.776124        0.3201
GPMin:   21 20:54:47       -4.824569        0.1289
GPMin:   22 20:54:52       -4.833474        0.0937
GPMin:   23 20:54:57       -4.847844        0.0742
GPMin:   24 20:55:01       -4.858810        0.0643
GPMin:   25 20:55:06       -4.866545        0.0578
GPMin:   26 20:55:10       -4.878165        0.0430
GPMin:   27 20:55:14       -4.883973        0.0343
GPMin:   28 20:55:19       -4.887128        0.0259
GPMin:   29 20:55:24       -4.888742        0.0214
GPMin:   30 20:55:27       -4.889432        0.0129
       Step     Time          Energy         fmax
GPMin:    0 20:55:35       -3.392776        1.1490
GPMin:    1 20:55:41       -4.092064        0.4962
GPMin:    2 20:55:46       -4.355391        0.3049
GPMin:    3 20:55:51       -4.467144        0.2489
GPMin:    4 20:55:56       -4.518357        0.2181
GPMin:    5 20:56:01       -4.552947        0.1938
GPMin:    6 20:56:06       -4.581696        0.1743
GPMin:    7 20:56:11       -4.649670        0.1539
GPMin:    8 20:56:16       -4.689498        0.1882
GPMin:    9 20:56:21       -4.717466        0.1851
GPMin:   10 20:56:26       -4.747297        0.1446
GPMin:   11 20:56:31       -4.775637        0.1029
GPMin:   12 20:56:35       -4.801718        0.0848
GPMin:   13 20:56:40       -4.824424        0.0817
GPMin:   14 20:56:45       -4.841758        0.0814
GPMin:   15 20:56:50       -4.860827        0.0796
GPMin:   16 20:56:55       -4.880774        0.0674
GPMin:   17 20:57:00       -4.897855        0.0515
GPMin:   18 20:57:05       -4.909372        0.0474
GPMin:   19 20:57:09       -4.917492        0.0394
GPMin:   20 20:57:14       -4.923800        0.0269
GPMin:   21 20:57:18       -4.927406        0.0288
GPMin:   22 20:57:22       -4.930113        0.0277
GPMin:   23 20:57:27       -4.931897        0.0225
GPMin:   24 20:57:32       -4.932345        0.0251
GPMin:   25 20:57:37       -4.933818        0.0085
