       Step     Time          Energy         fmax
GPMin:    0 20:57:46       -4.287549        0.3750
GPMin:    1 20:57:51       -4.433256        0.0779
GPMin:    2 20:57:57       -4.441822        0.0675
GPMin:    3 20:58:01       -4.449725        0.0333
GPMin:    4 20:58:06       -4.453524        0.0262
GPMin:    5 20:58:11       -4.459066        0.0225
GPMin:    6 20:58:16       -4.463289        0.0149
       Step     Time          Energy         fmax
GPMin:    0 20:58:29       -4.241022        0.2270
GPMin:    1 20:58:35       -4.352294        0.2154
GPMin:    2 20:58:41       -4.445961        0.2054
GPMin:    3 20:58:47       -4.515025        0.1292
GPMin:    4 20:58:53       -4.543023        0.0995
GPMin:    5 20:58:58       -4.592058        0.1107
GPMin:    6 20:59:03       -4.655291        0.1277
GPMin:    7 20:59:08       -4.723949        0.1310
GPMin:    8 20:59:14       -4.780806        0.1242
GPMin:    9 20:59:19       -4.820299        0.0953
GPMin:   10 20:59:25       -4.846432        0.0980
GPMin:   11 20:59:30       -4.867523        0.0846
GPMin:   12 20:59:35       -4.888504        0.0591
GPMin:   13 20:59:39       -4.903070        0.0494
GPMin:   14 20:59:43       -4.911845        0.0493
GPMin:   15 20:59:47       -4.920430        0.0514
GPMin:   16 20:59:52       -4.926855        0.0362
GPMin:   17 20:59:56       -4.930846        0.0179
       Step     Time          Energy         fmax
GPMin:    0 21:00:04       -4.239442        0.5512
GPMin:    1 21:00:08       -4.457354        0.0797
GPMin:    2 21:00:18       -4.467586        0.0177
       Step     Time          Energy         fmax
GPMin:    0 21:00:26       -4.241022        0.2270
GPMin:    1 21:00:31       -4.352298        0.2154
GPMin:    2 21:00:37       -4.445967        0.2054
GPMin:    3 21:00:42       -4.515029        0.1292
GPMin:    4 21:00:47       -4.543024        0.0995
GPMin:    5 21:00:52       -4.592063        0.1107
GPMin:    6 21:00:56       -4.655299        0.1277
GPMin:    7 21:01:01       -4.723957        0.1310
GPMin:    8 21:01:06       -4.780812        0.1242
GPMin:    9 21:01:11       -4.820301        0.0953
GPMin:   10 21:01:16       -4.846434        0.0980
GPMin:   11 21:01:21       -4.867526        0.0846
GPMin:   12 21:01:26       -4.888506        0.0591
GPMin:   13 21:01:30       -4.903071        0.0494
GPMin:   14 21:01:34       -4.911846        0.0493
GPMin:   15 21:01:39       -4.920431        0.0514
GPMin:   16 21:01:43       -4.926856        0.0362
GPMin:   17 21:01:47       -4.930846        0.0179
       Step     Time          Energy         fmax
GPMin:    0 21:01:55       -4.463980        0.0696
GPMin:    1 21:02:05       -4.466942        0.0267
GPMin:    2 21:02:15       -4.470150        0.0624
GPMin:    3 21:02:21       -4.473763        0.1171
GPMin:    4 21:02:26       -4.506565        0.0880
GPMin:    5 21:02:31       -4.559720        0.1200
GPMin:    6 21:02:36       -4.636788        0.1404
GPMin:    7 21:02:40       -4.720599        0.1443
GPMin:    8 21:02:45       -4.792765        0.1223
GPMin:    9 21:02:49       -4.833739        0.0779
GPMin:   10 21:02:54       -4.851346        0.0979
GPMin:   11 21:02:59       -4.877484        0.1114
GPMin:   12 21:03:03       -4.901074        0.0663
GPMin:   13 21:03:08       -4.919925        0.0507
GPMin:   14 21:03:13       -4.931693        0.0263
GPMin:   15 21:03:17       -4.933595        0.0187
       Step     Time          Energy         fmax
GPMin:    0 21:03:25       -4.360272        0.5300
GPMin:    1 21:03:31       -4.563152        0.2332
GPMin:    2 21:03:36       -4.624185        0.1808
GPMin:    3 21:03:42       -4.673024        0.1328
GPMin:    4 21:03:47       -4.716895        0.1344
GPMin:    5 21:03:53       -4.759351        0.0965
GPMin:    6 21:03:58       -4.784766        0.0518
GPMin:    7 21:04:02       -4.793796        0.0399
GPMin:    8 21:04:07       -4.797835        0.0386
GPMin:    9 21:04:11       -4.803111        0.0298
GPMin:   10 21:04:16       -4.807215        0.0224
GPMin:   11 21:04:20       -4.810150        0.0261
GPMin:   12 21:04:24       -4.814268        0.0303
GPMin:   13 21:04:30       -4.822862        0.0396
GPMin:   14 21:04:36       -4.836554        0.0470
GPMin:   15 21:04:41       -4.853472        0.0475
GPMin:   16 21:04:47       -4.870143        0.0496
GPMin:   17 21:04:52       -4.876192        0.0518
GPMin:   18 21:04:56       -4.880112        0.0431
GPMin:   19 21:05:01       -4.884925        0.0268
GPMin:   20 21:05:05       -4.888436        0.0249
GPMin:   21 21:05:10       -4.889705        0.0119
       Step     Time          Energy         fmax
GPMin:    0 21:05:19       -4.087281        0.9559
GPMin:    1 21:05:25       -4.427401        0.2942
GPMin:    2 21:05:32       -4.524763        0.2240
GPMin:    3 21:05:38       -4.589779        0.1961
GPMin:    4 21:05:44       -4.637628        0.1288
GPMin:    5 21:05:50       -4.664623        0.0895
GPMin:    6 21:05:55       -4.688716        0.0852
GPMin:    7 21:06:01       -4.716969        0.0735
GPMin:    8 21:06:05       -4.740784        0.0594
GPMin:    9 21:06:09       -4.756578        0.0638
GPMin:   10 21:06:13       -4.771800        0.0601
GPMin:   11 21:06:18       -4.784750        0.0493
GPMin:   12 21:06:23       -4.797144        0.0462
GPMin:   13 21:06:28       -4.809623        0.0540
GPMin:   14 21:06:33       -4.825209        0.0578
GPMin:   15 21:06:38       -4.846598        0.0684
GPMin:   16 21:06:42       -4.872534        0.0750
GPMin:   17 21:06:47       -4.899298        0.0682
GPMin:   18 21:06:53       -4.920517        0.0443
GPMin:   19 21:06:57       -4.929468        0.0342
GPMin:   20 21:07:01       -4.931021        0.0255
GPMin:   21 21:07:05       -4.931836        0.0196
       Step     Time          Energy         fmax
GPMin:    0 21:07:13       -4.448125        0.5863
GPMin:    1 21:07:19       -4.574807        0.3572
GPMin:    2 21:07:25       -4.673547        0.1978
GPMin:    3 21:07:31       -4.734593        0.1298
GPMin:    4 21:07:36       -4.774626        0.0676
GPMin:    5 21:07:41       -4.793167        0.0590
GPMin:    6 21:07:46       -4.804688        0.0454
GPMin:    7 21:07:51       -4.816758        0.0431
GPMin:    8 21:07:56       -4.826246        0.0460
GPMin:    9 21:08:01       -4.835495        0.0461
GPMin:   10 21:08:06       -4.846415        0.0468
GPMin:   11 21:08:11       -4.859740        0.0518
GPMin:   12 21:08:16       -4.870466        0.0491
GPMin:   13 21:08:21       -4.876587        0.0409
GPMin:   14 21:08:26       -4.882343        0.0328
GPMin:   15 21:08:30       -4.888305        0.0207
GPMin:   16 21:08:35       -4.889930        0.0107
       Step     Time          Energy         fmax
GPMin:    0 21:08:43       -3.983563        0.3402
GPMin:    1 21:08:49       -4.229996        0.2873
GPMin:    2 21:08:54       -4.375287        0.2321
GPMin:    3 21:08:59       -4.447406        0.1366
GPMin:    4 21:09:05       -4.464037        0.0670
GPMin:    5 21:09:09       -4.473854        0.0854
GPMin:    6 21:09:14       -4.502664        0.0978
GPMin:    7 21:09:19       -4.555541        0.1167
GPMin:    8 21:09:24       -4.621343        0.1450
GPMin:    9 21:09:29       -4.692272        0.1598
GPMin:   10 21:09:34       -4.753561        0.1431
GPMin:   11 21:09:39       -4.796294        0.1011
GPMin:   12 21:09:44       -4.819716        0.0930
GPMin:   13 21:09:49       -4.834196        0.1169
GPMin:   14 21:09:54       -4.856771        0.1011
GPMin:   15 21:09:58       -4.878021        0.0676
GPMin:   16 21:10:03       -4.893247        0.0575
GPMin:   17 21:10:08       -4.905546        0.0595
GPMin:   18 21:10:12       -4.916463        0.0553
GPMin:   19 21:10:17       -4.925220        0.0391
GPMin:   20 21:10:21       -4.929260        0.0247
GPMin:   21 21:10:25       -4.930607        0.0348
GPMin:   22 21:10:29       -4.932751        0.0217
GPMin:   23 21:10:32       -4.933137        0.0141
       Step     Time          Energy         fmax
GPMin:    0 21:10:41       -4.427533        0.2282
GPMin:    1 21:10:48       -4.513901        0.1127
GPMin:    2 21:10:53       -4.543855        0.0625
GPMin:    3 21:10:58       -4.561429        0.0655
GPMin:    4 21:11:04       -4.590171        0.0757
GPMin:    5 21:11:10       -4.633017        0.0814
GPMin:    6 21:11:15       -4.681950        0.0893
GPMin:    7 21:11:21       -4.725687        0.0914
GPMin:    8 21:11:26       -4.763890        0.0881
GPMin:    9 21:11:31       -4.804113        0.0850
GPMin:   10 21:11:36       -4.837655        0.0766
GPMin:   11 21:11:41       -4.864411        0.0623
GPMin:   12 21:11:45       -4.889240        0.0651
GPMin:   13 21:11:50       -4.907475        0.0533
GPMin:   14 21:11:55       -4.920432        0.0393
GPMin:   15 21:11:59       -4.927696        0.0320
GPMin:   16 21:12:03       -4.932181        0.0214
GPMin:   17 21:12:07       -4.933260        0.0140
       Step     Time          Energy         fmax
GPMin:    0 21:12:15       -4.365264        0.6123
GPMin:    1 21:12:21       -4.568335        0.2040
GPMin:    2 21:12:26       -4.651499        0.1468
GPMin:    3 21:12:31       -4.701269        0.1089
GPMin:    4 21:12:36       -4.728821        0.1000
GPMin:    5 21:12:41       -4.752157        0.0951
GPMin:    6 21:12:46       -4.777420        0.0714
GPMin:    7 21:12:51       -4.797744        0.0630
GPMin:    8 21:12:55       -4.822997        0.0685
GPMin:    9 21:13:01       -4.851613        0.0756
GPMin:   10 21:13:06       -4.883274        0.0756
GPMin:   11 21:13:11       -4.908978        0.0576
GPMin:   12 21:13:16       -4.923843        0.0447
GPMin:   13 21:13:20       -4.928723        0.0243
GPMin:   14 21:13:24       -4.929792        0.0227
GPMin:   15 21:13:28       -4.931422        0.0189
       Step     Time          Energy         fmax
GPMin:    0 21:13:49       -4.221834        0.1752
GPMin:    1 21:13:54       -4.310286        0.2062
GPMin:    2 21:13:59       -4.409793        0.2044
GPMin:    3 21:14:04       -4.487763        0.1471
GPMin:    4 21:14:10       -4.521295        0.0902
GPMin:    5 21:14:15       -4.541872        0.0814
GPMin:    6 21:14:19       -4.587482        0.1023
GPMin:    7 21:14:24       -4.654688        0.1241
GPMin:    8 21:14:29       -4.722409        0.1322
GPMin:    9 21:14:33       -4.779526        0.1265
GPMin:   10 21:14:38       -4.817598        0.0970
GPMin:   11 21:14:43       -4.842395        0.0961
GPMin:   12 21:14:48       -4.865078        0.0900
GPMin:   13 21:14:52       -4.888549        0.0576
GPMin:   14 21:14:56       -4.902639        0.0491
GPMin:   15 21:15:01       -4.911930        0.0576
GPMin:   16 21:15:05       -4.921556        0.0612
GPMin:   17 21:15:09       -4.927682        0.0388
GPMin:   18 21:15:14       -4.931213        0.0239
GPMin:   19 21:15:18       -4.932238        0.0192
       Step     Time          Energy         fmax
GPMin:    0 21:15:26       -4.232239        0.2051
GPMin:    1 21:15:32       -4.295053        0.2421
GPMin:    2 21:15:38       -4.399861        0.2150
GPMin:    3 21:15:44       -4.494830        0.2095
GPMin:    4 21:15:49       -4.578587        0.1301
GPMin:    5 21:15:55       -4.630902        0.1317
GPMin:    6 21:16:00       -4.686471        0.1315
GPMin:    7 21:16:05       -4.732531        0.1061
GPMin:    8 21:16:09       -4.760945        0.0802
GPMin:    9 21:16:13       -4.778753        0.0758
GPMin:   10 21:16:18       -4.797471        0.0899
GPMin:   11 21:16:22       -4.819971        0.0743
GPMin:   12 21:16:28       -4.842821        0.0837
GPMin:   13 21:16:33       -4.871780        0.0766
GPMin:   14 21:16:38       -4.899875        0.0690
GPMin:   15 21:16:43       -4.918343        0.0641
GPMin:   16 21:16:47       -4.927027        0.0511
GPMin:   17 21:16:52       -4.929975        0.0296
GPMin:   18 21:16:55       -4.931562        0.0191
       Step     Time          Energy         fmax
GPMin:    0 21:17:05       -4.232239        0.2050
GPMin:    1 21:17:10       -4.295127        0.2419
GPMin:    2 21:17:16       -4.399890        0.2150
GPMin:    3 21:17:22       -4.494864        0.2095
GPMin:    4 21:17:28       -4.578613        0.1301
GPMin:    5 21:17:33       -4.630933        0.1317
GPMin:    6 21:17:38       -4.686501        0.1315
GPMin:    7 21:17:43       -4.732553        0.1061
GPMin:    8 21:17:47       -4.760957        0.0802
GPMin:    9 21:17:52       -4.778762        0.0759
GPMin:   10 21:17:56       -4.797484        0.0899
GPMin:   11 21:18:01       -4.819989        0.0743
GPMin:   12 21:18:07       -4.842843        0.0837
GPMin:   13 21:18:11       -4.871799        0.0766
GPMin:   14 21:18:16       -4.899883        0.0690
GPMin:   15 21:18:21       -4.918345        0.0641
GPMin:   16 21:18:26       -4.927026        0.0511
GPMin:   17 21:18:30       -4.929976        0.0296
GPMin:   18 21:18:34       -4.931561        0.0191
       Step     Time          Energy         fmax
GPMin:    0 21:18:46       -4.765397        0.1686
GPMin:    1 21:18:52       -4.777013        0.2205
GPMin:    2 21:19:03       -4.797474        0.0742
GPMin:    3 21:19:08       -4.798385        0.1192
GPMin:    4 21:19:14       -4.810830        0.0759
GPMin:    5 21:19:19       -4.821400        0.0535
GPMin:    6 21:19:25       -4.835869        0.0675
GPMin:    7 21:19:30       -4.846909        0.1531
GPMin:    8 21:19:35       -4.856426        0.1203
GPMin:    9 21:19:40       -4.863321        0.1140
GPMin:   10 21:19:45       -4.876744        0.0880
GPMin:   11 21:19:49       -4.887075        0.0423
GPMin:   12 21:19:54       -4.889740        0.0216
GPMin:   13 21:19:58       -4.890163        0.0072
       Step     Time          Energy         fmax
GPMin:    0 21:20:11       -4.232239        0.2051
GPMin:    1 21:20:17       -4.295096        0.2421
GPMin:    2 21:20:23       -4.399877        0.2150
GPMin:    3 21:20:29       -4.494844        0.2095
GPMin:    4 21:20:35       -4.578580        0.1301
GPMin:    5 21:20:40       -4.630889        0.1317
GPMin:    6 21:20:45       -4.686465        0.1315
GPMin:    7 21:20:50       -4.732529        0.1061
GPMin:    8 21:20:55       -4.760949        0.0802
GPMin:    9 21:20:59       -4.778760        0.0759
GPMin:   10 21:21:04       -4.797480        0.0899
GPMin:   11 21:21:09       -4.819982        0.0743
GPMin:   12 21:21:14       -4.842833        0.0837
GPMin:   13 21:21:19       -4.871792        0.0766
GPMin:   14 21:21:24       -4.899880        0.0690
GPMin:   15 21:21:29       -4.918344        0.0641
GPMin:   16 21:21:34       -4.927027        0.0511
GPMin:   17 21:21:38       -4.929975        0.0296
GPMin:   18 21:21:41       -4.931562        0.0191
       Step     Time          Energy         fmax
GPMin:    0 21:21:49       -4.789431        0.2431
GPMin:    1 21:21:55       -4.840313        0.2065
GPMin:    2 21:22:00       -4.870024        0.1211
GPMin:    3 21:22:06       -4.883752        0.0841
GPMin:    4 21:22:15       -4.889458        0.0251
GPMin:    5 21:22:19       -4.889825        0.0131
       Step     Time          Energy         fmax
GPMin:    0 21:22:27       -4.435574        0.1548
GPMin:    1 21:22:33       -4.465276        0.0907
GPMin:    2 21:22:42       -4.490626        0.0904
GPMin:    3 21:22:47       -4.523899        0.0988
GPMin:    4 21:22:52       -4.578140        0.1156
GPMin:    5 21:22:56       -4.650405        0.1304
GPMin:    6 21:23:01       -4.732252        0.1304
GPMin:    7 21:23:06       -4.802186        0.0979
GPMin:    8 21:23:10       -4.838693        0.0754
GPMin:    9 21:23:15       -4.853397        0.0764
GPMin:   10 21:23:19       -4.873794        0.0709
GPMin:   11 21:23:23       -4.895068        0.0548
GPMin:   12 21:23:28       -4.909991        0.0547
GPMin:   13 21:23:32       -4.922139        0.0485
GPMin:   14 21:23:36       -4.929266        0.0266
GPMin:   15 21:23:40       -4.931791        0.0177
       Step     Time          Energy         fmax
GPMin:    0 21:23:47       -4.435375        0.1633
GPMin:    1 21:23:52       -4.440023        0.1692
GPMin:    2 21:23:57       -4.445011        0.1015
GPMin:    3 21:24:02       -4.459766        0.0973
GPMin:    4 21:24:07       -4.468692        0.0146
       Step     Time          Energy         fmax
GPMin:    0 21:24:21       -3.802847        0.3550
GPMin:    1 21:24:27       -4.012867        0.2851
GPMin:    2 21:24:32       -4.131684        0.1766
GPMin:    3 21:24:38       -4.200582        0.1989
GPMin:    4 21:24:42       -4.278154        0.2351
GPMin:    5 21:24:47       -4.361308        0.2457
GPMin:    6 21:24:52       -4.453877        0.2316
GPMin:    7 21:24:58       -4.533311        0.1805
GPMin:    8 21:25:03       -4.582125        0.1464
GPMin:    9 21:25:08       -4.632669        0.1531
GPMin:   10 21:25:13       -4.698433        0.1535
GPMin:   11 21:25:18       -4.760770        0.1575
GPMin:   12 21:25:23       -4.818777        0.1464
GPMin:   13 21:25:28       -4.856977        0.1152
GPMin:   14 21:25:33       -4.876540        0.0862
GPMin:   15 21:25:38       -4.887924        0.1077
GPMin:   16 21:25:43       -4.900464        0.1022
GPMin:   17 21:25:47       -4.912269        0.0753
GPMin:   18 21:25:52       -4.920473        0.0456
GPMin:   19 21:25:56       -4.924223        0.0331
GPMin:   20 21:26:00       -4.926688        0.0474
GPMin:   21 21:26:05       -4.929430        0.0375
GPMin:   22 21:26:09       -4.930700        0.0264
GPMin:   23 21:26:13       -4.931742        0.0218
GPMin:   24 21:26:17       -4.932618        0.0214
GPMin:   25 21:26:22       -4.933221        0.0168
       Step     Time          Energy         fmax
GPMin:    0 21:26:34       -4.415724        0.3749
GPMin:    1 21:26:39       -4.462181        0.1364
GPMin:    2 21:26:44       -4.480702        0.0870
GPMin:    3 21:26:50       -4.529078        0.1307
GPMin:    4 21:26:54       -4.601282        0.1368
GPMin:    5 21:26:59       -4.689463        0.1608
GPMin:    6 21:27:04       -4.783705        0.1764
GPMin:    7 21:27:09       -4.860840        0.1635
GPMin:    8 21:27:14       -4.902148        0.1054
GPMin:    9 21:27:18       -4.912725        0.0588
GPMin:   10 21:27:22       -4.918886        0.0430
GPMin:   11 21:27:26       -4.925530        0.0354
GPMin:   12 21:27:31       -4.928118        0.0274
GPMin:   13 21:27:35       -4.930320        0.0227
GPMin:   14 21:27:38       -4.932928        0.0146
       Step     Time          Energy         fmax
GPMin:    0 21:27:46       -4.703517        0.3575
GPMin:    1 21:27:51       -4.746429        0.2633
GPMin:    2 21:27:57       -4.758036        0.2102
GPMin:    3 21:28:02       -4.786688        0.0716
GPMin:    4 21:28:08       -4.794472        0.0636
GPMin:    5 21:28:12       -4.801597        0.0679
GPMin:    6 21:28:16       -4.806284        0.0340
GPMin:    7 21:28:21       -4.809065        0.0638
GPMin:    8 21:28:27       -4.813566        0.1482
GPMin:    9 21:28:32       -4.833001        0.0832
GPMin:   10 21:28:37       -4.848636        0.1100
GPMin:   11 21:28:42       -4.862946        0.0907
GPMin:   12 21:28:47       -4.870544        0.0752
GPMin:   13 21:28:51       -4.878339        0.0569
GPMin:   14 21:28:56       -4.886860        0.0403
GPMin:   15 21:29:00       -4.889564        0.0129
       Step     Time          Energy         fmax
GPMin:    0 21:29:08       -4.405353        0.1809
GPMin:    1 21:29:13       -4.438194        0.0982
GPMin:    2 21:29:23       -4.456607        0.0674
GPMin:    3 21:29:29       -4.456927        0.0747
GPMin:    4 21:29:33       -4.465084        0.0569
GPMin:    5 21:29:38       -4.465959        0.0761
GPMin:    6 21:29:56       -4.471031        0.0838
GPMin:    7 21:30:01       -4.495609        0.0938
GPMin:    8 21:30:06       -4.546243        0.1192
GPMin:    9 21:30:11       -4.624927        0.1403
GPMin:   10 21:30:15       -4.713881        0.1653
GPMin:   11 21:30:20       -4.804635        0.1660
GPMin:   12 21:30:24       -4.872586        0.1301
GPMin:   13 21:30:29       -4.902904        0.0739
GPMin:   14 21:30:34       -4.912945        0.0947
GPMin:   15 21:30:39       -4.925630        0.0662
GPMin:   16 21:30:43       -4.931542        0.0241
GPMin:   17 21:30:47       -4.932991        0.0173
       Step     Time          Energy         fmax
GPMin:    0 21:30:56       -4.488781        0.3092
GPMin:    1 21:31:01       -4.542134        0.2087
GPMin:    2 21:31:07       -4.615180        0.1702
GPMin:    3 21:31:11       -4.684406        0.1878
GPMin:    4 21:31:16       -4.753030        0.1651
GPMin:    5 21:31:21       -4.804526        0.1079
GPMin:    6 21:31:26       -4.829572        0.0728
GPMin:    7 21:31:31       -4.849436        0.1002
GPMin:    8 21:31:35       -4.876478        0.0781
GPMin:    9 21:31:40       -4.904323        0.0711
GPMin:   10 21:31:45       -4.925145        0.0400
GPMin:   11 21:31:49       -4.931909        0.0167
       Step     Time          Energy         fmax
GPMin:    0 21:32:11       -4.530402        0.5790
GPMin:    1 21:32:16       -4.776220        0.2048
GPMin:    2 21:32:21       -4.831897        0.1482
GPMin:    3 21:32:26       -4.866201        0.1053
GPMin:    4 21:32:31       -4.879660        0.0467
GPMin:    5 21:32:36       -4.884698        0.0358
GPMin:    6 21:32:40       -4.888673        0.0175
       Step     Time          Energy         fmax
GPMin:    0 21:32:48       -4.258917        0.4581
GPMin:    1 21:32:53       -4.424362        0.3047
GPMin:    2 21:32:59       -4.565859        0.2429
GPMin:    3 21:33:04       -4.686197        0.1881
GPMin:    4 21:33:09       -4.770258        0.1419
GPMin:    5 21:33:15       -4.817309        0.0985
GPMin:    6 21:33:20       -4.840343        0.0765
GPMin:    7 21:33:24       -4.852478        0.0585
GPMin:    8 21:33:29       -4.862106        0.0633
GPMin:    9 21:33:34       -4.871704        0.0479
GPMin:   10 21:33:39       -4.879346        0.0317
GPMin:   11 21:33:44       -4.883915        0.0302
GPMin:   12 21:33:48       -4.886502        0.0290
GPMin:   13 21:33:52       -4.888780        0.0175
       Step     Time          Energy         fmax
GPMin:    0 21:34:00       -4.880278        0.1029
GPMin:    1 21:34:16       -4.889026        0.0273
GPMin:    2 21:34:20       -4.889847        0.0138
       Step     Time          Energy         fmax
GPMin:    0 21:34:33       -4.767625        0.2644
GPMin:    1 21:34:38       -4.836283        0.1468
GPMin:    2 21:34:43       -4.869981        0.0835
GPMin:    3 21:34:49       -4.883094        0.0695
GPMin:    4 21:34:54       -4.886012        0.0820
GPMin:    5 21:34:58       -4.889061        0.0364
GPMin:    6 21:35:02       -4.889789        0.0154
       Step     Time          Energy         fmax
GPMin:    0 21:35:15       -4.458438        0.4215
GPMin:    1 21:35:21       -4.598256        0.2662
GPMin:    2 21:35:26       -4.698195        0.2037
GPMin:    3 21:35:31       -4.766439        0.1043
GPMin:    4 21:35:36       -4.807922        0.0846
GPMin:    5 21:35:40       -4.829107        0.0686
GPMin:    6 21:35:45       -4.844623        0.0683
GPMin:    7 21:35:51       -4.863079        0.0623
GPMin:    8 21:35:55       -4.878842        0.0518
GPMin:    9 21:36:00       -4.884792        0.0317
GPMin:   10 21:36:04       -4.886768        0.0303
GPMin:   11 21:36:09       -4.888846        0.0147
       Step     Time          Energy         fmax
GPMin:    0 21:36:26       -4.426558        0.1986
GPMin:    1 21:36:31       -4.445148        0.1168
GPMin:    2 21:36:36       -4.461119        0.0453
GPMin:    3 21:36:40       -4.466985        0.0151
       Step     Time          Energy         fmax
GPMin:    0 21:36:48       -4.205697        0.7360
GPMin:    1 21:36:54       -4.437001        0.2524
GPMin:    2 21:37:00       -4.523601        0.2315
GPMin:    3 21:37:05       -4.599721        0.1889
GPMin:    4 21:37:10       -4.654613        0.1248
GPMin:    5 21:37:15       -4.691997        0.1008
GPMin:    6 21:37:20       -4.721478        0.0787
GPMin:    7 21:37:25       -4.740362        0.0739
GPMin:    8 21:37:30       -4.755326        0.0644
GPMin:    9 21:37:34       -4.766986        0.0569
GPMin:   10 21:37:38       -4.776426        0.0477
GPMin:   11 21:37:43       -4.784416        0.0280
GPMin:   12 21:37:47       -4.788102        0.0223
GPMin:   13 21:37:51       -4.790055        0.0159
       Step     Time          Energy         fmax
GPMin:    0 21:38:00       -3.662793        0.6204
GPMin:    1 21:38:06       -3.925289        0.3230
GPMin:    2 21:38:12       -4.052923        0.2390
GPMin:    3 21:38:17       -4.151677        0.2325
GPMin:    4 21:38:22       -4.218934        0.2469
GPMin:    5 21:38:27       -4.287316        0.2675
GPMin:    6 21:38:33       -4.393278        0.2561
GPMin:    7 21:38:38       -4.461193        0.1978
GPMin:    8 21:38:43       -4.501831        0.1099
GPMin:    9 21:38:48       -4.518043        0.1023
GPMin:   10 21:38:53       -4.546649        0.1260
GPMin:   11 21:38:58       -4.587070        0.1214
GPMin:   12 21:39:02       -4.639768        0.1335
GPMin:   13 21:39:07       -4.695453        0.1288
GPMin:   14 21:39:12       -4.737452        0.1040
GPMin:   15 21:39:17       -4.762891        0.0884
GPMin:   16 21:39:22       -4.778061        0.1232
GPMin:   17 21:39:27       -4.797352        0.1351
GPMin:   18 21:39:31       -4.821866        0.1099
GPMin:   19 21:39:36       -4.847492        0.0768
GPMin:   20 21:39:41       -4.869489        0.0707
GPMin:   21 21:39:45       -4.887953        0.0635
GPMin:   22 21:39:49       -4.902085        0.0671
GPMin:   23 21:39:53       -4.912038        0.0597
GPMin:   24 21:39:58       -4.916171        0.0550
GPMin:   25 21:40:02       -4.919667        0.0497
GPMin:   26 21:40:07       -4.926097        0.0334
GPMin:   27 21:40:11       -4.929294        0.0303
GPMin:   28 21:40:15       -4.932046        0.0253
GPMin:   29 21:40:19       -4.932842        0.0216
GPMin:   30 21:40:23       -4.933465        0.0187
       Step     Time          Energy         fmax
GPMin:    0 21:40:32       -4.446801        0.2737
GPMin:    1 21:40:37       -4.580722        0.1903
GPMin:    2 21:40:41       -4.668759        0.1615
GPMin:    3 21:40:46       -4.736905        0.1378
GPMin:    4 21:40:51       -4.786476        0.0985
GPMin:    5 21:40:56       -4.811478        0.0450
GPMin:    6 21:41:01       -4.816738        0.0300
GPMin:    7 21:41:05       -4.818808        0.0249
GPMin:    8 21:41:10       -4.824262        0.0363
GPMin:    9 21:41:15       -4.833329        0.0464
GPMin:   10 21:41:20       -4.841204        0.0321
GPMin:   11 21:41:25       -4.846580        0.0272
GPMin:   12 21:41:29       -4.848413        0.0295
GPMin:   13 21:41:33       -4.850290        0.0335
GPMin:   14 21:41:37       -4.855598        0.0383
GPMin:   15 21:41:41       -4.865294        0.0461
GPMin:   16 21:41:46       -4.877194        0.0478
GPMin:   17 21:41:50       -4.885392        0.0274
GPMin:   18 21:41:54       -4.889533        0.0155
       Step     Time          Energy         fmax
GPMin:    0 21:42:02       -4.068738        0.1813
GPMin:    1 21:42:08       -4.099679        0.1730
GPMin:    2 21:42:13       -4.155883        0.1260
GPMin:    3 21:42:18       -4.230108        0.1621
GPMin:    4 21:42:23       -4.317404        0.2034
GPMin:    5 21:42:28       -4.416581        0.2105
GPMin:    6 21:42:33       -4.495016        0.1385
GPMin:    7 21:42:38       -4.518933        0.0550
GPMin:    8 21:42:42       -4.523064        0.0502
GPMin:    9 21:42:46       -4.537402        0.0585
GPMin:   10 21:42:50       -4.565706        0.0755
GPMin:   11 21:42:55       -4.603284        0.0994
GPMin:   12 21:42:59       -4.646787        0.1008
GPMin:   13 21:43:04       -4.690163        0.0765
GPMin:   14 21:43:09       -4.716259        0.0738
GPMin:   15 21:43:14       -4.734580        0.0942
GPMin:   16 21:43:19       -4.764159        0.1119
GPMin:   17 21:43:23       -4.798387        0.0852
GPMin:   18 21:43:27       -4.827908        0.0720
GPMin:   19 21:43:32       -4.854826        0.0777
GPMin:   20 21:43:36       -4.879131        0.0719
GPMin:   21 21:43:41       -4.894997        0.0645
GPMin:   22 21:43:45       -4.904257        0.0683
GPMin:   23 21:43:49       -4.914774        0.0520
GPMin:   24 21:43:54       -4.923774        0.0436
GPMin:   25 21:43:58       -4.928269        0.0401
GPMin:   26 21:44:02       -4.930852        0.0266
GPMin:   27 21:44:07       -4.932214        0.0211
GPMin:   28 21:44:10       -4.933422        0.0113
       Step     Time          Energy         fmax
GPMin:    0 21:44:18       -4.361126        0.3863
GPMin:    1 21:44:24       -4.544893        0.2358
GPMin:    2 21:44:29       -4.630757        0.1750
GPMin:    3 21:44:34       -4.692228        0.1224
GPMin:    4 21:44:40       -4.740756        0.1030
GPMin:    5 21:44:45       -4.783301        0.0888
GPMin:    6 21:44:50       -4.815205        0.0625
GPMin:    7 21:44:54       -4.831222        0.0432
GPMin:    8 21:44:59       -4.837240        0.0312
GPMin:    9 21:45:03       -4.841159        0.0345
GPMin:   10 21:45:07       -4.844214        0.0177
       Step     Time          Energy         fmax
GPMin:    0 21:45:18       -4.322367        0.3181
GPMin:    1 21:45:23       -4.432396        0.0878
GPMin:    2 21:45:29       -4.455383        0.0567
GPMin:    3 21:45:35       -4.464228        0.0508
GPMin:    4 21:45:40       -4.469875        0.0310
GPMin:    5 21:45:45       -4.472411        0.0261
GPMin:    6 21:45:50       -4.473987        0.0099
       Step     Time          Energy         fmax
GPMin:    0 21:46:01       -4.164946        0.7040
GPMin:    1 21:46:07       -4.382368        0.1380
GPMin:    2 21:46:13       -4.412255        0.1162
GPMin:    3 21:46:19       -4.447796        0.0815
GPMin:    4 21:46:23       -4.460675        0.0449
GPMin:    5 21:46:28       -4.464341        0.0364
GPMin:    6 21:46:33       -4.468835        0.0222
GPMin:    7 21:46:38       -4.471570        0.0149
       Step     Time          Energy         fmax
GPMin:    0 21:46:46       -4.683786        0.1971
GPMin:    1 21:46:51       -4.774728        0.1164
GPMin:    2 21:46:56       -4.793575        0.2440
GPMin:    3 21:47:01       -4.810459        0.1226
GPMin:    4 21:47:06       -4.820983        0.0511
GPMin:    5 21:47:11       -4.831076        0.0735
GPMin:    6 21:47:16       -4.844930        0.0953
GPMin:    7 21:47:21       -4.856145        0.0649
GPMin:    8 21:47:26       -4.863963        0.0609
GPMin:    9 21:47:30       -4.872410        0.0550
GPMin:   10 21:47:34       -4.883134        0.0442
GPMin:   11 21:47:39       -4.888805        0.0274
GPMin:   12 21:47:43       -4.890012        0.0107
       Step     Time          Energy         fmax
GPMin:    0 21:47:52       -4.667500        0.2638
GPMin:    1 21:47:57       -4.762539        0.1999
GPMin:    2 21:48:02       -4.806809        0.1260
GPMin:    3 21:48:07       -4.832345        0.0991
GPMin:    4 21:48:11       -4.846835        0.0739
GPMin:    5 21:48:16       -4.853114        0.0787
GPMin:    6 21:48:21       -4.859107        0.0655
GPMin:    7 21:48:25       -4.868308        0.0615
GPMin:    8 21:48:29       -4.879121        0.0472
GPMin:    9 21:48:34       -4.886239        0.0288
GPMin:   10 21:48:38       -4.889320        0.0115
       Step     Time          Energy         fmax
GPMin:    0 21:48:47       -4.690410        0.3140
GPMin:    1 21:48:52       -4.778259        0.1452
GPMin:    2 21:48:57       -4.786160        0.2335
GPMin:    3 21:49:02       -4.799298        0.1648
GPMin:    4 21:49:07       -4.807329        0.0734
GPMin:    5 21:49:12       -4.815057        0.0510
GPMin:    6 21:49:17       -4.826252        0.0646
GPMin:    7 21:49:23       -4.839124        0.0630
GPMin:    8 21:49:28       -4.857547        0.0648
GPMin:    9 21:49:33       -4.871289        0.0667
GPMin:   10 21:49:38       -4.878408        0.0471
GPMin:   11 21:49:42       -4.885594        0.0387
GPMin:   12 21:49:47       -4.889325        0.0251
GPMin:   13 21:49:51       -4.890070        0.0093
       Step     Time          Energy         fmax
GPMin:    0 21:49:59       -4.784838        0.2440
GPMin:    1 21:50:04       -4.834585        0.2085
GPMin:    2 21:50:10       -4.869091        0.1142
GPMin:    3 21:50:15       -4.880001        0.1128
GPMin:    4 21:50:25       -4.889200        0.0260
GPMin:    5 21:50:34       -4.890066        0.0036
       Step     Time          Energy         fmax
GPMin:    0 21:50:42       -4.698528        0.2199
GPMin:    1 21:50:47       -4.730308        0.2803
GPMin:    2 21:50:53       -4.774646        0.2220
GPMin:    3 21:50:58       -4.790395        0.2044
GPMin:    4 21:51:02       -4.806475        0.1550
GPMin:    5 21:51:07       -4.820023        0.0502
GPMin:    6 21:51:12       -4.826969        0.0837
GPMin:    7 21:51:17       -4.838239        0.1021
GPMin:    8 21:51:23       -4.852663        0.0961
GPMin:    9 21:51:28       -4.862663        0.0922
GPMin:   10 21:51:32       -4.870553        0.0765
GPMin:   11 21:51:37       -4.881679        0.0461
GPMin:   12 21:51:41       -4.887809        0.0233
GPMin:   13 21:51:45       -4.889515        0.0169
       Step     Time          Energy         fmax
GPMin:    0 21:51:53       -4.301005        0.6430
GPMin:    1 21:51:59       -4.484215        0.2801
GPMin:    2 21:52:04       -4.588986        0.2216
GPMin:    3 21:52:09       -4.672054        0.2159
GPMin:    4 21:52:15       -4.742655        0.1797
GPMin:    5 21:52:20       -4.782101        0.0955
GPMin:    6 21:52:25       -4.790568        0.0349
GPMin:    7 21:52:28       -4.792685        0.0323
GPMin:    8 21:52:33       -4.794790        0.0299
GPMin:    9 21:52:37       -4.796430        0.0197
       Step     Time          Energy         fmax
GPMin:    0 21:52:45       -4.346012        0.6644
GPMin:    1 21:52:51       -4.519878        0.1169
GPMin:    2 21:52:56       -4.547013        0.1498
GPMin:    3 21:53:01       -4.604353        0.1341
GPMin:    4 21:53:07       -4.654246        0.1422
GPMin:    5 21:53:12       -4.710057        0.1226
GPMin:    6 21:53:17       -4.757557        0.1062
GPMin:    7 21:53:23       -4.788999        0.0568
GPMin:    8 21:53:27       -4.799468        0.0416
GPMin:    9 21:53:32       -4.804924        0.0459
GPMin:   10 21:53:36       -4.810475        0.0417
GPMin:   11 21:53:40       -4.815617        0.0327
GPMin:   12 21:53:45       -4.820732        0.0342
GPMin:   13 21:53:50       -4.829016        0.0443
GPMin:   14 21:53:55       -4.844635        0.0533
GPMin:   15 21:54:00       -4.863185        0.0485
GPMin:   16 21:54:05       -4.874355        0.0390
GPMin:   17 21:54:10       -4.879146        0.0369
GPMin:   18 21:54:14       -4.882562        0.0367
GPMin:   19 21:54:18       -4.886967        0.0291
GPMin:   20 21:54:23       -4.889140        0.0143
       Step     Time          Energy         fmax
GPMin:    0 21:54:32       -4.354995        0.5727
GPMin:    1 21:54:38       -4.553026        0.1964
GPMin:    2 21:54:43       -4.648646        0.1792
GPMin:    3 21:54:48       -4.717137        0.1422
GPMin:    4 21:54:53       -4.761962        0.0820
GPMin:    5 21:54:58       -4.779791        0.0661
GPMin:    6 21:55:02       -4.787130        0.0361
GPMin:    7 21:55:06       -4.790210        0.0193
       Step     Time          Energy         fmax
GPMin:    0 21:55:14       -4.714188        0.2158
GPMin:    1 21:55:20       -4.745134        0.2865
GPMin:    2 21:55:26       -4.767998        0.1716
GPMin:    3 21:55:32       -4.784786        0.0548
GPMin:    4 21:55:37       -4.788711        0.0749
GPMin:    5 21:55:43       -4.791422        0.0786
GPMin:    6 21:55:48       -4.795056        0.0560
GPMin:    7 21:55:53       -4.796969        0.0438
GPMin:    8 21:56:08       -4.803085        0.0916
GPMin:    9 21:56:14       -4.811764        0.0529
GPMin:   10 21:56:19       -4.818381        0.0756
GPMin:   11 21:56:24       -4.825527        0.1692
GPMin:   12 21:56:30       -4.839801        0.1360
GPMin:   13 21:56:35       -4.842742        0.1300
GPMin:   14 21:56:40       -4.845406        0.0922
GPMin:   15 21:56:44       -4.853193        0.0568
GPMin:   16 21:56:49       -4.865750        0.0542
GPMin:   17 21:56:53       -4.878272        0.0412
GPMin:   18 21:56:57       -4.886841        0.0270
GPMin:   19 21:57:02       -4.889669        0.0186
       Step     Time          Energy         fmax
GPMin:    0 21:57:10       -4.197278        0.8132
GPMin:    1 21:57:17       -4.425035        0.2086
GPMin:    2 21:57:22       -4.504994        0.1866
GPMin:    3 21:57:28       -4.592012        0.1517
GPMin:    4 21:57:33       -4.657615        0.1287
GPMin:    5 21:57:38       -4.710024        0.1212
GPMin:    6 21:57:43       -4.757884        0.1066
GPMin:    7 21:57:48       -4.795902        0.0908
GPMin:    8 21:57:53       -4.822739        0.0618
GPMin:    9 21:57:58       -4.836923        0.0410
GPMin:   10 21:58:03       -4.842096        0.0360
GPMin:   11 21:58:07       -4.844116        0.0215
GPMin:   12 21:58:11       -4.845235        0.0203
GPMin:   13 21:58:16       -4.846403        0.0229
GPMin:   14 21:58:20       -4.847585        0.0243
GPMin:   15 21:58:24       -4.849392        0.0329
GPMin:   16 21:58:29       -4.852673        0.0446
GPMin:   17 21:58:32       -4.860762        0.0505
GPMin:   18 21:58:37       -4.870654        0.0454
GPMin:   19 21:58:41       -4.879091        0.0383
GPMin:   20 21:58:45       -4.884696        0.0302
GPMin:   21 21:58:49       -4.888501        0.0191
       Step     Time          Energy         fmax
GPMin:    0 21:58:59       -4.276572        0.1952
GPMin:    1 21:59:04       -4.383990        0.1794
GPMin:    2 21:59:09       -4.445706        0.0848
GPMin:    3 21:59:14       -4.453291        0.0336
GPMin:    4 21:59:18       -4.454819        0.0176
       Step     Time          Energy         fmax
GPMin:    0 21:59:26       -4.653686        0.3268
GPMin:    1 21:59:32       -4.726539        0.1509
GPMin:    2 21:59:37       -4.762668        0.1299
GPMin:    3 21:59:42       -4.768776        0.1801
GPMin:    4 21:59:47       -4.786578        0.0475
GPMin:    5 21:59:52       -4.794506        0.0348
GPMin:    6 21:59:56       -4.798318        0.0166
       Step     Time          Energy         fmax
GPMin:    0 22:00:03       -4.698528        0.2202
GPMin:    1 22:00:08       -4.730193        0.2805
GPMin:    2 22:00:13       -4.774707        0.2214
GPMin:    3 22:00:19       -4.790378        0.2047
GPMin:    4 22:00:24       -4.806478        0.1551
GPMin:    5 22:00:28       -4.820025        0.0502
GPMin:    6 22:00:33       -4.826970        0.0840
GPMin:    7 22:00:38       -4.838242        0.1021
GPMin:    8 22:00:43       -4.852664        0.0961
GPMin:    9 22:00:49       -4.862669        0.0921
GPMin:   10 22:00:53       -4.870558        0.0765
GPMin:   11 22:00:57       -4.881685        0.0461
GPMin:   12 22:01:02       -4.887811        0.0233
GPMin:   13 22:01:06       -4.889515        0.0168
       Step     Time          Energy         fmax
GPMin:    0 22:01:13       -4.668574        0.2614
GPMin:    1 22:01:18       -4.759553        0.1276
GPMin:    2 22:01:24       -4.788226        0.1200
GPMin:    3 22:01:29       -4.804661        0.0941
GPMin:    4 22:01:33       -4.817021        0.0392
GPMin:    5 22:01:38       -4.823100        0.0619
GPMin:    6 22:01:43       -4.828699        0.1249
GPMin:    7 22:01:48       -4.837846        0.0647
GPMin:    8 22:01:53       -4.842026        0.0601
GPMin:    9 22:01:58       -4.843641        0.0427
GPMin:   10 22:02:02       -4.844961        0.0187
       Step     Time          Energy         fmax
GPMin:    0 22:02:10       -4.497012        0.2166
GPMin:    1 22:02:16       -4.575590        0.1697
GPMin:    2 22:02:21       -4.648926        0.1500
GPMin:    3 22:02:26       -4.734697        0.1471
GPMin:    4 22:02:30       -4.810034        0.1412
GPMin:    5 22:02:35       -4.861045        0.1054
GPMin:    6 22:02:40       -4.882884        0.0883
GPMin:    7 22:02:45       -4.901851        0.0749
GPMin:    8 22:02:49       -4.916290        0.0394
GPMin:    9 22:02:54       -4.922023        0.0440
GPMin:   10 22:02:58       -4.927302        0.0457
GPMin:   11 22:03:02       -4.931053        0.0249
GPMin:   12 22:03:06       -4.932474        0.0150
       Step     Time          Energy         fmax
GPMin:    0 22:03:14       -4.762533        0.2830
GPMin:    1 22:03:19       -4.785871        0.3318
GPMin:    2 22:03:25       -4.812301        0.2144
GPMin:    3 22:03:31       -4.853077        0.1159
GPMin:    4 22:03:40       -4.871210        0.0979
GPMin:    5 22:03:44       -4.881361        0.0734
GPMin:    6 22:03:49       -4.885647        0.0755
GPMin:    7 22:03:53       -4.889307        0.0251
GPMin:    8 22:03:58       -4.889889        0.0062
       Step     Time          Energy         fmax
GPMin:    0 22:04:05       -4.348609        0.4092
GPMin:    1 22:04:10       -4.480088        0.2526
GPMin:    2 22:04:16       -4.580435        0.1839
GPMin:    3 22:04:21       -4.642129        0.1574
GPMin:    4 22:04:26       -4.721450        0.1511
GPMin:    5 22:04:31       -4.796480        0.1518
GPMin:    6 22:04:35       -4.852385        0.1319
GPMin:    7 22:04:40       -4.881858        0.0822
GPMin:    8 22:04:45       -4.896239        0.1046
GPMin:    9 22:04:50       -4.912363        0.0835
GPMin:   10 22:04:54       -4.923421        0.0382
GPMin:   11 22:04:58       -4.927724        0.0243
GPMin:   12 22:05:02       -4.929642        0.0291
GPMin:   13 22:05:06       -4.931382        0.0229
GPMin:   14 22:05:10       -4.932346        0.0128
       Step     Time          Energy         fmax
GPMin:    0 22:05:18       -4.288772        0.5435
GPMin:    1 22:05:23       -4.418678        0.0812
GPMin:    2 22:05:28       -4.427628        0.0505
GPMin:    3 22:05:32       -4.434215        0.0424
GPMin:    4 22:05:37       -4.445561        0.0465
GPMin:    5 22:05:41       -4.452599        0.0257
GPMin:    6 22:05:45       -4.457084        0.0191
       Step     Time          Energy         fmax
GPMin:    0 22:05:52       -4.408923        0.2560
GPMin:    1 22:05:57       -4.442365        0.1169
GPMin:    2 22:06:02       -4.454730        0.0756
GPMin:    3 22:06:12       -4.461038        0.0389
GPMin:    4 22:06:17       -4.462898        0.0533
GPMin:    5 22:06:31       -4.485646        0.0986
GPMin:    6 22:06:36       -4.533230        0.1129
GPMin:    7 22:06:41       -4.610212        0.1353
GPMin:    8 22:06:45       -4.702293        0.1617
GPMin:    9 22:06:50       -4.801153        0.1637
GPMin:   10 22:06:55       -4.879963        0.1273
GPMin:   11 22:06:59       -4.917405        0.0585
GPMin:   12 22:07:03       -4.923085        0.0333
GPMin:   13 22:07:07       -4.924334        0.0338
GPMin:   14 22:07:11       -4.929376        0.0202
GPMin:   15 22:07:14       -4.932248        0.0140
       Step     Time          Energy         fmax
GPMin:    0 22:07:21       -4.714188        0.2158
GPMin:    1 22:07:28       -4.745123        0.2866
GPMin:    2 22:07:33       -4.768012        0.1714
GPMin:    3 22:07:38       -4.784777        0.0549
GPMin:    4 22:07:44       -4.788734        0.0747
GPMin:    5 22:07:49       -4.791415        0.0787
GPMin:    6 22:07:55       -4.795051        0.0560
GPMin:    7 22:07:59       -4.796968        0.0438
GPMin:    8 22:08:15       -4.803097        0.0914
GPMin:    9 22:08:20       -4.811767        0.0530
GPMin:   10 22:08:25       -4.818365        0.0758
GPMin:   11 22:08:30       -4.825528        0.1694
GPMin:   12 22:08:36       -4.839801        0.1361
GPMin:   13 22:08:42       -4.842733        0.1303
GPMin:   14 22:08:47       -4.845438        0.0919
GPMin:   15 22:08:52       -4.853222        0.0567
GPMin:   16 22:08:56       -4.865773        0.0542
GPMin:   17 22:09:01       -4.878299        0.0412
GPMin:   18 22:09:05       -4.886853        0.0269
GPMin:   19 22:09:09       -4.889671        0.0186
       Step     Time          Energy         fmax
GPMin:    0 22:09:23       -4.020036        0.2264
GPMin:    1 22:09:29       -4.111418        0.0941
GPMin:    2 22:09:36       -4.113011        0.0969
GPMin:    3 22:09:49       -4.117301        0.1663
GPMin:    4 22:09:58       -4.200665        0.1849
GPMin:    5 22:10:04       -4.270711        0.1157
GPMin:    6 22:10:08       -4.317638        0.0966
GPMin:    7 22:10:13       -4.334978        0.1008
GPMin:    8 22:10:18       -4.362385        0.0804
GPMin:    9 22:10:22       -4.373981        0.0774
GPMin:   10 22:10:27       -4.383626        0.0725
GPMin:   11 22:10:32       -4.429949        0.0472
GPMin:   12 22:10:37       -4.442021        0.0537
GPMin:   13 22:10:41       -4.449540        0.0477
GPMin:   14 22:10:46       -4.456475        0.0321
GPMin:   15 22:10:50       -4.460837        0.0441
GPMin:   16 22:10:55       -4.471274        0.0555
GPMin:   17 22:11:00       -4.493705        0.0673
GPMin:   18 22:11:05       -4.539206        0.1050
GPMin:   19 22:11:09       -4.608562        0.1387
GPMin:   20 22:11:14       -4.691628        0.1556
GPMin:   21 22:11:19       -4.773735        0.1533
GPMin:   22 22:11:24       -4.837539        0.1173
GPMin:   23 22:11:29       -4.866177        0.0794
GPMin:   24 22:11:33       -4.873821        0.1142
GPMin:   25 22:11:37       -4.888497        0.1115
GPMin:   26 22:11:41       -4.904902        0.0618
GPMin:   27 22:11:45       -4.915087        0.0445
GPMin:   28 22:11:50       -4.920235        0.0431
GPMin:   29 22:11:54       -4.924263        0.0442
GPMin:   30 22:11:58       -4.927389        0.0311
GPMin:   31 22:12:02       -4.929674        0.0265
GPMin:   32 22:12:06       -4.931553        0.0231
GPMin:   33 22:12:09       -4.932992        0.0185
       Step     Time          Energy         fmax
GPMin:    0 22:12:22       -4.590438        0.5292
GPMin:    1 22:12:28       -4.770536        0.1569
GPMin:    2 22:12:33       -4.788840        0.0790
GPMin:    3 22:12:37       -4.796989        0.0408
GPMin:    4 22:12:42       -4.801174        0.0577
GPMin:    5 22:12:46       -4.806887        0.0373
GPMin:    6 22:12:51       -4.813785        0.0336
GPMin:    7 22:12:55       -4.822385        0.0401
GPMin:    8 22:13:01       -4.834504        0.0441
GPMin:    9 22:13:06       -4.854107        0.0574
GPMin:   10 22:13:11       -4.871417        0.0481
GPMin:   11 22:13:16       -4.879908        0.0434
GPMin:   12 22:13:21       -4.883788        0.0330
GPMin:   13 22:13:24       -4.888397        0.0188
       Step     Time          Energy         fmax
GPMin:    0 22:13:32       -4.748448        0.2881
GPMin:    1 22:13:38       -4.774012        0.3499
GPMin:    2 22:13:43       -4.815678        0.1666
GPMin:    3 22:13:48       -4.848189        0.1164
GPMin:    4 22:13:58       -4.865961        0.0897
GPMin:    5 22:14:02       -4.875881        0.0866
GPMin:    6 22:14:07       -4.883486        0.0822
GPMin:    7 22:14:11       -4.889218        0.0202
GPMin:    8 22:14:16       -4.889771        0.0087
       Step     Time          Energy         fmax
GPMin:    0 22:14:24       -4.606279        0.2157
GPMin:    1 22:14:30       -4.690879        0.1751
GPMin:    2 22:14:35       -4.751808        0.1343
GPMin:    3 22:14:41       -4.774531        0.0943
GPMin:    4 22:14:46       -4.779441        0.0719
GPMin:    5 22:14:51       -4.784675        0.0257
GPMin:    6 22:14:55       -4.787450        0.0159
