      Step     Time          Energy         fmax
BFGS:    0 22:49:29       15.471734       44.8433
BFGS:    1 22:49:29        2.872480       17.9673
BFGS:    2 22:49:29       -1.167628       10.2703
BFGS:    3 22:49:29       -3.632281        4.2432
BFGS:    4 22:49:29       -4.186971        2.4878
BFGS:    5 22:49:29       -4.527595        0.8971
BFGS:    6 22:49:29       -4.599679        0.5814
BFGS:    7 22:49:29       -4.624318        0.5830
BFGS:    8 22:49:29       -4.645871        0.5737
BFGS:    9 22:49:29       -4.688836        0.6253
BFGS:   10 22:49:29       -4.733726        0.6842
BFGS:   11 22:49:29       -4.773889        0.5877
BFGS:   12 22:49:29       -4.828208        0.6297
BFGS:   13 22:49:29       -4.840670        0.4467
BFGS:   14 22:49:29       -4.848710        0.2845
BFGS:   15 22:49:29       -4.871223        0.2687
BFGS:   16 22:49:29       -4.880882        0.3266
BFGS:   17 22:49:29       -4.887851        0.4013
BFGS:   18 22:49:29       -4.906898        0.5506
BFGS:   19 22:49:29       -4.929993        0.6359
BFGS:   20 22:49:29       -4.955848        0.4906
BFGS:   21 22:49:29       -4.974110        0.3290
BFGS:   22 22:49:29       -4.980124        0.3221
BFGS:   23 22:49:29       -4.999322        0.2799
BFGS:   24 22:49:29       -5.023037        0.3112
BFGS:   25 22:49:29       -5.038534        0.4861
BFGS:   26 22:49:29       -5.048684        0.5259
BFGS:   27 22:49:29       -5.071063        0.6198
BFGS:   28 22:49:29       -5.120836        0.6330
BFGS:   29 22:49:29       -5.170818        0.8172
BFGS:   30 22:49:29       -5.189564        0.9295
BFGS:   31 22:49:29       -5.255187        0.6967
BFGS:   32 22:49:29       -5.320861        0.6044
BFGS:   33 22:49:29       -5.361103        0.6073
BFGS:   34 22:49:29       -5.383873        0.5060
BFGS:   35 22:49:29       -5.399021        0.5042
BFGS:   36 22:49:29       -5.459174        0.4493
BFGS:   37 22:49:29       -5.473747        0.4207
BFGS:   38 22:49:29       -5.498405        0.4583
BFGS:   39 22:49:29       -5.516717        0.5221
BFGS:   40 22:49:29       -5.578894        0.8953
BFGS:   41 22:49:29       -5.657018        1.2733
BFGS:   42 22:49:29       -5.777484        1.8286
BFGS:   43 22:49:29       -5.864174        2.8599
BFGS:   44 22:49:29       -6.141375        1.0811
BFGS:   45 22:49:29       -6.271160        0.9586
BFGS:   46 22:49:29       -6.380890        0.8499
BFGS:   47 22:49:29       -6.469978        0.7560
BFGS:   48 22:49:29       -6.520667        0.5487
BFGS:   49 22:49:29       -6.555909        0.5024
BFGS:   50 22:49:29       -6.609404        0.5908
BFGS:   51 22:49:29       -6.640019        0.5735
BFGS:   52 22:49:29       -6.753968        0.7025
BFGS:   53 22:49:29       -6.832145        0.7268
BFGS:   54 22:49:29       -6.863822        0.5971
BFGS:   55 22:49:29       -6.892886        0.5921
BFGS:   56 22:49:29       -6.974197        0.8134
BFGS:   57 22:49:29       -7.000741        0.5475
BFGS:   58 22:49:29       -7.014159        0.4001
BFGS:   59 22:49:29       -7.040910        0.4304
BFGS:   60 22:49:29       -7.062124        0.5646
BFGS:   61 22:49:29       -7.172519        1.1056
BFGS:   62 22:49:29       -7.243381        1.4701
BFGS:   63 22:49:29       -7.306185        0.8621
BFGS:   64 22:49:29       -7.377641        0.5753
BFGS:   65 22:49:29       -7.410965        0.6046
BFGS:   66 22:49:29       -7.440798        0.6127
BFGS:   67 22:49:29       -7.484056        0.5141
BFGS:   68 22:49:29       -7.506590        0.4594
BFGS:   69 22:49:29       -7.554037        0.3628
BFGS:   70 22:49:29       -7.562601        0.3069
BFGS:   71 22:49:29       -7.567124        0.1984
BFGS:   72 22:49:29       -7.570635        0.1616
BFGS:   73 22:49:29       -7.574056        0.1410
BFGS:   74 22:49:29       -7.576906        0.1196
BFGS:   75 22:49:29       -7.578075        0.0970
BFGS:   76 22:49:29       -7.578636        0.0939
BFGS:   77 22:49:29       -7.579278        0.0899
BFGS:   78 22:49:29       -7.580133        0.0732
BFGS:   79 22:49:29       -7.580731        0.0400
      Step     Time          Energy         fmax
BFGS:    0 22:49:29       15.650442       29.7525
BFGS:    1 22:49:29       -0.481090        7.9809
BFGS:    2 22:49:29       -2.243909        3.7648
BFGS:    3 22:49:29       -3.235101        2.1819
BFGS:    4 22:49:29       -3.694190        1.2475
BFGS:    5 22:49:29       -3.865609        0.7102
BFGS:    6 22:49:29       -3.918585        0.4777
BFGS:    7 22:49:29       -3.942767        0.5241
BFGS:    8 22:49:29       -3.970633        0.5359
BFGS:    9 22:49:29       -4.011584        0.4961
BFGS:   10 22:49:29       -4.051767        0.3738
BFGS:   11 22:49:29       -4.071074        0.5384
BFGS:   12 22:49:29       -4.092630        0.6737
BFGS:   13 22:49:29       -4.144212        1.0337
BFGS:   14 22:49:29       -4.232924        1.6245
BFGS:   15 22:49:29       -4.348457        2.0180
BFGS:   16 22:49:29       -4.484822        1.5669
BFGS:   17 22:49:29       -4.566730        1.0334
BFGS:   18 22:49:29       -4.643464        0.9722
BFGS:   19 22:49:29       -4.706238        0.8913
BFGS:   20 22:49:29       -4.775395        0.5202
BFGS:   21 22:49:29       -4.807230        0.4247
BFGS:   22 22:49:29       -4.816542        0.3231
BFGS:   23 22:49:29       -4.821321        0.2793
BFGS:   24 22:49:29       -4.835151        0.1423
BFGS:   25 22:49:29       -4.836084        0.1193
BFGS:   26 22:49:29       -4.838573        0.0966
BFGS:   27 22:49:29       -4.839926        0.1225
BFGS:   28 22:49:29       -4.841289        0.1325
BFGS:   29 22:49:29       -4.842219        0.1154
BFGS:   30 22:49:29       -4.843566        0.1075
BFGS:   31 22:49:29       -4.845856        0.1784
BFGS:   32 22:49:29       -4.850031        0.2798
BFGS:   33 22:49:29       -4.857213        0.3975
BFGS:   34 22:49:29       -4.869600        0.5019
BFGS:   35 22:49:29       -4.887292        0.5719
BFGS:   36 22:49:29       -4.906664        0.7746
BFGS:   37 22:49:29       -4.925935        0.9478
BFGS:   38 22:49:29       -4.939746        1.0958
BFGS:   39 22:49:29       -5.020548        1.0228
BFGS:   40 22:49:29       -5.182120        0.7304
BFGS:   41 22:49:29       -5.263399        0.5290
BFGS:   42 22:49:29       -5.313841        0.5503
BFGS:   43 22:49:29       -5.325677        0.3737
BFGS:   44 22:49:29       -5.337412        0.3185
BFGS:   45 22:49:29       -5.345667        0.3006
BFGS:   46 22:49:29       -5.354634        0.1979
BFGS:   47 22:49:29       -5.360949        0.1525
BFGS:   48 22:49:29       -5.364744        0.1383
BFGS:   49 22:49:29       -5.367678        0.1238
BFGS:   50 22:49:29       -5.369137        0.1289
BFGS:   51 22:49:29       -5.371058        0.1453
BFGS:   52 22:49:29       -5.374237        0.1866
BFGS:   53 22:49:29       -5.380996        0.2249
BFGS:   54 22:49:29       -5.393967        0.4033
BFGS:   55 22:49:29       -5.420907        0.6647
BFGS:   56 22:49:29       -5.462512        0.8979
BFGS:   57 22:49:29       -5.498126        1.1038
BFGS:   58 22:49:29       -5.705965        1.1311
BFGS:   59 22:49:29       -6.022988        1.1300
BFGS:   60 22:49:29       -6.225279        1.0489
BFGS:   61 22:49:29       -6.330363        1.0621
BFGS:   62 22:49:29       -6.376395        0.8497
BFGS:   63 22:49:29       -6.444722        0.7633
BFGS:   64 22:49:29       -6.475675        0.6936
BFGS:   65 22:49:29       -6.524814        0.6901
BFGS:   66 22:49:29       -6.561079        0.3986
BFGS:   67 22:49:29       -6.575880        0.3492
BFGS:   68 22:49:29       -6.596055        0.3995
BFGS:   69 22:49:29       -6.612867        0.3880
BFGS:   70 22:49:29       -6.642190        0.5483
BFGS:   71 22:49:29       -6.664721        0.3817
BFGS:   72 22:49:29       -6.702224        0.4409
BFGS:   73 22:49:29       -6.791673        0.6042
BFGS:   74 22:49:29       -6.861356        0.6145
BFGS:   75 22:49:29       -6.942625        0.6625
BFGS:   76 22:49:29       -6.985433        0.4158
BFGS:   77 22:49:29       -7.009685        0.3400
BFGS:   78 22:49:29       -7.029480        0.3870
BFGS:   79 22:49:29       -7.044071        0.4752
BFGS:   80 22:49:29       -7.065125        0.3791
BFGS:   81 22:49:29       -7.082232        0.1929
BFGS:   82 22:49:29       -7.087952        0.1921
BFGS:   83 22:49:29       -7.094038        0.2020
BFGS:   84 22:49:29       -7.098494        0.1817
BFGS:   85 22:49:29       -7.103769        0.1859
BFGS:   86 22:49:29       -7.109040        0.1902
BFGS:   87 22:49:29       -7.115776        0.1765
BFGS:   88 22:49:29       -7.122550        0.1595
BFGS:   89 22:49:29       -7.126238        0.1109
BFGS:   90 22:49:29       -7.127623        0.0650
BFGS:   91 22:49:29       -7.128409        0.0505
BFGS:   92 22:49:29       -7.129013        0.0573
BFGS:   93 22:49:29       -7.129583        0.0601
BFGS:   94 22:49:29       -7.129981        0.0573
BFGS:   95 22:49:29       -7.130354        0.0523
BFGS:   96 22:49:29       -7.130760        0.0564
BFGS:   97 22:49:29       -7.131102        0.0380
      Step     Time          Energy         fmax
BFGS:    0 22:49:29       14.109656       36.7678
BFGS:    1 22:49:29       -1.925827       10.5103
BFGS:    2 22:49:29       -4.048000        6.0187
BFGS:    3 22:49:29       -5.358146        2.2848
BFGS:    4 22:49:29       -5.712272        1.2264
BFGS:    5 22:49:29       -5.835150        0.5832
BFGS:    6 22:49:29       -5.867174        0.5478
BFGS:    7 22:49:29       -5.899381        0.6166
BFGS:    8 22:49:29       -5.956516        0.7034
BFGS:    9 22:49:29       -6.026227        0.7706
BFGS:   10 22:49:29       -6.121292        1.1344
BFGS:   11 22:49:29       -6.269567        1.7111
BFGS:   12 22:49:29       -6.358911        1.6802
BFGS:   13 22:49:29       -6.495174        1.4195
BFGS:   14 22:49:29       -6.626692        0.9282
BFGS:   15 22:49:29       -6.696685        0.7439
BFGS:   16 22:49:29       -6.739089        0.7211
BFGS:   17 22:49:29       -6.772805        0.6236
BFGS:   18 22:49:29       -6.825467        0.5673
BFGS:   19 22:49:29       -6.851202        0.4665
BFGS:   20 22:49:29       -6.875654        0.3830
BFGS:   21 22:49:29       -6.886686        0.3891
BFGS:   22 22:49:29       -6.912616        0.4226
BFGS:   23 22:49:29       -6.936814        0.4593
BFGS:   24 22:49:29       -6.951118        0.3643
BFGS:   25 22:49:29       -6.958284        0.2551
BFGS:   26 22:49:29       -6.966924        0.2734
BFGS:   27 22:49:29       -6.980737        0.2538
BFGS:   28 22:49:29       -6.999686        0.2991
BFGS:   29 22:49:29       -7.017582        0.4226
BFGS:   30 22:49:29       -7.034034        0.4878
BFGS:   31 22:49:29       -7.064522        0.7311
BFGS:   32 22:49:29       -7.107864        1.2698
BFGS:   33 22:49:29       -7.176892        0.9651
BFGS:   34 22:49:29       -7.263173        0.7187
BFGS:   35 22:49:29       -7.323855        0.6391
BFGS:   36 22:49:29       -7.369102        0.6972
BFGS:   37 22:49:29       -7.394102        0.7184
BFGS:   38 22:49:29       -7.452171        0.6708
BFGS:   39 22:49:29       -7.484639        0.4980
BFGS:   40 22:49:29       -7.520332        0.5037
BFGS:   41 22:49:29       -7.547892        0.3785
BFGS:   42 22:49:29       -7.559922        0.3201
BFGS:   43 22:49:29       -7.569879        0.1868
BFGS:   44 22:49:29       -7.576720        0.1303
BFGS:   45 22:49:29       -7.577934        0.1042
BFGS:   46 22:49:29       -7.578917        0.0789
BFGS:   47 22:49:29       -7.579867        0.0552
BFGS:   48 22:49:29       -7.580504        0.0388
      Step     Time          Energy         fmax
BFGS:    0 22:49:29       15.139164       34.9766
BFGS:    1 22:49:29        0.296911       12.3480
BFGS:    2 22:49:29       -2.776760        8.9983
BFGS:    3 22:49:29       -4.044339        3.7861
BFGS:    4 22:49:29       -4.556433        2.0047
BFGS:    5 22:49:29       -4.812680        0.9045
BFGS:    6 22:49:29       -4.892215        0.5707
BFGS:    7 22:49:29       -4.920092        0.6119
BFGS:    8 22:49:29       -4.938841        0.5912
BFGS:    9 22:49:29       -4.961032        0.4622
BFGS:   10 22:49:29       -4.977896        0.4204
BFGS:   11 22:49:29       -4.987027        0.3414
BFGS:   12 22:49:29       -4.994591        0.2506
BFGS:   13 22:49:29       -4.998796        0.2580
BFGS:   14 22:49:29       -5.006269        0.2048
BFGS:   15 22:49:29       -5.010066        0.1576
BFGS:   16 22:49:29       -5.012335        0.1713
BFGS:   17 22:49:29       -5.015201        0.1739
BFGS:   18 22:49:29       -5.020860        0.1647
BFGS:   19 22:49:29       -5.029220        0.2339
BFGS:   20 22:49:29       -5.040215        0.3073
BFGS:   21 22:49:29       -5.056290        0.4026
BFGS:   22 22:49:29       -5.095647        0.7094
BFGS:   23 22:49:29       -5.148968        0.7009
BFGS:   24 22:49:29       -5.170754        0.5868
BFGS:   25 22:49:29       -5.224213        0.6058
BFGS:   26 22:49:29       -5.257181        0.5784
BFGS:   27 22:49:29       -5.299380        0.5505
BFGS:   28 22:49:30       -5.341667        1.3882
BFGS:   29 22:49:30       -5.413577        0.8115
BFGS:   30 22:49:30       -5.490034        0.7525
BFGS:   31 22:49:30       -5.595556        0.8864
BFGS:   32 22:49:30       -5.661442        0.6927
BFGS:   33 22:49:30       -5.716662        0.6090
BFGS:   34 22:49:30       -5.763252        0.5624
BFGS:   35 22:49:30       -5.763918        0.9956
BFGS:   36 22:49:30       -5.808413        0.7762
BFGS:   37 22:49:30       -5.828840        0.4249
BFGS:   38 22:49:30       -5.848627        0.3452
BFGS:   39 22:49:30       -5.896560        0.5163
BFGS:   40 22:49:30       -5.919312        0.4017
BFGS:   41 22:49:30       -5.937313        0.3271
BFGS:   42 22:49:30       -5.944879        0.2755
BFGS:   43 22:49:30       -5.956596        0.2784
BFGS:   44 22:49:30       -5.964898        0.2928
BFGS:   45 22:49:30       -5.976486        0.3626
BFGS:   46 22:49:30       -5.994411        0.4492
BFGS:   47 22:49:30       -6.022734        0.6636
BFGS:   48 22:49:30       -6.047181        0.5138
BFGS:   49 22:49:30       -6.080014        0.2569
BFGS:   50 22:49:30       -6.079441        0.2877
BFGS:   51 22:49:30       -6.091250        0.2082
BFGS:   52 22:49:30       -6.098466        0.2157
BFGS:   53 22:49:30       -6.110131        0.2401
BFGS:   54 22:49:30       -6.123139        0.2504
BFGS:   55 22:49:30       -6.126479        0.1967
BFGS:   56 22:49:30       -6.130382        0.1980
BFGS:   57 22:49:30       -6.133914        0.1957
BFGS:   58 22:49:30       -6.140610        0.2131
BFGS:   59 22:49:30       -6.145946        0.2630
BFGS:   60 22:49:30       -6.151221        0.3039
BFGS:   61 22:49:30       -6.158598        0.3334
BFGS:   62 22:49:30       -6.171413        0.3512
BFGS:   63 22:49:30       -6.187181        0.3164
BFGS:   64 22:49:30       -6.197026        0.1577
BFGS:   65 22:49:30       -6.202260        0.0653
BFGS:   66 22:49:30       -6.202910        0.0350
      Step     Time          Energy         fmax
BFGS:    0 22:49:30       16.555021       24.3167
BFGS:    1 22:49:30        2.643843       10.6947
BFGS:    2 22:49:30       -1.348213        5.0520
BFGS:    3 22:49:30       -2.549213        2.3078
BFGS:    4 22:49:30       -3.058478        1.1421
BFGS:    5 22:49:30       -3.211205        0.5164
BFGS:    6 22:49:30       -3.240671        0.2897
BFGS:    7 22:49:30       -3.246880        0.2410
BFGS:    8 22:49:30       -3.252413        0.2200
BFGS:    9 22:49:30       -3.264043        0.2822
BFGS:   10 22:49:30       -3.282134        0.3953
BFGS:   11 22:49:30       -3.301609        0.5039
BFGS:   12 22:49:30       -3.321998        0.6811
BFGS:   13 22:49:30       -3.396692        1.4471
BFGS:   14 22:49:30       -3.480814        2.4101
BFGS:   15 22:49:30       -3.478064        3.4778
BFGS:   16 22:49:30       -3.584012        2.5226
BFGS:   17 22:49:30       -3.681809        2.2175
BFGS:   18 22:49:30       -3.982972        1.8169
BFGS:   19 22:49:30       -4.122985        1.1384
BFGS:   20 22:49:30       -4.256964        0.6035
BFGS:   21 22:49:30       -4.339232        0.8868
BFGS:   22 22:49:30       -4.381008        0.9970
BFGS:   23 22:49:30       -4.446989        1.0113
BFGS:   24 22:49:30       -4.518553        0.7880
BFGS:   25 22:49:30       -4.716000        0.8790
BFGS:   26 22:49:30       -4.749658        0.8710
BFGS:   27 22:49:30       -4.831285        0.8523
BFGS:   28 22:49:30       -4.873785        1.0927
BFGS:   29 22:49:30       -4.927914        0.4825
BFGS:   30 22:49:30       -4.949435        0.3767
BFGS:   31 22:49:30       -4.960157        0.3817
BFGS:   32 22:49:30       -4.983753        0.3854
BFGS:   33 22:49:30       -5.023021        0.3704
BFGS:   34 22:49:30       -5.069953        0.4576
BFGS:   35 22:49:30       -5.088763        0.5010
BFGS:   36 22:49:30       -5.120683        0.4833
BFGS:   37 22:49:30       -5.182857        0.7351
BFGS:   38 22:49:30       -5.226526        0.5602
BFGS:   39 22:49:30       -5.241765        1.1083
BFGS:   40 22:49:30       -5.263034        0.7071
BFGS:   41 22:49:30       -5.280798        0.2619
BFGS:   42 22:49:30       -5.292950        0.3875
BFGS:   43 22:49:30       -5.313157        0.5796
BFGS:   44 22:49:30       -5.378810        0.9631
BFGS:   45 22:49:30       -5.411457        0.9690
BFGS:   46 22:49:30       -5.456537        0.7730
BFGS:   47 22:49:30       -5.497005        0.5672
BFGS:   48 22:49:30       -5.545802        0.5901
BFGS:   49 22:49:30       -5.578271        0.3918
BFGS:   50 22:49:30       -5.592264        0.3632
BFGS:   51 22:49:30       -5.627785        0.3308
BFGS:   52 22:49:30       -5.637237        0.3061
BFGS:   53 22:49:30       -5.658584        0.4303
BFGS:   54 22:49:30       -5.671005        0.4330
BFGS:   55 22:49:30       -5.722869        0.6470
BFGS:   56 22:49:30       -5.790918        1.0632
BFGS:   57 22:49:30       -5.818465        1.5359
BFGS:   58 22:49:30       -5.841345        1.1859
BFGS:   59 22:49:30       -5.854231        1.2581
BFGS:   60 22:49:30       -5.877412        1.4294
BFGS:   61 22:49:30       -5.900906        1.4424
BFGS:   62 22:49:30       -5.913411        1.3057
BFGS:   63 22:49:30       -5.934068        1.1200
BFGS:   64 22:49:30       -5.964832        0.8617
BFGS:   65 22:49:30       -6.011374        0.6849
BFGS:   66 22:49:30       -6.049805        0.6755
BFGS:   67 22:49:30       -6.067572        0.5852
BFGS:   68 22:49:30       -6.088166        0.5364
BFGS:   69 22:49:30       -6.124300        0.6457
BFGS:   70 22:49:30       -6.164343        0.7109
BFGS:   71 22:49:30       -6.217542        0.7752
BFGS:   72 22:49:30       -6.261597        1.0679
BFGS:   73 22:49:30       -6.300921        0.8385
BFGS:   74 22:49:30       -6.317987        0.5627
BFGS:   75 22:49:30       -6.327528        0.4136
BFGS:   76 22:49:30       -6.333804        0.2949
BFGS:   77 22:49:30       -6.338845        0.2764
BFGS:   78 22:49:30       -6.351717        0.2419
BFGS:   79 22:49:30       -6.356929        0.2210
BFGS:   80 22:49:30       -6.370445        0.2533
BFGS:   81 22:49:30       -6.375403        0.2598
BFGS:   82 22:49:30       -6.381616        0.2464
BFGS:   83 22:49:30       -6.386842        0.1933
BFGS:   84 22:49:30       -6.391388        0.1891
BFGS:   85 22:49:30       -6.394601        0.1468
BFGS:   86 22:49:30       -6.397864        0.1026
BFGS:   87 22:49:30       -6.400062        0.1122
BFGS:   88 22:49:30       -6.400986        0.1292
BFGS:   89 22:49:30       -6.401947        0.1482
BFGS:   90 22:49:30       -6.403729        0.1745
BFGS:   91 22:49:30       -6.408809        0.2343
BFGS:   92 22:49:30       -6.429008        0.4023
BFGS:   93 22:49:30       -6.462029        0.5382
BFGS:   94 22:49:30       -6.513413        0.6833
BFGS:   95 22:49:30       -6.608941        0.8930
BFGS:   96 22:49:30       -6.807872        0.6013
BFGS:   97 22:49:30       -6.765469        1.5070
BFGS:   98 22:49:30       -6.868954        0.4144
BFGS:   99 22:49:30       -6.884497        0.3078
BFGS:  100 22:49:30       -6.893364        0.1872
BFGS:  101 22:49:30       -6.895292        0.1908
BFGS:  102 22:49:30       -6.899072        0.2156
BFGS:  103 22:49:30       -6.905901        0.2865
BFGS:  104 22:49:30       -6.932466        0.5463
BFGS:  105 22:49:30       -6.951891        0.8097
BFGS:  106 22:49:30       -6.971575        0.6484
BFGS:  107 22:49:30       -7.004525        0.5572
BFGS:  108 22:49:30       -7.020911        1.1325
BFGS:  109 22:49:30       -7.032589        0.6943
BFGS:  110 22:49:30       -7.023703        0.5151
BFGS:  111 22:49:30       -7.084180        0.2020
BFGS:  112 22:49:30       -7.091115        0.2948
BFGS:  113 22:49:30       -7.094001        0.1737
BFGS:  114 22:49:30       -7.095017        0.1775
BFGS:  115 22:49:30       -7.104597        0.2278
BFGS:  116 22:49:30       -7.111480        0.2459
BFGS:  117 22:49:30       -7.121817        0.2095
BFGS:  118 22:49:30       -7.127388        0.1272
BFGS:  119 22:49:30       -7.130923        0.0397
      Step     Time          Energy         fmax
BFGS:    0 22:49:30       18.259827       34.5889
BFGS:    1 22:49:30       -0.527324       10.2296
BFGS:    2 22:49:30       -3.021674        5.9737
BFGS:    3 22:49:30       -4.335349        2.4529
BFGS:    4 22:49:30       -4.747320        1.0108
BFGS:    5 22:49:30       -4.862003        0.5616
BFGS:    6 22:49:30       -4.895041        0.5008
BFGS:    7 22:49:30       -4.921896        0.5671
BFGS:    8 22:49:30       -4.974708        0.6337
BFGS:    9 22:49:30       -5.069126        0.7033
BFGS:   10 22:49:30       -5.122052        0.7697
BFGS:   11 22:49:30       -5.183860        0.7454
BFGS:   12 22:49:30       -5.244736        1.0299
BFGS:   13 22:49:30       -5.284838        0.7734
BFGS:   14 22:49:30       -5.523936        0.4766
BFGS:   15 22:49:30       -5.541817        0.6428
BFGS:   16 22:49:30       -5.577001        0.4600
BFGS:   17 22:49:30       -5.589714        0.3938
BFGS:   18 22:49:30       -5.629259        0.5334
BFGS:   19 22:49:30       -5.659694        0.5789
BFGS:   20 22:49:30       -5.686940        0.5560
BFGS:   21 22:49:30       -5.744165        0.6496
BFGS:   22 22:49:30       -5.808001        0.8176
BFGS:   23 22:49:30       -5.895289        0.9401
BFGS:   24 22:49:30       -5.959607        0.8505
BFGS:   25 22:49:30       -6.146376        1.1193
BFGS:   26 22:49:30       -6.146909        0.5992
BFGS:   27 22:49:30       -6.195505        0.5596
BFGS:   28 22:49:30       -6.233493        0.7395
BFGS:   29 22:49:30       -6.282805        0.5998
BFGS:   30 22:49:30       -6.318510        0.4690
BFGS:   31 22:49:30       -6.332010        0.3763
BFGS:   32 22:49:30       -6.346292        0.3274
BFGS:   33 22:49:30       -6.354439        0.2962
BFGS:   34 22:49:30       -6.362052        0.1814
BFGS:   35 22:49:30       -6.365265        0.1650
BFGS:   36 22:49:30       -6.368132        0.1865
BFGS:   37 22:49:30       -6.373853        0.2285
BFGS:   38 22:49:30       -6.384472        0.3583
BFGS:   39 22:49:30       -6.407137        0.6304
BFGS:   40 22:49:30       -6.444862        0.9669
BFGS:   41 22:49:30       -6.450464        1.1433
BFGS:   42 22:49:30       -6.495259        0.7081
BFGS:   43 22:49:30       -6.525996        0.5123
BFGS:   44 22:49:30       -6.565422        0.4853
BFGS:   45 22:49:30       -6.577137        0.4328
BFGS:   46 22:49:30       -6.606590        0.4314
BFGS:   47 22:49:30       -6.655439        0.4834
BFGS:   48 22:49:30       -6.682541        0.5058
BFGS:   49 22:49:30       -6.697139        0.3421
BFGS:   50 22:49:30       -6.706579        0.4207
BFGS:   51 22:49:30       -6.715920        0.3770
BFGS:   52 22:49:30       -6.728867        0.2604
BFGS:   53 22:49:30       -6.736834        0.2546
BFGS:   54 22:49:30       -6.739555        0.1962
BFGS:   55 22:49:30       -6.741488        0.1600
BFGS:   56 22:49:30       -6.746029        0.1362
BFGS:   57 22:49:30       -6.755618        0.1971
BFGS:   58 22:49:30       -6.776542        0.3149
BFGS:   59 22:49:30       -6.807987        0.5192
BFGS:   60 22:49:30       -6.832428        0.7124
BFGS:   61 22:49:30       -6.852581        0.8343
BFGS:   62 22:49:30       -6.914861        0.8405
BFGS:   63 22:49:30       -6.946166        0.5640
BFGS:   64 22:49:30       -6.985823        0.4919
BFGS:   65 22:49:30       -7.023119        0.3903
BFGS:   66 22:49:30       -7.043413        0.2507
BFGS:   67 22:49:30       -7.053467        0.1832
BFGS:   68 22:49:30       -7.056769        0.1555
BFGS:   69 22:49:30       -7.059910        0.1563
BFGS:   70 22:49:30       -7.064500        0.1785
BFGS:   71 22:49:30       -7.075627        0.2670
BFGS:   72 22:49:30       -7.090138        0.3252
BFGS:   73 22:49:30       -7.100022        0.2608
BFGS:   74 22:49:30       -7.105906        0.2210
BFGS:   75 22:49:30       -7.109305        0.2291
BFGS:   76 22:49:30       -7.114647        0.2284
BFGS:   77 22:49:30       -7.121681        0.2109
BFGS:   78 22:49:30       -7.127736        0.1713
BFGS:   79 22:49:30       -7.130479        0.0520
BFGS:   80 22:49:30       -7.131034        0.0368
      Step     Time          Energy         fmax
BFGS:    0 22:49:30       17.632454       34.1330
BFGS:    1 22:49:30        5.649746       29.1745
BFGS:    2 22:49:30       -0.402301       10.6627
BFGS:    3 22:49:30       -2.617129        3.8877
BFGS:    4 22:49:30       -3.214880        2.1115
BFGS:    5 22:49:30       -3.615848        1.1530
BFGS:    6 22:49:30       -3.734507        0.6682
BFGS:    7 22:49:30       -3.762963        0.4161
BFGS:    8 22:49:30       -3.772403        0.2846
BFGS:    9 22:49:30       -3.784140        0.3400
BFGS:   10 22:49:30       -3.805133        0.4094
BFGS:   11 22:49:30       -3.834033        0.4878
BFGS:   12 22:49:30       -3.860764        0.6827
BFGS:   13 22:49:30       -3.893408        0.7611
BFGS:   14 22:49:30       -3.970942        1.3940
BFGS:   15 22:49:30       -4.068734        1.8594
BFGS:   16 22:49:30       -4.219586        1.1122
BFGS:   17 22:49:30       -4.378955        0.6248
BFGS:   18 22:49:30       -4.407757        0.4373
BFGS:   19 22:49:30       -4.391596        1.7498
BFGS:   20 22:49:30       -4.474273        0.6152
BFGS:   21 22:49:30       -4.514480        0.5682
BFGS:   22 22:49:30       -4.752134        0.5106
BFGS:   23 22:49:30       -4.585262        1.9911
BFGS:   24 22:49:30       -4.833766        0.8456
BFGS:   25 22:49:30       -4.852428        0.6218
BFGS:   26 22:49:30       -4.889079        0.2902
BFGS:   27 22:49:30       -4.901541        0.1899
BFGS:   28 22:49:30       -4.905624        0.1500
BFGS:   29 22:49:30       -4.906400        0.1530
BFGS:   30 22:49:30       -4.908004        0.1504
BFGS:   31 22:49:30       -4.909775        0.1346
BFGS:   32 22:49:30       -4.912226        0.1220
BFGS:   33 22:49:30       -4.914510        0.1180
BFGS:   34 22:49:30       -4.916769        0.1701
BFGS:   35 22:49:30       -4.919099        0.2372
BFGS:   36 22:49:30       -4.922217        0.2872
BFGS:   37 22:49:30       -4.927189        0.3130
BFGS:   38 22:49:30       -4.934657        0.4768
BFGS:   39 22:49:30       -4.944041        0.6392
BFGS:   40 22:49:30       -4.955462        0.7293
BFGS:   41 22:49:30       -4.973762        0.7578
BFGS:   42 22:49:30       -5.006501        0.7995
BFGS:   43 22:49:30       -5.042224        0.9179
BFGS:   44 22:49:30       -5.064793        1.0398
BFGS:   45 22:49:30       -5.115301        0.9766
BFGS:   46 22:49:30       -5.176719        0.8362
BFGS:   47 22:49:30       -5.274688        1.0007
BFGS:   48 22:49:30       -5.304666        1.0165
BFGS:   49 22:49:30       -5.343252        0.4971
BFGS:   50 22:49:30       -5.376589        0.4478
BFGS:   51 22:49:30       -5.388375        0.4341
BFGS:   52 22:49:30       -5.395753        0.3501
BFGS:   53 22:49:30       -5.406067        0.2333
BFGS:   54 22:49:30       -5.410950        0.1339
BFGS:   55 22:49:30       -5.415949        0.1301
BFGS:   56 22:49:30       -5.419338        0.1346
BFGS:   57 22:49:30       -5.422409        0.1327
BFGS:   58 22:49:30       -5.425986        0.1453
BFGS:   59 22:49:30       -5.433233        0.2079
BFGS:   60 22:49:30       -5.463385        0.3897
BFGS:   61 22:49:30       -5.549436        0.3606
BFGS:   62 22:49:30       -5.688281        0.4094
BFGS:   63 22:49:30       -5.860276        0.4221
BFGS:   64 22:49:30       -5.951573        0.7313
BFGS:   65 22:49:30       -6.008822        0.8979
BFGS:   66 22:49:30       -6.089270        0.5376
BFGS:   67 22:49:30       -6.161233        0.6599
BFGS:   68 22:49:30       -6.243071        0.6113
BFGS:   69 22:49:30       -6.278474        0.5198
BFGS:   70 22:49:30       -6.310970        0.9025
BFGS:   71 22:49:30       -6.371760        0.7290
BFGS:   72 22:49:30       -6.441099        0.8001
BFGS:   73 22:49:30       -6.534555        0.7666
BFGS:   74 22:49:30       -6.656324        0.7690
BFGS:   75 22:49:30       -6.708240        0.3852
BFGS:   76 22:49:30       -6.728557        0.4581
BFGS:   77 22:49:30       -6.753970        0.5536
BFGS:   78 22:49:30       -6.802958        0.6848
BFGS:   79 22:49:30       -6.848245        0.6655
BFGS:   80 22:49:30       -6.896031        0.3383
BFGS:   81 22:49:30       -6.913340        0.2610
BFGS:   82 22:49:30       -6.923532        0.3981
BFGS:   83 22:49:30       -6.932226        0.4571
BFGS:   84 22:49:30       -6.943691        0.3597
BFGS:   85 22:49:30       -6.952510        0.2406
BFGS:   86 22:49:30       -6.957349        0.2144
BFGS:   87 22:49:30       -6.967459        0.3015
BFGS:   88 22:49:30       -6.979348        0.3623
BFGS:   89 22:49:30       -6.987973        0.3774
BFGS:   90 22:49:30       -7.002536        0.4261
BFGS:   91 22:49:30       -7.019167        0.3148
BFGS:   92 22:49:30       -7.031925        0.1797
BFGS:   93 22:49:30       -7.036867        0.1324
BFGS:   94 22:49:30       -7.040889        0.1406
BFGS:   95 22:49:30       -7.042860        0.1252
BFGS:   96 22:49:30       -7.045409        0.1300
BFGS:   97 22:49:30       -7.047068        0.1179
BFGS:   98 22:49:30       -7.049182        0.1297
BFGS:   99 22:49:30       -7.052111        0.1862
BFGS:  100 22:49:30       -7.060218        0.2971
BFGS:  101 22:49:30       -7.060322        0.7544
BFGS:  102 22:49:30       -7.081756        0.3613
BFGS:  103 22:49:30       -7.098128        0.3524
BFGS:  104 22:49:30       -7.138355        0.3637
BFGS:  105 22:49:30       -7.154014        0.1377
BFGS:  106 22:49:30       -7.158446        0.0561
BFGS:  107 22:49:30       -7.158884        0.0271
      Step     Time          Energy         fmax
BFGS:    0 22:49:30       16.049292       34.4656
BFGS:    1 22:49:30        2.550882       11.6753
BFGS:    2 22:49:30       -1.043320        9.2838
BFGS:    3 22:49:30       -3.300189        3.2181
BFGS:    4 22:49:30       -3.649781        1.8775
BFGS:    5 22:49:30       -3.881533        0.6982
BFGS:    6 22:49:30       -3.923945        0.4169
BFGS:    7 22:49:30       -3.936798        0.4194
BFGS:    8 22:49:30       -3.947682        0.4445
BFGS:    9 22:49:30       -3.970122        0.4799
BFGS:   10 22:49:30       -3.999667        0.4268
BFGS:   11 22:49:30       -4.020427        0.4219
BFGS:   12 22:49:30       -4.042159        0.2612
BFGS:   13 22:49:30       -4.046975        0.2277
BFGS:   14 22:49:30       -4.055022        0.2064
BFGS:   15 22:49:30       -4.071934        0.2523
BFGS:   16 22:49:30       -4.085309        0.3779
BFGS:   17 22:49:30       -4.095508        0.3728
BFGS:   18 22:49:30       -4.101922        0.3246
BFGS:   19 22:49:30       -4.121515        0.3302
BFGS:   20 22:49:30       -4.157555        0.4353
BFGS:   21 22:49:30       -4.228560        0.6024
BFGS:   22 22:49:30       -4.343796        0.7643
BFGS:   23 22:49:30       -4.539688        0.8988
BFGS:   24 22:49:30       -4.711139        0.9753
BFGS:   25 22:49:30       -4.747519        0.9646
BFGS:   26 22:49:30       -4.882746        0.8628
BFGS:   27 22:49:30       -4.928176        1.5630
BFGS:   28 22:49:30       -5.016849        0.8382
BFGS:   29 22:49:30       -5.074774        0.4634
BFGS:   30 22:49:30       -5.095667        0.5476
BFGS:   31 22:49:30       -5.120321        0.6343
BFGS:   32 22:49:30       -5.197390        0.8138
BFGS:   33 22:49:30       -5.341574        1.1206
BFGS:   34 22:49:30       -5.429365        0.9248
BFGS:   35 22:49:30       -5.497075        0.8873
BFGS:   36 22:49:30       -5.633121        0.6081
BFGS:   37 22:49:30       -5.673860        0.6151
BFGS:   38 22:49:30       -5.701240        0.5593
BFGS:   39 22:49:30       -5.714524        0.4964
BFGS:   40 22:49:30       -5.725447        0.4080
BFGS:   41 22:49:30       -5.736949        0.3340
BFGS:   42 22:49:30       -5.753094        0.2642
BFGS:   43 22:49:30       -5.756312        0.1501
BFGS:   44 22:49:30       -5.758076        0.0874
BFGS:   45 22:49:30       -5.758853        0.1097
BFGS:   46 22:49:30       -5.759477        0.1264
BFGS:   47 22:49:30       -5.760335        0.1318
BFGS:   48 22:49:30       -5.761831        0.1221
BFGS:   49 22:49:30       -5.763620        0.1224
BFGS:   50 22:49:30       -5.765066        0.1151
BFGS:   51 22:49:30       -5.766345        0.1343
BFGS:   52 22:49:30       -5.768399        0.1576
BFGS:   53 22:49:30       -5.771937        0.1732
BFGS:   54 22:49:30       -5.776561        0.1798
BFGS:   55 22:49:30       -5.780929        0.1559
BFGS:   56 22:49:30       -5.783509        0.0676
BFGS:   57 22:49:30       -5.784082        0.0661
BFGS:   58 22:49:30       -5.784365        0.0576
BFGS:   59 22:49:30       -5.784857        0.0552
BFGS:   60 22:49:30       -5.785433        0.0709
BFGS:   61 22:49:30       -5.786166        0.0859
BFGS:   62 22:49:30       -5.787114        0.1042
BFGS:   63 22:49:30       -5.789002        0.1391
BFGS:   64 22:49:30       -5.793774        0.2125
BFGS:   65 22:49:30       -5.805931        0.3886
BFGS:   66 22:49:30       -5.819536        0.5105
BFGS:   67 22:49:30       -5.849134        0.6735
BFGS:   68 22:49:30       -5.890039        0.8479
BFGS:   69 22:49:30       -5.940148        1.0562
BFGS:   70 22:49:30       -5.995638        1.2795
BFGS:   71 22:49:30       -6.045771        1.3834
BFGS:   72 22:49:30       -6.072949        1.2673
BFGS:   73 22:49:30       -6.145104        1.3726
BFGS:   74 22:49:30       -6.308816        1.3262
BFGS:   75 22:49:30       -6.381323        1.1586
BFGS:   76 22:49:30       -6.477329        1.0647
BFGS:   77 22:49:30       -6.529377        0.9057
BFGS:   78 22:49:30       -6.542358        0.8637
BFGS:   79 22:49:30       -6.553389        1.0397
BFGS:   80 22:49:30       -6.569418        0.9407
BFGS:   81 22:49:30       -6.572916        0.8961
BFGS:   82 22:49:30       -6.576246        0.8813
BFGS:   83 22:49:30       -6.582253        0.8491
BFGS:   84 22:49:30       -6.588041        0.8092
BFGS:   85 22:49:30       -6.598190        0.7376
BFGS:   86 22:49:30       -6.618842        0.7175
BFGS:   87 22:49:30       -6.639219        0.8460
BFGS:   88 22:49:30       -6.662617        0.8903
BFGS:   89 22:49:31       -6.707864        0.6850
BFGS:   90 22:49:31       -6.744268        0.6554
BFGS:   91 22:49:31       -6.770375        0.6397
BFGS:   92 22:49:31       -6.802861        0.7299
BFGS:   93 22:49:31       -6.852702        0.7957
BFGS:   94 22:49:31       -6.898704        0.8838
BFGS:   95 22:49:31       -6.937589        0.9703
BFGS:   96 22:49:31       -6.972678        0.9896
BFGS:   97 22:49:31       -6.999877        0.9107
BFGS:   98 22:49:31       -7.016959        0.8603
BFGS:   99 22:49:31       -7.022310        0.7910
BFGS:  100 22:49:31       -7.026090        0.7417
BFGS:  101 22:49:31       -7.030850        0.6874
BFGS:  102 22:49:31       -7.033842        0.6763
BFGS:  103 22:49:31       -7.036412        0.6771
BFGS:  104 22:49:31       -7.039375        0.6803
BFGS:  105 22:49:31       -7.043454        0.6658
BFGS:  106 22:49:31       -7.046177        0.6438
BFGS:  107 22:49:31       -7.047809        0.6196
BFGS:  108 22:49:31       -7.049207        0.6155
BFGS:  109 22:49:31       -7.050304        0.6288
BFGS:  110 22:49:31       -7.051018        0.6550
BFGS:  111 22:49:31       -7.051314        0.6731
BFGS:  112 22:49:31       -7.051495        0.6777
BFGS:  113 22:49:31       -7.051917        0.6836
BFGS:  114 22:49:31       -7.052805        0.6846
BFGS:  115 22:49:31       -7.054399        0.6749
BFGS:  116 22:49:31       -7.056210        0.6477
BFGS:  117 22:49:31       -7.057436        0.6200
BFGS:  118 22:49:31       -7.057973        0.6070
BFGS:  119 22:49:31       -7.058340        0.6037
BFGS:  120 22:49:31       -7.059227        0.6020
BFGS:  121 22:49:31       -7.060951        0.6057
BFGS:  122 22:49:31       -7.063645        0.6197
BFGS:  123 22:49:31       -7.065697        0.6415
BFGS:  124 22:49:31       -7.066313        0.6529
BFGS:  125 22:49:31       -7.066406        0.6551
BFGS:  126 22:49:31       -7.066437        0.6559
BFGS:  127 22:49:31       -7.066495        0.6574
BFGS:  128 22:49:31       -7.066574        0.6585
BFGS:  129 22:49:31       -7.066837        0.6602
BFGS:  130 22:49:31       -7.067382        0.6615
BFGS:  131 22:49:31       -7.068461        0.6611
BFGS:  132 22:49:31       -7.069802        0.6582
BFGS:  133 22:49:31       -7.070619        0.6519
BFGS:  134 22:49:31       -7.070807        0.6460
BFGS:  135 22:49:31       -7.070826        0.6448
BFGS:  136 22:49:31       -7.070829        0.6450
BFGS:  137 22:49:31       -7.070833        0.6453
BFGS:  138 22:49:31       -7.070836        0.6456
BFGS:  139 22:49:31       -7.070849        0.6462
BFGS:  140 22:49:31       -7.070874        0.6469
BFGS:  141 22:49:31       -7.070931        0.6476
BFGS:  142 22:49:31       -7.071017        0.6476
BFGS:  143 22:49:31       -7.071097        0.6462
BFGS:  144 22:49:31       -7.071127        0.6446
BFGS:  145 22:49:31       -7.071131        0.6441
BFGS:  146 22:49:31       -7.071131        0.6440
BFGS:  147 22:49:31       -7.071131        0.6440
BFGS:  148 22:49:31       -7.071131        0.6440
BFGS:  149 22:49:31       -7.071131        0.6440
BFGS:  150 22:49:31       -7.071131        0.6440
BFGS:  151 22:49:31       -7.071131        0.6440
BFGS:  152 22:49:31       -7.071131        0.6441
BFGS:  153 22:49:31       -7.071131        0.6441
BFGS:  154 22:49:31       -7.071132        0.6441
BFGS:  155 22:49:31       -7.071132        0.6441
BFGS:  156 22:49:31       -7.071132        0.6442
BFGS:  157 22:49:31       -7.071132        0.6442
BFGS:  158 22:49:31       -7.071133        0.6444
BFGS:  159 22:49:31       -7.071136        0.6445
BFGS:  160 22:49:31       -7.071144        0.6449
BFGS:  161 22:49:31       -7.071165        0.6453
BFGS:  162 22:49:31       -7.071220        0.6460
BFGS:  163 22:49:31       -7.071364        0.6470
BFGS:  164 22:49:31       -7.071738        0.6481
BFGS:  165 22:49:31       -7.072713        0.6486
BFGS:  166 22:49:31       -7.075230        0.6463
BFGS:  167 22:49:31       -7.081581        0.6333
BFGS:  168 22:49:31       -7.096514        0.5851
BFGS:  169 22:49:31       -7.124177        0.4384
BFGS:  170 22:49:31       -7.150000        0.2302
BFGS:  171 22:49:31       -7.157829        0.0800
BFGS:  172 22:49:31       -7.157869        0.0789
BFGS:  173 22:49:31       -7.159045        0.0152
      Step     Time          Energy         fmax
BFGS:    0 22:49:31       15.319418       27.8020
BFGS:    1 22:49:31        0.838914       15.2266
BFGS:    2 22:49:31       -2.087479        5.7140
BFGS:    3 22:49:31       -3.194877        2.3579
BFGS:    4 22:49:31       -3.681112        1.2416
BFGS:    5 22:49:31       -3.883402        0.5763
BFGS:    6 22:49:31       -3.931205        0.4810
BFGS:    7 22:49:31       -3.953546        0.5274
BFGS:    8 22:49:31       -3.987543        0.5985
BFGS:    9 22:49:31       -4.072174        0.7437
BFGS:   10 22:49:31       -4.220312        0.8065
BFGS:   11 22:49:31       -4.248383        1.0920
BFGS:   12 22:49:31       -4.463949        0.7930
BFGS:   13 22:49:31       -4.560744        1.1230
BFGS:   14 22:49:31       -4.647529        0.7818
BFGS:   15 22:49:31       -4.699275        0.6848
BFGS:   16 22:49:31       -4.871138        2.5699
BFGS:   17 22:49:31       -5.004317        1.0985
BFGS:   18 22:49:31       -5.087979        1.1465
BFGS:   19 22:49:31       -5.133630        0.8380
BFGS:   20 22:49:31       -5.196540        0.5394
BFGS:   21 22:49:31       -5.235419        0.6621
BFGS:   22 22:49:31       -5.251968        0.6627
BFGS:   23 22:49:31       -5.306010        0.7547
BFGS:   24 22:49:31       -5.369440        0.9464
BFGS:   25 22:49:31       -5.478377        1.2229
BFGS:   26 22:49:31       -5.543417        0.9099
BFGS:   27 22:49:31       -5.570111        0.6034
BFGS:   28 22:49:31       -5.601289        0.3914
BFGS:   29 22:49:31       -5.619645        0.4046
BFGS:   30 22:49:31       -5.639399        0.4676
BFGS:   31 22:49:31       -5.687183        0.6183
BFGS:   32 22:49:31       -5.733660        0.7085
BFGS:   33 22:49:31       -5.814172        0.7888
BFGS:   34 22:49:31       -5.855915        0.5340
BFGS:   35 22:49:31       -5.904094        0.4275
BFGS:   36 22:49:31       -5.921453        0.3863
BFGS:   37 22:49:31       -5.959336        0.3189
BFGS:   38 22:49:31       -5.973092        0.3606
BFGS:   39 22:49:31       -5.979545        0.3012
BFGS:   40 22:49:31       -5.986413        0.2671
BFGS:   41 22:49:31       -5.994377        0.1757
BFGS:   42 22:49:31       -5.999461        0.1414
BFGS:   43 22:49:31       -6.002696        0.1275
BFGS:   44 22:49:31       -6.004777        0.1526
BFGS:   45 22:49:31       -6.008506        0.1967
BFGS:   46 22:49:31       -6.018408        0.3108
BFGS:   47 22:49:31       -6.054995        0.6509
BFGS:   48 22:49:31       -6.090436        1.0119
BFGS:   49 22:49:31       -6.130316        0.9292
BFGS:   50 22:49:31       -6.248442        0.5237
BFGS:   51 22:49:31       -6.183737        1.2072
BFGS:   52 22:49:31       -6.284933        0.4513
BFGS:   53 22:49:31       -6.297565        0.4158
BFGS:   54 22:49:31       -6.331642        0.3733
BFGS:   55 22:49:31       -6.345968        0.3029
BFGS:   56 22:49:31       -6.372752        0.3137
BFGS:   57 22:49:31       -6.379105        0.2894
BFGS:   58 22:49:31       -6.414045        0.4295
BFGS:   59 22:49:31       -6.454800        0.6168
BFGS:   60 22:49:31       -6.519076        0.8634
BFGS:   61 22:49:31       -6.589659        1.1132
BFGS:   62 22:49:31       -6.702168        1.1295
BFGS:   63 22:49:31       -6.722962        0.9455
BFGS:   64 22:49:31       -6.798078        0.9608
BFGS:   65 22:49:31       -6.865674        0.7903
BFGS:   66 22:49:31       -6.934998        0.6022
BFGS:   67 22:49:31       -6.969819        0.3366
BFGS:   68 22:49:31       -6.985953        0.2920
BFGS:   69 22:49:31       -7.002302        0.2451
BFGS:   70 22:49:31       -7.008932        0.1485
BFGS:   71 22:49:31       -7.010996        0.1233
BFGS:   72 22:49:31       -7.012043        0.1055
BFGS:   73 22:49:31       -7.013580        0.0829
BFGS:   74 22:49:31       -7.014762        0.0744
BFGS:   75 22:49:31       -7.015451        0.0578
BFGS:   76 22:49:31       -7.015698        0.0390
      Step     Time          Energy         fmax
BFGS:    0 22:49:31       17.858527       41.4539
BFGS:    1 22:49:31        1.229817       11.9825
BFGS:    2 22:49:31       -2.328153       11.3889
BFGS:    3 22:49:31       -4.196391        4.0518
BFGS:    4 22:49:31       -4.869004        1.7696
BFGS:    5 22:49:31       -5.109505        0.6588
BFGS:    6 22:49:31       -5.170045        0.4526
BFGS:    7 22:49:31       -5.189330        0.4885
BFGS:    8 22:49:31       -5.209082        0.5381
BFGS:    9 22:49:31       -5.249217        0.6166
BFGS:   10 22:49:31       -5.309081        0.6718
BFGS:   11 22:49:31       -5.350981        0.8690
BFGS:   12 22:49:31       -5.414764        0.6697
BFGS:   13 22:49:31       -5.435659        0.3925
BFGS:   14 22:49:31       -5.450260        0.3317
BFGS:   15 22:49:31       -5.481344        0.3051
BFGS:   16 22:49:31       -5.489242        0.3017
BFGS:   17 22:49:31       -5.502018        0.3558
BFGS:   18 22:49:31       -5.525880        0.4181
BFGS:   19 22:49:31       -5.567585        0.5083
BFGS:   20 22:49:31       -5.601661        0.8124
BFGS:   21 22:49:31       -5.657161        0.8869
BFGS:   22 22:49:31       -5.711124        0.7589
BFGS:   23 22:49:31       -5.745454        0.5881
BFGS:   24 22:49:31       -5.762975        0.3836
BFGS:   25 22:49:31       -5.796623        0.3120
BFGS:   26 22:49:31       -5.808493        0.3662
BFGS:   27 22:49:31       -5.816590        0.3086
BFGS:   28 22:49:31       -5.820118        0.1816
BFGS:   29 22:49:31       -5.821988        0.1073
BFGS:   30 22:49:31       -5.822774        0.1199
BFGS:   31 22:49:31       -5.823853        0.1447
BFGS:   32 22:49:31       -5.826201        0.1761
BFGS:   33 22:49:31       -5.830694        0.1976
BFGS:   34 22:49:31       -5.838750        0.2645
BFGS:   35 22:49:31       -5.854250        0.4299
BFGS:   36 22:49:31       -5.879394        0.6432
BFGS:   37 22:49:31       -5.905082        0.8316
BFGS:   38 22:49:31       -5.915079        0.9793
BFGS:   39 22:49:31       -5.947349        0.8641
BFGS:   40 22:49:31       -6.016130        0.8231
BFGS:   41 22:49:31       -6.116531        0.9020
BFGS:   42 22:49:31       -6.152971        0.7426
BFGS:   43 22:49:31       -6.224657        0.8029
BFGS:   44 22:49:31       -6.289457        0.5199
BFGS:   45 22:49:31       -6.311599        0.4818
BFGS:   46 22:49:31       -6.320825        0.4401
BFGS:   47 22:49:31       -6.331281        0.3034
BFGS:   48 22:49:31       -6.340647        0.2253
BFGS:   49 22:49:31       -6.348906        0.2014
BFGS:   50 22:49:31       -6.351775        0.1236
BFGS:   51 22:49:31       -6.353650        0.1004
BFGS:   52 22:49:31       -6.355133        0.1006
BFGS:   53 22:49:31       -6.357009        0.1204
BFGS:   54 22:49:31       -6.359279        0.1465
BFGS:   55 22:49:31       -6.361495        0.1541
BFGS:   56 22:49:31       -6.364001        0.1619
BFGS:   57 22:49:31       -6.367358        0.2132
BFGS:   58 22:49:31       -6.375007        0.2858
BFGS:   59 22:49:31       -6.408502        0.4571
BFGS:   60 22:49:31       -6.505233        0.5563
BFGS:   61 22:49:31       -6.670469        0.5648
BFGS:   62 22:49:31       -6.797894        0.5270
BFGS:   63 22:49:31       -6.822707        0.5082
BFGS:   64 22:49:31       -6.837903        0.4490
BFGS:   65 22:49:31       -6.853078        0.4004
BFGS:   66 22:49:31       -6.870804        0.3495
BFGS:   67 22:49:31       -6.888709        0.2073
BFGS:   68 22:49:31       -6.899716        0.1007
BFGS:   69 22:49:31       -6.900584        0.0486
      Step     Time          Energy         fmax
BFGS:    0 22:49:31       15.974787       28.5769
BFGS:    1 22:49:31        1.096395       12.6849
BFGS:    2 22:49:31       -1.844154        5.9550
BFGS:    3 22:49:31       -3.148027        2.2047
BFGS:    4 22:49:31       -3.618142        1.0442
BFGS:    5 22:49:31       -3.786692        0.6201
BFGS:    6 22:49:31       -3.830350        0.5227
BFGS:    7 22:49:31       -3.852509        0.5050
BFGS:    8 22:49:31       -3.884468        0.5047
BFGS:    9 22:49:31       -3.935445        0.6393
BFGS:   10 22:49:31       -3.970421        0.7119
BFGS:   11 22:49:31       -4.013820        0.6882
BFGS:   12 22:49:31       -4.080639        1.1563
BFGS:   13 22:49:31       -4.132355        1.2127
BFGS:   14 22:49:31       -4.349730        1.5553
BFGS:   15 22:49:31       -4.441573        2.3168
BFGS:   16 22:49:31       -4.533223        0.9051
BFGS:   17 22:49:31       -4.586406        0.9438
BFGS:   18 22:49:31       -4.708273        2.7732
BFGS:   19 22:49:31       -4.848408        1.9191
BFGS:   20 22:49:31       -5.142683        1.3554
BFGS:   21 22:49:31       -5.237714        0.5110
BFGS:   22 22:49:31       -5.282408        0.4788
BFGS:   23 22:49:31       -5.302438        0.4159
BFGS:   24 22:49:31       -5.314435        0.4163
BFGS:   25 22:49:31       -5.342338        0.4104
BFGS:   26 22:49:31       -5.370131        0.4963
BFGS:   27 22:49:31       -5.404422        0.5475
BFGS:   28 22:49:31       -5.428104        0.5691
BFGS:   29 22:49:31       -5.457950        0.6144
BFGS:   30 22:49:31       -5.511580        0.6487
BFGS:   31 22:49:31       -5.554402        0.5475
BFGS:   32 22:49:31       -5.584223        1.0043
BFGS:   33 22:49:31       -5.621332        0.7226
BFGS:   34 22:49:31       -5.667262        0.6092
BFGS:   35 22:49:31       -5.759414        0.6806
BFGS:   36 22:49:31       -5.778002        0.8117
BFGS:   37 22:49:31       -5.848204        0.7903
BFGS:   38 22:49:31       -5.901095        0.5857
BFGS:   39 22:49:31       -5.962135        0.4082
BFGS:   40 22:49:31       -5.978832        0.4934
BFGS:   41 22:49:31       -5.994496        0.4315
BFGS:   42 22:49:31       -6.017043        0.3558
BFGS:   43 22:49:31       -6.033585        0.3146
BFGS:   44 22:49:31       -6.045726        0.2889
BFGS:   45 22:49:31       -6.055038        0.4007
BFGS:   46 22:49:31       -6.068578        0.4983
BFGS:   47 22:49:31       -6.091321        0.6560
BFGS:   48 22:49:31       -6.133162        0.7648
BFGS:   49 22:49:31       -6.177011        0.7454
BFGS:   50 22:49:31       -6.207856        0.4071
BFGS:   51 22:49:31       -6.227591        0.4332
BFGS:   52 22:49:31       -6.267013        0.4931
BFGS:   53 22:49:31       -6.295876        0.4669
BFGS:   54 22:49:31       -6.339930        0.3298
BFGS:   55 22:49:31       -6.370794        0.3377
BFGS:   56 22:49:31       -6.391535        0.6794
BFGS:   57 22:49:31       -6.412956        0.3474
BFGS:   58 22:49:31       -6.423126        0.3160
BFGS:   59 22:49:31       -6.465257        0.5941
BFGS:   60 22:49:31       -6.528247        0.9400
BFGS:   61 22:49:31       -6.609066        1.3699
BFGS:   62 22:49:31       -6.718675        1.8856
BFGS:   63 22:49:31       -6.789707        2.3626
BFGS:   64 22:49:31       -6.898340        1.7486
BFGS:   65 22:49:31       -7.028843        0.8727
BFGS:   66 22:49:31       -7.018886        1.7290
BFGS:   67 22:49:31       -7.195545        0.7548
BFGS:   68 22:49:31       -7.254444        0.7488
BFGS:   69 22:49:31       -7.346749        0.7204
BFGS:   70 22:49:31       -7.439215        0.6772
BFGS:   71 22:49:31       -7.497112        0.4428
BFGS:   72 22:49:31       -7.535536        0.4855
BFGS:   73 22:49:31       -7.548190        0.2978
BFGS:   74 22:49:31       -7.558264        0.2556
BFGS:   75 22:49:31       -7.569124        0.1802
BFGS:   76 22:49:31       -7.576642        0.1250
BFGS:   77 22:49:31       -7.579543        0.0946
BFGS:   78 22:49:31       -7.580427        0.0480
      Step     Time          Energy         fmax
BFGS:    0 22:49:31       15.855649       39.7262
BFGS:    1 22:49:31        1.007537       12.5157
BFGS:    2 22:49:31       -2.062239        6.4185
BFGS:    3 22:49:31       -3.764320        2.7873
BFGS:    4 22:49:31       -4.255867        1.2828
BFGS:    5 22:49:31       -4.429643        0.5471
BFGS:    6 22:49:31       -4.470031        0.4561
BFGS:    7 22:49:31       -4.487016        0.4430
BFGS:    8 22:49:31       -4.511889        0.4593
BFGS:    9 22:49:31       -4.564993        0.5556
BFGS:   10 22:49:31       -4.615795        0.7607
BFGS:   11 22:49:31       -4.667945        0.6888
BFGS:   12 22:49:31       -4.739833        1.1103
BFGS:   13 22:49:31       -4.793700        0.5860
BFGS:   14 22:49:31       -4.822706        0.6019
BFGS:   15 22:49:31       -5.011320        0.6118
BFGS:   16 22:49:31       -5.073414        1.3366
BFGS:   17 22:49:31       -5.100851        0.8758
BFGS:   18 22:49:31       -5.124439        0.5794
BFGS:   19 22:49:31       -5.156864        0.7144
BFGS:   20 22:49:31       -5.206757        0.8339
BFGS:   21 22:49:31       -5.247245        0.9177
BFGS:   22 22:49:31       -5.272697        0.5534
BFGS:   23 22:49:31       -5.285052        0.5251
BFGS:   24 22:49:31       -5.337497        0.4954
BFGS:   25 22:49:31       -5.355735        0.4146
BFGS:   26 22:49:31       -5.365448        0.3512
BFGS:   27 22:49:31       -5.377041        0.2283
BFGS:   28 22:49:31       -5.382854        0.2171
BFGS:   29 22:49:31       -5.390753        0.2074
BFGS:   30 22:49:31       -5.396522        0.1849
BFGS:   31 22:49:31       -5.400907        0.1802
BFGS:   32 22:49:31       -5.404228        0.2019
BFGS:   33 22:49:31       -5.409736        0.2532
BFGS:   34 22:49:31       -5.420394        0.3776
BFGS:   35 22:49:31       -5.435548        0.5721
BFGS:   36 22:49:31       -5.455469        0.7425
BFGS:   37 22:49:31       -5.492403        0.9049
BFGS:   38 22:49:31       -5.570704        1.4704
BFGS:   39 22:49:31       -5.660885        2.1224
BFGS:   40 22:49:31       -5.811467        2.4574
BFGS:   41 22:49:31       -5.652669        2.7321
BFGS:   42 22:49:31       -5.868153        1.9992
BFGS:   43 22:49:31       -5.896671        1.9734
BFGS:   44 22:49:31       -5.972424        1.8705
BFGS:   45 22:49:31       -6.085671        1.8467
BFGS:   46 22:49:31       -6.225471        1.8257
BFGS:   47 22:49:31       -6.483828        2.0533
BFGS:   48 22:49:31       -6.562358        0.9433
BFGS:   49 22:49:31       -6.598238        0.7800
BFGS:   50 22:49:31       -6.641558        0.6719
BFGS:   51 22:49:31       -6.685671        0.6205
BFGS:   52 22:49:31       -6.803491        0.5432
BFGS:   53 22:49:31       -6.890536        0.8297
BFGS:   54 22:49:31       -6.964641        0.6362
BFGS:   55 22:49:31       -7.030132        0.9568
BFGS:   56 22:49:31       -7.073303        0.5622
BFGS:   57 22:49:31       -7.109224        0.5414
BFGS:   58 22:49:31       -7.172188        0.5813
BFGS:   59 22:49:31       -7.202968        0.5046
BFGS:   60 22:49:31       -7.262566        0.6866
BFGS:   61 22:49:31       -7.315387        0.8326
BFGS:   62 22:49:31       -7.354239        0.6752
BFGS:   63 22:49:31       -7.391062        0.5172
BFGS:   64 22:49:31       -7.454908        0.6838
BFGS:   65 22:49:31       -7.500799        0.6042
BFGS:   66 22:49:31       -7.524911        0.5381
BFGS:   67 22:49:31       -7.537309        0.3608
BFGS:   68 22:49:31       -7.548832        0.3047
BFGS:   69 22:49:31       -7.561039        0.2233
BFGS:   70 22:49:31       -7.566927        0.2056
BFGS:   71 22:49:31       -7.569591        0.1875
BFGS:   72 22:49:31       -7.572065        0.1776
BFGS:   73 22:49:31       -7.575628        0.1464
BFGS:   74 22:49:31       -7.578639        0.1032
BFGS:   75 22:49:31       -7.579932        0.0580
BFGS:   76 22:49:31       -7.580210        0.0554
BFGS:   77 22:49:31       -7.580392        0.0517
BFGS:   78 22:49:31       -7.580663        0.0366
      Step     Time          Energy         fmax
BFGS:    0 22:49:31       15.882444       40.6460
BFGS:    1 22:49:31        0.391295       15.0913
BFGS:    2 22:49:31       -2.638119        6.4533
BFGS:    3 22:49:31       -4.267129        3.4306
BFGS:    4 22:49:31       -4.715747        1.9711
BFGS:    5 22:49:31       -4.932274        0.8922
BFGS:    6 22:49:31       -4.980572        0.4917
BFGS:    7 22:49:31       -5.002268        0.5755
BFGS:    8 22:49:31       -5.032689        0.6725
BFGS:    9 22:49:31       -5.096462        0.7937
BFGS:   10 22:49:31       -5.171130        0.7196
BFGS:   11 22:49:31       -5.212185        0.6355
BFGS:   12 22:49:31       -5.258285        0.5933
BFGS:   13 22:49:31       -5.273910        0.5784
BFGS:   14 22:49:31       -5.289985        0.4322
BFGS:   15 22:49:31       -5.328536        0.3450
BFGS:   16 22:49:31       -5.342730        0.3400
BFGS:   17 22:49:31       -5.347936        0.2891
BFGS:   18 22:49:31       -5.358187        0.1668
BFGS:   19 22:49:31       -5.360460        0.0983
BFGS:   20 22:49:31       -5.361635        0.1080
BFGS:   21 22:49:31       -5.363229        0.1092
BFGS:   22 22:49:31       -5.366415        0.1642
BFGS:   23 22:49:31       -5.371117        0.2375
BFGS:   24 22:49:31       -5.377586        0.2721
BFGS:   25 22:49:31       -5.387995        0.3899
BFGS:   26 22:49:31       -5.411861        0.6902
BFGS:   27 22:49:31       -5.441965        0.9725
BFGS:   28 22:49:31       -5.474172        1.2290
BFGS:   29 22:49:31       -5.510509        1.3762
BFGS:   30 22:49:31       -5.566189        1.4991
BFGS:   31 22:49:31       -5.686137        1.8944
BFGS:   32 22:49:31       -5.862628        1.0027
BFGS:   33 22:49:31       -5.930496        0.9143
BFGS:   34 22:49:31       -6.029576        0.8163
BFGS:   35 22:49:31       -6.101154        0.5329
BFGS:   36 22:49:31       -6.137192        0.5291
BFGS:   37 22:49:31       -6.167804        0.5877
BFGS:   38 22:49:31       -6.216037        0.9550
BFGS:   39 22:49:31       -6.295854        1.1072
BFGS:   40 22:49:31       -6.368368        0.8350
BFGS:   41 22:49:31       -6.429131        0.5138
BFGS:   42 22:49:31       -6.448778        0.5730
BFGS:   43 22:49:31       -6.482944        0.7167
BFGS:   44 22:49:31       -6.549707        0.7909
BFGS:   45 22:49:31       -6.678515        0.6055
BFGS:   46 22:49:31       -6.714177        0.5613
BFGS:   47 22:49:31       -6.752616        0.3911
BFGS:   48 22:49:31       -6.784939        0.3804
BFGS:   49 22:49:31       -6.797534        0.3851
BFGS:   50 22:49:31       -6.834644        0.3450
BFGS:   51 22:49:31       -6.860463        0.3614
BFGS:   52 22:49:31       -6.891110        0.4061
BFGS:   53 22:49:31       -6.907512        0.3176
BFGS:   54 22:49:31       -6.918540        0.3585
BFGS:   55 22:49:31       -6.930246        0.4316
BFGS:   56 22:49:32       -6.993713        0.7348
BFGS:   57 22:49:32       -7.025907        0.9631
BFGS:   58 22:49:32       -7.086952        0.3999
BFGS:   59 22:49:32       -7.118373        0.1742
BFGS:   60 22:49:32       -7.125629        0.1671
BFGS:   61 22:49:32       -7.128129        0.1784
BFGS:   62 22:49:32       -7.130743        0.1852
BFGS:   63 22:49:32       -7.133098        0.1784
BFGS:   64 22:49:32       -7.139179        0.1572
BFGS:   65 22:49:32       -7.144505        0.1598
BFGS:   66 22:49:32       -7.148878        0.1712
BFGS:   67 22:49:32       -7.150812        0.1465
BFGS:   68 22:49:32       -7.152525        0.1289
BFGS:   69 22:49:32       -7.154891        0.0965
BFGS:   70 22:49:32       -7.157150        0.0747
BFGS:   71 22:49:32       -7.158267        0.0548
BFGS:   72 22:49:32       -7.158612        0.0556
BFGS:   73 22:49:32       -7.158786        0.0505
BFGS:   74 22:49:32       -7.158926        0.0384
      Step     Time          Energy         fmax
BFGS:    0 22:49:32       15.739876       27.9601
BFGS:    1 22:49:32        0.466644       15.3867
BFGS:    2 22:49:32       -1.961373        8.6253
BFGS:    3 22:49:32       -3.439861        2.3613
BFGS:    4 22:49:32       -3.846295        1.2376
BFGS:    5 22:49:32       -4.065683        0.6688
BFGS:    6 22:49:32       -4.115323        0.4718
BFGS:    7 22:49:32       -4.132343        0.4113
BFGS:    8 22:49:32       -4.146960        0.4486
BFGS:    9 22:49:32       -4.169447        0.4535
BFGS:   10 22:49:32       -4.193260        0.5330
BFGS:   11 22:49:32       -4.215881        0.6160
BFGS:   12 22:49:32       -4.231598        0.4290
BFGS:   13 22:49:32       -4.246479        0.3260
BFGS:   14 22:49:32       -4.280195        0.3995
BFGS:   15 22:49:32       -4.315671        0.6422
BFGS:   16 22:49:32       -4.354654        0.7745
BFGS:   17 22:49:32       -4.432163        0.8743
BFGS:   18 22:49:32       -4.478827        0.8802
BFGS:   19 22:49:32       -4.517785        0.8068
BFGS:   20 22:49:32       -4.635938        0.7437
BFGS:   21 22:49:32       -4.825631        0.9051
BFGS:   22 22:49:32       -4.792801        1.8220
BFGS:   23 22:49:32       -4.873370        0.6324
BFGS:   24 22:49:32       -4.922343        0.7597
BFGS:   25 22:49:32       -4.962396        0.8741
BFGS:   26 22:49:32       -5.111030        2.0393
BFGS:   27 22:49:32       -5.312113        2.3650
BFGS:   28 22:49:32       -5.471093        1.8907
BFGS:   29 22:49:32       -5.564259        1.6368
BFGS:   30 22:49:32       -5.645309        0.8876
BFGS:   31 22:49:32       -5.745462        0.8731
BFGS:   32 22:49:32       -5.818181        0.8064
BFGS:   33 22:49:32       -5.900673        0.6417
BFGS:   34 22:49:32       -5.993326        0.6526
BFGS:   35 22:49:32       -6.015744        0.5352
BFGS:   36 22:49:32       -6.041074        0.4936
BFGS:   37 22:49:32       -6.068305        0.6357
BFGS:   38 22:49:32       -6.100200        0.7658
BFGS:   39 22:49:32       -6.133956        0.6852
BFGS:   40 22:49:32       -6.164530        0.5557
BFGS:   41 22:49:32       -6.183617        0.3770
BFGS:   42 22:49:32       -6.195854        0.3328
BFGS:   43 22:49:32       -6.209948        0.3431
BFGS:   44 22:49:32       -6.221497        0.2347
BFGS:   45 22:49:32       -6.230018        0.1725
BFGS:   46 22:49:32       -6.235108        0.1197
BFGS:   47 22:49:32       -6.237350        0.1300
BFGS:   48 22:49:32       -6.238265        0.1260
BFGS:   49 22:49:32       -6.240154        0.1103
BFGS:   50 22:49:32       -6.242341        0.1137
BFGS:   51 22:49:32       -6.244502        0.1304
BFGS:   52 22:49:32       -6.245878        0.1574
BFGS:   53 22:49:32       -6.246874        0.1607
BFGS:   54 22:49:32       -6.248134        0.1460
BFGS:   55 22:49:32       -6.250300        0.1105
BFGS:   56 22:49:32       -6.252864        0.1268
BFGS:   57 22:49:32       -6.254576        0.1133
BFGS:   58 22:49:32       -6.255487        0.1015
BFGS:   59 22:49:32       -6.256409        0.1067
BFGS:   60 22:49:32       -6.258351        0.1483
BFGS:   61 22:49:32       -6.263055        0.2240
BFGS:   62 22:49:32       -6.277132        0.4071
BFGS:   63 22:49:32       -6.293810        0.6245
BFGS:   64 22:49:32       -6.307489        0.8503
BFGS:   65 22:49:32       -6.323694        0.9461
BFGS:   66 22:49:32       -6.390470        0.8253
BFGS:   67 22:49:32       -6.509829        0.6060
BFGS:   68 22:49:32       -6.496131        1.1662
BFGS:   69 22:49:32       -6.603263        0.5461
BFGS:   70 22:49:32       -6.639012        0.3278
BFGS:   71 22:49:32       -6.656291        0.2052
BFGS:   72 22:49:32       -6.661111        0.2314
BFGS:   73 22:49:32       -6.666607        0.1785
BFGS:   74 22:49:32       -6.672310        0.1899
BFGS:   75 22:49:32       -6.676102        0.2147
BFGS:   76 22:49:32       -6.681000        0.1731
BFGS:   77 22:49:32       -6.684133        0.1299
BFGS:   78 22:49:32       -6.685429        0.1313
BFGS:   79 22:49:32       -6.687268        0.1365
BFGS:   80 22:49:32       -6.688800        0.1015
BFGS:   81 22:49:32       -6.689750        0.0498
      Step     Time          Energy         fmax
BFGS:    0 22:49:32       16.388039       41.2780
BFGS:    1 22:49:32        0.597586       15.9925
BFGS:    2 22:49:32       -2.652019        7.9267
BFGS:    3 22:49:32       -4.327647        3.5443
BFGS:    4 22:49:32       -4.841016        1.6645
BFGS:    5 22:49:32       -5.061045        0.8406
BFGS:    6 22:49:32       -5.140972        0.8157
BFGS:    7 22:49:32       -5.215821        0.8628
BFGS:    8 22:49:32       -5.336129        0.9247
BFGS:    9 22:49:32       -5.457895        0.9178
BFGS:   10 22:49:32       -5.527512        0.7961
BFGS:   11 22:49:32       -5.613298        2.0979
BFGS:   12 22:49:32       -5.717795        0.6718
BFGS:   13 22:49:32       -5.753204        0.6020
BFGS:   14 22:49:32       -5.849616        0.9995
BFGS:   15 22:49:32       -5.888959        0.6333
BFGS:   16 22:49:32       -5.937292        0.6149
BFGS:   17 22:49:32       -5.961296        0.6294
BFGS:   18 22:49:32       -6.024534        0.6420
BFGS:   19 22:49:32       -6.065097        0.6820
BFGS:   20 22:49:32       -6.084555        0.5633
BFGS:   21 22:49:32       -6.105961        0.4697
BFGS:   22 22:49:32       -6.120109        0.3982
BFGS:   23 22:49:32       -6.145939        0.4953
BFGS:   24 22:49:32       -6.183643        0.6002
BFGS:   25 22:49:32       -6.212551        0.7133
BFGS:   26 22:49:32       -6.235578        0.6941
BFGS:   27 22:49:32       -6.271435        0.6689
BFGS:   28 22:49:32       -6.332027        0.4802
BFGS:   29 22:49:32       -6.367774        0.4880
BFGS:   30 22:49:32       -6.386785        0.5445
BFGS:   31 22:49:32       -6.408181        0.6420
BFGS:   32 22:49:32       -6.438069        0.6278
BFGS:   33 22:49:32       -6.497550        0.8372
BFGS:   34 22:49:32       -6.535251        0.7795
BFGS:   35 22:49:32       -6.559680        0.4446
BFGS:   36 22:49:32       -6.580130        0.4281
BFGS:   37 22:49:32       -6.621549        0.3578
BFGS:   38 22:49:32       -6.636524        0.3921
BFGS:   39 22:49:32       -6.650339        0.2996
BFGS:   40 22:49:32       -6.657657        0.2177
BFGS:   41 22:49:32       -6.663173        0.2223
BFGS:   42 22:49:32       -6.671066        0.1794
BFGS:   43 22:49:32       -6.677915        0.1757
BFGS:   44 22:49:32       -6.682237        0.1640
BFGS:   45 22:49:32       -6.683982        0.1303
BFGS:   46 22:49:32       -6.685779        0.1056
BFGS:   47 22:49:32       -6.687749        0.0903
BFGS:   48 22:49:32       -6.689254        0.0799
BFGS:   49 22:49:32       -6.689994        0.0746
BFGS:   50 22:49:32       -6.690338        0.0589
BFGS:   51 22:49:32       -6.690762        0.0612
BFGS:   52 22:49:32       -6.691338        0.0624
BFGS:   53 22:49:32       -6.691906        0.0668
BFGS:   54 22:49:32       -6.692372        0.0736
BFGS:   55 22:49:32       -6.692837        0.0745
BFGS:   56 22:49:32       -6.693582        0.0866
BFGS:   57 22:49:32       -6.694948        0.0956
BFGS:   58 22:49:32       -6.697071        0.1174
BFGS:   59 22:49:32       -6.699799        0.1517
BFGS:   60 22:49:32       -6.703665        0.1827
BFGS:   61 22:49:32       -6.714439        0.3205
BFGS:   62 22:49:32       -6.725191        0.7105
BFGS:   63 22:49:32       -6.816122        0.6325
BFGS:   64 22:49:32       -6.926829        0.5495
BFGS:   65 22:49:32       -6.892422        1.1954
BFGS:   66 22:49:32       -6.958222        0.4509
BFGS:   67 22:49:32       -6.969992        0.3181
BFGS:   68 22:49:32       -6.987307        0.2672
BFGS:   69 22:49:32       -6.995744        0.2916
BFGS:   70 22:49:32       -7.006214        0.2241
BFGS:   71 22:49:32       -7.011826        0.1330
BFGS:   72 22:49:32       -7.014948        0.1141
BFGS:   73 22:49:32       -7.017364        0.0903
BFGS:   74 22:49:32       -7.019176        0.1078
BFGS:   75 22:49:32       -7.021399        0.1271
BFGS:   76 22:49:32       -7.025325        0.2178
BFGS:   77 22:49:32       -7.029785        0.3935
BFGS:   78 22:49:32       -7.036271        0.3365
BFGS:   79 22:49:32       -7.053421        0.3356
BFGS:   80 22:49:32       -7.087847        0.4610
BFGS:   81 22:49:32       -7.098808        0.4404
BFGS:   82 22:49:32       -7.111816        0.2748
BFGS:   83 22:49:32       -7.122429        0.1520
BFGS:   84 22:49:32       -7.127682        0.1038
BFGS:   85 22:49:32       -7.129037        0.0824
BFGS:   86 22:49:32       -7.129650        0.0816
BFGS:   87 22:49:32       -7.130411        0.0689
BFGS:   88 22:49:32       -7.130948        0.0449
      Step     Time          Energy         fmax
BFGS:    0 22:49:32       14.672350       37.5608
BFGS:    1 22:49:32       -0.730315       12.0345
BFGS:    2 22:49:32       -3.107233        6.7073
BFGS:    3 22:49:32       -4.364472        2.9982
BFGS:    4 22:49:32       -4.795182        1.3194
BFGS:    5 22:49:32       -4.941329        0.5631
BFGS:    6 22:49:32       -4.982151        0.4508
BFGS:    7 22:49:32       -5.003843        0.5077
BFGS:    8 22:49:32       -5.033939        0.5607
BFGS:    9 22:49:32       -5.092595        0.6707
BFGS:   10 22:49:32       -5.195253        0.7325
BFGS:   11 22:49:32       -5.230259        0.7393
BFGS:   12 22:49:32       -5.307767        0.6931
BFGS:   13 22:49:32       -5.357059        0.7242
BFGS:   14 22:49:32       -5.393837        0.5367
BFGS:   15 22:49:32       -5.466068        0.3868
BFGS:   16 22:49:32       -5.513250        0.5747
BFGS:   17 22:49:32       -5.531024        0.6816
BFGS:   18 22:49:32       -5.589837        0.8264
BFGS:   19 22:49:32       -5.642720        0.7936
BFGS:   20 22:49:32       -5.747192        0.7612
BFGS:   21 22:49:32       -5.797233        0.7711
BFGS:   22 22:49:32       -5.860326        0.8819
BFGS:   23 22:49:32       -5.987951        1.3411
BFGS:   24 22:49:32       -6.094040        1.1627
BFGS:   25 22:49:32       -6.207457        0.7389
BFGS:   26 22:49:32       -6.294970        0.9525
BFGS:   27 22:49:32       -6.303990        1.0308
BFGS:   28 22:49:32       -6.393031        1.0021
BFGS:   29 22:49:32       -6.447368        0.8696
BFGS:   30 22:49:32       -6.523597        0.8893
BFGS:   31 22:49:32       -6.554697        0.4899
BFGS:   32 22:49:32       -6.574536        0.4545
BFGS:   33 22:49:32       -6.596497        0.4505
BFGS:   34 22:49:32       -6.642712        0.4980
BFGS:   35 22:49:32       -6.669209        0.4177
BFGS:   36 22:49:32       -6.679238        0.2507
BFGS:   37 22:49:32       -6.684353        0.2500
BFGS:   38 22:49:32       -6.688832        0.2005
BFGS:   39 22:49:32       -6.691765        0.1263
BFGS:   40 22:49:32       -6.693415        0.0697
BFGS:   41 22:49:32       -6.694041        0.0570
BFGS:   42 22:49:32       -6.694467        0.0560
BFGS:   43 22:49:32       -6.695044        0.0588
BFGS:   44 22:49:32       -6.695750        0.0625
BFGS:   45 22:49:32       -6.696392        0.0602
BFGS:   46 22:49:32       -6.696918        0.0671
BFGS:   47 22:49:32       -6.697455        0.0818
BFGS:   48 22:49:32       -6.698264        0.0931
BFGS:   49 22:49:32       -6.699779        0.1231
BFGS:   50 22:49:32       -6.702019        0.1614
BFGS:   51 22:49:32       -6.704444        0.1623
BFGS:   52 22:49:32       -6.707071        0.1778
BFGS:   53 22:49:32       -6.711784        0.2376
BFGS:   54 22:49:32       -6.723249        0.4198
BFGS:   55 22:49:32       -6.740433        0.5826
BFGS:   56 22:49:32       -6.763656        0.7404
BFGS:   57 22:49:32       -6.790734        0.8860
BFGS:   58 22:49:32       -6.807202        0.8141
BFGS:   59 22:49:32       -6.836870        0.6859
BFGS:   60 22:49:32       -6.898060        0.7010
BFGS:   61 22:49:32       -6.969593        0.6137
BFGS:   62 22:49:32       -7.022345        0.6977
BFGS:   63 22:49:32       -7.043611        0.5385
BFGS:   64 22:49:32       -7.063918        0.3524
BFGS:   65 22:49:32       -7.082035        0.3265
BFGS:   66 22:49:32       -7.096546        0.3122
BFGS:   67 22:49:32       -7.105890        0.2409
BFGS:   68 22:49:32       -7.110507        0.1449
BFGS:   69 22:49:32       -7.113382        0.1216
BFGS:   70 22:49:32       -7.114758        0.1106
BFGS:   71 22:49:32       -7.116370        0.1308
BFGS:   72 22:49:32       -7.118412        0.1473
BFGS:   73 22:49:32       -7.120995        0.1371
BFGS:   74 22:49:32       -7.123998        0.1326
BFGS:   75 22:49:32       -7.126278        0.1259
BFGS:   76 22:49:32       -7.127690        0.1226
BFGS:   77 22:49:32       -7.128915        0.1069
BFGS:   78 22:49:32       -7.130113        0.0736
BFGS:   79 22:49:32       -7.130926        0.0419
      Step     Time          Energy         fmax
BFGS:    0 22:49:32       15.800780       36.7670
BFGS:    1 22:49:32       -0.242869       13.3918
BFGS:    2 22:49:32       -3.107197        7.5949
BFGS:    3 22:49:32       -4.461788        3.0468
BFGS:    4 22:49:32       -4.912287        1.5151
BFGS:    5 22:49:32       -5.099188        0.6374
BFGS:    6 22:49:32       -5.144430        0.5685
BFGS:    7 22:49:32       -5.168456        0.5857
BFGS:    8 22:49:32       -5.208790        0.6150
BFGS:    9 22:49:32       -5.298265        0.7826
BFGS:   10 22:49:32       -5.395028        0.8621
BFGS:   11 22:49:32       -5.450287        0.7898
BFGS:   12 22:49:32       -5.549695        0.7817
BFGS:   13 22:49:32       -5.585663        0.8490
BFGS:   14 22:49:32       -5.631942        0.7480
BFGS:   15 22:49:32       -5.661597        0.3843
BFGS:   16 22:49:32       -5.679517        0.2460
BFGS:   17 22:49:32       -5.686432        0.2655
BFGS:   18 22:49:32       -5.708965        0.3651
BFGS:   19 22:49:32       -5.745689        0.5093
BFGS:   20 22:49:32       -5.807631        0.6492
BFGS:   21 22:49:32       -5.847329        0.7592
BFGS:   22 22:49:32       -5.897076        0.5612
BFGS:   23 22:49:32       -5.964902        0.8571
BFGS:   24 22:49:32       -6.018306        0.9562
BFGS:   25 22:49:32       -6.196500        1.1999
BFGS:   26 22:49:32       -6.262750        1.4110
BFGS:   27 22:49:32       -6.309553        0.9844
BFGS:   28 22:49:32       -6.392119        0.5997
BFGS:   29 22:49:32       -6.465472        0.5229
BFGS:   30 22:49:32       -6.466102        0.7544
BFGS:   31 22:49:32       -6.514187        0.4955
BFGS:   32 22:49:32       -6.525653        0.4683
BFGS:   33 22:49:32       -6.556805        0.6151
BFGS:   34 22:49:32       -6.579064        0.5948
BFGS:   35 22:49:32       -6.643459        0.7435
BFGS:   36 22:49:32       -6.668276        0.5003
BFGS:   37 22:49:32       -6.696119        0.5507
BFGS:   38 22:49:32       -6.742565        0.5675
BFGS:   39 22:49:32       -6.817895        0.6043
BFGS:   40 22:49:32       -6.861484        0.6131
BFGS:   41 22:49:32       -6.886796        0.8593
BFGS:   42 22:49:32       -6.919064        0.4593
BFGS:   43 22:49:32       -6.955174        0.3806
BFGS:   44 22:49:32       -6.988080        0.4181
BFGS:   45 22:49:32       -7.021413        0.5793
BFGS:   46 22:49:32       -7.037946        0.5218
BFGS:   47 22:49:32       -7.056834        0.3455
BFGS:   48 22:49:32       -7.066453        0.3318
BFGS:   49 22:49:32       -7.082602        0.4101
BFGS:   50 22:49:32       -7.093135        0.2755
BFGS:   51 22:49:32       -7.101419        0.2869
BFGS:   52 22:49:32       -7.110646        0.2988
BFGS:   53 22:49:32       -7.117883        0.2526
BFGS:   54 22:49:32       -7.122119        0.1758
BFGS:   55 22:49:32       -7.125913        0.1293
BFGS:   56 22:49:32       -7.127945        0.0987
BFGS:   57 22:49:32       -7.128698        0.0796
BFGS:   58 22:49:32       -7.129306        0.0668
BFGS:   59 22:49:32       -7.129907        0.0689
BFGS:   60 22:49:32       -7.130574        0.0624
BFGS:   61 22:49:32       -7.131011        0.0385
      Step     Time          Energy         fmax
BFGS:    0 22:49:32       14.538465       52.3538
BFGS:    1 22:49:32        0.213877       13.2249
BFGS:    2 22:49:32       -3.268310       14.3747
BFGS:    3 22:49:32       -5.163269        5.5853
BFGS:    4 22:49:32       -5.725199        2.7133
BFGS:    5 22:49:32       -5.966954        1.0283
BFGS:    6 22:49:32       -6.030857        0.5840
BFGS:    7 22:49:32       -6.058448        0.5826
BFGS:    8 22:49:32       -6.086109        0.5789
BFGS:    9 22:49:32       -6.125808        0.6233
BFGS:   10 22:49:32       -6.162876        0.7666
BFGS:   11 22:49:32       -6.191502        0.7396
BFGS:   12 22:49:32       -6.231879        0.6932
BFGS:   13 22:49:32       -6.252876        0.6190
BFGS:   14 22:49:32       -6.289853        0.5458
BFGS:   15 22:49:32       -6.359686        0.5281
BFGS:   16 22:49:32       -6.399378        0.5296
BFGS:   17 22:49:32       -6.424466        0.4368
BFGS:   18 22:49:32       -6.456239        0.5242
BFGS:   19 22:49:32       -6.493037        0.6163
BFGS:   20 22:49:32       -6.533496        0.6669
BFGS:   21 22:49:32       -6.603447        0.7057
BFGS:   22 22:49:32       -6.633515        0.6913
BFGS:   23 22:49:32       -6.696448        0.6430
BFGS:   24 22:49:32       -6.734691        0.5969
BFGS:   25 22:49:32       -6.767684        0.5480
BFGS:   26 22:49:32       -6.777732        0.3814
BFGS:   27 22:49:32       -6.797492        0.4055
BFGS:   28 22:49:32       -6.824794        0.3985
BFGS:   29 22:49:32       -6.836589        0.2850
BFGS:   30 22:49:32       -6.842459        0.2521
BFGS:   31 22:49:32       -6.851191        0.3178
BFGS:   32 22:49:32       -6.860214        0.2856
BFGS:   33 22:49:32       -6.864304        0.2095
BFGS:   34 22:49:32       -6.866121        0.1156
BFGS:   35 22:49:32       -6.867329        0.0981
BFGS:   36 22:49:32       -6.868894        0.0925
BFGS:   37 22:49:32       -6.870389        0.0680
BFGS:   38 22:49:32       -6.870927        0.0625
BFGS:   39 22:49:32       -6.871313        0.0624
BFGS:   40 22:49:32       -6.871914        0.0699
BFGS:   41 22:49:32       -6.873070        0.0980
BFGS:   42 22:49:32       -6.875257        0.1599
BFGS:   43 22:49:32       -6.882745        0.3375
BFGS:   44 22:49:32       -6.887848        0.6692
BFGS:   45 22:49:32       -6.912389        0.3113
BFGS:   46 22:49:32       -6.936714        0.4602
BFGS:   47 22:49:32       -6.944445        0.5103
BFGS:   48 22:49:32       -6.976151        0.4682
BFGS:   49 22:49:32       -6.991567        0.4132
BFGS:   50 22:49:32       -7.004542        0.2689
BFGS:   51 22:49:32       -7.012793        0.2044
BFGS:   52 22:49:32       -7.016171        0.1863
BFGS:   53 22:49:32       -7.025339        0.1778
BFGS:   54 22:49:32       -7.026911        0.1678
BFGS:   55 22:49:32       -7.031583        0.1652
BFGS:   56 22:49:32       -7.035031        0.1508
BFGS:   57 22:49:32       -7.038748        0.1657
BFGS:   58 22:49:32       -7.040821        0.1501
BFGS:   59 22:49:32       -7.041792        0.1205
BFGS:   60 22:49:32       -7.042400        0.1034
BFGS:   61 22:49:32       -7.043260        0.1075
BFGS:   62 22:49:32       -7.043958        0.1355
BFGS:   63 22:49:32       -7.044468        0.1421
BFGS:   64 22:49:32       -7.044831        0.1368
BFGS:   65 22:49:32       -7.045303        0.1289
BFGS:   66 22:49:32       -7.046091        0.1409
BFGS:   67 22:49:32       -7.047452        0.1806
BFGS:   68 22:49:32       -7.048910        0.2146
BFGS:   69 22:49:32       -7.049825        0.2277
BFGS:   70 22:49:32       -7.050316        0.2264
BFGS:   71 22:49:32       -7.050768        0.2222
BFGS:   72 22:49:32       -7.051468        0.2271
BFGS:   73 22:49:32       -7.053231        0.2623
BFGS:   74 22:49:32       -7.056944        0.3344
BFGS:   75 22:49:32       -7.063127        0.4586
BFGS:   76 22:49:32       -7.071179        0.5450
BFGS:   77 22:49:32       -7.084056        0.5870
BFGS:   78 22:49:32       -7.093438        0.5625
BFGS:   79 22:49:32       -7.103680        0.4913
BFGS:   80 22:49:32       -7.118063        0.4096
BFGS:   81 22:49:32       -7.115488        0.4149
BFGS:   82 22:49:32       -7.142269        0.1918
BFGS:   83 22:49:32       -7.151140        0.1350
BFGS:   84 22:49:32       -7.158434        0.0581
BFGS:   85 22:49:32       -7.158994        0.0285
      Step     Time          Energy         fmax
BFGS:    0 22:49:32       14.780152       27.2505
BFGS:    1 22:49:32       -1.285104       10.8050
BFGS:    2 22:49:32       -3.400452        7.5060
BFGS:    3 22:49:32       -4.628790        2.8228
BFGS:    4 22:49:32       -5.086572        1.4020
BFGS:    5 22:49:32       -5.294719        0.6427
BFGS:    6 22:49:32       -5.359329        0.6910
BFGS:    7 22:49:32       -5.395250        0.7253
BFGS:    8 22:49:32       -5.440119        0.7507
BFGS:    9 22:49:32       -5.512406        0.9978
BFGS:   10 22:49:32       -5.603203        1.5928
BFGS:   11 22:49:32       -5.694208        0.9570
BFGS:   12 22:49:32       -5.737386        0.5830
BFGS:   13 22:49:32       -5.768450        0.4825
BFGS:   14 22:49:32       -5.810588        0.5950
BFGS:   15 22:49:32       -5.832988        0.4934
BFGS:   16 22:49:32       -5.857715        0.4675
BFGS:   17 22:49:32       -5.898618        0.5424
BFGS:   18 22:49:32       -5.940219        0.6055
BFGS:   19 22:49:32       -6.002850        0.7846
BFGS:   20 22:49:32       -6.059470        0.9027
BFGS:   21 22:49:32       -6.119698        0.9756
BFGS:   22 22:49:32       -6.220253        1.9501
BFGS:   23 22:49:32       -6.351413        1.5999
BFGS:   24 22:49:32       -6.514151        0.7603
BFGS:   25 22:49:32       -6.504080        0.4833
BFGS:   26 22:49:32       -6.542708        0.3171
BFGS:   27 22:49:32       -6.553090        0.3790
BFGS:   28 22:49:32       -6.565646        0.3323
BFGS:   29 22:49:32       -6.589784        0.3054
BFGS:   30 22:49:33       -6.600387        0.3463
BFGS:   31 22:49:33       -6.626119        0.4387
BFGS:   32 22:49:33       -6.654396        0.5389
BFGS:   33 22:49:33       -6.736843        0.8086
BFGS:   34 22:49:33       -6.782767        0.7141
BFGS:   35 22:49:33       -6.868355        0.5415
BFGS:   36 22:49:33       -6.910680        0.4752
BFGS:   37 22:49:33       -6.931058        0.3816
BFGS:   38 22:49:33       -6.948230        0.3919
BFGS:   39 22:49:33       -6.978608        0.4453
BFGS:   40 22:49:33       -7.004684        0.3537
BFGS:   41 22:49:33       -7.020791        0.4282
BFGS:   42 22:49:33       -7.031748        0.4354
BFGS:   43 22:49:33       -7.043221        0.3819
BFGS:   44 22:49:33       -7.051929        0.2782
BFGS:   45 22:49:33       -7.062064        0.2454
BFGS:   46 22:49:33       -7.066558        0.2493
BFGS:   47 22:49:33       -7.069784        0.1950
BFGS:   48 22:49:33       -7.075744        0.1755
BFGS:   49 22:49:33       -7.082502        0.2026
BFGS:   50 22:49:33       -7.090135        0.3004
BFGS:   51 22:49:33       -7.096464        0.3690
BFGS:   52 22:49:33       -7.102429        0.3877
BFGS:   53 22:49:33       -7.110617        0.3344
BFGS:   54 22:49:33       -7.118996        0.2145
BFGS:   55 22:49:33       -7.123105        0.1548
BFGS:   56 22:49:33       -7.124922        0.1383
BFGS:   57 22:49:33       -7.126197        0.1274
BFGS:   58 22:49:33       -7.127957        0.1100
BFGS:   59 22:49:33       -7.129949        0.0790
BFGS:   60 22:49:33       -7.130898        0.0447
      Step     Time          Energy         fmax
BFGS:    0 22:49:33       16.260206       42.9858
BFGS:    1 22:49:33        1.291437       12.8734
BFGS:    2 22:49:33       -2.183090        9.1171
BFGS:    3 22:49:33       -4.108013        3.1792
BFGS:    4 22:49:33       -4.677939        1.4891
BFGS:    5 22:49:33       -4.879631        0.5831
BFGS:    6 22:49:33       -4.926963        0.5035
BFGS:    7 22:49:33       -4.944329        0.5341
BFGS:    8 22:49:33       -4.965139        0.5900
BFGS:    9 22:49:33       -5.004800        0.7007
BFGS:   10 22:49:33       -5.062021        0.8651
BFGS:   11 22:49:33       -5.120003        1.0035
BFGS:   12 22:49:33       -5.214495        1.3745
BFGS:   13 22:49:33       -5.319793        1.8864
BFGS:   14 22:49:33       -5.465820        1.2510
BFGS:   15 22:49:33       -5.563893        0.7002
BFGS:   16 22:49:33       -5.648140        1.1762
BFGS:   17 22:49:33       -5.702804        0.8909
BFGS:   18 22:49:33       -5.767080        0.7625
BFGS:   19 22:49:33       -5.820801        0.5980
BFGS:   20 22:49:33       -5.859713        0.5939
BFGS:   21 22:49:33       -5.915842        0.6436
BFGS:   22 22:49:33       -5.969500        0.7754
BFGS:   23 22:49:33       -6.005582        0.8599
BFGS:   24 22:49:33       -6.139645        1.2603
BFGS:   25 22:49:33       -6.269564        1.4948
BFGS:   26 22:49:33       -6.352467        1.4103
BFGS:   27 22:49:33       -6.464346        0.9426
BFGS:   28 22:49:33       -6.562595        0.7928
BFGS:   29 22:49:33       -6.629050        0.7943
BFGS:   30 22:49:33       -6.658433        0.6070
BFGS:   31 22:49:33       -6.714134        0.5444
BFGS:   32 22:49:33       -6.771589        0.6270
BFGS:   33 22:49:33       -6.800280        0.6728
BFGS:   34 22:49:33       -6.823831        0.6069
BFGS:   35 22:49:33       -6.844531        0.3529
BFGS:   36 22:49:33       -6.860554        0.2768
BFGS:   37 22:49:33       -6.871278        0.2525
BFGS:   38 22:49:33       -6.878204        0.2741
BFGS:   39 22:49:33       -6.886775        0.2857
BFGS:   40 22:49:33       -6.896144        0.1963
BFGS:   41 22:49:33       -6.900820        0.1537
BFGS:   42 22:49:33       -6.903135        0.1560
BFGS:   43 22:49:33       -6.905470        0.1443
BFGS:   44 22:49:33       -6.908566        0.1321
BFGS:   45 22:49:33       -6.912811        0.1363
BFGS:   46 22:49:33       -6.920208        0.1717
BFGS:   47 22:49:33       -6.939837        0.4877
BFGS:   48 22:49:33       -6.902973        1.1705
BFGS:   49 22:49:33       -6.953079        0.3854
BFGS:   50 22:49:33       -6.958066        0.4060
BFGS:   51 22:49:33       -6.966149        0.9704
BFGS:   52 22:49:33       -7.006462        0.4107
BFGS:   53 22:49:33       -7.025217        0.4000
BFGS:   54 22:49:33       -7.026397        0.5655
BFGS:   55 22:49:33       -7.052546        0.3327
BFGS:   56 22:49:33       -7.060334        0.3251
BFGS:   57 22:49:33       -7.083010        0.2549
BFGS:   58 22:49:33       -7.088637        0.2378
BFGS:   59 22:49:33       -7.098190        0.2373
BFGS:   60 22:49:33       -7.103937        0.2197
BFGS:   61 22:49:33       -7.111092        0.2112
BFGS:   62 22:49:33       -7.118458        0.2743
BFGS:   63 22:49:33       -7.128521        0.3485
BFGS:   64 22:49:33       -7.152015        0.4891
BFGS:   65 22:49:33       -7.211559        0.7621
BFGS:   66 22:49:33       -7.334315        0.8128
BFGS:   67 22:49:33       -7.298783        1.1747
BFGS:   68 22:49:33       -7.383639        0.6464
BFGS:   69 22:49:33       -7.397701        0.5915
BFGS:   70 22:49:33       -7.412564        0.4559
BFGS:   71 22:49:33       -7.417977        0.4934
BFGS:   72 22:49:33       -7.430045        0.6209
BFGS:   73 22:49:33       -7.433253        0.6157
BFGS:   74 22:49:33       -7.440398        0.5784
BFGS:   75 22:49:33       -7.444507        0.5983
BFGS:   76 22:49:33       -7.450101        0.5592
BFGS:   77 22:49:33       -7.455163        0.4973
BFGS:   78 22:49:33       -7.461154        0.5136
BFGS:   79 22:49:33       -7.468265        0.5353
BFGS:   80 22:49:33       -7.478006        0.5489
BFGS:   81 22:49:33       -7.488762        0.5219
BFGS:   82 22:49:33       -7.501591        0.4848
BFGS:   83 22:49:33       -7.519584        0.4506
BFGS:   84 22:49:33       -7.541324        0.3446
BFGS:   85 22:49:33       -7.561776        0.2430
BFGS:   86 22:49:33       -7.574089        0.1649
BFGS:   87 22:49:33       -7.579726        0.0756
BFGS:   88 22:49:33       -7.580485        0.0346
