       Step     Time          Energy         fmax
GPMin:    0 23:35:35       -5.454166        0.3220
GPMin:    1 23:35:42       -5.566246        0.1692
GPMin:    2 23:35:49       -5.626821        0.0987
GPMin:    3 23:35:56       -5.652210        0.0582
GPMin:    4 23:36:02       -5.661592        0.0231
GPMin:    5 23:36:08       -5.663973        0.0214
GPMin:    6 23:36:13       -5.666553        0.0232
GPMin:    7 23:36:20       -5.672560        0.0275
GPMin:    8 23:36:35       -5.681258        0.0891
GPMin:    9 23:36:49       -5.683901        0.0745
GPMin:   10 23:37:05       -5.685883        0.0685
GPMin:   11 23:37:34       -5.693589        0.1031
GPMin:   12 23:37:40       -5.704719        0.0490
GPMin:   13 23:37:46       -5.712818        0.0615
GPMin:   14 23:37:53       -5.719621        0.0635
GPMin:   15 23:37:59       -5.731373        0.0661
GPMin:   16 23:38:06       -5.745675        0.0612
GPMin:   17 23:38:12       -5.759909        0.0540
GPMin:   18 23:38:19       -5.773698        0.0538
GPMin:   19 23:38:25       -5.792033        0.0561
GPMin:   20 23:38:32       -5.811927        0.0660
GPMin:   21 23:38:38       -5.834334        0.0743
GPMin:   22 23:38:45       -5.856763        0.0589
GPMin:   23 23:38:51       -5.867408        0.0299
GPMin:   24 23:38:57       -5.869895        0.0254
GPMin:   25 23:39:03       -5.872281        0.0169
       Step     Time          Energy         fmax
GPMin:    0 23:39:14       -5.354107        0.4468
GPMin:    1 23:39:22       -5.516239        0.1562
GPMin:    2 23:39:29       -5.576037        0.1181
GPMin:    3 23:39:35       -5.634986        0.0834
GPMin:    4 23:39:42       -5.660589        0.0544
GPMin:    5 23:39:47       -5.669040        0.0495
GPMin:    6 23:39:54       -5.680082        0.0438
GPMin:    7 23:40:07       -5.680441        0.0660
GPMin:    8 23:40:21       -5.683468        0.0464
GPMin:    9 23:40:51       -5.685507        0.0371
GPMin:   10 23:41:07       -5.691826        0.1465
GPMin:   11 23:41:30       -5.703037        0.0677
GPMin:   12 23:41:44       -5.709865        0.0523
GPMin:   13 23:41:50       -5.712621        0.0467
GPMin:   14 23:41:56       -5.715977        0.0290
GPMin:   15 23:42:02       -5.718507        0.0391
GPMin:   16 23:42:07       -5.725869        0.0461
GPMin:   17 23:42:13       -5.737577        0.0419
GPMin:   18 23:42:20       -5.747851        0.0451
GPMin:   19 23:42:26       -5.760662        0.0623
GPMin:   20 23:42:32       -5.780394        0.0663
GPMin:   21 23:42:38       -5.799126        0.0700
GPMin:   22 23:42:45       -5.825077        0.0750
GPMin:   23 23:42:51       -5.849671        0.0611
GPMin:   24 23:42:58       -5.863308        0.0390
GPMin:   25 23:43:04       -5.868973        0.0253
GPMin:   26 23:43:09       -5.870832        0.0219
GPMin:   27 23:43:14       -5.872581        0.0209
GPMin:   28 23:43:19       -5.873318        0.0081
       Step     Time          Energy         fmax
GPMin:    0 23:43:29       -5.354108        0.4470
GPMin:    1 23:43:37       -5.516239        0.1561
GPMin:    2 23:43:44       -5.576025        0.1181
GPMin:    3 23:43:51       -5.634986        0.0834
GPMin:    4 23:43:57       -5.660583        0.0544
GPMin:    5 23:44:03       -5.669033        0.0495
GPMin:    6 23:44:09       -5.680009        0.0439
GPMin:    7 23:44:23       -5.680499        0.0656
GPMin:    8 23:44:38       -5.683420        0.0460
GPMin:    9 23:44:59       -5.685705        0.0381
GPMin:   10 23:45:38       -5.698080        0.0802
GPMin:   11 23:45:45       -5.702483        0.0644
GPMin:   12 23:45:52       -5.706854        0.0444
GPMin:   13 23:46:06       -5.709721        0.0356
GPMin:   14 23:46:20       -5.712063        0.0366
GPMin:   15 23:46:33       -5.716224        0.0422
GPMin:   16 23:46:39       -5.720810        0.0534
GPMin:   17 23:46:45       -5.726755        0.0517
GPMin:   18 23:46:51       -5.736285        0.0364
GPMin:   19 23:46:57       -5.747055        0.0402
GPMin:   20 23:47:03       -5.763643        0.0492
GPMin:   21 23:47:08       -5.782362        0.0603
GPMin:   22 23:47:15       -5.804903        0.0724
GPMin:   23 23:47:22       -5.833254        0.0770
GPMin:   24 23:47:29       -5.856051        0.0594
GPMin:   25 23:47:35       -5.866937        0.0321
GPMin:   26 23:47:41       -5.869782        0.0267
GPMin:   27 23:47:47       -5.871863        0.0207
GPMin:   28 23:47:52       -5.872912        0.0149
       Step     Time          Energy         fmax
GPMin:    0 23:48:03       -5.354107        0.4470
GPMin:    1 23:48:11       -5.516229        0.1562
GPMin:    2 23:48:18       -5.576007        0.1181
GPMin:    3 23:48:25       -5.634988        0.0834
GPMin:    4 23:48:31       -5.660585        0.0544
GPMin:    5 23:48:37       -5.669035        0.0495
GPMin:    6 23:48:43       -5.680026        0.0439
GPMin:    7 23:48:57       -5.680473        0.0659
GPMin:    8 23:49:12       -5.683427        0.0460
GPMin:    9 23:49:43       -5.685650        0.0371
GPMin:   10 23:49:59       -5.689864        0.1522
GPMin:   11 23:50:23       -5.702032        0.0903
GPMin:   12 23:50:37       -5.708026        0.0538
GPMin:   13 23:50:42       -5.710447        0.0458
GPMin:   14 23:50:48       -5.713787        0.0342
GPMin:   15 23:50:54       -5.715667        0.0355
GPMin:   16 23:51:00       -5.719584        0.0439
GPMin:   17 23:51:06       -5.726395        0.0422
GPMin:   18 23:51:12       -5.734760        0.0462
GPMin:   19 23:51:19       -5.745094        0.0537
GPMin:   20 23:51:25       -5.759795        0.0571
GPMin:   21 23:51:31       -5.776213        0.0582
GPMin:   22 23:51:38       -5.797485        0.0624
GPMin:   23 23:51:44       -5.824792        0.0694
GPMin:   24 23:51:51       -5.849482        0.0607
GPMin:   25 23:51:57       -5.864021        0.0421
GPMin:   26 23:52:03       -5.869200        0.0262
GPMin:   27 23:52:08       -5.870967        0.0233
GPMin:   28 23:52:14       -5.872797        0.0197
       Step     Time          Energy         fmax
GPMin:    0 23:52:26       -5.410406        0.2259
GPMin:    1 23:52:33       -5.532298        0.1730
GPMin:    2 23:52:40       -5.628439        0.1388
GPMin:    3 23:52:48       -5.686725        0.1145
GPMin:    4 23:52:54       -5.714423        0.1010
GPMin:    5 23:53:01       -5.732720        0.0665
GPMin:    6 23:53:07       -5.739790        0.0508
GPMin:    7 23:53:13       -5.749059        0.0436
GPMin:    8 23:53:20       -5.760778        0.0488
GPMin:    9 23:53:26       -5.775735        0.0580
GPMin:   10 23:53:32       -5.799754        0.0692
GPMin:   11 23:53:39       -5.825822        0.0751
GPMin:   12 23:53:45       -5.849144        0.0691
GPMin:   13 23:53:52       -5.864409        0.0449
GPMin:   14 23:53:57       -5.868863        0.0242
GPMin:   15 23:54:03       -5.870830        0.0225
GPMin:   16 23:54:09       -5.872608        0.0142
       Step     Time          Energy         fmax
GPMin:    0 23:54:19       -5.336785        0.2517
GPMin:    1 23:54:27       -5.500605        0.2199
GPMin:    2 23:54:34       -5.604078        0.1763
GPMin:    3 23:54:42       -5.670793        0.1092
GPMin:    4 23:54:49       -5.698139        0.0615
GPMin:    5 23:54:55       -5.706447        0.0430
GPMin:    6 23:55:01       -5.712407        0.0378
GPMin:    7 23:55:07       -5.717848        0.0346
GPMin:    8 23:55:13       -5.722637        0.0390
GPMin:    9 23:55:19       -5.729778        0.0425
GPMin:   10 23:55:25       -5.740727        0.0552
GPMin:   11 23:55:32       -5.751940        0.0593
GPMin:   12 23:55:38       -5.771132        0.0575
GPMin:   13 23:55:45       -5.787745        0.0682
GPMin:   14 23:55:51       -5.812035        0.0727
GPMin:   15 23:55:58       -5.836363        0.0740
GPMin:   16 23:56:05       -5.855935        0.0628
GPMin:   17 23:56:11       -5.866425        0.0312
GPMin:   18 23:56:17       -5.870044        0.0240
GPMin:   19 23:56:23       -5.872009        0.0193
       Step     Time          Energy         fmax
GPMin:    0 23:56:33       -5.354108        0.4469
GPMin:    1 23:56:41       -5.516236        0.1562
GPMin:    2 23:56:48       -5.576029        0.1181
GPMin:    3 23:56:54       -5.634979        0.0834
GPMin:    4 23:57:01       -5.660581        0.0544
GPMin:    5 23:57:08       -5.669032        0.0495
GPMin:    6 23:57:14       -5.680044        0.0438
GPMin:    7 23:57:29       -5.680457        0.0658
GPMin:    8 23:57:44       -5.683439        0.0462
GPMin:    9 23:58:17       -5.685577        0.0371
GPMin:   10 23:58:34       -5.691653        0.1463
GPMin:   11 23:58:58       -5.694373        0.1260
GPMin:   12 23:59:05       -5.706377        0.0599
GPMin:   13 23:59:12       -5.706441        0.0607
GPMin:   14 23:59:19       -5.711123        0.0399
GPMin:   15 23:59:25       -5.713797        0.0282
GPMin:   16 23:59:32       -5.715681        0.0493
GPMin:   17 23:59:38       -5.718124        0.0414
GPMin:   18 23:59:45       -5.724118        0.0481
GPMin:   19 23:59:51       -5.736119        0.0410
GPMin:   20 23:59:58       -5.746418        0.0490
GPMin:   21 00:00:05       -5.757885        0.0604
GPMin:   22 00:00:11       -5.775194        0.0638
GPMin:   23 00:00:18       -5.795065        0.0696
GPMin:   24 00:00:25       -5.822088        0.0765
GPMin:   25 00:00:32       -5.848138        0.0596
GPMin:   26 00:00:39       -5.862644        0.0429
GPMin:   27 00:00:45       -5.868754        0.0307
GPMin:   28 00:00:52       -5.870697        0.0232
GPMin:   29 00:00:58       -5.872376        0.0234
GPMin:   30 00:01:04       -5.873286        0.0096
       Step     Time          Energy         fmax
GPMin:    0 00:01:14       -5.473933        0.1893
GPMin:    1 00:01:22       -5.597156        0.1631
GPMin:    2 00:01:30       -5.662894        0.1338
GPMin:    3 00:01:37       -5.703475        0.0789
GPMin:    4 00:01:43       -5.720608        0.0417
GPMin:    5 00:01:48       -5.729139        0.0408
GPMin:    6 00:01:54       -5.737950        0.0348
GPMin:    7 00:02:00       -5.749787        0.0366
GPMin:    8 00:02:06       -5.764650        0.0524
GPMin:    9 00:02:12       -5.784997        0.0671
GPMin:   10 00:02:19       -5.810450        0.0728
GPMin:   11 00:02:25       -5.840395        0.0715
GPMin:   12 00:02:32       -5.861323        0.0450
GPMin:   13 00:02:38       -5.868360        0.0301
GPMin:   14 00:02:43       -5.870888        0.0261
GPMin:   15 00:02:49       -5.872771        0.0176
       Step     Time          Energy         fmax
GPMin:    0 00:02:59       -5.183284        0.6975
GPMin:    1 00:03:07       -5.455463        0.1981
GPMin:    2 00:03:15       -5.525872        0.1705
GPMin:    3 00:03:22       -5.584775        0.1455
GPMin:    4 00:03:29       -5.641979        0.1056
GPMin:    5 00:03:35       -5.667200        0.0949
GPMin:    6 00:03:41       -5.677732        0.0853
GPMin:    7 00:03:55       -5.698754        0.1143
GPMin:    8 00:04:09       -5.713005        0.0572
GPMin:    9 00:04:15       -5.722541        0.0532
GPMin:   10 00:04:24       -5.728218        0.0404
GPMin:   11 00:04:30       -5.736110        0.0403
GPMin:   12 00:04:36       -5.745837        0.0478
GPMin:   13 00:04:42       -5.759389        0.0472
GPMin:   14 00:04:48       -5.772912        0.0531
GPMin:   15 00:04:54       -5.792160        0.0681
GPMin:   16 00:05:00       -5.813578        0.0730
GPMin:   17 00:05:07       -5.836357        0.0737
GPMin:   18 00:05:13       -5.855432        0.0594
GPMin:   19 00:05:20       -5.866273        0.0333
GPMin:   20 00:05:26       -5.869533        0.0313
GPMin:   21 00:05:31       -5.871248        0.0262
GPMin:   22 00:05:36       -5.872719        0.0188
       Step     Time          Energy         fmax
GPMin:    0 00:05:46       -5.536924        0.2208
GPMin:    1 00:05:54       -5.657944        0.1485
GPMin:    2 00:06:01       -5.709913        0.1028
GPMin:    3 00:06:07       -5.734778        0.0624
GPMin:    4 00:06:14       -5.747377        0.0436
GPMin:    5 00:06:21       -5.757433        0.0490
GPMin:    6 00:06:27       -5.772878        0.0532
GPMin:    7 00:06:34       -5.795559        0.0595
GPMin:    8 00:06:40       -5.824859        0.0716
GPMin:    9 00:06:47       -5.850155        0.0703
GPMin:   10 00:06:53       -5.865532        0.0360
GPMin:   11 00:06:59       -5.869166        0.0241
GPMin:   12 00:07:04       -5.871842        0.0211
GPMin:   13 00:07:10       -5.873333        0.0087
       Step     Time          Energy         fmax
GPMin:    0 00:07:20       -5.454165        0.3220
GPMin:    1 00:07:27       -5.566249        0.1692
GPMin:    2 00:07:35       -5.626816        0.0986
GPMin:    3 00:07:41       -5.652211        0.0583
GPMin:    4 00:07:47       -5.661600        0.0231
GPMin:    5 00:07:53       -5.663985        0.0215
GPMin:    6 00:07:59       -5.666568        0.0232
GPMin:    7 00:08:05       -5.672581        0.0276
GPMin:    8 00:08:20       -5.681262        0.0890
GPMin:    9 00:08:35       -5.683917        0.0743
GPMin:   10 00:08:51       -5.685894        0.0683
GPMin:   11 00:09:21       -5.693532        0.1042
GPMin:   12 00:09:26       -5.704661        0.0484
GPMin:   13 00:09:32       -5.712802        0.0610
GPMin:   14 00:09:39       -5.719773        0.0634
GPMin:   15 00:09:45       -5.731652        0.0662
GPMin:   16 00:09:52       -5.746131        0.0612
GPMin:   17 00:09:58       -5.760582        0.0544
GPMin:   18 00:10:04       -5.774573        0.0543
GPMin:   19 00:10:11       -5.793480        0.0565
GPMin:   20 00:10:17       -5.814256        0.0674
GPMin:   21 00:10:23       -5.836807        0.0744
GPMin:   22 00:10:30       -5.857315        0.0584
GPMin:   23 00:10:35       -5.867368        0.0295
GPMin:   24 00:10:41       -5.869983        0.0245
GPMin:   25 00:10:46       -5.872410        0.0166
       Step     Time          Energy         fmax
GPMin:    0 00:10:56       -5.454167        0.3220
GPMin:    1 00:11:03       -5.566250        0.1693
GPMin:    2 00:11:10       -5.626811        0.0987
GPMin:    3 00:11:17       -5.652199        0.0583
GPMin:    4 00:11:23       -5.661576        0.0231
GPMin:    5 00:11:29       -5.663950        0.0214
GPMin:    6 00:11:35       -5.666518        0.0231
GPMin:    7 00:11:41       -5.672525        0.0275
GPMin:    8 00:11:56       -5.681077        0.0893
GPMin:    9 00:12:11       -5.683732        0.0747
GPMin:   10 00:12:27       -5.685717        0.0686
GPMin:   11 00:12:56       -5.693135        0.1066
GPMin:   12 00:13:03       -5.704443        0.0489
GPMin:   13 00:13:09       -5.712748        0.0626
GPMin:   14 00:13:16       -5.720168        0.0651
GPMin:   15 00:13:22       -5.731518        0.0602
GPMin:   16 00:13:28       -5.745353        0.0556
GPMin:   17 00:13:34       -5.758846        0.0529
GPMin:   18 00:13:41       -5.773038        0.0537
GPMin:   19 00:13:47       -5.790729        0.0556
GPMin:   20 00:13:53       -5.810602        0.0644
GPMin:   21 00:14:00       -5.833345        0.0731
GPMin:   22 00:14:06       -5.857446        0.0578
GPMin:   23 00:14:12       -5.867382        0.0299
GPMin:   24 00:14:18       -5.869820        0.0257
GPMin:   25 00:14:24       -5.872227        0.0171
       Step     Time          Energy         fmax
GPMin:    0 00:14:33       -5.336785        0.2516
GPMin:    1 00:14:41       -5.500615        0.2199
GPMin:    2 00:14:48       -5.604082        0.1763
GPMin:    3 00:14:55       -5.670799        0.1092
GPMin:    4 00:15:02       -5.698142        0.0615
GPMin:    5 00:15:08       -5.706448        0.0430
GPMin:    6 00:15:14       -5.712409        0.0378
GPMin:    7 00:15:20       -5.717849        0.0345
GPMin:    8 00:15:25       -5.722639        0.0390
GPMin:    9 00:15:31       -5.729782        0.0425
GPMin:   10 00:15:37       -5.740731        0.0552
GPMin:   11 00:15:44       -5.751944        0.0593
GPMin:   12 00:15:50       -5.771135        0.0575
GPMin:   13 00:15:57       -5.787745        0.0682
GPMin:   14 00:16:03       -5.812026        0.0727
GPMin:   15 00:16:10       -5.836354        0.0740
GPMin:   16 00:16:16       -5.855934        0.0628
GPMin:   17 00:16:22       -5.866425        0.0312
GPMin:   18 00:16:28       -5.870043        0.0240
GPMin:   19 00:16:34       -5.872009        0.0193
       Step     Time          Energy         fmax
GPMin:    0 00:16:43       -5.336785        0.2517
GPMin:    1 00:16:51       -5.500611        0.2199
GPMin:    2 00:16:58       -5.604068        0.1763
GPMin:    3 00:17:05       -5.670786        0.1092
GPMin:    4 00:17:11       -5.698136        0.0615
GPMin:    5 00:17:18       -5.706442        0.0430
GPMin:    6 00:17:23       -5.712401        0.0378
GPMin:    7 00:17:29       -5.717841        0.0346
GPMin:    8 00:17:34       -5.722627        0.0390
GPMin:    9 00:17:40       -5.729766        0.0425
GPMin:   10 00:17:46       -5.740712        0.0552
GPMin:   11 00:17:52       -5.751924        0.0593
GPMin:   12 00:17:59       -5.771122        0.0575
GPMin:   13 00:18:05       -5.787737        0.0682
GPMin:   14 00:18:12       -5.812048        0.0727
GPMin:   15 00:18:18       -5.836375        0.0740
GPMin:   16 00:18:24       -5.855931        0.0629
GPMin:   17 00:18:31       -5.866422        0.0312
GPMin:   18 00:18:37       -5.870042        0.0240
GPMin:   19 00:18:42       -5.872006        0.0193
       Step     Time          Energy         fmax
GPMin:    0 00:18:53       -5.473934        0.1892
GPMin:    1 00:19:01       -5.597062        0.1631
GPMin:    2 00:19:08       -5.662865        0.1338
GPMin:    3 00:19:15       -5.703461        0.0789
GPMin:    4 00:19:21       -5.720601        0.0417
GPMin:    5 00:19:26       -5.729136        0.0408
GPMin:    6 00:19:32       -5.737943        0.0348
GPMin:    7 00:19:38       -5.749778        0.0366
GPMin:    8 00:19:44       -5.764643        0.0524
GPMin:    9 00:19:50       -5.784988        0.0671
GPMin:   10 00:19:57       -5.810436        0.0728
GPMin:   11 00:20:03       -5.840383        0.0715
GPMin:   12 00:20:09       -5.861314        0.0451
GPMin:   13 00:20:15       -5.868357        0.0301
GPMin:   14 00:20:20       -5.870886        0.0261
GPMin:   15 00:20:26       -5.872771        0.0175
       Step     Time          Energy         fmax
GPMin:    0 00:20:36       -5.354108        0.4469
GPMin:    1 00:20:43       -5.516259        0.1562
GPMin:    2 00:20:50       -5.576052        0.1181
GPMin:    3 00:20:57       -5.635018        0.0834
GPMin:    4 00:21:03       -5.660616        0.0545
GPMin:    5 00:21:08       -5.669064        0.0496
GPMin:    6 00:21:15       -5.680136        0.0439
GPMin:    7 00:21:28       -5.680445        0.0663
GPMin:    8 00:21:42       -5.683515        0.0465
GPMin:    9 00:22:21       -5.685375        0.0382
GPMin:   10 00:22:45       -5.685459        0.1548
GPMin:   11 00:23:08       -5.707757        0.0685
GPMin:   12 00:23:15       -5.713401        0.0503
GPMin:   13 00:23:21       -5.715952        0.0396
GPMin:   14 00:23:27       -5.718002        0.0358
GPMin:   15 00:23:32       -5.721514        0.0427
GPMin:   16 00:23:38       -5.729408        0.0526
GPMin:   17 00:23:44       -5.742062        0.0452
GPMin:   18 00:23:50       -5.756583        0.0484
GPMin:   19 00:23:56       -5.768754        0.0567
GPMin:   20 00:24:02       -5.789837        0.0657
GPMin:   21 00:24:08       -5.806885        0.0751
GPMin:   22 00:24:14       -5.831324        0.0759
GPMin:   23 00:24:21       -5.855495        0.0572
GPMin:   24 00:24:27       -5.865454        0.0320
GPMin:   25 00:24:32       -5.869097        0.0263
GPMin:   26 00:24:37       -5.871309        0.0223
GPMin:   27 00:24:42       -5.872618        0.0173
       Step     Time          Energy         fmax
GPMin:    0 00:24:54       -5.410405        0.2260
GPMin:    1 00:25:02       -5.532305        0.1730
GPMin:    2 00:25:09       -5.628451        0.1388
GPMin:    3 00:25:15       -5.686741        0.1145
GPMin:    4 00:25:22       -5.714428        0.1010
GPMin:    5 00:25:28       -5.732729        0.0665
GPMin:    6 00:25:34       -5.739796        0.0508
GPMin:    7 00:25:40       -5.749071        0.0436
GPMin:    8 00:25:46       -5.760796        0.0488
GPMin:    9 00:25:53       -5.775751        0.0581
GPMin:   10 00:25:59       -5.799771        0.0692
GPMin:   11 00:26:06       -5.825845        0.0751
GPMin:   12 00:26:12       -5.849161        0.0691
GPMin:   13 00:26:19       -5.864413        0.0449
GPMin:   14 00:26:24       -5.868866        0.0242
GPMin:   15 00:26:30       -5.870831        0.0226
GPMin:   16 00:26:36       -5.872609        0.0142
       Step     Time          Energy         fmax
GPMin:    0 00:26:47       -4.816070        1.1613
GPMin:    1 00:26:55       -5.320751        0.4908
GPMin:    2 00:27:03       -5.475136        0.2205
GPMin:    3 00:27:10       -5.529586        0.1781
GPMin:    4 00:27:17       -5.576962        0.1618
GPMin:    5 00:27:23       -5.622478        0.1218
GPMin:    6 00:27:30       -5.644309        0.1133
GPMin:    7 00:27:35       -5.651841        0.0860
GPMin:    8 00:27:41       -5.658274        0.0500
GPMin:    9 00:27:48       -5.666334        0.0524
GPMin:   10 00:27:53       -5.670429        0.0442
GPMin:   11 00:28:00       -5.680976        0.0420
GPMin:   12 00:28:05       -5.682772        0.0330
GPMin:   13 00:28:18       -5.695376        0.1067
GPMin:   14 00:28:33       -5.701955        0.0390
GPMin:   15 00:28:39       -5.707559        0.0484
GPMin:   16 00:28:46       -5.726070        0.0584
GPMin:   17 00:28:54       -5.732938        0.1031
GPMin:   18 00:28:59       -5.739754        0.0966
GPMin:   19 00:29:05       -5.761235        0.0648
GPMin:   20 00:29:11       -5.775855        0.0578
GPMin:   21 00:29:16       -5.788848        0.0683
GPMin:   22 00:29:22       -5.802774        0.0652
GPMin:   23 00:29:29       -5.819358        0.0898
GPMin:   24 00:29:35       -5.837479        0.0939
GPMin:   25 00:29:41       -5.854973        0.0729
GPMin:   26 00:29:48       -5.864806        0.0469
GPMin:   27 00:29:54       -5.868437        0.0356
GPMin:   28 00:30:00       -5.870342        0.0305
GPMin:   29 00:30:05       -5.872231        0.0247
GPMin:   30 00:30:10       -5.872964        0.0182
       Step     Time          Energy         fmax
GPMin:    0 00:30:21       -5.354107        0.4468
GPMin:    1 00:30:29       -5.516263        0.1561
GPMin:    2 00:30:36       -5.576055        0.1180
GPMin:    3 00:30:43       -5.634999        0.0834
GPMin:    4 00:30:49       -5.660600        0.0544
GPMin:    5 00:30:55       -5.669050        0.0495
GPMin:    6 00:31:01       -5.680082        0.0438
GPMin:    7 00:31:15       -5.680473        0.0658
GPMin:    8 00:31:29       -5.683475        0.0463
GPMin:    9 00:31:58       -5.685552        0.0371
GPMin:   10 00:32:14       -5.692277        0.1434
GPMin:   11 00:32:36       -5.702414        0.0674
GPMin:   12 00:32:51       -5.708442        0.0613
GPMin:   13 00:32:57       -5.711700        0.0511
GPMin:   14 00:33:02       -5.714748        0.0305
GPMin:   15 00:33:08       -5.716942        0.0352
GPMin:   16 00:33:14       -5.722873        0.0435
GPMin:   17 00:33:19       -5.733445        0.0429
GPMin:   18 00:33:26       -5.743946        0.0401
GPMin:   19 00:33:32       -5.754974        0.0608
GPMin:   20 00:33:38       -5.773331        0.0681
GPMin:   21 00:33:44       -5.790326        0.0685
GPMin:   22 00:33:50       -5.817702        0.0737
GPMin:   23 00:33:57       -5.843984        0.0652
GPMin:   24 00:34:03       -5.860544        0.0432
GPMin:   25 00:34:10       -5.868278        0.0275
GPMin:   26 00:34:15       -5.870305        0.0230
GPMin:   27 00:34:21       -5.872320        0.0222
GPMin:   28 00:34:26       -5.873196        0.0121
       Step     Time          Energy         fmax
GPMin:    0 00:34:36       -5.336786        0.2517
GPMin:    1 00:34:43       -5.500584        0.2199
GPMin:    2 00:34:50       -5.604069        0.1763
GPMin:    3 00:34:57       -5.670792        0.1092
GPMin:    4 00:35:04       -5.698140        0.0615
GPMin:    5 00:35:11       -5.706448        0.0430
GPMin:    6 00:35:16       -5.712408        0.0378
GPMin:    7 00:35:22       -5.717848        0.0346
GPMin:    8 00:35:27       -5.722637        0.0390
GPMin:    9 00:35:33       -5.729779        0.0425
GPMin:   10 00:35:39       -5.740728        0.0552
GPMin:   11 00:35:45       -5.751941        0.0593
GPMin:   12 00:35:52       -5.771133        0.0575
GPMin:   13 00:35:58       -5.787745        0.0682
GPMin:   14 00:36:04       -5.812034        0.0727
GPMin:   15 00:36:11       -5.836363        0.0740
GPMin:   16 00:36:17       -5.855935        0.0628
GPMin:   17 00:36:24       -5.866426        0.0312
GPMin:   18 00:36:29       -5.870044        0.0240
GPMin:   19 00:36:35       -5.872009        0.0193
       Step     Time          Energy         fmax
GPMin:    0 00:36:46       -5.490267        0.3820
GPMin:    1 00:36:53       -5.618771        0.1890
GPMin:    2 00:37:00       -5.687222        0.1213
GPMin:    3 00:37:07       -5.727278        0.0818
GPMin:    4 00:37:14       -5.746426        0.0558
GPMin:    5 00:37:20       -5.757664        0.0384
GPMin:    6 00:37:26       -5.771358        0.0556
GPMin:    7 00:37:32       -5.792829        0.0685
GPMin:    8 00:37:39       -5.818461        0.0784
GPMin:    9 00:37:45       -5.844066        0.0719
GPMin:   10 00:37:52       -5.862852        0.0485
GPMin:   11 00:37:57       -5.868825        0.0265
GPMin:   12 00:38:03       -5.871105        0.0234
GPMin:   13 00:38:09       -5.873016        0.0184
       Step     Time          Energy         fmax
GPMin:    0 00:38:20       -5.089890        0.3660
GPMin:    1 00:38:28       -5.344061        0.2695
GPMin:    2 00:38:35       -5.476528        0.2222
GPMin:    3 00:38:41       -5.556751        0.1993
GPMin:    4 00:38:48       -5.608067        0.1598
GPMin:    5 00:38:54       -5.645293        0.1046
GPMin:    6 00:39:00       -5.671293        0.0747
GPMin:    7 00:39:05       -5.682837        0.0714
GPMin:    8 00:39:11       -5.696779        0.0632
GPMin:    9 00:39:17       -5.711019        0.0443
GPMin:   10 00:39:23       -5.719219        0.0428
GPMin:   11 00:39:28       -5.723610        0.0303
GPMin:   12 00:39:34       -5.727865        0.0362
GPMin:   13 00:39:40       -5.734390        0.0403
GPMin:   14 00:39:45       -5.745134        0.0464
GPMin:   15 00:39:52       -5.758547        0.0652
GPMin:   16 00:39:58       -5.774252        0.0808
GPMin:   17 00:40:05       -5.793605        0.0729
GPMin:   18 00:40:11       -5.812626        0.0791
GPMin:   19 00:40:17       -5.832690        0.0786
GPMin:   20 00:40:24       -5.851426        0.0637
GPMin:   21 00:40:30       -5.862242        0.0388
GPMin:   22 00:40:36       -5.867606        0.0346
GPMin:   23 00:40:42       -5.870665        0.0238
GPMin:   24 00:40:47       -5.872189        0.0213
GPMin:   25 00:40:53       -5.873009        0.0155
       Step     Time          Energy         fmax
GPMin:    0 00:41:02       -5.536925        0.2208
GPMin:    1 00:41:09       -5.657983        0.1485
GPMin:    2 00:41:16       -5.709928        0.1027
GPMin:    3 00:41:23       -5.734785        0.0624
GPMin:    4 00:41:29       -5.747384        0.0436
GPMin:    5 00:41:35       -5.757443        0.0490
GPMin:    6 00:41:41       -5.772891        0.0532
GPMin:    7 00:41:47       -5.795576        0.0595
GPMin:    8 00:41:54       -5.824854        0.0716
GPMin:    9 00:42:00       -5.850154        0.0703
GPMin:   10 00:42:06       -5.865531        0.0360
GPMin:   11 00:42:12       -5.869166        0.0241
GPMin:   12 00:42:17       -5.871842        0.0211
GPMin:   13 00:42:22       -5.873332        0.0087
       Step     Time          Energy         fmax
GPMin:    0 00:42:33       -5.473934        0.1892
GPMin:    1 00:42:40       -5.597129        0.1631
GPMin:    2 00:42:47       -5.662883        0.1338
GPMin:    3 00:42:55       -5.703468        0.0789
GPMin:    4 00:43:00       -5.720608        0.0417
GPMin:    5 00:43:06       -5.729140        0.0408
GPMin:    6 00:43:12       -5.737949        0.0348
GPMin:    7 00:43:17       -5.749785        0.0366
GPMin:    8 00:43:23       -5.764650        0.0524
GPMin:    9 00:43:29       -5.785001        0.0671
GPMin:   10 00:43:36       -5.810457        0.0728
GPMin:   11 00:43:42       -5.840401        0.0715
GPMin:   12 00:43:49       -5.861329        0.0450
GPMin:   13 00:43:54       -5.868361        0.0301
GPMin:   14 00:44:00       -5.870889        0.0261
GPMin:   15 00:44:06       -5.872772        0.0175
       Step     Time          Energy         fmax
GPMin:    0 00:44:16       -4.832356        1.0524
GPMin:    1 00:44:24       -5.362426        0.3964
GPMin:    2 00:44:32       -5.518344        0.1856
GPMin:    3 00:44:39       -5.571217        0.1743
GPMin:    4 00:44:45       -5.620900        0.1331
GPMin:    5 00:44:52       -5.656516        0.0998
GPMin:    6 00:44:58       -5.664921        0.0836
GPMin:    7 00:45:04       -5.673541        0.0431
GPMin:    8 00:45:10       -5.677776        0.0347
GPMin:    9 00:45:24       -5.682954        0.0470
GPMin:   10 00:45:53       -5.689997        0.0714
GPMin:   11 00:45:58       -5.693093        0.0619
GPMin:   12 00:46:05       -5.700671        0.0440
GPMin:   13 00:46:11       -5.709161        0.0431
GPMin:   14 00:46:16       -5.714453        0.0378
GPMin:   15 00:46:24       -5.734895        0.0958
GPMin:   16 00:46:31       -5.738867        0.1152
GPMin:   17 00:46:37       -5.745693        0.0916
GPMin:   18 00:46:43       -5.757635        0.0713
GPMin:   19 00:46:49       -5.768687        0.0681
GPMin:   20 00:46:55       -5.784209        0.0558
GPMin:   21 00:47:01       -5.800853        0.0583
GPMin:   22 00:47:07       -5.819785        0.0707
GPMin:   23 00:47:14       -5.838764        0.0712
GPMin:   24 00:47:20       -5.856218        0.0582
GPMin:   25 00:47:27       -5.866362        0.0406
GPMin:   26 00:47:32       -5.869820        0.0328
GPMin:   27 00:47:38       -5.871354        0.0268
GPMin:   28 00:47:43       -5.872437        0.0219
GPMin:   29 00:47:48       -5.873138        0.0123
       Step     Time          Energy         fmax
GPMin:    0 00:47:57       -5.454167        0.3221
GPMin:    1 00:48:04       -5.566249        0.1692
GPMin:    2 00:48:11       -5.626809        0.0987
GPMin:    3 00:48:17       -5.652205        0.0583
GPMin:    4 00:48:24       -5.661589        0.0231
GPMin:    5 00:48:29       -5.663972        0.0214
GPMin:    6 00:48:35       -5.666549        0.0232
GPMin:    7 00:48:41       -5.672567        0.0275
GPMin:    8 00:48:56       -5.681195        0.0893
GPMin:    9 00:49:11       -5.683850        0.0746
GPMin:   10 00:49:27       -5.685831        0.0686
GPMin:   11 00:49:56       -5.693303        0.1051
GPMin:   12 00:50:02       -5.704506        0.0486
GPMin:   13 00:50:08       -5.712805        0.0616
GPMin:   14 00:50:14       -5.719848        0.0640
GPMin:   15 00:50:21       -5.731586        0.0646
GPMin:   16 00:50:27       -5.745938        0.0592
GPMin:   17 00:50:34       -5.760079        0.0538
GPMin:   18 00:50:40       -5.774163        0.0540
GPMin:   19 00:50:47       -5.792695        0.0558
GPMin:   20 00:50:53       -5.813351        0.0664
GPMin:   21 00:51:00       -5.835725        0.0736
GPMin:   22 00:51:06       -5.857292        0.0585
GPMin:   23 00:51:12       -5.867384        0.0302
GPMin:   24 00:51:17       -5.869905        0.0257
GPMin:   25 00:51:23       -5.872363        0.0163
       Step     Time          Energy         fmax
GPMin:    0 00:51:34       -5.473934        0.1892
GPMin:    1 00:51:41       -5.597125        0.1631
GPMin:    2 00:51:48       -5.662880        0.1338
GPMin:    3 00:51:55       -5.703469        0.0789
GPMin:    4 00:52:01       -5.720605        0.0417
GPMin:    5 00:52:06       -5.729139        0.0408
GPMin:    6 00:52:12       -5.737949        0.0348
GPMin:    7 00:52:17       -5.749785        0.0366
GPMin:    8 00:52:23       -5.764648        0.0524
GPMin:    9 00:52:29       -5.784995        0.0671
GPMin:   10 00:52:36       -5.810447        0.0728
GPMin:   11 00:52:42       -5.840392        0.0715
GPMin:   12 00:52:49       -5.861321        0.0450
GPMin:   13 00:52:54       -5.868360        0.0301
GPMin:   14 00:53:00       -5.870888        0.0261
GPMin:   15 00:53:06       -5.872771        0.0175
       Step     Time          Energy         fmax
GPMin:    0 00:53:16       -5.396469        0.4135
GPMin:    1 00:53:23       -5.564286        0.1719
GPMin:    2 00:53:30       -5.633161        0.1354
GPMin:    3 00:53:37       -5.688735        0.1080
GPMin:    4 00:53:43       -5.727914        0.0769
GPMin:    5 00:53:49       -5.749034        0.0573
GPMin:    6 00:53:55       -5.760875        0.0440
GPMin:    7 00:54:02       -5.772574        0.0606
GPMin:    8 00:54:07       -5.790662        0.0719
GPMin:    9 00:54:14       -5.814498        0.0769
GPMin:   10 00:54:20       -5.839366        0.0699
GPMin:   11 00:54:26       -5.859090        0.0567
GPMin:   12 00:54:32       -5.867240        0.0341
GPMin:   13 00:54:38       -5.870019        0.0235
GPMin:   14 00:54:43       -5.872203        0.0205
GPMin:   15 00:54:48       -5.873230        0.0123
       Step     Time          Energy         fmax
GPMin:    0 00:54:59       -5.454166        0.3220
GPMin:    1 00:55:05       -5.566265        0.1692
GPMin:    2 00:55:12       -5.626814        0.0987
GPMin:    3 00:55:19       -5.652204        0.0583
GPMin:    4 00:55:25       -5.661580        0.0231
GPMin:    5 00:55:30       -5.663961        0.0214
GPMin:    6 00:55:36       -5.666530        0.0231
GPMin:    7 00:55:42       -5.672557        0.0275
GPMin:    8 00:55:57       -5.681045        0.0895
GPMin:    9 00:56:12       -5.683705        0.0748
GPMin:   10 00:56:28       -5.685690        0.0685
GPMin:   11 00:56:57       -5.692689        0.1099
GPMin:   12 00:57:04       -5.703947        0.0509
GPMin:   13 00:57:10       -5.712505        0.0618
GPMin:   14 00:57:16       -5.720116        0.0646
GPMin:   15 00:57:23       -5.730685        0.0564
GPMin:   16 00:57:29       -5.744229        0.0521
GPMin:   17 00:57:36       -5.757048        0.0523
GPMin:   18 00:57:42       -5.771166        0.0546
GPMin:   19 00:57:49       -5.788517        0.0563
GPMin:   20 00:57:55       -5.808688        0.0631
GPMin:   21 00:58:01       -5.834147        0.0732
GPMin:   22 00:58:07       -5.858224        0.0559
GPMin:   23 00:58:13       -5.868011        0.0291
GPMin:   24 00:58:18       -5.869992        0.0265
GPMin:   25 00:58:24       -5.872501        0.0158
       Step     Time          Energy         fmax
GPMin:    0 00:58:33       -5.473933        0.1893
GPMin:    1 00:58:41       -5.597160        0.1631
GPMin:    2 00:58:48       -5.662904        0.1338
GPMin:    3 00:58:55       -5.703477        0.0789
GPMin:    4 00:59:01       -5.720615        0.0417
GPMin:    5 00:59:06       -5.729144        0.0408
GPMin:    6 00:59:12       -5.737954        0.0348
GPMin:    7 00:59:18       -5.749791        0.0366
GPMin:    8 00:59:23       -5.764655        0.0524
GPMin:    9 00:59:30       -5.785007        0.0671
GPMin:   10 00:59:36       -5.810466        0.0728
GPMin:   11 00:59:43       -5.840409        0.0715
GPMin:   12 00:59:49       -5.861332        0.0450
GPMin:   13 00:59:55       -5.868362        0.0301
GPMin:   14 01:00:00       -5.870889        0.0261
GPMin:   15 01:00:06       -5.872772        0.0175
       Step     Time          Energy         fmax
GPMin:    0 01:00:16       -5.333760        0.6759
GPMin:    1 01:00:24       -5.533362        0.1701
GPMin:    2 01:00:31       -5.576763        0.1352
GPMin:    3 01:00:38       -5.616311        0.0879
GPMin:    4 01:00:44       -5.637617        0.0789
GPMin:    5 01:00:50       -5.649759        0.0739
GPMin:    6 01:00:56       -5.664492        0.0599
GPMin:    7 01:01:02       -5.672905        0.0525
GPMin:    8 01:01:08       -5.676843        0.0491
GPMin:    9 01:01:22       -5.681103        0.0656
GPMin:   10 01:01:37       -5.685167        0.0539
GPMin:   11 01:01:51       -5.689226        0.0412
GPMin:   12 01:01:58       -5.694407        0.0847
GPMin:   13 01:02:04       -5.701158        0.0726
GPMin:   14 01:02:10       -5.712607        0.0661
GPMin:   15 01:02:16       -5.725665        0.0613
GPMin:   16 01:02:22       -5.741536        0.0469
GPMin:   17 01:02:29       -5.754234        0.0520
GPMin:   18 01:02:35       -5.764670        0.0532
GPMin:   19 01:02:41       -5.776802        0.0537
GPMin:   20 01:02:48       -5.793641        0.0607
GPMin:   21 01:02:54       -5.816243        0.0708
GPMin:   22 01:03:01       -5.838455        0.0691
GPMin:   23 01:03:07       -5.859517        0.0505
GPMin:   24 01:03:13       -5.867125        0.0306
GPMin:   25 01:03:18       -5.869946        0.0277
GPMin:   26 01:03:24       -5.872511        0.0192
       Step     Time          Energy         fmax
GPMin:    0 01:03:35       -5.454166        0.3219
GPMin:    1 01:03:42       -5.566276        0.1692
GPMin:    2 01:03:49       -5.626819        0.0986
GPMin:    3 01:03:56       -5.652207        0.0583
GPMin:    4 01:04:02       -5.661591        0.0231
GPMin:    5 01:04:08       -5.663968        0.0215
GPMin:    6 01:04:13       -5.666542        0.0231
GPMin:    7 01:04:20       -5.672550        0.0275
GPMin:    8 01:04:34       -5.681105        0.0891
GPMin:    9 01:04:49       -5.683758        0.0744
GPMin:   10 01:05:04       -5.685738        0.0683
GPMin:   11 01:05:33       -5.693201        0.1082
GPMin:   12 01:05:39       -5.704376        0.0501
GPMin:   13 01:05:45       -5.712685        0.0624
GPMin:   14 01:05:52       -5.720445        0.0651
GPMin:   15 01:05:58       -5.731365        0.0573
GPMin:   16 01:06:05       -5.745007        0.0533
GPMin:   17 01:06:11       -5.758088        0.0527
GPMin:   18 01:06:18       -5.772339        0.0542
GPMin:   19 01:06:24       -5.789857        0.0563
GPMin:   20 01:06:30       -5.809701        0.0639
GPMin:   21 01:06:37       -5.833550        0.0737
GPMin:   22 01:06:43       -5.857978        0.0566
GPMin:   23 01:06:49       -5.867827        0.0297
GPMin:   24 01:06:55       -5.869963        0.0245
GPMin:   25 01:07:00       -5.872405        0.0169
       Step     Time          Energy         fmax
GPMin:    0 01:07:11       -5.508956        0.2966
GPMin:    1 01:07:19       -5.629931        0.1971
GPMin:    2 01:07:26       -5.709671        0.1523
GPMin:    3 01:07:33       -5.759782        0.1088
GPMin:    4 01:07:39       -5.781678        0.0678
GPMin:    5 01:07:46       -5.798405        0.0585
GPMin:    6 01:07:52       -5.820125        0.0719
GPMin:    7 01:07:58       -5.849022        0.0619
GPMin:    8 01:08:04       -5.866854        0.0381
GPMin:    9 01:08:10       -5.870138        0.0259
GPMin:   10 01:08:15       -5.871935        0.0192
       Step     Time          Energy         fmax
GPMin:    0 01:08:29       -5.336785        0.2516
GPMin:    1 01:08:36       -5.500585        0.2199
GPMin:    2 01:08:43       -5.604055        0.1763
GPMin:    3 01:08:50       -5.670784        0.1093
GPMin:    4 01:08:57       -5.698138        0.0615
GPMin:    5 01:09:03       -5.706446        0.0430
GPMin:    6 01:09:09       -5.712406        0.0378
GPMin:    7 01:09:15       -5.717847        0.0346
GPMin:    8 01:09:20       -5.722634        0.0390
GPMin:    9 01:09:26       -5.729774        0.0425
GPMin:   10 01:09:32       -5.740721        0.0552
GPMin:   11 01:09:39       -5.751934        0.0593
GPMin:   12 01:09:45       -5.771127        0.0575
GPMin:   13 01:09:52       -5.787742        0.0682
GPMin:   14 01:09:58       -5.812042        0.0727
GPMin:   15 01:10:04       -5.836369        0.0740
GPMin:   16 01:10:11       -5.855933        0.0628
GPMin:   17 01:10:17       -5.866424        0.0312
GPMin:   18 01:10:23       -5.870043        0.0240
GPMin:   19 01:10:29       -5.872009        0.0193
       Step     Time          Energy         fmax
GPMin:    0 01:10:39       -5.473935        0.1892
GPMin:    1 01:10:46       -5.597136        0.1631
GPMin:    2 01:10:54       -5.662884        0.1338
GPMin:    3 01:11:01       -5.703470        0.0789
GPMin:    4 01:11:06       -5.720608        0.0417
GPMin:    5 01:11:12       -5.729141        0.0408
GPMin:    6 01:11:17       -5.737951        0.0348
GPMin:    7 01:11:23       -5.749788        0.0366
GPMin:    8 01:11:28       -5.764652        0.0524
GPMin:    9 01:11:35       -5.785002        0.0671
GPMin:   10 01:11:41       -5.810456        0.0728
GPMin:   11 01:11:47       -5.840401        0.0715
GPMin:   12 01:11:53       -5.861329        0.0450
GPMin:   13 01:11:59       -5.868362        0.0301
GPMin:   14 01:12:04       -5.870889        0.0261
GPMin:   15 01:12:10       -5.872772        0.0176
       Step     Time          Energy         fmax
GPMin:    0 01:12:20       -5.104314        0.6953
GPMin:    1 01:12:28       -5.361478        0.2149
GPMin:    2 01:12:35       -5.450813        0.2315
GPMin:    3 01:12:42       -5.534535        0.1699
GPMin:    4 01:12:49       -5.599481        0.1206
GPMin:    5 01:12:56       -5.626260        0.1062
GPMin:    6 01:13:02       -5.652360        0.0827
GPMin:    7 01:13:09       -5.666442        0.0514
GPMin:    8 01:13:14       -5.671434        0.0397
GPMin:    9 01:13:20       -5.676067        0.0212
GPMin:   10 01:13:34       -5.677428        0.0189
       Step     Time          Energy         fmax
GPMin:    0 01:13:44       -5.620089        0.1974
GPMin:    1 01:13:51       -5.682114        0.1117
GPMin:    2 01:13:58       -5.720683        0.0613
GPMin:    3 01:14:06       -5.734043        0.0547
GPMin:    4 01:14:13       -5.746931        0.0437
GPMin:    5 01:14:19       -5.762350        0.0543
GPMin:    6 01:14:25       -5.783596        0.0654
GPMin:    7 01:14:32       -5.810711        0.0720
GPMin:    8 01:14:38       -5.841117        0.0701
GPMin:    9 01:14:44       -5.862264        0.0442
GPMin:   10 01:14:50       -5.869226        0.0258
GPMin:   11 01:14:56       -5.872063        0.0193
       Step     Time          Energy         fmax
GPMin:    0 01:15:06       -5.620089        0.1975
GPMin:    1 01:15:13       -5.682074        0.1116
GPMin:    2 01:15:20       -5.720668        0.0615
GPMin:    3 01:15:27       -5.734018        0.0549
GPMin:    4 01:15:34       -5.746902        0.0438
GPMin:    5 01:15:40       -5.762319        0.0543
GPMin:    6 01:15:47       -5.783542        0.0653
GPMin:    7 01:15:53       -5.810633        0.0720
GPMin:    8 01:16:00       -5.841035        0.0702
GPMin:    9 01:16:06       -5.862214        0.0444
GPMin:   10 01:16:12       -5.869206        0.0258
GPMin:   11 01:16:18       -5.872049        0.0194
       Step     Time          Energy         fmax
GPMin:    0 01:16:28       -5.462447        0.4175
GPMin:    1 01:16:36       -5.604820        0.1798
GPMin:    2 01:16:43       -5.666650        0.1186
GPMin:    3 01:16:49       -5.689903        0.0589
GPMin:    4 01:16:56       -5.699280        0.0477
GPMin:    5 01:17:01       -5.706147        0.0476
GPMin:    6 01:17:08       -5.716773        0.0441
GPMin:    7 01:17:38       -5.721906        0.0489
GPMin:    8 01:17:54       -5.725731        0.0440
GPMin:    9 01:18:09       -5.736721        0.0792
GPMin:   10 01:18:15       -5.746514        0.0942
GPMin:   11 01:18:22       -5.761349        0.0998
GPMin:   12 01:18:28       -5.782284        0.0920
GPMin:   13 01:18:34       -5.804518        0.0678
GPMin:   14 01:18:41       -5.822958        0.0684
GPMin:   15 01:18:47       -5.847690        0.0629
GPMin:   16 01:18:53       -5.863048        0.0420
GPMin:   17 01:18:59       -5.868165        0.0314
GPMin:   18 01:19:04       -5.870898        0.0233
GPMin:   19 01:19:09       -5.872653        0.0135
       Step     Time          Energy         fmax
GPMin:    0 01:19:19       -5.442678        0.2840
GPMin:    1 01:19:27       -5.613136        0.1802
GPMin:    2 01:19:34       -5.688137        0.1408
GPMin:    3 01:19:40       -5.718270        0.0928
GPMin:    4 01:19:47       -5.736255        0.0606
GPMin:    5 01:19:54       -5.749723        0.0482
GPMin:    6 01:20:00       -5.762550        0.0564
GPMin:    7 01:20:07       -5.776742        0.0639
GPMin:    8 01:20:13       -5.792748        0.0664
GPMin:    9 01:20:20       -5.815249        0.0742
GPMin:   10 01:20:26       -5.841926        0.0729
GPMin:   11 01:20:32       -5.861749        0.0475
GPMin:   12 01:20:38       -5.868215        0.0276
GPMin:   13 01:20:44       -5.870505        0.0240
GPMin:   14 01:20:50       -5.872619        0.0165
       Step     Time          Energy         fmax
GPMin:    0 01:21:00       -5.395996        0.1912
GPMin:    1 01:21:07       -5.520521        0.1446
GPMin:    2 01:21:14       -5.585662        0.1232
GPMin:    3 01:21:20       -5.635115        0.1262
GPMin:    4 01:21:27       -5.679419        0.1072
GPMin:    5 01:21:34       -5.703752        0.0506
GPMin:    6 01:21:41       -5.711512        0.0253
GPMin:    7 01:21:46       -5.713355        0.0205
GPMin:    8 01:21:52       -5.715634        0.0167
       Step     Time          Energy         fmax
GPMin:    0 01:22:02       -5.595614        0.2408
GPMin:    1 01:22:09       -5.654241        0.1405
GPMin:    2 01:22:17       -5.708323        0.0681
GPMin:    3 01:22:24       -5.722291        0.0357
GPMin:    4 01:22:30       -5.725146        0.0213
GPMin:    5 01:22:36       -5.726807        0.0170
       Step     Time          Energy         fmax
GPMin:    0 01:22:46       -5.582403        0.4780
GPMin:    1 01:22:54       -5.689918        0.0985
GPMin:    2 01:23:01       -5.709023        0.0617
GPMin:    3 01:23:08       -5.714963        0.0302
GPMin:    4 01:23:14       -5.717886        0.0312
GPMin:    5 01:23:20       -5.720960        0.0186
       Step     Time          Energy         fmax
GPMin:    0 01:23:29       -5.582403        0.4779
GPMin:    1 01:23:36       -5.689906        0.0985
GPMin:    2 01:23:44       -5.709021        0.0618
GPMin:    3 01:23:50       -5.714962        0.0302
GPMin:    4 01:23:56       -5.717887        0.0312
GPMin:    5 01:24:02       -5.720960        0.0185
       Step     Time          Energy         fmax
GPMin:    0 01:24:13       -5.460575        0.3695
GPMin:    1 01:24:21       -5.577813        0.2039
GPMin:    2 01:24:28       -5.658847        0.1243
GPMin:    3 01:24:35       -5.704298        0.0836
GPMin:    4 01:24:41       -5.736753        0.0625
GPMin:    5 01:24:47       -5.754481        0.0508
GPMin:    6 01:24:53       -5.765619        0.0461
GPMin:    7 01:24:59       -5.780642        0.0668
GPMin:    8 01:25:05       -5.805841        0.0788
GPMin:    9 01:25:11       -5.834136        0.0753
GPMin:   10 01:25:18       -5.857097        0.0609
GPMin:   11 01:25:24       -5.866367        0.0335
GPMin:   12 01:25:30       -5.869464        0.0240
GPMin:   13 01:25:36       -5.871922        0.0239
GPMin:   14 01:25:42       -5.873299        0.0097
       Step     Time          Energy         fmax
GPMin:    0 01:25:53       -5.522181        0.2012
GPMin:    1 01:26:00       -5.618852        0.1540
GPMin:    2 01:26:07       -5.672475        0.0761
GPMin:    3 01:26:13       -5.689993        0.0468
GPMin:    4 01:26:19       -5.701541        0.0452
GPMin:    5 01:26:26       -5.711395        0.0398
GPMin:    6 01:26:32       -5.718691        0.0431
GPMin:    7 01:26:38       -5.731045        0.0393
GPMin:    8 01:26:45       -5.736560        0.0399
GPMin:    9 01:26:52       -5.750046        0.0589
GPMin:   10 01:26:57       -5.759684        0.0553
GPMin:   11 01:27:03       -5.782057        0.0593
GPMin:   12 01:27:09       -5.804438        0.0638
GPMin:   13 01:27:15       -5.835349        0.0715
GPMin:   14 01:27:22       -5.856768        0.0599
GPMin:   15 01:27:28       -5.868337        0.0287
GPMin:   16 01:27:33       -5.870448        0.0226
GPMin:   17 01:27:39       -5.872787        0.0136
       Step     Time          Energy         fmax
GPMin:    0 01:27:48       -5.437497        0.2129
GPMin:    1 01:27:56       -5.562911        0.1469
GPMin:    2 01:28:03       -5.625118        0.0860
GPMin:    3 01:28:09       -5.656242        0.0456
GPMin:    4 01:28:15       -5.667623        0.0397
GPMin:    5 01:28:21       -5.673474        0.0407
GPMin:    6 01:28:27       -5.678120        0.0395
GPMin:    7 01:28:33       -5.692815        0.1032
GPMin:    8 01:28:40       -5.706448        0.0790
GPMin:    9 01:28:46       -5.720622        0.0543
GPMin:   10 01:28:53       -5.724903        0.0543
GPMin:   11 01:28:59       -5.731655        0.0645
GPMin:   12 01:29:05       -5.744845        0.0510
GPMin:   13 01:29:12       -5.754541        0.0402
GPMin:   14 01:29:18       -5.767687        0.0539
GPMin:   15 01:29:25       -5.784695        0.0637
GPMin:   16 01:29:31       -5.806984        0.0793
GPMin:   17 01:29:37       -5.831405        0.0804
GPMin:   18 01:29:44       -5.854703        0.0541
GPMin:   19 01:29:49       -5.867107        0.0359
GPMin:   20 01:29:55       -5.870506        0.0220
GPMin:   21 01:30:01       -5.871863        0.0202
GPMin:   22 01:30:06       -5.873090        0.0096
       Step     Time          Energy         fmax
GPMin:    0 01:30:16       -5.535485        0.1983
GPMin:    1 01:30:24       -5.654818        0.1336
GPMin:    2 01:30:31       -5.702665        0.0653
GPMin:    3 01:30:38       -5.713041        0.0299
GPMin:    4 01:30:44       -5.719306        0.0344
GPMin:    5 01:30:50       -5.726156        0.0380
GPMin:    6 01:30:55       -5.737189        0.0369
GPMin:    7 01:31:02       -5.751061        0.0540
GPMin:    8 01:31:08       -5.770410        0.0599
GPMin:    9 01:31:15       -5.794743        0.0699
GPMin:   10 01:31:22       -5.821989        0.0727
GPMin:   11 01:31:28       -5.847422        0.0662
GPMin:   12 01:31:35       -5.863586        0.0387
GPMin:   13 01:31:40       -5.869707        0.0260
GPMin:   14 01:31:46       -5.872114        0.0193
       Step     Time          Energy         fmax
GPMin:    0 01:31:56       -5.460575        0.3695
GPMin:    1 01:32:04       -5.577802        0.2039
GPMin:    2 01:32:11       -5.658840        0.1243
GPMin:    3 01:32:18       -5.704294        0.0836
GPMin:    4 01:32:25       -5.736750        0.0625
GPMin:    5 01:32:31       -5.754482        0.0508
GPMin:    6 01:32:37       -5.765621        0.0461
GPMin:    7 01:32:43       -5.780644        0.0668
GPMin:    8 01:32:49       -5.805843        0.0788
GPMin:    9 01:32:56       -5.834136        0.0753
GPMin:   10 01:33:02       -5.857095        0.0609
GPMin:   11 01:33:08       -5.866366        0.0335
GPMin:   12 01:33:14       -5.869464        0.0240
GPMin:   13 01:33:20       -5.871921        0.0239
GPMin:   14 01:33:26       -5.873299        0.0097
       Step     Time          Energy         fmax
GPMin:    0 01:33:36       -5.496352        0.8994
GPMin:    1 01:33:43       -5.770681        0.2158
GPMin:    2 01:33:50       -5.816265        0.1804
GPMin:    3 01:33:58       -5.848902        0.1168
GPMin:    4 01:34:05       -5.869652        0.0512
GPMin:    5 01:34:10       -5.872157        0.0310
GPMin:    6 01:34:15       -5.873337        0.0098
       Step     Time          Energy         fmax
GPMin:    0 01:34:25       -5.632752        0.1358
GPMin:    1 01:34:33       -5.665890        0.1431
GPMin:    2 01:34:40       -5.695525        0.0973
GPMin:    3 01:34:47       -5.721805        0.0521
GPMin:    4 01:34:53       -5.731559        0.0493
GPMin:    5 01:34:59       -5.745168        0.0425
GPMin:    6 01:35:05       -5.761502        0.0577
GPMin:    7 01:35:12       -5.786324        0.0590
GPMin:    8 01:35:18       -5.813220        0.0710
GPMin:    9 01:35:25       -5.844397        0.0691
GPMin:   10 01:35:31       -5.866050        0.0324
GPMin:   11 01:35:37       -5.870114        0.0232
GPMin:   12 01:35:42       -5.872519        0.0167
       Step     Time          Energy         fmax
GPMin:    0 01:35:52       -5.111700        0.6863
GPMin:    1 01:35:59       -5.421984        0.2990
GPMin:    2 01:36:07       -5.513270        0.1491
GPMin:    3 01:36:14       -5.564254        0.1433
GPMin:    4 01:36:20       -5.603539        0.0964
GPMin:    5 01:36:26       -5.626365        0.0869
GPMin:    6 01:36:32       -5.644390        0.0984
GPMin:    7 01:36:37       -5.661522        0.0913
GPMin:    8 01:36:43       -5.673729        0.0874
GPMin:    9 01:36:49       -5.691849        0.0769
GPMin:   10 01:37:04       -5.697198        0.0724
GPMin:   11 01:37:10       -5.708783        0.0645
GPMin:   12 01:37:16       -5.715369        0.0568
GPMin:   13 01:37:24       -5.725857        0.0827
GPMin:   14 01:37:31       -5.732352        0.0515
GPMin:   15 01:37:36       -5.736692        0.0444
GPMin:   16 01:37:42       -5.742516        0.0342
GPMin:   17 01:37:47       -5.751676        0.0381
GPMin:   18 01:37:53       -5.765356        0.0471
GPMin:   19 01:37:59       -5.784448        0.0550
GPMin:   20 01:38:04       -5.804522        0.0723
GPMin:   21 01:38:10       -5.825974        0.0800
GPMin:   22 01:38:17       -5.850061        0.0723
GPMin:   23 01:38:23       -5.864086        0.0440
GPMin:   24 01:38:29       -5.868567        0.0321
GPMin:   25 01:38:34       -5.870483        0.0331
GPMin:   26 01:38:40       -5.872323        0.0219
GPMin:   27 01:38:45       -5.873164        0.0178
       Step     Time          Energy         fmax
GPMin:    0 01:38:56       -5.173415        0.7017
GPMin:    1 01:39:04       -5.447061        0.1871
GPMin:    2 01:39:12       -5.513031        0.1745
GPMin:    3 01:39:19       -5.568846        0.1610
GPMin:    4 01:39:25       -5.627140        0.1176
GPMin:    5 01:39:32       -5.651227        0.1123
GPMin:    6 01:39:37       -5.664602        0.1064
GPMin:    7 01:39:45       -5.686328        0.1970
GPMin:    8 01:39:52       -5.704709        0.1079
GPMin:    9 01:40:00       -5.724121        0.0669
GPMin:   10 01:40:05       -5.727943        0.0554
GPMin:   11 01:40:10       -5.737642        0.0359
GPMin:   12 01:40:16       -5.743643        0.0439
GPMin:   13 01:40:22       -5.751858        0.0554
GPMin:   14 01:40:28       -5.764342        0.0587
GPMin:   15 01:40:35       -5.778410        0.0572
GPMin:   16 01:40:41       -5.799917        0.0635
GPMin:   17 01:40:48       -5.822147        0.0699
GPMin:   18 01:40:54       -5.846390        0.0683
GPMin:   19 01:41:00       -5.861932        0.0462
GPMin:   20 01:41:06       -5.867512        0.0301
GPMin:   21 01:41:11       -5.869796        0.0315
GPMin:   22 01:41:17       -5.872269        0.0189
       Step     Time          Energy         fmax
GPMin:    0 01:41:27       -5.614635        0.4636
GPMin:    1 01:41:34       -5.704386        0.1156
GPMin:    2 01:41:41       -5.723519        0.0488
GPMin:    3 01:41:48       -5.724629        0.0510
GPMin:    4 01:41:55       -5.727538        0.0179
       Step     Time          Energy         fmax
GPMin:    0 01:42:04       -5.437497        0.2128
GPMin:    1 01:42:12       -5.562897        0.1469
GPMin:    2 01:42:19       -5.625110        0.0860
GPMin:    3 01:42:26       -5.656238        0.0456
GPMin:    4 01:42:32       -5.667618        0.0397
GPMin:    5 01:42:38       -5.673468        0.0407
GPMin:    6 01:42:44       -5.678112        0.0395
GPMin:    7 01:42:51       -5.692848        0.1029
GPMin:    8 01:42:57       -5.706422        0.0789
GPMin:    9 01:43:03       -5.720680        0.0538
GPMin:   10 01:43:10       -5.724974        0.0537
GPMin:   11 01:43:16       -5.731656        0.0634
GPMin:   12 01:43:23       -5.744651        0.0512
GPMin:   13 01:43:29       -5.754304        0.0398
GPMin:   14 01:43:36       -5.767366        0.0538
GPMin:   15 01:43:42       -5.784241        0.0634
GPMin:   16 01:43:49       -5.806245        0.0791
GPMin:   17 01:43:54       -5.830590        0.0809
GPMin:   18 01:44:01       -5.854225        0.0548
GPMin:   19 01:44:07       -5.866983        0.0366
GPMin:   20 01:44:12       -5.870500        0.0222
GPMin:   21 01:44:18       -5.871819        0.0204
GPMin:   22 01:44:23       -5.873067        0.0102
       Step     Time          Energy         fmax
GPMin:    0 01:44:32       -5.290832        0.8319
GPMin:    1 01:44:40       -5.526507        0.1618
GPMin:    2 01:44:47       -5.563844        0.1587
GPMin:    3 01:44:53       -5.602887        0.1153
GPMin:    4 01:45:00       -5.632064        0.1096
GPMin:    5 01:45:06       -5.670353        0.1176
GPMin:    6 01:45:13       -5.706907        0.1094
GPMin:    7 01:45:19       -5.731795        0.0740
GPMin:    8 01:45:25       -5.741954        0.0808
GPMin:    9 01:45:32       -5.749130        0.0810
GPMin:   10 01:45:38       -5.759748        0.0480
GPMin:   11 01:45:45       -5.770668        0.0578
GPMin:   12 01:45:50       -5.786922        0.0670
GPMin:   13 01:45:57       -5.810243        0.0723
GPMin:   14 01:46:03       -5.834461        0.0754
GPMin:   15 01:46:10       -5.856022        0.0574
GPMin:   16 01:46:16       -5.866081        0.0321
GPMin:   17 01:46:21       -5.868845        0.0281
GPMin:   18 01:46:27       -5.871402        0.0243
GPMin:   19 01:46:33       -5.873040        0.0152
       Step     Time          Energy         fmax
GPMin:    0 01:46:44       -5.565930        0.3225
GPMin:    1 01:46:52       -5.683057        0.1229
GPMin:    2 01:46:59       -5.724440        0.0750
GPMin:    3 01:47:05       -5.737968        0.0486
GPMin:    4 01:47:12       -5.752341        0.0489
GPMin:    5 01:47:19       -5.766197        0.0454
GPMin:    6 01:47:25       -5.785005        0.0576
GPMin:    7 01:47:32       -5.810202        0.0730
GPMin:    8 01:47:38       -5.839227        0.0724
GPMin:    9 01:47:44       -5.861090        0.0487
GPMin:   10 01:47:50       -5.868325        0.0274
GPMin:   11 01:47:55       -5.870931        0.0199
       Step     Time          Energy         fmax
GPMin:    0 01:48:06       -5.535068        0.8516
GPMin:    1 01:48:13       -5.772795        0.2047
GPMin:    2 01:48:20       -5.805131        0.1780
GPMin:    3 01:48:27       -5.848263        0.1171
GPMin:    4 01:48:34       -5.870740        0.0307
GPMin:    5 01:48:40       -5.872566        0.0184
       Step     Time          Energy         fmax
GPMin:    0 01:48:50       -5.473932        0.1893
GPMin:    1 01:48:57       -5.597172        0.1631
GPMin:    2 01:49:05       -5.662896        0.1338
GPMin:    3 01:49:12       -5.703475        0.0789
GPMin:    4 01:49:17       -5.720610        0.0417
GPMin:    5 01:49:23       -5.729139        0.0408
GPMin:    6 01:49:29       -5.737948        0.0348
GPMin:    7 01:49:34       -5.749785        0.0366
GPMin:    8 01:49:40       -5.764649        0.0524
GPMin:    9 01:49:47       -5.784998        0.0671
GPMin:   10 01:49:53       -5.810452        0.0728
GPMin:   11 01:49:59       -5.840396        0.0715
GPMin:   12 01:50:06       -5.861324        0.0450
GPMin:   13 01:50:11       -5.868360        0.0301
GPMin:   14 01:50:17       -5.870888        0.0261
GPMin:   15 01:50:23       -5.872771        0.0175
       Step     Time          Energy         fmax
GPMin:    0 01:50:34       -5.612636        0.3309
GPMin:    1 01:50:42       -5.705266        0.1143
GPMin:    2 01:50:48       -5.726646        0.0285
GPMin:    3 01:50:54       -5.727302        0.0317
GPMin:    4 01:51:00       -5.728674        0.0119
       Step     Time          Energy         fmax
GPMin:    0 01:51:11       -5.473933        0.1893
GPMin:    1 01:51:18       -5.597183        0.1631
GPMin:    2 01:51:25       -5.662906        0.1338
GPMin:    3 01:51:32       -5.703480        0.0789
GPMin:    4 01:51:38       -5.720615        0.0417
GPMin:    5 01:51:43       -5.729145        0.0408
GPMin:    6 01:51:49       -5.737956        0.0348
GPMin:    7 01:51:55       -5.749792        0.0366
GPMin:    8 01:52:00       -5.764654        0.0524
GPMin:    9 01:52:07       -5.785004        0.0671
GPMin:   10 01:52:13       -5.810461        0.0728
GPMin:   11 01:52:19       -5.840405        0.0715
GPMin:   12 01:52:26       -5.861331        0.0450
GPMin:   13 01:52:32       -5.868362        0.0301
GPMin:   14 01:52:37       -5.870889        0.0261
GPMin:   15 01:52:43       -5.872772        0.0176
       Step     Time          Energy         fmax
GPMin:    0 01:52:54       -5.614635        0.4634
GPMin:    1 01:53:02       -5.704406        0.1155
GPMin:    2 01:53:09       -5.723518        0.0488
GPMin:    3 01:53:16       -5.724657        0.0508
GPMin:    4 01:53:23       -5.727546        0.0177
       Step     Time          Energy         fmax
GPMin:    0 01:53:34       -5.535069        0.8515
GPMin:    1 01:53:42       -5.772790        0.2048
GPMin:    2 01:53:49       -5.805158        0.1779
GPMin:    3 01:53:56       -5.848288        0.1170
GPMin:    4 01:54:03       -5.870739        0.0307
GPMin:    5 01:54:09       -5.872566        0.0184
       Step     Time          Energy         fmax
GPMin:    0 01:54:20       -5.535068        0.8515
GPMin:    1 01:54:27       -5.772791        0.2048
GPMin:    2 01:54:34       -5.805174        0.1779
GPMin:    3 01:54:41       -5.848302        0.1169
GPMin:    4 01:54:48       -5.870740        0.0307
GPMin:    5 01:54:54       -5.872566        0.0184
       Step     Time          Energy         fmax
GPMin:    0 01:55:05       -5.497112        0.3985
GPMin:    1 01:55:12       -5.613285        0.1517
GPMin:    2 01:55:19       -5.669762        0.0942
GPMin:    3 01:55:26       -5.698777        0.0768
GPMin:    4 01:55:32       -5.710993        0.0566
GPMin:    5 01:55:38       -5.718410        0.0494
GPMin:    6 01:55:44       -5.724662        0.0376
GPMin:    7 01:55:50       -5.729736        0.0353
GPMin:    8 01:55:56       -5.734427        0.0408
GPMin:    9 01:56:02       -5.743956        0.0585
GPMin:   10 01:56:08       -5.748871        0.0589
GPMin:   11 01:56:15       -5.775156        0.1215
GPMin:   12 01:56:22       -5.794686        0.1578
GPMin:   13 01:56:28       -5.834363        0.0778
GPMin:   14 01:56:35       -5.850193        0.0648
GPMin:   15 01:56:41       -5.865428        0.0356
GPMin:   16 01:56:47       -5.869715        0.0264
GPMin:   17 01:56:53       -5.872401        0.0133
       Step     Time          Energy         fmax
GPMin:    0 01:57:04       -5.535485        0.1983
GPMin:    1 01:57:12       -5.654813        0.1336
GPMin:    2 01:57:19       -5.702661        0.0653
GPMin:    3 01:57:25       -5.713040        0.0300
GPMin:    4 01:57:32       -5.719306        0.0344
GPMin:    5 01:57:37       -5.726148        0.0380
GPMin:    6 01:57:43       -5.737178        0.0369
GPMin:    7 01:57:49       -5.751060        0.0540
GPMin:    8 01:57:55       -5.770394        0.0599
GPMin:    9 01:58:02       -5.794730        0.0699
GPMin:   10 01:58:09       -5.821969        0.0726
GPMin:   11 01:58:15       -5.847411        0.0662
GPMin:   12 01:58:22       -5.863580        0.0388
GPMin:   13 01:58:27       -5.869705        0.0260
GPMin:   14 01:58:33       -5.872112        0.0193
       Step     Time          Energy         fmax
GPMin:    0 01:58:42       -5.473936        0.1891
GPMin:    1 01:58:50       -5.597149        0.1631
GPMin:    2 01:58:57       -5.662881        0.1338
GPMin:    3 01:59:04       -5.703467        0.0789
GPMin:    4 01:59:10       -5.720605        0.0417
GPMin:    5 01:59:15       -5.729136        0.0408
GPMin:    6 01:59:21       -5.737947        0.0348
GPMin:    7 01:59:27       -5.749784        0.0366
GPMin:    8 01:59:32       -5.764650        0.0524
GPMin:    9 01:59:39       -5.785003        0.0671
GPMin:   10 01:59:45       -5.810459        0.0728
GPMin:   11 01:59:52       -5.840401        0.0715
GPMin:   12 01:59:58       -5.861330        0.0450
GPMin:   13 02:00:04       -5.868362        0.0301
GPMin:   14 02:00:10       -5.870889        0.0261
GPMin:   15 02:00:15       -5.872772        0.0176
       Step     Time          Energy         fmax
GPMin:    0 02:00:27       -5.656879        0.2122
GPMin:    1 02:00:35       -5.708017        0.1284
GPMin:    2 02:00:41       -5.715560        0.1161
GPMin:    3 02:00:48       -5.725757        0.0408
GPMin:    4 02:00:55       -5.728153        0.0196
       Step     Time          Energy         fmax
GPMin:    0 02:01:07       -4.956040        1.1051
GPMin:    1 02:01:14       -5.365070        0.3344
GPMin:    2 02:01:21       -5.472869        0.2375
GPMin:    3 02:01:28       -5.523811        0.1723
GPMin:    4 02:01:35       -5.575985        0.1370
GPMin:    5 02:01:41       -5.603095        0.1442
GPMin:    6 02:01:48       -5.625911        0.1381
GPMin:    7 02:01:54       -5.647965        0.1279
GPMin:    8 02:02:00       -5.671620        0.1103
GPMin:    9 02:02:06       -5.684058        0.0950
GPMin:   10 02:02:13       -5.708024        0.0899
GPMin:   11 02:02:18       -5.711060        0.0717
GPMin:   12 02:02:24       -5.718086        0.0321
GPMin:   13 02:02:30       -5.719880        0.0373
GPMin:   14 02:02:36       -5.724667        0.0316
GPMin:   15 02:02:41       -5.730518        0.0447
GPMin:   16 02:02:47       -5.741431        0.0405
GPMin:   17 02:02:53       -5.751205        0.0455
GPMin:   18 02:02:58       -5.761077        0.0602
GPMin:   19 02:03:05       -5.775380        0.0714
GPMin:   20 02:03:11       -5.794276        0.0721
GPMin:   21 02:03:18       -5.814588        0.0780
GPMin:   22 02:03:24       -5.837762        0.0733
GPMin:   23 02:03:31       -5.855989        0.0581
GPMin:   24 02:03:37       -5.865310        0.0351
GPMin:   25 02:03:43       -5.868365        0.0271
GPMin:   26 02:03:48       -5.870752        0.0255
GPMin:   27 02:03:54       -5.871940        0.0206
GPMin:   28 02:03:59       -5.872766        0.0130
       Step     Time          Energy         fmax
GPMin:    0 02:04:10       -5.565930        0.3226
GPMin:    1 02:04:18       -5.683018        0.1229
GPMin:    2 02:04:25       -5.724434        0.0750
GPMin:    3 02:04:31       -5.737967        0.0486
GPMin:    4 02:04:37       -5.752338        0.0489
GPMin:    5 02:04:44       -5.766196        0.0454
GPMin:    6 02:04:50       -5.785001        0.0576
GPMin:    7 02:04:57       -5.810196        0.0730
GPMin:    8 02:05:03       -5.839221        0.0724
GPMin:    9 02:05:10       -5.861087        0.0487
GPMin:   10 02:05:15       -5.868323        0.0274
GPMin:   11 02:05:21       -5.870930        0.0199
       Step     Time          Energy         fmax
GPMin:    0 02:05:32       -5.354107        0.4468
GPMin:    1 02:05:39       -5.516261        0.1561
GPMin:    2 02:05:47       -5.576066        0.1180
GPMin:    3 02:05:53       -5.635006        0.0834
GPMin:    4 02:05:59       -5.660609        0.0544
GPMin:    5 02:06:13       -5.669059        0.0496
GPMin:    6 02:06:19       -5.680119        0.0438
GPMin:    7 02:06:33       -5.680459        0.0659
GPMin:    8 02:06:47       -5.683502        0.0465
GPMin:    9 02:07:16       -5.685506        0.0371
GPMin:   10 02:07:32       -5.690958        0.1510
GPMin:   11 02:07:55       -5.700044        0.0908
GPMin:   12 02:08:09       -5.704616        0.0619
GPMin:   13 02:08:15       -5.710448        0.0481
GPMin:   14 02:08:22       -5.714513        0.0393
GPMin:   15 02:08:27       -5.718635        0.0395
GPMin:   16 02:08:33       -5.724047        0.0448
GPMin:   17 02:08:41       -5.733632        0.0567
GPMin:   18 02:08:47       -5.744288        0.0528
GPMin:   19 02:08:55       -5.753942        0.0607
GPMin:   20 02:09:00       -5.771298        0.0575
GPMin:   21 02:09:12       -5.791269        0.0576
GPMin:   22 02:09:20       -5.817116        0.0690
GPMin:   23 02:09:26       -5.842953        0.0690
GPMin:   24 02:09:34       -5.860117        0.0478
GPMin:   25 02:09:41       -5.868060        0.0267
GPMin:   26 02:09:46       -5.870350        0.0246
GPMin:   27 02:09:51       -5.872293        0.0176
       Step     Time          Energy         fmax
GPMin:    0 02:10:02       -5.336785        0.2518
GPMin:    1 02:10:10       -5.500581        0.2199
GPMin:    2 02:10:17       -5.604057        0.1763
GPMin:    3 02:10:24       -5.670789        0.1092
GPMin:    4 02:10:31       -5.698139        0.0615
GPMin:    5 02:10:37       -5.706446        0.0430
GPMin:    6 02:10:43       -5.712407        0.0378
GPMin:    7 02:10:48       -5.717848        0.0345
GPMin:    8 02:10:54       -5.722636        0.0390
GPMin:    9 02:10:59       -5.729778        0.0425
GPMin:   10 02:11:06       -5.740725        0.0552
GPMin:   11 02:11:12       -5.751938        0.0593
GPMin:   12 02:11:18       -5.771129        0.0575
GPMin:   13 02:11:25       -5.787743        0.0682
GPMin:   14 02:11:31       -5.812036        0.0727
GPMin:   15 02:11:37       -5.836364        0.0740
GPMin:   16 02:11:44       -5.855934        0.0628
GPMin:   17 02:11:50       -5.866425        0.0312
GPMin:   18 02:11:56       -5.870043        0.0240
GPMin:   19 02:12:02       -5.872009        0.0193
       Step     Time          Energy         fmax
GPMin:    0 02:12:13       -5.437497        0.2128
GPMin:    1 02:12:21       -5.562893        0.1469
GPMin:    2 02:12:28       -5.625113        0.0860
GPMin:    3 02:12:34       -5.656232        0.0456
GPMin:    4 02:12:41       -5.667615        0.0397
GPMin:    5 02:12:47       -5.673464        0.0407
GPMin:    6 02:13:14       -5.678109        0.0395
GPMin:    7 02:13:21       -5.692849        0.1029
GPMin:    8 02:13:28       -5.706430        0.0788
GPMin:    9 02:13:35       -5.720658        0.0539
GPMin:   10 02:13:41       -5.724947        0.0539
GPMin:   11 02:13:51       -5.731652        0.0637
GPMin:   12 02:13:57       -5.744686        0.0512
GPMin:   13 02:14:03       -5.754355        0.0399
GPMin:   14 02:14:09       -5.767412        0.0538
GPMin:   15 02:14:16       -5.784312        0.0634
GPMin:   16 02:14:22       -5.806368        0.0790
GPMin:   17 02:14:27       -5.830712        0.0808
GPMin:   18 02:14:34       -5.854309        0.0547
GPMin:   19 02:14:39       -5.867004        0.0365
GPMin:   20 02:14:45       -5.870502        0.0222
GPMin:   21 02:14:51       -5.871827        0.0204
GPMin:   22 02:14:56       -5.873070        0.0101
       Step     Time          Energy         fmax
GPMin:    0 02:15:07       -5.653728        0.1356
GPMin:    1 02:15:14       -5.693359        0.0885
GPMin:    2 02:15:21       -5.708735        0.0683
GPMin:    3 02:15:28       -5.717516        0.0787
GPMin:    4 02:15:35       -5.735725        0.0472
GPMin:    5 02:15:42       -5.751680        0.0515
GPMin:    6 02:15:48       -5.774236        0.0510
GPMin:    7 02:15:54       -5.799890        0.0757
GPMin:    8 02:16:00       -5.830609        0.0719
GPMin:    9 02:16:06       -5.858263        0.0523
GPMin:   10 02:16:12       -5.869018        0.0253
GPMin:   11 02:16:18       -5.871775        0.0214
GPMin:   12 02:16:24       -5.873668        0.0062
       Step     Time          Energy         fmax
GPMin:    0 02:16:35       -5.406201        0.7412
GPMin:    1 02:16:43       -5.614147        0.1588
GPMin:    2 02:16:50       -5.653584        0.1420
GPMin:    3 02:16:57       -5.694652        0.1262
GPMin:    4 02:17:04       -5.728252        0.1173
GPMin:    5 02:17:10       -5.759022        0.0810
GPMin:    6 02:17:16       -5.775057        0.0556
GPMin:    7 02:17:23       -5.789584        0.0658
GPMin:    8 02:17:29       -5.808051        0.0691
GPMin:    9 02:17:35       -5.830968        0.0759
GPMin:   10 02:17:41       -5.854807        0.0613
GPMin:   11 02:17:48       -5.867167        0.0394
GPMin:   12 02:17:53       -5.870350        0.0244
GPMin:   13 02:17:59       -5.872119        0.0175
       Step     Time          Energy         fmax
GPMin:    0 02:18:10       -5.457856        0.7797
GPMin:    1 02:18:18       -5.689139        0.2397
GPMin:    2 02:18:25       -5.744380        0.2386
GPMin:    3 02:18:32       -5.805976        0.1525
GPMin:    4 02:18:38       -5.840596        0.1246
GPMin:    5 02:18:45       -5.859956        0.0522
GPMin:    6 02:18:51       -5.867100        0.0312
GPMin:    7 02:18:57       -5.869587        0.0283
GPMin:    8 02:19:03       -5.871964        0.0172
       Step     Time          Energy         fmax
GPMin:    0 02:19:17       -5.638862        0.1371
GPMin:    1 02:19:24       -5.700365        0.1278
GPMin:    2 02:19:31       -5.727294        0.0754
GPMin:    3 02:19:38       -5.748156        0.0628
GPMin:    4 02:19:45       -5.765412        0.0455
GPMin:    5 02:19:52       -5.784758        0.0567
GPMin:    6 02:19:58       -5.810302        0.0747
GPMin:    7 02:20:04       -5.841452        0.0695
GPMin:    8 02:20:11       -5.862299        0.0448
GPMin:    9 02:20:16       -5.869642        0.0256
GPMin:   10 02:20:22       -5.872094        0.0179
       Step     Time          Energy         fmax
GPMin:    0 02:20:33       -5.591311        0.1713
GPMin:    1 02:20:41       -5.657388        0.0633
GPMin:    2 02:20:47       -5.667191        0.0589
GPMin:    3 02:20:54       -5.680628        0.0696
GPMin:    4 02:21:00       -5.705529        0.0403
GPMin:    5 02:21:07       -5.713170        0.0415
GPMin:    6 02:21:13       -5.720193        0.0441
GPMin:    7 02:21:19       -5.729784        0.0410
GPMin:    8 02:21:26       -5.739213        0.0437
GPMin:    9 02:21:33       -5.753373        0.0492
GPMin:   10 02:21:39       -5.770209        0.0686
GPMin:   11 02:21:45       -5.795249        0.0653
GPMin:   12 02:21:51       -5.820767        0.0703
GPMin:   13 02:21:58       -5.848409        0.0676
GPMin:   14 02:22:04       -5.865347        0.0393
GPMin:   15 02:22:10       -5.870629        0.0213
GPMin:   16 02:22:15       -5.872541        0.0171
       Step     Time          Energy         fmax
GPMin:    0 02:22:26       -5.334358        0.7204
GPMin:    1 02:22:33       -5.543648        0.1434
GPMin:    2 02:22:40       -5.591609        0.1301
GPMin:    3 02:22:47       -5.641332        0.1173
GPMin:    4 02:22:53       -5.667869        0.1031
GPMin:    5 02:22:59       -5.682288        0.0891
GPMin:    6 02:23:06       -5.697952        0.0841
GPMin:    7 02:23:21       -5.715700        0.0990
GPMin:    8 02:23:26       -5.721226        0.0726
GPMin:    9 02:23:33       -5.735345        0.0905
GPMin:   10 02:23:39       -5.742613        0.0749
GPMin:   11 02:23:45       -5.749646        0.0705
GPMin:   12 02:23:51       -5.762645        0.0640
GPMin:   13 02:23:57       -5.780816        0.0590
GPMin:   14 02:24:04       -5.797059        0.0687
GPMin:   15 02:24:09       -5.820137        0.0750
GPMin:   16 02:24:16       -5.843845        0.0696
GPMin:   17 02:24:22       -5.860825        0.0486
GPMin:   18 02:24:28       -5.868155        0.0312
GPMin:   19 02:24:34       -5.870345        0.0317
GPMin:   20 02:24:40       -5.872276        0.0215
GPMin:   21 02:24:45       -5.873243        0.0123
