       Step     Time          Energy         fmax
GPMin:    0 22:51:57       -4.296844        1.5207
GPMin:    1 22:52:03       -5.328132        0.7165
GPMin:    2 22:52:08       -5.724866        0.3073
GPMin:    3 22:52:14       -5.856744        0.0961
GPMin:    4 22:52:20       -5.872976        0.0180
       Step     Time          Energy         fmax
GPMin:    0 22:52:30       -3.969888        1.4099
GPMin:    1 22:52:37       -4.951653        0.6849
GPMin:    2 22:52:44       -5.337958        0.3198
GPMin:    3 22:52:51       -5.478280        0.1307
GPMin:    4 22:52:58       -5.504185        0.0462
GPMin:    5 22:53:04       -5.505462        0.0463
GPMin:    6 22:53:10       -5.518786        0.0473
GPMin:    7 22:53:16       -5.524618        0.0495
GPMin:    8 22:53:23       -5.540320        0.2296
GPMin:    9 22:53:29       -5.565905        0.1081
GPMin:   10 22:53:43       -5.574547        0.0601
GPMin:   11 22:53:51       -5.577506        0.1033
GPMin:   12 22:53:58       -5.605524        0.0703
GPMin:   13 22:54:03       -5.609193        0.0702
GPMin:   14 22:54:11       -5.632238        0.0771
GPMin:   15 22:54:18       -5.657808        0.0830
GPMin:   16 22:54:23       -5.676584        0.0915
GPMin:   17 22:54:29       -5.705434        0.0921
GPMin:   18 22:54:35       -5.741192        0.0920
GPMin:   19 22:54:41       -5.770046        0.0945
GPMin:   20 22:54:47       -5.798878        0.0933
GPMin:   21 22:54:54       -5.825215        0.0837
GPMin:   22 22:55:00       -5.848171        0.0723
GPMin:   23 22:55:07       -5.862928        0.0494
GPMin:   24 22:55:12       -5.868042        0.0291
GPMin:   25 22:55:18       -5.869595        0.0291
GPMin:   26 22:55:23       -5.870843        0.0296
GPMin:   27 22:55:28       -5.871771        0.0236
GPMin:   28 22:55:33       -5.872481        0.0220
GPMin:   29 22:55:38       -5.873231        0.0120
       Step     Time          Energy         fmax
GPMin:    0 22:55:48       -4.299418        1.5255
GPMin:    1 22:55:53       -5.329795        0.7171
GPMin:    2 22:55:59       -5.725851        0.3072
GPMin:    3 22:56:05       -5.857228        0.0944
GPMin:    4 22:56:10       -5.873169        0.0161
       Step     Time          Energy         fmax
GPMin:    0 22:56:23       -3.859417        1.3835
GPMin:    1 22:56:32       -4.678101        0.6040
GPMin:    2 22:56:39       -4.968200        0.3566
GPMin:    3 22:56:47       -5.080270        0.2359
GPMin:    4 22:56:54       -5.117413        0.1505
GPMin:    5 22:57:00       -5.132620        0.1227
GPMin:    6 22:57:07       -5.169939        0.1129
GPMin:    7 22:57:13       -5.184719        0.1143
GPMin:    8 22:57:20       -5.233823        0.1450
GPMin:    9 22:57:27       -5.278828        0.1819
GPMin:   10 22:57:33       -5.321891        0.1517
GPMin:   11 22:57:39       -5.365788        0.1561
GPMin:   12 22:57:46       -5.401316        0.1728
GPMin:   13 22:57:52       -5.437890        0.1860
GPMin:   14 22:57:59       -5.483981        0.1883
GPMin:   15 22:58:05       -5.533744        0.1677
GPMin:   16 22:58:12       -5.572893        0.1248
GPMin:   17 22:58:17       -5.592200        0.0719
GPMin:   18 22:58:23       -5.600960        0.0693
GPMin:   19 22:58:29       -5.607455        0.0638
GPMin:   20 22:58:34       -5.613693        0.0598
GPMin:   21 22:58:40       -5.617302        0.0587
GPMin:   22 22:58:46       -5.624081        0.0595
GPMin:   23 22:58:51       -5.631088        0.0662
GPMin:   24 22:58:57       -5.639993        0.0598
GPMin:   25 22:59:03       -5.650276        0.0588
GPMin:   26 22:59:08       -5.663193        0.0664
GPMin:   27 22:59:15       -5.677686        0.0755
GPMin:   28 22:59:21       -5.692491        0.0778
GPMin:   29 22:59:27       -5.706731        0.0675
GPMin:   30 22:59:33       -5.715925        0.0456
GPMin:   31 22:59:39       -5.720070        0.0284
GPMin:   32 22:59:45       -5.722031        0.0342
GPMin:   33 22:59:50       -5.722941        0.0284
GPMin:   34 22:59:56       -5.723636        0.0215
GPMin:   35 23:00:00       -5.724124        0.0195
       Step     Time          Energy         fmax
GPMin:    0 23:00:11       -3.958914        1.4114
GPMin:    1 23:00:19       -4.946166        0.6853
GPMin:    2 23:00:26       -5.334893        0.3208
GPMin:    3 23:00:33       -5.476861        0.1349
GPMin:    4 23:00:39       -5.504042        0.0488
GPMin:    5 23:00:45       -5.505480        0.0463
GPMin:    6 23:00:51       -5.517594        0.0467
GPMin:    7 23:00:57       -5.523430        0.0481
GPMin:    8 23:01:04       -5.542658        0.2280
GPMin:    9 23:01:11       -5.566802        0.1058
GPMin:   10 23:01:25       -5.574132        0.0537
GPMin:   11 23:01:40       -5.602266        0.0765
GPMin:   12 23:01:45       -5.605345        0.0743
GPMin:   13 23:01:51       -5.623807        0.0609
GPMin:   14 23:01:57       -5.633954        0.0623
GPMin:   15 23:02:03       -5.652902        0.0724
GPMin:   16 23:02:09       -5.677537        0.0765
GPMin:   17 23:02:14       -5.707346        0.0795
GPMin:   18 23:02:20       -5.738320        0.0917
GPMin:   19 23:02:26       -5.767532        0.0998
GPMin:   20 23:02:33       -5.799532        0.0983
GPMin:   21 23:02:39       -5.830085        0.0831
GPMin:   22 23:02:45       -5.853491        0.0539
GPMin:   23 23:02:52       -5.865581        0.0314
GPMin:   24 23:02:58       -5.869114        0.0310
GPMin:   25 23:03:03       -5.870251        0.0260
GPMin:   26 23:03:09       -5.871325        0.0270
GPMin:   27 23:03:14       -5.872002        0.0258
GPMin:   28 23:03:18       -5.872636        0.0198
       Step     Time          Energy         fmax
GPMin:    0 23:03:28       -3.973968        1.4046
GPMin:    1 23:03:36       -4.954123        0.6818
GPMin:    2 23:03:44       -5.338515        0.3173
GPMin:    3 23:03:51       -5.478059        0.1322
GPMin:    4 23:03:57       -5.503951        0.0493
GPMin:    5 23:04:03       -5.505395        0.0467
GPMin:    6 23:04:09       -5.518217        0.0478
GPMin:    7 23:04:15       -5.524133        0.0493
GPMin:    8 23:04:22       -5.536912        0.2561
GPMin:    9 23:04:29       -5.566639        0.1125
GPMin:   10 23:04:42       -5.575904        0.0499
GPMin:   11 23:04:49       -5.587265        0.0601
GPMin:   12 23:04:56       -5.597382        0.1026
GPMin:   13 23:05:10       -5.603956        0.0755
GPMin:   14 23:05:17       -5.618986        0.0756
GPMin:   15 23:05:22       -5.628556        0.0727
GPMin:   16 23:05:28       -5.655466        0.0801
GPMin:   17 23:05:34       -5.681380        0.0879
GPMin:   18 23:05:40       -5.701462        0.0921
GPMin:   19 23:05:46       -5.737418        0.1049
GPMin:   20 23:05:52       -5.773898        0.1053
GPMin:   21 23:05:57       -5.808524        0.0949
GPMin:   22 23:06:03       -5.839167        0.0704
GPMin:   23 23:06:09       -5.856731        0.0496
GPMin:   24 23:06:14       -5.865120        0.0438
GPMin:   25 23:06:20       -5.868096        0.0358
GPMin:   26 23:06:26       -5.869964        0.0338
GPMin:   27 23:06:31       -5.871001        0.0237
GPMin:   28 23:06:37       -5.871941        0.0231
GPMin:   29 23:06:41       -5.872478        0.0179
       Step     Time          Energy         fmax
GPMin:    0 23:06:51       -4.264505        1.3815
GPMin:    1 23:06:58       -5.218493        0.6350
GPMin:    2 23:07:05       -5.580010        0.2981
GPMin:    3 23:07:12       -5.699019        0.1228
GPMin:    4 23:07:17       -5.715851        0.0528
GPMin:    5 23:07:22       -5.718077        0.0458
GPMin:    6 23:07:29       -5.726475        0.0236
GPMin:    7 23:07:34       -5.728765        0.0136
       Step     Time          Energy         fmax
GPMin:    0 23:07:44       -4.262029        1.3784
GPMin:    1 23:07:51       -5.216572        0.6331
GPMin:    2 23:07:59       -5.578693        0.2996
GPMin:    3 23:08:05       -5.698215        0.1233
GPMin:    4 23:08:11       -5.715479        0.0535
GPMin:    5 23:08:16       -5.717859        0.0481
GPMin:    6 23:08:22       -5.726580        0.0251
GPMin:    7 23:08:28       -5.728950        0.0146
       Step     Time          Energy         fmax
GPMin:    0 23:08:39       -4.113700        1.3772
GPMin:    1 23:08:47       -5.047338        0.6584
GPMin:    2 23:08:55       -5.410573        0.3253
GPMin:    3 23:09:01       -5.537489        0.1501
GPMin:    4 23:09:08       -5.559688        0.0694
GPMin:    5 23:09:13       -5.562553        0.0681
GPMin:    6 23:09:19       -5.581100        0.0759
GPMin:    7 23:09:25       -5.595591        0.0721
GPMin:    8 23:09:30       -5.620278        0.0742
GPMin:    9 23:09:36       -5.631647        0.0763
GPMin:   10 23:09:44       -5.686071        0.0958
GPMin:   11 23:09:58       -5.689361        0.0930
GPMin:   12 23:10:04       -5.711523        0.0427
GPMin:   13 23:10:08       -5.713320        0.0405
GPMin:   14 23:10:24       -5.720993        0.0759
GPMin:   15 23:10:30       -5.721102        0.0512
GPMin:   16 23:10:37       -5.727119        0.0470
GPMin:   17 23:10:44       -5.733464        0.0694
GPMin:   18 23:10:50       -5.736412        0.0699
GPMin:   19 23:10:56       -5.743374        0.0681
GPMin:   20 23:11:01       -5.750390        0.0500
GPMin:   21 23:11:08       -5.760051        0.0512
GPMin:   22 23:11:14       -5.767239        0.0599
GPMin:   23 23:11:19       -5.781543        0.0682
GPMin:   24 23:11:25       -5.799082        0.0704
GPMin:   25 23:11:31       -5.815687        0.0748
GPMin:   26 23:11:38       -5.834576        0.0768
GPMin:   27 23:11:44       -5.849126        0.0723
GPMin:   28 23:11:51       -5.860108        0.0545
GPMin:   29 23:11:56       -5.865700        0.0462
GPMin:   30 23:12:02       -5.868490        0.0359
GPMin:   31 23:12:08       -5.870269        0.0395
GPMin:   32 23:12:13       -5.871484        0.0302
GPMin:   33 23:12:19       -5.872507        0.0306
GPMin:   34 23:12:23       -5.872950        0.0180
       Step     Time          Energy         fmax
GPMin:    0 23:12:33       -4.382412        1.3663
GPMin:    1 23:12:40       -5.257935        0.6349
GPMin:    2 23:12:47       -5.585731        0.3011
GPMin:    3 23:12:53       -5.689057        0.1208
GPMin:    4 23:12:59       -5.702206        0.0575
GPMin:    5 23:13:04       -5.704928        0.0544
GPMin:    6 23:13:10       -5.713050        0.0289
GPMin:    7 23:13:15       -5.715895        0.0406
GPMin:    8 23:13:21       -5.720742        0.0425
GPMin:    9 23:13:27       -5.724855        0.0405
GPMin:   10 23:13:33       -5.730621        0.0385
GPMin:   11 23:13:39       -5.736574        0.0360
GPMin:   12 23:13:45       -5.742894        0.0405
GPMin:   13 23:13:52       -5.750992        0.0432
GPMin:   14 23:13:58       -5.761216        0.0515
GPMin:   15 23:14:04       -5.772231        0.0667
GPMin:   16 23:14:10       -5.785558        0.0783
GPMin:   17 23:14:17       -5.803830        0.0802
GPMin:   18 23:14:23       -5.823493        0.0814
GPMin:   19 23:14:30       -5.841263        0.0773
GPMin:   20 23:14:36       -5.854641        0.0596
GPMin:   21 23:14:43       -5.863483        0.0440
GPMin:   22 23:14:49       -5.867958        0.0299
GPMin:   23 23:14:55       -5.870422        0.0298
GPMin:   24 23:15:00       -5.871880        0.0235
GPMin:   25 23:15:05       -5.872660        0.0191
       Step     Time          Energy         fmax
GPMin:    0 23:15:15       -4.291497        1.5267
GPMin:    1 23:15:21       -5.325631        0.7171
GPMin:    2 23:15:27       -5.723887        0.3090
GPMin:    3 23:15:33       -5.856746        0.0973
GPMin:    4 23:15:38       -5.873097        0.0166
       Step     Time          Energy         fmax
GPMin:    0 23:15:48       -4.303867        1.5231
GPMin:    1 23:15:54       -5.331945        0.7171
GPMin:    2 23:15:59       -5.726740        0.3068
GPMin:    3 23:16:05       -5.857592        0.0946
GPMin:    4 23:16:11       -5.873362        0.0126
       Step     Time          Energy         fmax
GPMin:    0 23:16:20       -4.259719        1.3859
GPMin:    1 23:16:27       -5.215485        0.6348
GPMin:    2 23:16:34       -5.578355        0.3004
GPMin:    3 23:16:41       -5.698145        0.1237
GPMin:    4 23:16:47       -5.715545        0.0542
GPMin:    5 23:16:52       -5.717874        0.0474
GPMin:    6 23:16:58       -5.726492        0.0239
GPMin:    7 23:17:04       -5.728859        0.0131
       Step     Time          Energy         fmax
GPMin:    0 23:17:15       -3.712006        1.3859
GPMin:    1 23:17:25       -4.660993        0.7323
GPMin:    2 23:17:33       -5.048047        0.4255
GPMin:    3 23:17:41       -5.205385        0.2612
GPMin:    4 23:17:49       -5.256565        0.1877
GPMin:    5 23:17:56       -5.281750        0.1531
GPMin:    6 23:18:03       -5.292452        0.1688
GPMin:    7 23:18:11       -5.357829        0.2693
GPMin:    8 23:18:18       -5.411629        0.2831
GPMin:    9 23:18:25       -5.470976        0.2532
GPMin:   10 23:18:31       -5.540318        0.1940
GPMin:   11 23:18:38       -5.596445        0.1443
GPMin:   12 23:18:44       -5.623510        0.1315
GPMin:   13 23:18:50       -5.642165        0.1434
GPMin:   14 23:18:57       -5.669319        0.1178
GPMin:   15 23:19:03       -5.694979        0.1069
GPMin:   16 23:19:09       -5.717762        0.1021
GPMin:   17 23:19:16       -5.740128        0.1005
GPMin:   18 23:19:22       -5.763086        0.1038
GPMin:   19 23:19:28       -5.781672        0.0936
GPMin:   20 23:19:34       -5.794389        0.0801
GPMin:   21 23:19:39       -5.804246        0.0698
GPMin:   22 23:19:45       -5.815805        0.0711
GPMin:   23 23:19:51       -5.828348        0.0803
GPMin:   24 23:19:56       -5.842544        0.0814
GPMin:   25 23:20:02       -5.855055        0.0652
GPMin:   26 23:20:08       -5.863914        0.0428
GPMin:   27 23:20:14       -5.868331        0.0337
GPMin:   28 23:20:19       -5.870169        0.0278
GPMin:   29 23:20:25       -5.871009        0.0301
GPMin:   30 23:20:30       -5.872136        0.0237
GPMin:   31 23:20:35       -5.872319        0.0208
GPMin:   32 23:20:40       -5.872771        0.0127
       Step     Time          Energy         fmax
GPMin:    0 23:20:51       -3.971071        1.4107
GPMin:    1 23:20:59       -4.952803        0.6847
GPMin:    2 23:21:06       -5.337837        0.3195
GPMin:    3 23:21:13       -5.478003        0.1323
GPMin:    4 23:21:20       -5.504059        0.0478
GPMin:    5 23:21:26       -5.505402        0.0460
GPMin:    6 23:21:33       -5.517844        0.0465
GPMin:    7 23:21:39       -5.523546        0.0483
GPMin:    8 23:21:46       -5.542056        0.2323
GPMin:    9 23:21:52       -5.566469        0.1085
GPMin:   10 23:22:07       -5.574281        0.0566
GPMin:   11 23:22:14       -5.578569        0.1041
GPMin:   12 23:22:21       -5.603965        0.0758
GPMin:   13 23:22:26       -5.607206        0.0706
GPMin:   14 23:22:32       -5.625575        0.0696
GPMin:   15 23:22:39       -5.640891        0.0720
GPMin:   16 23:22:45       -5.661882        0.0747
GPMin:   17 23:22:51       -5.687416        0.0801
GPMin:   18 23:22:56       -5.716849        0.0827
GPMin:   19 23:23:02       -5.751387        0.0893
GPMin:   20 23:23:08       -5.781132        0.0952
GPMin:   21 23:23:15       -5.811942        0.0901
GPMin:   22 23:23:21       -5.838759        0.0758
GPMin:   23 23:23:28       -5.858138        0.0474
GPMin:   24 23:23:34       -5.866728        0.0272
GPMin:   25 23:23:40       -5.869166        0.0264
GPMin:   26 23:23:46       -5.870338        0.0248
GPMin:   27 23:23:51       -5.871650        0.0270
GPMin:   28 23:23:56       -5.872276        0.0226
GPMin:   29 23:24:02       -5.873223        0.0137
       Step     Time          Energy         fmax
GPMin:    0 23:24:11       -3.976831        1.4053
GPMin:    1 23:24:19       -4.955387        0.6809
GPMin:    2 23:24:27       -5.339339        0.3181
GPMin:    3 23:24:34       -5.478269        0.1295
GPMin:    4 23:24:41       -5.503860        0.0470
GPMin:    5 23:24:46       -5.505167        0.0455
GPMin:    6 23:24:53       -5.517920        0.0482
GPMin:    7 23:24:59       -5.523903        0.0499
GPMin:    8 23:25:06       -5.543138        0.2151
GPMin:    9 23:25:12       -5.565344        0.1031
GPMin:   10 23:25:26       -5.572285        0.0658
GPMin:   11 23:25:40       -5.600330        0.0789
GPMin:   12 23:25:46       -5.605763        0.0799
GPMin:   13 23:25:53       -5.624605        0.0693
GPMin:   14 23:25:59       -5.634097        0.0692
GPMin:   15 23:26:06       -5.659735        0.0791
GPMin:   16 23:26:12       -5.679627        0.0910
GPMin:   17 23:26:17       -5.706515        0.0926
GPMin:   18 23:26:23       -5.740181        0.0930
GPMin:   19 23:26:29       -5.768531        0.0956
GPMin:   20 23:26:36       -5.797780        0.0959
GPMin:   21 23:26:42       -5.825112        0.0853
GPMin:   22 23:26:49       -5.848876        0.0667
GPMin:   23 23:26:55       -5.863397        0.0345
GPMin:   24 23:27:01       -5.868353        0.0325
GPMin:   25 23:27:07       -5.869777        0.0277
GPMin:   26 23:27:12       -5.870999        0.0245
GPMin:   27 23:27:18       -5.872126        0.0285
GPMin:   28 23:27:23       -5.872808        0.0225
GPMin:   29 23:27:29       -5.873340        0.0085
       Step     Time          Energy         fmax
GPMin:    0 23:27:39       -3.972869        1.4040
GPMin:    1 23:27:47       -4.953635        0.6817
GPMin:    2 23:27:55       -5.338843        0.3166
GPMin:    3 23:28:02       -5.478289        0.1331
GPMin:    4 23:28:09       -5.504263        0.0491
GPMin:    5 23:28:15       -5.505622        0.0471
GPMin:    6 23:28:21       -5.518540        0.0478
GPMin:    7 23:28:27       -5.524458        0.0495
GPMin:    8 23:28:34       -5.542598        0.2187
GPMin:    9 23:28:41       -5.565702        0.1028
GPMin:   10 23:28:55       -5.572758        0.0655
GPMin:   11 23:29:09       -5.598853        0.0883
GPMin:   12 23:29:15       -5.606041        0.0820
GPMin:   13 23:29:21       -5.618435        0.0780
GPMin:   14 23:29:26       -5.630419        0.0701
GPMin:   15 23:29:32       -5.645738        0.0698
GPMin:   16 23:29:37       -5.666172        0.0731
GPMin:   17 23:29:43       -5.695846        0.0835
GPMin:   18 23:29:49       -5.719545        0.0899
GPMin:   19 23:29:55       -5.753274        0.0937
GPMin:   20 23:30:01       -5.783715        0.0927
GPMin:   21 23:30:07       -5.815545        0.0821
GPMin:   22 23:30:14       -5.842005        0.0660
GPMin:   23 23:30:20       -5.859414        0.0483
GPMin:   24 23:30:26       -5.866972        0.0324
GPMin:   25 23:30:32       -5.869406        0.0275
GPMin:   26 23:30:37       -5.870314        0.0233
GPMin:   27 23:30:42       -5.871671        0.0232
GPMin:   28 23:30:47       -5.872403        0.0196
       Step     Time          Energy         fmax
GPMin:    0 23:30:57       -4.267722        1.3733
GPMin:    1 23:31:05       -5.219208        0.6335
GPMin:    2 23:31:12       -5.580265        0.2988
GPMin:    3 23:31:18       -5.698605        0.1225
GPMin:    4 23:31:24       -5.715710        0.0548
GPMin:    5 23:31:29       -5.718054        0.0467
GPMin:    6 23:31:36       -5.726631        0.0242
GPMin:    7 23:31:42       -5.728972        0.0132
       Step     Time          Energy         fmax
GPMin:    0 23:31:52       -3.966573        1.4095
GPMin:    1 23:32:00       -4.950157        0.6844
GPMin:    2 23:32:08       -5.337143        0.3188
GPMin:    3 23:32:15       -5.477847        0.1309
GPMin:    4 23:32:22       -5.503996        0.0469
GPMin:    5 23:32:28       -5.505316        0.0464
GPMin:    6 23:32:35       -5.518365        0.0476
GPMin:    7 23:32:40       -5.524219        0.0495
GPMin:    8 23:32:48       -5.538028        0.2534
GPMin:    9 23:32:54       -5.566569        0.1139
GPMin:   10 23:33:00       -5.575244        0.0455
GPMin:   11 23:33:06       -5.580097        0.0765
GPMin:   12 23:33:13       -5.599509        0.0755
GPMin:   13 23:33:17       -5.602334        0.0696
GPMin:   14 23:33:23       -5.614751        0.0644
GPMin:   15 23:33:29       -5.628998        0.0606
GPMin:   16 23:33:35       -5.648485        0.0564
GPMin:   17 23:33:40       -5.668589        0.0701
GPMin:   18 23:33:46       -5.697533        0.0795
GPMin:   19 23:33:52       -5.728569        0.0803
GPMin:   20 23:33:58       -5.762350        0.0943
GPMin:   21 23:34:04       -5.794087        0.1019
GPMin:   22 23:34:11       -5.824669        0.0946
GPMin:   23 23:34:17       -5.849016        0.0725
GPMin:   24 23:34:23       -5.863495        0.0399
GPMin:   25 23:34:29       -5.868587        0.0242
GPMin:   26 23:34:35       -5.870097        0.0246
GPMin:   27 23:34:41       -5.871356        0.0204
GPMin:   28 23:34:46       -5.872048        0.0232
GPMin:   29 23:34:51       -5.872568        0.0171
       Step     Time          Energy         fmax
GPMin:    0 23:35:00       -4.291655        1.5280
GPMin:    1 23:35:06       -5.325891        0.7187
GPMin:    2 23:35:12       -5.723628        0.3098
GPMin:    3 23:35:18       -5.856539        0.0977
GPMin:    4 23:35:24       -5.873145        0.0155
