      Step     Time          Energy         fmax
BFGS:    0 19:22:38       17.836793       30.8398
BFGS:    1 19:22:38        0.945643       13.0625
BFGS:    2 19:22:38       -2.778010        6.0552
BFGS:    3 19:22:38       -4.459461        2.3153
BFGS:    4 19:22:38       -4.936880        1.4050
BFGS:    5 19:22:38       -5.145371        0.6993
BFGS:    6 19:22:38       -5.185229        0.4026
BFGS:    7 19:22:38       -5.200766        0.4380
BFGS:    8 19:22:38       -5.226217        0.4229
BFGS:    9 19:22:38       -5.257030        0.4532
BFGS:   10 19:22:38       -5.280277        0.4670
BFGS:   11 19:22:38       -5.295794        0.4523
BFGS:   12 19:22:38       -5.324186        0.6167
BFGS:   13 19:22:38       -5.406782        1.2131
BFGS:   14 19:22:38       -5.591209        2.4259
BFGS:   15 19:22:38       -5.713327        2.6680
BFGS:   16 19:22:38       -5.895530        1.5807
BFGS:   17 19:22:38       -6.015294        1.0017
BFGS:   18 19:22:38       -6.154268        0.6685
BFGS:   19 19:22:38       -6.223926        0.7760
BFGS:   20 19:22:38       -6.266447        0.7594
BFGS:   21 19:22:38       -6.353709        0.9058
BFGS:   22 19:22:38       -6.451006        0.9789
BFGS:   23 19:22:38       -6.507528        0.6836
BFGS:   24 19:22:38       -6.547335        0.5840
BFGS:   25 19:22:38       -6.600996        0.3547
BFGS:   26 19:22:38       -6.614816        0.3241
BFGS:   27 19:22:38       -6.631195        0.4689
BFGS:   28 19:22:38       -6.646865        0.3894
BFGS:   29 19:22:38       -6.667033        0.4398
BFGS:   30 19:22:38       -6.737161        1.0944
BFGS:   31 19:22:38       -6.847241        1.8454
BFGS:   32 19:22:38       -6.951285        2.4206
BFGS:   33 19:22:38       -7.072509        1.5331
BFGS:   34 19:22:38       -7.173705        0.5610
BFGS:   35 19:22:38       -7.212764        1.3813
BFGS:   36 19:22:38       -7.295431        0.7090
BFGS:   37 19:22:38       -7.369314        0.7595
BFGS:   38 19:22:38       -7.682451        0.9515
BFGS:   39 19:22:38       -7.808046        1.3026
BFGS:   40 19:22:38       -7.912465        1.0644
BFGS:   41 19:22:38       -8.017409        0.7026
BFGS:   42 19:22:38       -8.070636        0.6042
BFGS:   43 19:22:38       -8.136951        0.6225
BFGS:   44 19:22:38       -8.197262        0.8132
BFGS:   45 19:22:38       -8.265931        1.0517
BFGS:   46 19:22:38       -8.321603        0.8992
BFGS:   47 19:22:38       -8.396785        1.1917
BFGS:   48 19:22:38       -8.478603        0.6945
BFGS:   49 19:22:38       -8.509378        0.6075
BFGS:   50 19:22:38       -8.546573        0.5001
BFGS:   51 19:22:38       -8.564644        0.4363
BFGS:   52 19:22:38       -8.578581        0.2833
BFGS:   53 19:22:38       -8.588530        0.2640
BFGS:   54 19:22:38       -8.597473        0.1890
BFGS:   55 19:22:38       -8.602093        0.1412
BFGS:   56 19:22:38       -8.603861        0.1074
BFGS:   57 19:22:38       -8.605596        0.1022
BFGS:   58 19:22:38       -8.607622        0.1064
BFGS:   59 19:22:38       -8.609860        0.1089
BFGS:   60 19:22:38       -8.611467        0.0836
BFGS:   61 19:22:38       -8.612306        0.0747
BFGS:   62 19:22:38       -8.612777        0.0727
BFGS:   63 19:22:38       -8.613216        0.0593
BFGS:   64 19:22:38       -8.613674        0.0386
      Step     Time          Energy         fmax
BFGS:    0 19:22:38       19.357622       28.8031
BFGS:    1 19:22:38        1.125215       13.5794
BFGS:    2 19:22:38       -2.409523        8.3935
BFGS:    3 19:22:38       -4.390745        2.5973
BFGS:    4 19:22:38       -4.922206        1.4831
BFGS:    5 19:22:38       -5.139495        0.8005
BFGS:    6 19:22:38       -5.185218        0.5809
BFGS:    7 19:22:38       -5.203741        0.4960
BFGS:    8 19:22:38       -5.228300        0.4364
BFGS:    9 19:22:38       -5.276003        0.4964
BFGS:   10 19:22:38       -5.331005        0.6315
BFGS:   11 19:22:38       -5.362045        0.6332
BFGS:   12 19:22:38       -5.414893        0.5958
BFGS:   13 19:22:38       -5.443374        0.5490
BFGS:   14 19:22:38       -5.499172        0.5886
BFGS:   15 19:22:38       -5.581531        0.5885
BFGS:   16 19:22:38       -5.606181        0.6006
BFGS:   17 19:22:38       -5.631153        0.7285
BFGS:   18 19:22:38       -5.740832        1.2612
BFGS:   19 19:22:38       -5.810891        1.4390
BFGS:   20 19:22:38       -5.894292        1.1435
BFGS:   21 19:22:38       -6.018238        1.0136
BFGS:   22 19:22:38       -6.163231        1.2921
BFGS:   23 19:22:38       -6.323624        1.5198
BFGS:   24 19:22:38       -6.547010        1.7680
BFGS:   25 19:22:38       -6.541216        1.7680
BFGS:   26 19:22:38       -6.744738        0.8986
BFGS:   27 19:22:38       -6.743132        1.5204
BFGS:   28 19:22:39       -6.910887        0.7190
BFGS:   29 19:22:39       -7.022981        0.7488
BFGS:   30 19:22:39       -7.065719        0.9622
BFGS:   31 19:22:39       -7.139103        1.2427
BFGS:   32 19:22:39       -7.246454        0.9187
BFGS:   33 19:22:39       -7.305771        0.7836
BFGS:   34 19:22:39       -7.352802        0.4766
BFGS:   35 19:22:39       -7.376099        0.4509
BFGS:   36 19:22:39       -7.408019        0.4686
BFGS:   37 19:22:39       -7.431477        0.3521
BFGS:   38 19:22:39       -7.452846        0.2789
BFGS:   39 19:22:39       -7.462233        0.2323
BFGS:   40 19:22:39       -7.468189        0.2347
BFGS:   41 19:22:39       -7.476609        0.2792
BFGS:   42 19:22:39       -7.491605        0.3887
BFGS:   43 19:22:39       -7.524861        0.5948
BFGS:   44 19:22:39       -7.560050        0.7207
BFGS:   45 19:22:39       -7.588470        0.6141
BFGS:   46 19:22:39       -7.620382        0.4547
BFGS:   47 19:22:39       -7.637526        0.3932
BFGS:   48 19:22:39       -7.684989        0.4194
BFGS:   49 19:22:39       -7.690939        0.3379
BFGS:   50 19:22:39       -7.704629        0.2204
BFGS:   51 19:22:39       -7.709294        0.2405
BFGS:   52 19:22:39       -7.713303        0.2386
BFGS:   53 19:22:39       -7.721949        0.1909
BFGS:   54 19:22:39       -7.727423        0.1427
BFGS:   55 19:22:39       -7.734879        0.1700
BFGS:   56 19:22:39       -7.737736        0.1893
BFGS:   57 19:22:39       -7.741492        0.2020
BFGS:   58 19:22:39       -7.749904        0.2339
BFGS:   59 19:22:39       -7.767592        0.3600
BFGS:   60 19:22:39       -7.804512        0.6254
BFGS:   61 19:22:39       -7.866436        0.8168
BFGS:   62 19:22:39       -7.933200        0.9539
BFGS:   63 19:22:39       -7.983283        1.0396
BFGS:   64 19:22:39       -8.023621        1.1301
BFGS:   65 19:22:39       -8.112328        0.9057
BFGS:   66 19:22:39       -8.187871        0.9383
BFGS:   67 19:22:39       -8.233126        0.8448
BFGS:   68 19:22:39       -8.264671        0.7138
BFGS:   69 19:22:39       -8.290426        0.5832
BFGS:   70 19:22:39       -8.339721        0.4799
BFGS:   71 19:22:39       -8.372125        0.5374
BFGS:   72 19:22:39       -8.399712        0.5220
BFGS:   73 19:22:39       -8.421470        0.3767
BFGS:   74 19:22:39       -8.438744        0.3309
BFGS:   75 19:22:39       -8.448052        0.2571
BFGS:   76 19:22:39       -8.458326        0.2628
BFGS:   77 19:22:39       -8.470203        0.2795
BFGS:   78 19:22:39       -8.485265        0.3079
BFGS:   79 19:22:39       -8.516089        0.4342
BFGS:   80 19:22:39       -8.544790        0.5072
BFGS:   81 19:22:39       -8.580273        0.6695
BFGS:   82 19:22:39       -8.631712        0.8935
BFGS:   83 19:22:39       -8.690512        1.0222
BFGS:   84 19:22:39       -8.750118        0.9826
BFGS:   85 19:22:39       -8.819914        0.8041
BFGS:   86 19:22:39       -8.863211        0.8235
BFGS:   87 19:22:39       -8.739808        1.3167
BFGS:   88 19:22:39       -8.899018        0.6773
BFGS:   89 19:22:39       -8.919216        0.6466
BFGS:   90 19:22:39       -8.934309        0.6149
BFGS:   91 19:22:39       -8.960926        0.4704
BFGS:   92 19:22:39       -8.977784        0.4435
BFGS:   93 19:22:39       -9.050945        0.4071
BFGS:   94 19:22:39       -9.069935        0.3190
BFGS:   95 19:22:39       -9.082542        0.1546
BFGS:   96 19:22:39       -9.086124        0.1268
BFGS:   97 19:22:39       -9.087341        0.1212
BFGS:   98 19:22:39       -9.089225        0.1319
BFGS:   99 19:22:39       -9.091632        0.1378
BFGS:  100 19:22:39       -9.093775        0.1045
BFGS:  101 19:22:39       -9.094714        0.0928
BFGS:  102 19:22:39       -9.095251        0.0795
BFGS:  103 19:22:39       -9.095691        0.0650
BFGS:  104 19:22:39       -9.096153        0.0483
      Step     Time          Energy         fmax
BFGS:    0 19:22:39       17.567235       34.8423
BFGS:    1 19:22:39        1.474444       18.5958
BFGS:    2 19:22:39       -2.027541       10.3060
BFGS:    3 19:22:39       -4.277301        3.1460
BFGS:    4 19:22:39       -4.907515        1.8308
BFGS:    5 19:22:39       -5.242883        0.9282
BFGS:    6 19:22:39       -5.327526        0.6151
BFGS:    7 19:22:39       -5.368469        0.4972
BFGS:    8 19:22:39       -5.418937        0.5347
BFGS:    9 19:22:39       -5.517844        0.6713
BFGS:   10 19:22:39       -5.608527        0.7604
BFGS:   11 19:22:39       -5.657650        0.6469
BFGS:   12 19:22:39       -5.742225        0.6017
BFGS:   13 19:22:39       -5.775270        0.5423
BFGS:   14 19:22:39       -5.875963        1.0975
BFGS:   15 19:22:39       -5.949924        0.5563
BFGS:   16 19:22:39       -5.990413        0.4943
BFGS:   17 19:22:39       -6.013355        0.5163
BFGS:   18 19:22:39       -6.131168        0.7313
BFGS:   19 19:22:39       -6.214878        0.9374
BFGS:   20 19:22:39       -6.283978        0.7665
BFGS:   21 19:22:39       -6.401818        0.7782
BFGS:   22 19:22:39       -6.493768        1.1467
BFGS:   23 19:22:39       -6.619763        1.4089
BFGS:   24 19:22:39       -6.743104        1.0557
BFGS:   25 19:22:39       -6.832348        0.5660
BFGS:   26 19:22:39       -6.851692        0.3732
BFGS:   27 19:22:39       -6.863090        0.3262
BFGS:   28 19:22:39       -6.879100        0.3209
BFGS:   29 19:22:39       -6.905483        0.3855
BFGS:   30 19:22:39       -6.934860        0.4879
BFGS:   31 19:22:39       -6.956293        0.6588
BFGS:   32 19:22:39       -7.042107        1.2138
BFGS:   33 19:22:39       -7.124980        1.6578
BFGS:   34 19:22:39       -7.169651        1.5468
BFGS:   35 19:22:39       -7.268759        1.0496
BFGS:   36 19:22:39       -7.376127        0.6622
BFGS:   37 19:22:39       -7.412454        0.7067
BFGS:   38 19:22:39       -7.453111        0.6549
BFGS:   39 19:22:39       -7.476681        0.4859
BFGS:   40 19:22:39       -7.502238        0.3276
BFGS:   41 19:22:39       -7.520853        0.3348
BFGS:   42 19:22:39       -7.532741        0.4068
BFGS:   43 19:22:39       -7.545632        0.3312
BFGS:   44 19:22:39       -7.567354        0.2279
BFGS:   45 19:22:39       -7.578737        0.2009
BFGS:   46 19:22:39       -7.587366        0.1856
BFGS:   47 19:22:39       -7.590669        0.1778
BFGS:   48 19:22:39       -7.595461        0.1842
BFGS:   49 19:22:39       -7.602498        0.2432
BFGS:   50 19:22:39       -7.617495        0.3496
BFGS:   51 19:22:39       -7.653549        0.7227
BFGS:   52 19:22:39       -7.702174        1.1647
BFGS:   53 19:22:39       -7.694887        1.4427
BFGS:   54 19:22:39       -7.784746        1.1285
BFGS:   55 19:22:39       -7.862929        1.0426
BFGS:   56 19:22:39       -7.940827        1.7265
BFGS:   57 19:22:39       -7.985830        1.0741
BFGS:   58 19:22:39       -8.040000        0.8043
BFGS:   59 19:22:39       -8.116571        0.8219
BFGS:   60 19:22:39       -8.149808        0.4690
BFGS:   61 19:22:39       -8.162357        0.4155
BFGS:   62 19:22:39       -8.185219        0.4295
BFGS:   63 19:22:39       -8.200980        0.3193
BFGS:   64 19:22:39       -8.218600        0.3041
BFGS:   65 19:22:39       -8.226150        0.2755
BFGS:   66 19:22:39       -8.236989        0.2204
BFGS:   67 19:22:39       -8.242924        0.2939
BFGS:   68 19:22:39       -8.249671        0.3481
BFGS:   69 19:22:39       -8.257271        0.3076
BFGS:   70 19:22:39       -8.267534        0.2932
BFGS:   71 19:22:39       -8.281197        0.4135
BFGS:   72 19:22:39       -8.293027        0.3939
BFGS:   73 19:22:39       -8.301713        0.3193
BFGS:   74 19:22:39       -8.312985        0.2626
BFGS:   75 19:22:39       -8.328272        0.2414
BFGS:   76 19:22:39       -8.352157        0.2694
BFGS:   77 19:22:39       -8.379443        0.3651
BFGS:   78 19:22:39       -8.422963        0.4417
BFGS:   79 19:22:39       -8.448935        0.8080
BFGS:   80 19:22:39       -8.470026        1.0529
BFGS:   81 19:22:39       -8.499582        0.6564
BFGS:   82 19:22:39       -8.512469        0.6461
BFGS:   83 19:22:39       -8.558765        0.5032
BFGS:   84 19:22:39       -8.595015        0.4577
BFGS:   85 19:22:39       -8.657810        0.6464
BFGS:   86 19:22:39       -8.711883        0.7256
BFGS:   87 19:22:39       -8.784685        0.6041
BFGS:   88 19:22:39       -8.839622        0.6722
BFGS:   89 19:22:39       -8.947334        0.7891
BFGS:   90 19:22:39       -8.993130        0.5479
BFGS:   91 19:22:39       -9.031480        0.5062
BFGS:   92 19:22:39       -9.052973        0.4127
BFGS:   93 19:22:39       -9.071818        0.2550
BFGS:   94 19:22:39       -9.078248        0.1631
BFGS:   95 19:22:39       -9.083739        0.1373
BFGS:   96 19:22:39       -9.087346        0.1132
BFGS:   97 19:22:39       -9.088450        0.1054
BFGS:   98 19:22:39       -9.091279        0.0960
BFGS:   99 19:22:39       -9.093664        0.1004
BFGS:  100 19:22:39       -9.095700        0.0665
BFGS:  101 19:22:39       -9.096398        0.0487
      Step     Time          Energy         fmax
BFGS:    0 19:22:39       17.832405       42.2438
BFGS:    1 19:22:39        0.554645       12.0723
BFGS:    2 19:22:39       -2.978452       11.1408
BFGS:    3 19:22:39       -5.307530        2.9572
BFGS:    4 19:22:39       -5.814355        1.4584
BFGS:    5 19:22:39       -6.071161        0.9388
BFGS:    6 19:22:39       -6.164951        0.8948
BFGS:    7 19:22:39       -6.244876        0.8365
BFGS:    8 19:22:39       -6.338927        0.8092
BFGS:    9 19:22:39       -6.426023        0.8381
BFGS:   10 19:22:39       -6.604232        1.2841
BFGS:   11 19:22:39       -6.717685        1.3248
BFGS:   12 19:22:39       -6.779702        0.6992
BFGS:   13 19:22:39       -6.849154        0.6148
BFGS:   14 19:22:39       -6.953332        1.2039
BFGS:   15 19:22:39       -6.989148        0.5775
BFGS:   16 19:22:39       -7.014845        0.6009
BFGS:   17 19:22:39       -7.220013        0.9129
BFGS:   18 19:22:39       -7.272378        1.3481
BFGS:   19 19:22:39       -7.335405        0.7816
BFGS:   20 19:22:39       -7.374532        0.6053
BFGS:   21 19:22:39       -7.439678        0.6319
BFGS:   22 19:22:39       -7.458186        0.3755
BFGS:   23 19:22:39       -7.483669        0.3690
BFGS:   24 19:22:39       -7.502729        0.4733
BFGS:   25 19:22:39       -7.528819        0.5510
BFGS:   26 19:22:39       -7.553309        0.4936
BFGS:   27 19:22:39       -7.588251        0.4879
BFGS:   28 19:22:39       -7.611626        0.4395
BFGS:   29 19:22:39       -7.630364        0.5304
BFGS:   30 19:22:39       -7.657448        0.5410
BFGS:   31 19:22:39       -7.691213        0.5500
BFGS:   32 19:22:39       -7.728840        0.6143
BFGS:   33 19:22:39       -7.770440        0.5936
BFGS:   34 19:22:39       -7.830649        0.6955
BFGS:   35 19:22:39       -7.853417        0.5498
BFGS:   36 19:22:39       -7.880214        0.4503
BFGS:   37 19:22:39       -7.912143        0.3307
BFGS:   38 19:22:39       -7.923018        0.4777
BFGS:   39 19:22:39       -7.935414        0.4599
BFGS:   40 19:22:39       -7.975284        0.4996
BFGS:   41 19:22:39       -8.014339        0.6152
BFGS:   42 19:22:39       -8.061483        0.6215
BFGS:   43 19:22:39       -8.146337        0.8756
BFGS:   44 19:22:39       -8.174940        0.8413
BFGS:   45 19:22:39       -8.229748        0.6276
BFGS:   46 19:22:39       -8.264197        0.8003
BFGS:   47 19:22:39       -8.299365        0.5146
BFGS:   48 19:22:39       -8.334365        0.3676
BFGS:   49 19:22:39       -8.350872        0.1995
BFGS:   50 19:22:39       -8.358534        0.3446
BFGS:   51 19:22:39       -8.367394        0.3124
BFGS:   52 19:22:39       -8.399823        0.3484
BFGS:   53 19:22:39       -8.431270        0.5438
BFGS:   54 19:22:39       -8.465632        0.8457
BFGS:   55 19:22:39       -8.414696        0.9629
BFGS:   56 19:22:39       -8.500883        0.6391
BFGS:   57 19:22:39       -8.520283        0.6301
BFGS:   58 19:22:39       -8.584005        0.5663
BFGS:   59 19:22:39       -8.627081        0.4535
BFGS:   60 19:22:39       -8.672593        0.5530
BFGS:   61 19:22:39       -8.724070        0.7208
BFGS:   62 19:22:39       -8.755385        0.5636
BFGS:   63 19:22:39       -8.799847        0.4825
BFGS:   64 19:22:39       -8.828731        0.4493
BFGS:   65 19:22:39       -8.903633        0.8226
BFGS:   66 19:22:39       -8.947444        0.7700
BFGS:   67 19:22:39       -9.002913        0.6473
BFGS:   68 19:22:39       -9.039321        0.3912
BFGS:   69 19:22:39       -9.060046        0.3253
BFGS:   70 19:22:39       -9.071261        0.2462
BFGS:   71 19:22:39       -9.079608        0.2064
BFGS:   72 19:22:39       -9.088112        0.1353
BFGS:   73 19:22:39       -9.092054        0.1045
BFGS:   74 19:22:39       -9.093436        0.1039
BFGS:   75 19:22:39       -9.094035        0.0964
BFGS:   76 19:22:39       -9.094643        0.0742
BFGS:   77 19:22:39       -9.095171        0.0486
      Step     Time          Energy         fmax
BFGS:    0 19:22:40       18.172284       30.4766
BFGS:    1 19:22:40       -0.425521        9.6551
BFGS:    2 19:22:40       -3.369757        5.6620
BFGS:    3 19:22:40       -4.562028        2.5315
BFGS:    4 19:22:40       -5.039418        1.2755
BFGS:    5 19:22:40       -5.174552        0.5559
BFGS:    6 19:22:40       -5.201349        0.3877
BFGS:    7 19:22:40       -5.213287        0.3894
BFGS:    8 19:22:40       -5.236919        0.4065
BFGS:    9 19:22:40       -5.280162        0.6087
BFGS:   10 19:22:40       -5.340952        0.8679
BFGS:   11 19:22:40       -5.406100        1.4102
BFGS:   12 19:22:40       -5.497305        2.3548
BFGS:   13 19:22:40       -5.648985        1.3113
BFGS:   14 19:22:40       -5.780926        1.0903
BFGS:   15 19:22:40       -5.831617        0.7718
BFGS:   16 19:22:40       -5.899315        0.8047
BFGS:   17 19:22:40       -5.989697        0.8196
BFGS:   18 19:22:40       -6.100547        0.9024
BFGS:   19 19:22:40       -6.184520        1.0132
BFGS:   20 19:22:40       -6.308407        1.0802
BFGS:   21 19:22:40       -6.480179        1.1362
BFGS:   22 19:22:40       -6.560579        1.3125
BFGS:   23 19:22:40       -6.653090        0.7437
BFGS:   24 19:22:40       -6.691934        0.7884
BFGS:   25 19:22:40       -6.776584        0.9917
BFGS:   26 19:22:40       -6.861210        0.7361
BFGS:   27 19:22:40       -6.931023        0.9160
BFGS:   28 19:22:40       -7.059075        0.9742
BFGS:   29 19:22:40       -7.139800        1.0743
BFGS:   30 19:22:40       -7.215785        1.0359
BFGS:   31 19:22:40       -7.313581        1.0036
BFGS:   32 19:22:40       -7.430447        2.1656
BFGS:   33 19:22:40       -7.532682        1.1101
BFGS:   34 19:22:40       -7.658765        0.7091
BFGS:   35 19:22:40       -7.774797        1.1018
BFGS:   36 19:22:40       -7.833108        0.5906
BFGS:   37 19:22:40       -7.888422        0.4994
BFGS:   38 19:22:40       -7.946038        0.4406
BFGS:   39 19:22:40       -7.964053        0.3773
BFGS:   40 19:22:40       -7.997340        0.3971
BFGS:   41 19:22:40       -8.010649        0.3302
BFGS:   42 19:22:40       -8.032707        0.4362
BFGS:   43 19:22:40       -8.065445        0.5674
BFGS:   44 19:22:40       -8.109581        0.7391
BFGS:   45 19:22:40       -8.173980        1.1590
BFGS:   46 19:22:40       -8.229097        1.2448
BFGS:   47 19:22:40       -8.316154        0.6740
BFGS:   48 19:22:40       -8.372774        0.5401
BFGS:   49 19:22:40       -8.396344        0.4284
BFGS:   50 19:22:40       -8.420206        0.3752
BFGS:   51 19:22:40       -8.453932        0.4418
BFGS:   52 19:22:40       -8.492912        0.4353
BFGS:   53 19:22:40       -8.557824        0.5915
BFGS:   54 19:22:40       -8.588781        0.4954
BFGS:   55 19:22:40       -8.612432        0.3687
BFGS:   56 19:22:40       -8.623726        0.2963
BFGS:   57 19:22:40       -8.630747        0.1889
BFGS:   58 19:22:40       -8.637195        0.0975
BFGS:   59 19:22:40       -8.638450        0.0693
BFGS:   60 19:22:40       -8.639109        0.0579
BFGS:   61 19:22:40       -8.639333        0.0532
BFGS:   62 19:22:40       -8.639887        0.0522
BFGS:   63 19:22:40       -8.640381        0.0539
BFGS:   64 19:22:40       -8.641083        0.0726
BFGS:   65 19:22:40       -8.641845        0.0912
BFGS:   66 19:22:40       -8.642956        0.1194
BFGS:   67 19:22:40       -8.644774        0.1482
BFGS:   68 19:22:40       -8.648242        0.1853
BFGS:   69 19:22:40       -8.655693        0.2785
BFGS:   70 19:22:40       -8.669506        0.4016
BFGS:   71 19:22:40       -8.684073        0.5939
BFGS:   72 19:22:40       -8.700308        0.7949
BFGS:   73 19:22:40       -8.722522        0.9330
BFGS:   74 19:22:40       -8.767261        0.8051
BFGS:   75 19:22:40       -8.878062        1.0442
BFGS:   76 19:22:40       -8.950887        0.9150
BFGS:   77 19:22:40       -8.985168        0.8182
BFGS:   78 19:22:40       -9.009975        0.4193
BFGS:   79 19:22:40       -9.047207        0.4133
BFGS:   80 19:22:40       -9.068901        0.2995
BFGS:   81 19:22:40       -9.082851        0.2269
BFGS:   82 19:22:40       -9.087347        0.1728
BFGS:   83 19:22:40       -9.090370        0.1070
BFGS:   84 19:22:40       -9.091607        0.0901
BFGS:   85 19:22:40       -9.092536        0.0791
BFGS:   86 19:22:40       -9.093258        0.0554
BFGS:   87 19:22:40       -9.094283        0.0555
BFGS:   88 19:22:40       -9.095199        0.0535
BFGS:   89 19:22:40       -9.095734        0.0655
BFGS:   90 19:22:40       -9.096033        0.0616
BFGS:   91 19:22:40       -9.096349        0.0532
BFGS:   92 19:22:40       -9.096698        0.0357
      Step     Time          Energy         fmax
BFGS:    0 19:22:40       18.560325       32.9277
BFGS:    1 19:22:40        1.133603       10.9000
BFGS:    2 19:22:40       -2.197391        5.5751
BFGS:    3 19:22:40       -4.000980        2.0905
BFGS:    4 19:22:40       -4.528895        0.9707
BFGS:    5 19:22:40       -4.664258        0.6685
BFGS:    6 19:22:40       -4.706103        0.6352
BFGS:    7 19:22:40       -4.737393        0.4725
BFGS:    8 19:22:40       -4.765615        0.4275
BFGS:    9 19:22:40       -4.798253        0.4898
BFGS:   10 19:22:40       -4.844764        0.5496
BFGS:   11 19:22:40       -4.901931        0.5965
BFGS:   12 19:22:40       -4.953755        0.8606
BFGS:   13 19:22:40       -5.025749        1.3105
BFGS:   14 19:22:40       -5.131552        1.7107
BFGS:   15 19:22:40       -5.200725        1.3315
BFGS:   16 19:22:40       -5.333759        0.8383
BFGS:   17 19:22:40       -5.375851        0.5906
BFGS:   18 19:22:40       -5.426420        0.6680
BFGS:   19 19:22:40       -5.523610        0.6822
BFGS:   20 19:22:40       -5.625296        0.9593
BFGS:   21 19:22:40       -5.679093        1.1063
BFGS:   22 19:22:40       -5.805883        1.1167
BFGS:   23 19:22:40       -5.931407        1.2593
BFGS:   24 19:22:40       -6.043222        1.2419
BFGS:   25 19:22:40       -6.161895        0.5424
BFGS:   26 19:22:40       -6.211477        0.6199
BFGS:   27 19:22:40       -6.276635        1.0333
BFGS:   28 19:22:40       -6.314526        0.8018
BFGS:   29 19:22:40       -6.400735        0.6409
BFGS:   30 19:22:40       -6.517208        1.1814
BFGS:   31 19:22:40       -6.630916        1.1775
BFGS:   32 19:22:40       -6.682146        0.9295
BFGS:   33 19:22:40       -6.755058        0.7824
BFGS:   34 19:22:40       -6.913018        1.4747
BFGS:   35 19:22:40       -6.987238        0.8321
BFGS:   36 19:22:40       -7.039369        0.8178
BFGS:   37 19:22:40       -7.097052        0.6366
BFGS:   38 19:22:40       -7.138011        0.6943
BFGS:   39 19:22:40       -7.189145        0.5704
BFGS:   40 19:22:40       -7.231724        0.6430
BFGS:   41 19:22:40       -7.275588        0.6822
BFGS:   42 19:22:40       -7.315374        0.6530
BFGS:   43 19:22:40       -7.364867        0.5486
BFGS:   44 19:22:40       -7.402956        0.4733
BFGS:   45 19:22:40       -7.435109        0.3999
BFGS:   46 19:22:40       -7.448571        0.3669
BFGS:   47 19:22:40       -7.466135        0.3924
BFGS:   48 19:22:40       -7.492742        0.4376
BFGS:   49 19:22:40       -7.531202        0.5523
BFGS:   50 19:22:40       -7.572515        0.4240
BFGS:   51 19:22:40       -7.586647        0.3041
BFGS:   52 19:22:40       -7.592040        0.3489
BFGS:   53 19:22:40       -7.603056        0.3466
BFGS:   54 19:22:40       -7.622383        0.2899
BFGS:   55 19:22:40       -7.634043        0.2388
BFGS:   56 19:22:40       -7.637529        0.1535
BFGS:   57 19:22:40       -7.639645        0.1336
BFGS:   58 19:22:40       -7.641768        0.1347
BFGS:   59 19:22:40       -7.644370        0.1274
BFGS:   60 19:22:40       -7.645824        0.0728
BFGS:   61 19:22:40       -7.646285        0.0466
      Step     Time          Energy         fmax
BFGS:    0 19:22:40       18.511756       29.1643
BFGS:    1 19:22:40        3.817715       31.4188
BFGS:    2 19:22:40       -1.217679       12.3759
BFGS:    3 19:22:40       -3.453229        4.2107
BFGS:    4 19:22:40       -4.144385        1.5099
BFGS:    5 19:22:40       -4.472128        0.8682
BFGS:    6 19:22:40       -4.576346        0.5985
BFGS:    7 19:22:40       -4.614740        0.4851
BFGS:    8 19:22:40       -4.652115        0.5531
BFGS:    9 19:22:40       -4.726621        0.6351
BFGS:   10 19:22:40       -4.849025        0.7776
BFGS:   11 19:22:40       -4.928724        1.0153
BFGS:   12 19:22:40       -5.098132        1.6192
BFGS:   13 19:22:40       -5.252184        1.6453
BFGS:   14 19:22:40       -5.348978        1.5566
BFGS:   15 19:22:40       -5.482557        1.2000
BFGS:   16 19:22:40       -5.530578        0.7682
BFGS:   17 19:22:40       -5.563618        0.8285
BFGS:   18 19:22:40       -5.628658        1.0631
BFGS:   19 19:22:40       -5.699944        1.2664
BFGS:   20 19:22:40       -5.772020        0.8006
BFGS:   21 19:22:40       -5.800657        0.6141
BFGS:   22 19:22:40       -5.856729        0.6367
BFGS:   23 19:22:40       -5.960068        0.6317
BFGS:   24 19:22:40       -6.000368        0.7350
BFGS:   25 19:22:40       -6.046295        0.6237
BFGS:   26 19:22:40       -6.080885        0.4919
BFGS:   27 19:22:40       -6.124148        0.6823
BFGS:   28 19:22:40       -6.176189        0.8655
BFGS:   29 19:22:40       -6.252275        0.7521
BFGS:   30 19:22:40       -6.313535        0.8175
BFGS:   31 19:22:40       -6.354249        0.4754
BFGS:   32 19:22:40       -6.374123        0.4927
BFGS:   33 19:22:40       -6.394871        0.5070
BFGS:   34 19:22:40       -6.423666        0.3911
BFGS:   35 19:22:40       -6.441678        0.2361
BFGS:   36 19:22:40       -6.452674        0.2519
BFGS:   37 19:22:40       -6.458136        0.2798
BFGS:   38 19:22:40       -6.464571        0.2818
BFGS:   39 19:22:40       -6.472166        0.2303
BFGS:   40 19:22:40       -6.482472        0.2717
BFGS:   41 19:22:40       -6.487940        0.2207
BFGS:   42 19:22:40       -6.493316        0.2243
BFGS:   43 19:22:40       -6.499315        0.2216
BFGS:   44 19:22:40       -6.510313        0.3122
BFGS:   45 19:22:40       -6.533716        0.5080
BFGS:   46 19:22:40       -6.593154        0.8514
BFGS:   47 19:22:40       -6.721088        0.8928
BFGS:   48 19:22:40       -6.925581        0.8759
BFGS:   49 19:22:40       -6.994142        1.4849
BFGS:   50 19:22:40       -7.046950        0.6580
BFGS:   51 19:22:40       -7.084805        0.6872
BFGS:   52 19:22:40       -7.157463        1.1365
BFGS:   53 19:22:40       -7.224391        0.7090
BFGS:   54 19:22:40       -7.310502        0.8404
BFGS:   55 19:22:40       -7.347636        0.6813
BFGS:   56 19:22:40       -7.398673        0.6692
BFGS:   57 19:22:40       -7.435610        0.5295
BFGS:   58 19:22:40       -7.482806        0.5090
BFGS:   59 19:22:40       -7.512070        0.4155
BFGS:   60 19:22:40       -7.550107        0.6454
BFGS:   61 19:22:40       -7.579845        0.3938
BFGS:   62 19:22:40       -7.594137        0.2582
BFGS:   63 19:22:40       -7.602709        0.2258
BFGS:   64 19:22:40       -7.610156        0.2276
BFGS:   65 19:22:40       -7.621056        0.2599
BFGS:   66 19:22:40       -7.631361        0.2710
BFGS:   67 19:22:40       -7.639165        0.2433
BFGS:   68 19:22:40       -7.645516        0.2479
BFGS:   69 19:22:40       -7.653956        0.2919
BFGS:   70 19:22:40       -7.689460        0.5089
BFGS:   71 19:22:40       -7.777094        0.9233
BFGS:   72 19:22:40       -7.918966        0.8298
BFGS:   73 19:22:40       -7.950667        2.0172
BFGS:   74 19:22:40       -7.866517        0.9613
BFGS:   75 19:22:40       -8.068501        0.7049
BFGS:   76 19:22:40       -8.148852        0.4939
BFGS:   77 19:22:40       -8.177251        0.8302
BFGS:   78 19:22:40       -8.204069        0.5931
BFGS:   79 19:22:40       -8.279977        0.5004
BFGS:   80 19:22:40       -8.324030        0.4002
BFGS:   81 19:22:40       -8.376463        0.4336
BFGS:   82 19:22:40       -8.433364        0.4493
BFGS:   83 19:22:40       -8.477157        0.4137
BFGS:   84 19:22:40       -8.502246        0.3838
BFGS:   85 19:22:40       -8.515426        0.5531
BFGS:   86 19:22:40       -8.525835        0.4305
BFGS:   87 19:22:40       -8.545012        0.3993
BFGS:   88 19:22:40       -8.609003        0.6268
BFGS:   89 19:22:40       -8.678478        0.9148
BFGS:   90 19:22:40       -8.733550        0.7408
BFGS:   91 19:22:40       -8.783032        0.7839
BFGS:   92 19:22:40       -8.810948        0.5938
BFGS:   93 19:22:40       -8.829756        0.5890
BFGS:   94 19:22:40       -8.859825        0.6124
BFGS:   95 19:22:41       -8.910734        0.6237
BFGS:   96 19:22:41       -8.939549        0.5487
BFGS:   97 19:22:41       -8.986052        0.4488
BFGS:   98 19:22:41       -9.009565        0.3995
BFGS:   99 19:22:41       -9.048141        0.4002
BFGS:  100 19:22:41       -9.062143        0.3786
BFGS:  101 19:22:41       -9.069052        0.3485
BFGS:  102 19:22:41       -9.075520        0.2815
BFGS:  103 19:22:41       -9.082127        0.2173
BFGS:  104 19:22:41       -9.092279        0.1423
BFGS:  105 19:22:41       -9.095890        0.0915
BFGS:  106 19:22:41       -9.096638        0.0368
      Step     Time          Energy         fmax
BFGS:    0 19:22:41       18.724957       40.2929
BFGS:    1 19:22:41        3.052972       14.1007
BFGS:    2 19:22:41       -2.245429        7.0686
BFGS:    3 19:22:41       -4.620432        3.4587
BFGS:    4 19:22:41       -5.349107        1.8704
BFGS:    5 19:22:41       -5.602197        0.8969
BFGS:    6 19:22:41       -5.673477        0.5239
BFGS:    7 19:22:41       -5.704444        0.5131
BFGS:    8 19:22:41       -5.746630        0.5774
BFGS:    9 19:22:41       -5.833266        0.6973
BFGS:   10 19:22:41       -5.995167        1.0125
BFGS:   11 19:22:41       -6.096416        1.2306
BFGS:   12 19:22:41       -6.182357        1.1813
BFGS:   13 19:22:41       -6.523862        1.7487
BFGS:   14 19:22:41       -6.607183        0.8794
BFGS:   15 19:22:41       -6.724800        0.7116
BFGS:   16 19:22:41       -6.875928        1.0049
BFGS:   17 19:22:41       -6.937735        0.7178
BFGS:   18 19:22:41       -6.996175        0.6182
BFGS:   19 19:22:41       -7.066287        0.6204
BFGS:   20 19:22:41       -7.102313        0.6965
BFGS:   21 19:22:41       -7.125320        0.6483
BFGS:   22 19:22:41       -7.184309        0.4419
BFGS:   23 19:22:41       -7.213293        0.4355
BFGS:   24 19:22:41       -7.234103        0.4335
BFGS:   25 19:22:41       -7.261957        0.5167
BFGS:   26 19:22:41       -7.288674        0.6063
BFGS:   27 19:22:41       -7.339378        0.6815
BFGS:   28 19:22:41       -7.382801        0.5826
BFGS:   29 19:22:41       -7.408182        0.6353
BFGS:   30 19:22:41       -7.424763        0.5091
BFGS:   31 19:22:41       -7.437916        0.3584
BFGS:   32 19:22:41       -7.453838        0.2180
BFGS:   33 19:22:41       -7.460082        0.2088
BFGS:   34 19:22:41       -7.462465        0.1914
BFGS:   35 19:22:41       -7.465934        0.1406
BFGS:   36 19:22:41       -7.468824        0.1096
BFGS:   37 19:22:41       -7.470254        0.1270
BFGS:   38 19:22:41       -7.470988        0.1213
BFGS:   39 19:22:41       -7.472237        0.1085
BFGS:   40 19:22:41       -7.474623        0.1022
BFGS:   41 19:22:41       -7.479297        0.1698
BFGS:   42 19:22:41       -7.489439        0.3156
BFGS:   43 19:22:41       -7.520519        0.6129
BFGS:   44 19:22:41       -7.546051        0.6174
BFGS:   45 19:22:41       -7.568181        0.4724
BFGS:   46 19:22:41       -7.592199        0.3803
BFGS:   47 19:22:41       -7.598122        0.5634
BFGS:   48 19:22:41       -7.631075        0.3127
BFGS:   49 19:22:41       -7.637669        0.2340
BFGS:   50 19:22:41       -7.647642        0.1524
BFGS:   51 19:22:41       -7.649682        0.1305
BFGS:   52 19:22:41       -7.652084        0.1034
BFGS:   53 19:22:41       -7.653882        0.0877
BFGS:   54 19:22:41       -7.656073        0.0790
BFGS:   55 19:22:41       -7.657237        0.0937
BFGS:   56 19:22:41       -7.657881        0.0963
BFGS:   57 19:22:41       -7.658581        0.0959
BFGS:   58 19:22:41       -7.660223        0.1532
BFGS:   59 19:22:41       -7.662859        0.2140
BFGS:   60 19:22:41       -7.666784        0.2610
BFGS:   61 19:22:41       -7.673247        0.4428
BFGS:   62 19:22:41       -7.694194        0.9360
BFGS:   63 19:22:41       -7.701313        1.3963
BFGS:   64 19:22:41       -7.730988        1.0768
BFGS:   65 19:22:41       -7.790972        0.9137
BFGS:   66 19:22:41       -7.919685        0.7181
BFGS:   67 19:22:41       -7.971237        1.7872
BFGS:   68 19:22:41       -8.153537        0.5350
BFGS:   69 19:22:41       -8.209663        0.8354
BFGS:   70 19:22:41       -8.255517        1.2048
BFGS:   71 19:22:41       -8.317115        0.5585
BFGS:   72 19:22:41       -8.349878        0.5355
BFGS:   73 19:22:41       -8.422400        0.8445
BFGS:   74 19:22:41       -8.486353        0.7820
BFGS:   75 19:22:41       -8.587371        0.6960
BFGS:   76 19:22:41       -8.687830        0.6918
BFGS:   77 19:22:41       -8.737428        0.8717
BFGS:   78 19:22:41       -8.801756        0.7155
BFGS:   79 19:22:41       -8.858494        0.5123
BFGS:   80 19:22:41       -8.883647        0.4532
BFGS:   81 19:22:41       -8.898434        0.3311
BFGS:   82 19:22:41       -8.906506        0.2429
BFGS:   83 19:22:41       -8.911565        0.1483
BFGS:   84 19:22:41       -8.914021        0.1358
BFGS:   85 19:22:41       -8.915593        0.1211
BFGS:   86 19:22:41       -8.917008        0.0992
BFGS:   87 19:22:41       -8.919047        0.0927
BFGS:   88 19:22:41       -8.921109        0.1020
BFGS:   89 19:22:41       -8.923512        0.1073
BFGS:   90 19:22:41       -8.925984        0.1324
BFGS:   91 19:22:41       -8.928611        0.1427
BFGS:   92 19:22:41       -8.932756        0.1876
BFGS:   93 19:22:41       -8.966261        0.4112
BFGS:   94 19:22:41       -9.019449        0.4122
BFGS:   95 19:22:41       -9.025616        0.2870
BFGS:   96 19:22:41       -9.048309        0.1994
BFGS:   97 19:22:41       -9.051222        0.3164
BFGS:   98 19:22:41       -9.059145        0.1520
BFGS:   99 19:22:41       -9.060649        0.1644
BFGS:  100 19:22:41       -9.064873        0.1891
BFGS:  101 19:22:41       -9.067076        0.1660
BFGS:  102 19:22:41       -9.069937        0.0800
BFGS:  103 19:22:41       -9.070592        0.0427
      Step     Time          Energy         fmax
BFGS:    0 19:22:41       19.143993       31.3242
BFGS:    1 19:22:41        2.481145       11.9918
BFGS:    2 19:22:41       -1.618190        7.1519
BFGS:    3 19:22:41       -4.191179        2.4329
BFGS:    4 19:22:41       -4.653933        1.0823
BFGS:    5 19:22:41       -4.832242        0.4921
BFGS:    6 19:22:41       -4.862760        0.5045
BFGS:    7 19:22:41       -4.876552        0.5151
BFGS:    8 19:22:41       -4.904866        0.5055
BFGS:    9 19:22:41       -4.959114        0.5755
BFGS:   10 19:22:41       -5.038924        0.7478
BFGS:   11 19:22:41       -5.101413        0.9901
BFGS:   12 19:22:41       -5.174414        1.5683
BFGS:   13 19:22:41       -5.332201        1.1997
BFGS:   14 19:22:41       -5.477228        1.9594
BFGS:   15 19:22:41       -5.567710        0.8610
BFGS:   16 19:22:41       -5.603744        0.6385
BFGS:   17 19:22:41       -5.675369        0.5750
BFGS:   18 19:22:41       -5.709001        0.7001
BFGS:   19 19:22:41       -5.734460        0.5945
BFGS:   20 19:22:41       -5.766762        0.3958
BFGS:   21 19:22:41       -5.782134        0.4949
BFGS:   22 19:22:41       -5.799570        0.6959
BFGS:   23 19:22:41       -5.837469        0.9849
BFGS:   24 19:22:41       -5.874632        0.9557
BFGS:   25 19:22:41       -5.916135        0.4940
BFGS:   26 19:22:41       -5.935574        0.4334
BFGS:   27 19:22:41       -5.942636        0.3559
BFGS:   28 19:22:41       -5.950324        0.2005
BFGS:   29 19:22:41       -5.954254        0.2057
BFGS:   30 19:22:41       -5.958248        0.1893
BFGS:   31 19:22:41       -5.963492        0.2273
BFGS:   32 19:22:41       -5.969903        0.2661
BFGS:   33 19:22:41       -5.980099        0.2704
BFGS:   34 19:22:41       -5.990668        0.3039
BFGS:   35 19:22:41       -6.001186        0.3128
BFGS:   36 19:22:41       -6.017514        0.3223
BFGS:   37 19:22:41       -6.043629        0.3928
BFGS:   38 19:22:41       -6.080273        0.5853
BFGS:   39 19:22:41       -6.114677        0.6947
BFGS:   40 19:22:41       -6.150123        0.6545
BFGS:   41 19:22:41       -6.191939        0.8086
BFGS:   42 19:22:41       -6.235803        0.5521
BFGS:   43 19:22:41       -6.299299        0.5157
BFGS:   44 19:22:41       -6.306992        0.9101
BFGS:   45 19:22:41       -6.354065        0.2906
BFGS:   46 19:22:41       -6.368414        0.2577
BFGS:   47 19:22:41       -6.381734        0.3276
BFGS:   48 19:22:41       -6.386561        0.3068
BFGS:   49 19:22:41       -6.407120        0.1844
BFGS:   50 19:22:41       -6.412509        0.2124
BFGS:   51 19:22:41       -6.419220        0.2752
BFGS:   52 19:22:41       -6.427087        0.3292
BFGS:   53 19:22:41       -6.460222        0.6949
BFGS:   54 19:22:41       -6.500270        1.2489
BFGS:   55 19:22:41       -6.481455        1.6520
BFGS:   56 19:22:41       -6.626999        0.9780
BFGS:   57 19:22:41       -6.697169        0.7083
BFGS:   58 19:22:41       -6.746807        0.4308
BFGS:   59 19:22:41       -6.761898        0.3752
BFGS:   60 19:22:41       -6.773588        0.3153
BFGS:   61 19:22:41       -6.786224        0.2078
BFGS:   62 19:22:41       -6.793557        0.1695
BFGS:   63 19:22:41       -6.798454        0.1597
BFGS:   64 19:22:41       -6.800706        0.1540
BFGS:   65 19:22:41       -6.804529        0.1755
BFGS:   66 19:22:41       -6.812122        0.2370
BFGS:   67 19:22:41       -6.844493        0.4795
BFGS:   68 19:22:41       -6.894234        0.8353
BFGS:   69 19:22:41       -6.964915        1.2918
BFGS:   70 19:22:41       -6.970292        1.6440
BFGS:   71 19:22:41       -6.907492        1.4233
BFGS:   72 19:22:41       -7.029537        1.7031
BFGS:   73 19:22:41       -7.059872        1.0720
BFGS:   74 19:22:41       -7.079051        1.1281
BFGS:   75 19:22:41       -7.116634        1.1507
BFGS:   76 19:22:41       -7.150197        0.9662
BFGS:   77 19:22:41       -7.222555        0.7055
BFGS:   78 19:22:41       -7.315750        0.9140
BFGS:   79 19:22:41       -7.405762        1.5059
BFGS:   80 19:22:41       -7.432298        2.0759
BFGS:   81 19:22:41       -7.492772        1.4083
BFGS:   82 19:22:41       -7.545069        1.2064
BFGS:   83 19:22:41       -7.651131        0.9811
BFGS:   84 19:22:41       -7.679045        0.8236
BFGS:   85 19:22:41       -7.715919        0.7024
BFGS:   86 19:22:41       -7.768017        0.6718
BFGS:   87 19:22:41       -7.810997        1.2497
BFGS:   88 19:22:41       -7.873647        0.5493
BFGS:   89 19:22:41       -7.891878        0.4658
BFGS:   90 19:22:41       -7.910753        0.4427
BFGS:   91 19:22:41       -7.925320        0.6086
BFGS:   92 19:22:41       -7.930658        0.5673
BFGS:   93 19:22:41       -7.940645        0.4384
BFGS:   94 19:22:41       -7.947684        0.3505
BFGS:   95 19:22:41       -7.957388        0.3310
BFGS:   96 19:22:41       -7.966591        0.3191
BFGS:   97 19:22:41       -7.975933        0.4297
BFGS:   98 19:22:41       -7.984059        0.4239
BFGS:   99 19:22:41       -7.994991        0.3064
BFGS:  100 19:22:41       -8.002726        0.1979
BFGS:  101 19:22:41       -8.008410        0.2022
BFGS:  102 19:22:41       -8.011165        0.1676
BFGS:  103 19:22:41       -8.012877        0.1500
BFGS:  104 19:22:41       -8.014430        0.1163
BFGS:  105 19:22:41       -8.016731        0.1338
BFGS:  106 19:22:41       -8.019976        0.1236
BFGS:  107 19:22:41       -8.022842        0.1332
BFGS:  108 19:22:41       -8.024124        0.1324
BFGS:  109 19:22:41       -8.024537        0.1286
BFGS:  110 19:22:41       -8.024875        0.1291
BFGS:  111 19:22:41       -8.025396        0.1442
BFGS:  112 19:22:41       -8.026483        0.1746
BFGS:  113 19:22:41       -8.029655        0.2556
BFGS:  114 19:22:41       -8.049991        0.4982
BFGS:  115 19:22:41       -8.132571        0.6420
BFGS:  116 19:22:41       -8.242934        0.9520
BFGS:  117 19:22:41       -8.364457        1.0777
BFGS:  118 19:22:41       -8.305038        2.5606
BFGS:  119 19:22:41       -8.550198        0.4823
BFGS:  120 19:22:41       -8.591323        0.5131
BFGS:  121 19:22:41       -8.617989        0.4690
BFGS:  122 19:22:41       -8.633605        0.4430
BFGS:  123 19:22:41       -8.655635        0.3678
BFGS:  124 19:22:41       -8.685323        0.3230
BFGS:  125 19:22:41       -8.704583        0.3397
BFGS:  126 19:22:41       -8.729861        0.2853
BFGS:  127 19:22:41       -8.745243        0.3078
BFGS:  128 19:22:41       -8.753851        0.2514
BFGS:  129 19:22:41       -8.761193        0.2195
BFGS:  130 19:22:41       -8.768410        0.2056
BFGS:  131 19:22:41       -8.783879        0.2009
BFGS:  132 19:22:41       -8.790042        0.1557
BFGS:  133 19:22:41       -8.793758        0.0808
BFGS:  134 19:22:41       -8.794839        0.0512
BFGS:  135 19:22:41       -8.795226        0.0333
      Step     Time          Energy         fmax
BFGS:    0 19:22:41       19.706172       40.9238
BFGS:    1 19:22:41        2.893734       13.3410
BFGS:    2 19:22:41       -1.293546       10.1493
BFGS:    3 19:22:41       -4.159491        3.8845
BFGS:    4 19:22:41       -4.821655        1.8892
BFGS:    5 19:22:41       -5.161711        1.0863
BFGS:    6 19:22:41       -5.253818        0.7200
BFGS:    7 19:22:41       -5.284992        0.5228
BFGS:    8 19:22:41       -5.309082        0.4732
BFGS:    9 19:22:41       -5.344360        0.5688
BFGS:   10 19:22:41       -5.384287        0.6308
BFGS:   11 19:22:41       -5.427506        0.7319
BFGS:   12 19:22:41       -5.458610        0.5433
BFGS:   13 19:22:41       -5.485378        0.5844
BFGS:   14 19:22:41       -5.580333        1.0001
BFGS:   15 19:22:41       -5.649916        1.2898
BFGS:   16 19:22:41       -5.715460        0.6870
BFGS:   17 19:22:41       -5.743324        0.5677
BFGS:   18 19:22:41       -5.810981        0.5123
BFGS:   19 19:22:41       -5.874096        0.9441
BFGS:   20 19:22:41       -5.925068        0.8593
BFGS:   21 19:22:41       -5.963707        0.8233
BFGS:   22 19:22:41       -6.069270        0.6614
BFGS:   23 19:22:41       -6.057566        0.4892
BFGS:   24 19:22:41       -6.107876        0.3443
BFGS:   25 19:22:41       -6.122187        0.3922
BFGS:   26 19:22:41       -6.137914        0.3823
BFGS:   27 19:22:41       -6.185078        0.4818
BFGS:   28 19:22:41       -6.211228        0.5050
BFGS:   29 19:22:41       -6.282080        0.6877
BFGS:   30 19:22:41       -6.383919        0.9956
BFGS:   31 19:22:41       -6.490048        1.1820
BFGS:   32 19:22:41       -6.476163        1.7665
BFGS:   33 19:22:41       -6.653587        1.1197
BFGS:   34 19:22:41       -6.800330        1.1308
BFGS:   35 19:22:41       -7.044912        2.3065
BFGS:   36 19:22:41       -7.274336        1.5082
BFGS:   37 19:22:41       -7.521505        1.1628
BFGS:   38 19:22:41       -7.611509        0.9502
BFGS:   39 19:22:41       -7.655164        0.4799
BFGS:   40 19:22:41       -7.670246        0.5152
BFGS:   41 19:22:41       -7.701421        0.4964
BFGS:   42 19:22:41       -7.741598        0.4120
BFGS:   43 19:22:41       -7.776137        0.5440
BFGS:   44 19:22:41       -7.805042        0.6406
BFGS:   45 19:22:41       -7.833080        0.5884
BFGS:   46 19:22:41       -7.863083        0.4122
BFGS:   47 19:22:41       -7.886439        0.2856
BFGS:   48 19:22:41       -7.892460        0.2305
BFGS:   49 19:22:41       -7.897391        0.1616
BFGS:   50 19:22:41       -7.898917        0.1377
BFGS:   51 19:22:41       -7.901347        0.1200
BFGS:   52 19:22:41       -7.903135        0.1182
BFGS:   53 19:22:41       -7.904390        0.0807
BFGS:   54 19:22:41       -7.905003        0.0739
BFGS:   55 19:22:41       -7.905697        0.0800
BFGS:   56 19:22:41       -7.906906        0.1182
BFGS:   57 19:22:41       -7.909051        0.1635
BFGS:   58 19:22:41       -7.912156        0.1900
BFGS:   59 19:22:41       -7.916252        0.2396
BFGS:   60 19:22:41       -7.922775        0.3354
BFGS:   61 19:22:41       -7.942010        0.6021
BFGS:   62 19:22:41       -7.904301        0.8858
BFGS:   63 19:22:41       -7.952200        0.5339
BFGS:   64 19:22:41       -7.959873        0.5206
BFGS:   65 19:22:41       -7.996964        0.5832
BFGS:   66 19:22:41       -8.028431        0.2968
BFGS:   67 19:22:41       -8.043207        0.2123
BFGS:   68 19:22:41       -8.053914        0.1880
BFGS:   69 19:22:41       -8.056758        0.1804
BFGS:   70 19:22:41       -8.061900        0.1624
BFGS:   71 19:22:41       -8.064611        0.1190
BFGS:   72 19:22:41       -8.068010        0.0897
BFGS:   73 19:22:41       -8.068962        0.0944
BFGS:   74 19:22:41       -8.069562        0.0838
BFGS:   75 19:22:41       -8.070286        0.0705
BFGS:   76 19:22:41       -8.071556        0.0823
BFGS:   77 19:22:41       -8.072946        0.0846
BFGS:   78 19:22:41       -8.074142        0.0921
BFGS:   79 19:22:41       -8.075223        0.1128
BFGS:   80 19:22:41       -8.077075        0.1488
BFGS:   81 19:22:41       -8.081342        0.2346
BFGS:   82 19:22:41       -8.091109        0.4181
BFGS:   83 19:22:41       -8.105187        0.5835
BFGS:   84 19:22:41       -8.132851        0.7089
BFGS:   85 19:22:41       -8.174449        0.8894
BFGS:   86 19:22:41       -8.229185        1.0229
BFGS:   87 19:22:41       -8.301326        1.0057
BFGS:   88 19:22:41       -8.414367        0.6994
BFGS:   89 19:22:41       -8.491366        0.8307
BFGS:   90 19:22:41       -8.409927        1.5787
BFGS:   91 19:22:41       -8.525510        0.2794
BFGS:   92 19:22:41       -8.536727        0.3017
BFGS:   93 19:22:41       -8.546883        0.2350
BFGS:   94 19:22:41       -8.551155        0.1883
BFGS:   95 19:22:41       -8.555038        0.1766
BFGS:   96 19:22:41       -8.565010        0.1614
BFGS:   97 19:22:41       -8.570771        0.1776
BFGS:   98 19:22:41       -8.580648        0.1642
BFGS:   99 19:22:41       -8.586166        0.1790
BFGS:  100 19:22:41       -8.589784        0.1820
BFGS:  101 19:22:41       -8.593679        0.1703
BFGS:  102 19:22:41       -8.598795        0.1664
BFGS:  103 19:22:41       -8.605946        0.1760
BFGS:  104 19:22:41       -8.614769        0.1811
BFGS:  105 19:22:41       -8.623531        0.1685
BFGS:  106 19:22:42       -8.629263        0.2112
BFGS:  107 19:22:42       -8.631611        0.1804
BFGS:  108 19:22:42       -8.632906        0.1520
BFGS:  109 19:22:42       -8.634494        0.0980
BFGS:  110 19:22:42       -8.635757        0.0762
BFGS:  111 19:22:42       -8.637192        0.0602
BFGS:  112 19:22:42       -8.637580        0.0364
      Step     Time          Energy         fmax
BFGS:    0 19:22:42       20.047105       38.0075
BFGS:    1 19:22:42        3.397093       19.9444
BFGS:    2 19:22:42       -1.025803       15.5388
BFGS:    3 19:22:42       -4.070979        5.5270
BFGS:    4 19:22:42       -5.164196        2.3785
BFGS:    5 19:22:42       -5.650366        0.9843
BFGS:    6 19:22:42       -5.796900        0.6671
BFGS:    7 19:22:42       -5.854971        0.7291
BFGS:    8 19:22:42       -5.907234        0.7905
BFGS:    9 19:22:42       -5.995878        0.8561
BFGS:   10 19:22:42       -6.103462        0.8350
BFGS:   11 19:22:42       -6.192202        1.0836
BFGS:   12 19:22:42       -6.378686        1.5724
BFGS:   13 19:22:42       -6.486462        1.0116
BFGS:   14 19:22:42       -6.569378        0.8432
BFGS:   15 19:22:42       -6.803761        0.7496
BFGS:   16 19:22:42       -6.846621        0.5479
BFGS:   17 19:22:42       -6.874896        0.5456
BFGS:   18 19:22:42       -6.915206        0.5108
BFGS:   19 19:22:42       -6.944761        0.4536
BFGS:   20 19:22:42       -6.960642        0.3840
BFGS:   21 19:22:42       -6.972379        0.3532
BFGS:   22 19:22:42       -6.990863        0.4194
BFGS:   23 19:22:42       -7.007855        0.4688
BFGS:   24 19:22:42       -7.070457        0.9093
BFGS:   25 19:22:42       -7.152019        1.2961
BFGS:   26 19:22:42       -7.193476        1.0782
BFGS:   27 19:22:42       -7.256865        0.8423
BFGS:   28 19:22:42       -7.297391        0.7820
BFGS:   29 19:22:42       -7.393666        0.8038
BFGS:   30 19:22:42       -7.415477        0.5393
BFGS:   31 19:22:42       -7.431497        0.4002
BFGS:   32 19:22:42       -7.469133        0.3085
BFGS:   33 19:22:42       -7.485977        0.4335
BFGS:   34 19:22:42       -7.500471        0.4392
BFGS:   35 19:22:42       -7.523737        0.3720
BFGS:   36 19:22:42       -7.551557        0.3942
BFGS:   37 19:22:42       -7.583529        0.4908
BFGS:   38 19:22:42       -7.611399        0.4626
BFGS:   39 19:22:42       -7.662771        0.4852
BFGS:   40 19:22:42       -7.680142        0.4450
BFGS:   41 19:22:42       -7.740685        0.5049
BFGS:   42 19:22:42       -7.746698        0.7472
BFGS:   43 19:22:42       -7.769722        0.4069
BFGS:   44 19:22:42       -7.781230        0.3898
BFGS:   45 19:22:42       -7.808084        0.3325
BFGS:   46 19:22:42       -7.859056        0.5030
BFGS:   47 19:22:42       -7.925421        0.8043
BFGS:   48 19:22:42       -7.994374        1.0510
BFGS:   49 19:22:42       -8.094839        1.2851
BFGS:   50 19:22:42       -8.117863        1.3693
BFGS:   51 19:22:42       -8.156324        0.9419
BFGS:   52 19:22:42       -8.255314        0.7989
BFGS:   53 19:22:42       -8.334730        0.8976
BFGS:   54 19:22:42       -8.315322        2.6173
BFGS:   55 19:22:42       -8.474985        0.6554
BFGS:   56 19:22:42       -8.522412        0.4744
BFGS:   57 19:22:42       -8.585125        0.6867
BFGS:   58 19:22:42       -8.649771        1.1014
BFGS:   59 19:22:42       -8.714561        0.9936
BFGS:   60 19:22:42       -8.817382        0.8927
BFGS:   61 19:22:42       -8.889987        0.5853
BFGS:   62 19:22:42       -8.935080        0.5405
BFGS:   63 19:22:42       -8.967978        0.4558
BFGS:   64 19:22:42       -8.991655        0.4671
BFGS:   65 19:22:42       -9.018970        0.3743
BFGS:   66 19:22:42       -9.042034        0.3967
BFGS:   67 19:22:42       -9.063915        0.3580
BFGS:   68 19:22:42       -9.076450        0.2811
BFGS:   69 19:22:42       -9.081708        0.1786
BFGS:   70 19:22:42       -9.083681        0.1571
BFGS:   71 19:22:42       -9.085708        0.1319
BFGS:   72 19:22:42       -9.088955        0.1807
BFGS:   73 19:22:42       -9.092199        0.1689
BFGS:   74 19:22:42       -9.094813        0.0771
BFGS:   75 19:22:42       -9.095528        0.0574
BFGS:   76 19:22:42       -9.095861        0.0459
      Step     Time          Energy         fmax
BFGS:    0 19:22:42       18.276775       36.9755
BFGS:    1 19:22:42        5.448296       27.1738
BFGS:    2 19:22:42        0.293520       12.6842
BFGS:    3 19:22:42       -3.150048        3.7996
BFGS:    4 19:22:42       -3.950730        1.6132
BFGS:    5 19:22:42       -4.432979        0.7702
BFGS:    6 19:22:42       -4.565459        0.7305
BFGS:    7 19:22:42       -4.609746        0.7233
BFGS:    8 19:22:42       -4.640783        0.7300
BFGS:    9 19:22:42       -4.702199        0.7503
BFGS:   10 19:22:42       -4.826306        0.7390
BFGS:   11 19:22:42       -4.901782        0.7934
BFGS:   12 19:22:42       -4.994949        0.7339
BFGS:   13 19:22:42       -5.205509        1.2758
BFGS:   14 19:22:42       -5.247864        0.9626
BFGS:   15 19:22:42       -5.310958        0.6081
BFGS:   16 19:22:42       -5.481572        1.3344
BFGS:   17 19:22:42       -5.553801        0.8052
BFGS:   18 19:22:42       -5.604204        0.8749
BFGS:   19 19:22:42       -5.654283        0.8361
BFGS:   20 19:22:42       -5.765903        0.6604
BFGS:   21 19:22:42       -5.798201        0.5515
BFGS:   22 19:22:42       -5.827984        0.6396
BFGS:   23 19:22:42       -5.858137        0.8039
BFGS:   24 19:22:42       -5.899836        0.8049
BFGS:   25 19:22:42       -5.939614        0.5596
BFGS:   26 19:22:42       -5.971629        0.5505
BFGS:   27 19:22:42       -6.009956        0.6258
BFGS:   28 19:22:42       -6.052429        0.8109
BFGS:   29 19:22:42       -6.127623        0.8913
BFGS:   30 19:22:42       -6.172619        0.7311
BFGS:   31 19:22:42       -6.213818        0.6346
BFGS:   32 19:22:42       -6.249749        0.8185
BFGS:   33 19:22:42       -6.281132        0.7072
BFGS:   34 19:22:42       -6.372843        0.5441
BFGS:   35 19:22:42       -6.503018        0.7551
BFGS:   36 19:22:42       -6.539702        0.9691
BFGS:   37 19:22:42       -6.594279        0.3826
BFGS:   38 19:22:42       -6.615273        0.3228
BFGS:   39 19:22:42       -6.635964        0.5316
BFGS:   40 19:22:42       -6.645389        0.4928
BFGS:   41 19:22:42       -6.730563        0.4363
BFGS:   42 19:22:42       -6.817733        0.7764
BFGS:   43 19:22:42       -6.889810        0.9710
BFGS:   44 19:22:42       -6.927418        0.9045
BFGS:   45 19:22:42       -6.992837        0.7005
BFGS:   46 19:22:42       -7.031750        1.4215
BFGS:   47 19:22:42       -7.050483        1.1259
BFGS:   48 19:22:42       -7.116998        0.5024
BFGS:   49 19:22:42       -7.163202        0.4936
BFGS:   50 19:22:42       -7.221869        1.2437
BFGS:   51 19:22:42       -7.274966        0.8266
BFGS:   52 19:22:42       -7.346257        0.7891
BFGS:   53 19:22:42       -7.421015        1.2395
BFGS:   54 19:22:42       -7.501123        0.6847
BFGS:   55 19:22:42       -7.572555        0.6965
BFGS:   56 19:22:42       -7.628977        1.1532
BFGS:   57 19:22:42       -7.672550        0.5654
BFGS:   58 19:22:42       -7.698361        0.5644
BFGS:   59 19:22:42       -7.723922        0.5392
BFGS:   60 19:22:42       -7.742161        0.6434
BFGS:   61 19:22:42       -7.759382        0.6461
BFGS:   62 19:22:42       -7.826463        0.6846
BFGS:   63 19:22:42       -7.888819        0.7655
BFGS:   64 19:22:42       -7.915614        0.7537
BFGS:   65 19:22:42       -7.978331        0.6865
BFGS:   66 19:22:42       -8.061706        0.6758
BFGS:   67 19:22:42       -8.058585        0.9615
BFGS:   68 19:22:42       -8.159491        0.6105
BFGS:   69 19:22:42       -8.212683        0.5233
BFGS:   70 19:22:42       -8.333677        0.9019
BFGS:   71 19:22:42       -8.389532        1.3750
BFGS:   72 19:22:42       -8.493475        0.5772
BFGS:   73 19:22:42       -8.534612        0.5847
BFGS:   74 19:22:42       -8.556987        0.5540
BFGS:   75 19:22:42       -8.583386        0.4196
BFGS:   76 19:22:42       -8.606058        0.2963
BFGS:   77 19:22:42       -8.616061        0.2597
BFGS:   78 19:22:42       -8.622590        0.1580
BFGS:   79 19:22:42       -8.624185        0.1142
BFGS:   80 19:22:42       -8.625685        0.1034
BFGS:   81 19:22:42       -8.627660        0.0955
BFGS:   82 19:22:42       -8.630100        0.1094
BFGS:   83 19:22:42       -8.631622        0.1218
BFGS:   84 19:22:42       -8.632473        0.1151
BFGS:   85 19:22:42       -8.633258        0.0983
BFGS:   86 19:22:42       -8.634467        0.0993
BFGS:   87 19:22:42       -8.636044        0.1144
BFGS:   88 19:22:42       -8.637157        0.0795
BFGS:   89 19:22:42       -8.637532        0.0385
      Step     Time          Energy         fmax
BFGS:    0 19:22:42       17.455697       37.9674
BFGS:    1 19:22:42        0.957393       14.2071
BFGS:    2 19:22:42       -2.728507        9.7636
BFGS:    3 19:22:42       -5.129344        2.6465
BFGS:    4 19:22:42       -5.542538        1.4464
BFGS:    5 19:22:42       -5.771255        0.7873
BFGS:    6 19:22:42       -5.820280        0.5920
BFGS:    7 19:22:42       -5.839981        0.4285
BFGS:    8 19:22:42       -5.858507        0.3115
BFGS:    9 19:22:42       -5.881699        0.4027
BFGS:   10 19:22:42       -5.905964        0.5251
BFGS:   11 19:22:42       -5.939285        0.8233
BFGS:   12 19:22:42       -5.993134        0.9850
BFGS:   13 19:22:42       -6.076871        1.4752
BFGS:   14 19:22:42       -6.184676        1.2710
BFGS:   15 19:22:42       -6.282524        0.6566
BFGS:   16 19:22:42       -6.349919        0.9500
BFGS:   17 19:22:42       -6.374232        0.8567
BFGS:   18 19:22:42       -6.444548        0.6518
BFGS:   19 19:22:42       -6.481923        0.6063
BFGS:   20 19:22:42       -6.522740        0.5609
BFGS:   21 19:22:42       -6.564226        0.4562
BFGS:   22 19:22:42       -6.588928        0.4879
BFGS:   23 19:22:42       -6.639274        0.6710
BFGS:   24 19:22:42       -6.750841        1.2275
BFGS:   25 19:22:42       -6.872211        1.5053
BFGS:   26 19:22:42       -6.978528        1.5532
BFGS:   27 19:22:42       -7.035364        1.3735
BFGS:   28 19:22:42       -7.114600        1.0616
BFGS:   29 19:22:42       -7.322901        0.8628
BFGS:   30 19:22:42       -7.396779        0.9868
BFGS:   31 19:22:42       -7.480709        0.8461
BFGS:   32 19:22:42       -7.549183        0.6447
BFGS:   33 19:22:42       -7.596736        0.6329
BFGS:   34 19:22:42       -7.647288        0.7267
BFGS:   35 19:22:42       -7.797275        0.9290
BFGS:   36 19:22:42       -7.877491        0.8015
BFGS:   37 19:22:42       -7.935671        0.6981
BFGS:   38 19:22:42       -7.991737        0.5479
BFGS:   39 19:22:42       -8.063589        0.5278
BFGS:   40 19:22:42       -8.078378        0.4857
BFGS:   41 19:22:42       -8.101092        0.4277
BFGS:   42 19:22:42       -8.118575        0.4356
BFGS:   43 19:22:42       -8.143096        0.2974
BFGS:   44 19:22:42       -8.149760        0.1641
BFGS:   45 19:22:42       -8.153648        0.1502
BFGS:   46 19:22:42       -8.154706        0.1345
BFGS:   47 19:22:42       -8.157116        0.0946
BFGS:   48 19:22:42       -8.158944        0.0850
BFGS:   49 19:22:42       -8.159772        0.0776
BFGS:   50 19:22:42       -8.160193        0.0635
BFGS:   51 19:22:42       -8.160691        0.0474
      Step     Time          Energy         fmax
BFGS:    0 19:22:42       17.051404       39.6039
BFGS:    1 19:22:42       -0.152428       14.4477
BFGS:    2 19:22:42       -3.398855        8.1701
BFGS:    3 19:22:42       -5.358892        2.8197
BFGS:    4 19:22:42       -5.936311        1.4279
BFGS:    5 19:22:42       -6.170926        0.8254
BFGS:    6 19:22:42       -6.246613        0.8572
BFGS:    7 19:22:42       -6.299479        0.9177
BFGS:    8 19:22:42       -6.383080        1.0019
BFGS:    9 19:22:42       -6.510303        1.0424
BFGS:   10 19:22:42       -6.621634        1.1072
BFGS:   11 19:22:42       -6.865259        1.6674
BFGS:   12 19:22:42       -7.015615        1.7506
BFGS:   13 19:22:42       -7.121561        1.0727
BFGS:   14 19:22:42       -7.276235        0.7385
BFGS:   15 19:22:42       -7.313436        0.7566
BFGS:   16 19:22:42       -7.344018        0.5901
BFGS:   17 19:22:42       -7.381596        0.5332
BFGS:   18 19:22:42       -7.407831        0.4333
BFGS:   19 19:22:42       -7.423731        0.4881
BFGS:   20 19:22:42       -7.436853        0.6306
BFGS:   21 19:22:42       -7.458073        0.6546
BFGS:   22 19:22:42       -7.481592        0.4955
BFGS:   23 19:22:42       -7.503200        0.4281
BFGS:   24 19:22:42       -7.516572        0.3104
BFGS:   25 19:22:42       -7.523833        0.2619
BFGS:   26 19:22:42       -7.530983        0.2504
BFGS:   27 19:22:42       -7.538581        0.2190
BFGS:   28 19:22:42       -7.544627        0.1679
BFGS:   29 19:22:42       -7.548810        0.1784
BFGS:   30 19:22:42       -7.552431        0.1766
BFGS:   31 19:22:42       -7.559019        0.1983
BFGS:   32 19:22:42       -7.569755        0.2751
BFGS:   33 19:22:42       -7.584476        0.3222
BFGS:   34 19:22:42       -7.601019        0.6695
BFGS:   35 19:22:42       -7.626438        0.6018
BFGS:   36 19:22:42       -7.669076        0.6546
BFGS:   37 19:22:42       -7.720337        0.7317
BFGS:   38 19:22:42       -7.794857        0.7121
BFGS:   39 19:22:42       -7.850384        0.5934
BFGS:   40 19:22:42       -7.888070        0.5193
BFGS:   41 19:22:42       -7.903017        0.5033
BFGS:   42 19:22:42       -7.928649        0.4127
BFGS:   43 19:22:42       -7.975226        0.4909
BFGS:   44 19:22:42       -8.010443        0.4721
BFGS:   45 19:22:42       -8.033886        0.4732
BFGS:   46 19:22:42       -8.058227        0.4621
BFGS:   47 19:22:42       -8.099000        0.4170
BFGS:   48 19:22:42       -8.132533        0.3710
BFGS:   49 19:22:42       -8.147189        0.3746
BFGS:   50 19:22:42       -8.162031        0.4289
BFGS:   51 19:22:42       -8.189303        0.4851
BFGS:   52 19:22:42       -8.234508        0.5972
BFGS:   53 19:22:42       -8.258721        0.4463
BFGS:   54 19:22:42       -8.285613        0.4445
BFGS:   55 19:22:42       -8.320217        0.4097
BFGS:   56 19:22:42       -8.341971        0.3778
BFGS:   57 19:22:42       -8.352785        0.3211
BFGS:   58 19:22:42       -8.364814        0.2225
BFGS:   59 19:22:42       -8.374831        0.2565
BFGS:   60 19:22:42       -8.378538        0.1303
BFGS:   61 19:22:42       -8.379581        0.0767
BFGS:   62 19:22:42       -8.380027        0.0687
BFGS:   63 19:22:42       -8.381456        0.0567
BFGS:   64 19:22:42       -8.382244        0.0607
BFGS:   65 19:22:42       -8.382950        0.0666
BFGS:   66 19:22:42       -8.383467        0.0720
BFGS:   67 19:22:42       -8.384463        0.0763
BFGS:   68 19:22:42       -8.386141        0.0902
BFGS:   69 19:22:42       -8.388885        0.1208
BFGS:   70 19:22:42       -8.392261        0.1607
BFGS:   71 19:22:42       -8.396483        0.2254
BFGS:   72 19:22:42       -8.409469        0.3918
BFGS:   73 19:22:42       -8.455739        0.3466
BFGS:   74 19:22:42       -8.537636        0.4905
BFGS:   75 19:22:42       -8.577666        0.6033
BFGS:   76 19:22:42       -8.622051        0.4454
BFGS:   77 19:22:42       -8.661119        0.4118
BFGS:   78 19:22:42       -8.714728        0.5050
BFGS:   79 19:22:42       -8.738231        0.3706
BFGS:   80 19:22:42       -8.750319        0.3493
BFGS:   81 19:22:42       -8.769618        0.4394
BFGS:   82 19:22:42       -8.792719        0.5223
BFGS:   83 19:22:42       -8.825803        0.8252
BFGS:   84 19:22:42       -8.863608        0.4229
BFGS:   85 19:22:42       -8.889827        0.2742
BFGS:   86 19:22:42       -8.910656        0.2091
BFGS:   87 19:22:42       -8.914370        0.1740
BFGS:   88 19:22:42       -8.916774        0.1483
BFGS:   89 19:22:42       -8.922059        0.1153
BFGS:   90 19:22:42       -8.936041        0.3477
BFGS:   91 19:22:42       -8.943391        0.7530
BFGS:   92 19:22:42       -8.948219        0.5159
BFGS:   93 19:22:42       -8.955160        0.5697
BFGS:   94 19:22:42       -8.923057        0.8088
BFGS:   95 19:22:42       -8.971013        0.5230
BFGS:   96 19:22:42       -8.980635        0.4733
BFGS:   97 19:22:42       -8.972894        0.6713
BFGS:   98 19:22:42       -9.010218        0.2462
BFGS:   99 19:22:42       -9.017806        0.2283
BFGS:  100 19:22:42       -9.032851        0.2738
BFGS:  101 19:22:42       -9.041576        0.2211
BFGS:  102 19:22:42       -9.048505        0.2270
BFGS:  103 19:22:42       -9.053597        0.1709
BFGS:  104 19:22:42       -9.056518        0.1545
BFGS:  105 19:22:42       -9.067171        0.1409
BFGS:  106 19:22:42       -9.068516        0.0853
BFGS:  107 19:22:42       -9.069350        0.0771
BFGS:  108 19:22:42       -9.070184        0.0608
BFGS:  109 19:22:42       -9.070659        0.0395
      Step     Time          Energy         fmax
BFGS:    0 19:22:42       18.263078       37.1206
BFGS:    1 19:22:42        2.249098       13.5428
BFGS:    2 19:22:42       -2.408967        6.0916
BFGS:    3 19:22:42       -3.915772        3.6574
BFGS:    4 19:22:42       -4.595389        1.6164
BFGS:    5 19:22:42       -4.807234        0.6717
BFGS:    6 19:22:42       -4.858918        0.3807
BFGS:    7 19:22:42       -4.874665        0.4066
BFGS:    8 19:22:42       -4.890435        0.4584
BFGS:    9 19:22:42       -4.920918        0.5293
BFGS:   10 19:22:42       -4.974917        0.6078
BFGS:   11 19:22:42       -5.014324        0.7649
BFGS:   12 19:22:42       -5.040300        0.7177
BFGS:   13 19:22:42       -5.097467        0.5710
BFGS:   14 19:22:42       -5.139965        0.4889
BFGS:   15 19:22:42       -5.187376        0.9409
BFGS:   16 19:22:43       -5.224760        0.6348
BFGS:   17 19:22:43       -5.252353        0.5156
BFGS:   18 19:22:43       -5.270152        0.4619
BFGS:   19 19:22:43       -5.317626        0.4913
BFGS:   20 19:22:43       -5.386615        0.7414
BFGS:   21 19:22:43       -5.505323        1.6483
BFGS:   22 19:22:43       -5.609247        2.6932
BFGS:   23 19:22:43       -5.615164        2.9900
BFGS:   24 19:22:43       -5.803753        1.8407
BFGS:   25 19:22:43       -5.950294        1.3845
BFGS:   26 19:22:43       -6.144748        1.1176
BFGS:   27 19:22:43       -6.251115        1.6840
BFGS:   28 19:22:43       -6.395757        1.4693
BFGS:   29 19:22:43       -6.557666        1.4959
BFGS:   30 19:22:43       -6.671107        1.0912
BFGS:   31 19:22:43       -6.804214        1.1205
BFGS:   32 19:22:43       -7.231087        1.0679
BFGS:   33 19:22:43       -7.172796        2.3654
BFGS:   34 19:22:43       -7.434130        0.7341
BFGS:   35 19:22:43       -7.495029        0.8826
BFGS:   36 19:22:43       -7.559205        0.7971
BFGS:   37 19:22:43       -7.610415        0.6956
BFGS:   38 19:22:43       -7.693585        0.7998
BFGS:   39 19:22:43       -7.769637        0.7911
BFGS:   40 19:22:43       -7.899512        0.7351
BFGS:   41 19:22:43       -7.953787        0.9631
BFGS:   42 19:22:43       -8.004276        0.5892
BFGS:   43 19:22:43       -8.104345        0.6379
BFGS:   44 19:22:43       -8.145073        0.7000
BFGS:   45 19:22:43       -8.174333        0.4866
BFGS:   46 19:22:43       -8.204112        0.3824
BFGS:   47 19:22:43       -8.220576        0.3119
BFGS:   48 19:22:43       -8.237887        0.2591
BFGS:   49 19:22:43       -8.248686        0.2658
BFGS:   50 19:22:43       -8.255080        0.2540
BFGS:   51 19:22:43       -8.262876        0.2416
BFGS:   52 19:22:43       -8.271435        0.2304
BFGS:   53 19:22:43       -8.279334        0.2260
BFGS:   54 19:22:43       -8.285873        0.1996
BFGS:   55 19:22:43       -8.291625        0.2388
BFGS:   56 19:22:43       -8.298762        0.2770
BFGS:   57 19:22:43       -8.312798        0.3271
BFGS:   58 19:22:43       -8.354938        0.5202
BFGS:   59 19:22:43       -8.406712        1.0205
BFGS:   60 19:22:43       -8.467310        1.6056
BFGS:   61 19:22:43       -8.507552        1.4423
BFGS:   62 19:22:43       -8.529800        0.8511
BFGS:   63 19:22:43       -8.622259        0.6720
BFGS:   64 19:22:43       -8.650778        0.5956
BFGS:   65 19:22:43       -8.696948        0.6358
BFGS:   66 19:22:43       -8.726294        0.4478
BFGS:   67 19:22:43       -8.745503        0.3595
BFGS:   68 19:22:43       -8.762522        0.3341
BFGS:   69 19:22:43       -8.782769        0.3898
BFGS:   70 19:22:43       -8.812156        0.5194
BFGS:   71 19:22:43       -8.863552        0.7079
BFGS:   72 19:22:43       -8.915933        0.6754
BFGS:   73 19:22:43       -8.975047        0.5137
BFGS:   74 19:22:43       -9.016200        0.6480
BFGS:   75 19:22:43       -9.039427        0.5878
BFGS:   76 19:22:43       -9.064271        0.3741
BFGS:   77 19:22:43       -9.078315        0.2457
BFGS:   78 19:22:43       -9.089806        0.2006
BFGS:   79 19:22:43       -9.094308        0.1002
BFGS:   80 19:22:43       -9.095919        0.0619
BFGS:   81 19:22:43       -9.096275        0.0364
      Step     Time          Energy         fmax
BFGS:    0 19:22:43       18.256421       33.4496
BFGS:    1 19:22:43       -0.232914       15.2846
BFGS:    2 19:22:43       -3.030045        9.1427
BFGS:    3 19:22:43       -4.747960        3.1281
BFGS:    4 19:22:43       -5.232142        1.7555
BFGS:    5 19:22:43       -5.534949        0.7908
BFGS:    6 19:22:43       -5.634019        0.6314
BFGS:    7 19:22:43       -5.706854        0.7078
BFGS:    8 19:22:43       -5.804395        0.7403
BFGS:    9 19:22:43       -5.937748        1.1233
BFGS:   10 19:22:43       -6.064110        1.5151
BFGS:   11 19:22:43       -6.284925        2.9623
BFGS:   12 19:22:43       -6.457292        1.3948
BFGS:   13 19:22:43       -6.579889        1.1862
BFGS:   14 19:22:43       -6.589838        3.0812
BFGS:   15 19:22:43       -6.790049        0.5267
BFGS:   16 19:22:43       -6.838901        0.4724
BFGS:   17 19:22:43       -6.873529        0.8382
BFGS:   18 19:22:43       -6.890034        0.6175
BFGS:   19 19:22:43       -6.956261        0.4345
BFGS:   20 19:22:43       -6.983248        0.5190
BFGS:   21 19:22:43       -7.006371        0.6354
BFGS:   22 19:22:43       -7.036446        0.5793
BFGS:   23 19:22:43       -7.072149        0.3935
BFGS:   24 19:22:43       -7.096123        0.2955
BFGS:   25 19:22:43       -7.103508        0.2266
BFGS:   26 19:22:43       -7.108260        0.2061
BFGS:   27 19:22:43       -7.114370        0.2024
BFGS:   28 19:22:43       -7.121886        0.2172
BFGS:   29 19:22:43       -7.128880        0.2073
BFGS:   30 19:22:43       -7.135041        0.2330
BFGS:   31 19:22:43       -7.142575        0.2655
BFGS:   32 19:22:43       -7.159527        0.4175
BFGS:   33 19:22:43       -7.206787        0.6705
BFGS:   34 19:22:43       -7.252786        0.9509
BFGS:   35 19:22:43       -7.261890        0.9872
BFGS:   36 19:22:43       -7.343412        0.9751
BFGS:   37 19:22:43       -7.431721        0.9022
BFGS:   38 19:22:43       -7.551907        0.7714
BFGS:   39 19:22:43       -7.598846        0.5196
BFGS:   40 19:22:43       -7.626275        0.3678
BFGS:   41 19:22:43       -7.645817        0.4107
BFGS:   42 19:22:43       -7.663573        0.3935
BFGS:   43 19:22:43       -7.674879        0.3837
BFGS:   44 19:22:43       -7.694230        0.4169
BFGS:   45 19:22:43       -7.721097        0.3956
BFGS:   46 19:22:43       -7.773762        0.5970
BFGS:   47 19:22:43       -7.877777        0.7886
BFGS:   48 19:22:43       -7.990239        1.1198
BFGS:   49 19:22:43       -8.082516        1.4519
BFGS:   50 19:22:43       -8.141675        0.9729
BFGS:   51 19:22:43       -8.167194        1.0464
BFGS:   52 19:22:43       -8.236618        0.9519
BFGS:   53 19:22:43       -8.322659        1.2817
BFGS:   54 19:22:43       -8.388250        1.0835
BFGS:   55 19:22:43       -8.469619        1.0075
BFGS:   56 19:22:43       -8.599646        0.9989
BFGS:   57 19:22:43       -8.656730        0.8950
BFGS:   58 19:22:43       -8.719301        0.7705
BFGS:   59 19:22:43       -8.753821        0.6891
BFGS:   60 19:22:43       -8.773644        0.6112
BFGS:   61 19:22:43       -8.813644        0.6530
BFGS:   62 19:22:43       -8.841337        0.6332
BFGS:   63 19:22:43       -8.873826        0.5787
BFGS:   64 19:22:43       -8.895608        0.5995
BFGS:   65 19:22:43       -8.936489        0.7269
BFGS:   66 19:22:43       -8.974322        0.6784
BFGS:   67 19:22:43       -9.009185        0.5413
BFGS:   68 19:22:43       -9.033840        0.3876
BFGS:   69 19:22:43       -9.040084        0.3826
BFGS:   70 19:22:43       -9.046317        0.3819
BFGS:   71 19:22:43       -9.053235        0.3488
BFGS:   72 19:22:43       -9.063805        0.3139
BFGS:   73 19:22:43       -9.069620        0.2739
BFGS:   74 19:22:43       -9.073018        0.2575
BFGS:   75 19:22:43       -9.075728        0.2126
BFGS:   76 19:22:43       -9.080422        0.1871
BFGS:   77 19:22:43       -9.086413        0.1814
BFGS:   78 19:22:43       -9.092578        0.1529
BFGS:   79 19:22:43       -9.095510        0.0767
BFGS:   80 19:22:43       -9.096010        0.0359
      Step     Time          Energy         fmax
BFGS:    0 19:22:43       17.992546       29.0568
BFGS:    1 19:22:43        2.878902       28.6558
BFGS:    2 19:22:43       -2.781672       11.0298
BFGS:    3 19:22:43       -4.577109        4.4435
BFGS:    4 19:22:43       -5.303401        1.8494
BFGS:    5 19:22:43       -5.662222        0.8339
BFGS:    6 19:22:43       -5.759902        0.5456
BFGS:    7 19:22:43       -5.789225        0.4163
BFGS:    8 19:22:43       -5.809079        0.4528
BFGS:    9 19:22:43       -5.843548        0.5221
BFGS:   10 19:22:43       -5.892981        0.5182
BFGS:   11 19:22:43       -5.931267        0.4912
BFGS:   12 19:22:43       -5.967520        0.5593
BFGS:   13 19:22:43       -5.997766        0.6400
BFGS:   14 19:22:43       -6.020637        0.6296
BFGS:   15 19:22:43       -6.253659        1.1816
BFGS:   16 19:22:43       -6.445076        2.4831
BFGS:   17 19:22:43       -6.550460        3.7456
BFGS:   18 19:22:43       -6.765562        2.2251
BFGS:   19 19:22:43       -6.892416        1.4121
BFGS:   20 19:22:43       -6.962282        0.8458
BFGS:   21 19:22:43       -7.028205        0.5650
BFGS:   22 19:22:43       -7.074489        0.5883
BFGS:   23 19:22:43       -7.092154        0.5440
BFGS:   24 19:22:43       -7.110183        0.4552
BFGS:   25 19:22:43       -7.127217        0.3262
BFGS:   26 19:22:43       -7.153640        0.3642
BFGS:   27 19:22:43       -7.168953        0.4252
BFGS:   28 19:22:43       -7.183313        0.4254
BFGS:   29 19:22:43       -7.198644        0.3604
BFGS:   30 19:22:43       -7.213227        0.2908
BFGS:   31 19:22:43       -7.230601        0.3527
BFGS:   32 19:22:43       -7.247665        0.3276
BFGS:   33 19:22:43       -7.259809        0.3218
BFGS:   34 19:22:43       -7.263651        0.4316
BFGS:   35 19:22:43       -7.267583        0.3687
BFGS:   36 19:22:43       -7.285553        0.2309
BFGS:   37 19:22:43       -7.303329        0.2702
BFGS:   38 19:22:43       -7.318493        0.3151
BFGS:   39 19:22:43       -7.328692        0.2823
BFGS:   40 19:22:43       -7.335139        0.2905
BFGS:   41 19:22:43       -7.347811        0.3131
BFGS:   42 19:22:43       -7.385268        0.6325
BFGS:   43 19:22:43       -7.428678        0.9321
BFGS:   44 19:22:43       -7.467133        1.1333
BFGS:   45 19:22:43       -7.513099        1.0115
BFGS:   46 19:22:43       -7.562285        0.7559
BFGS:   47 19:22:43       -7.588787        0.5479
BFGS:   48 19:22:43       -7.619625        0.3954
BFGS:   49 19:22:43       -7.641691        0.3468
BFGS:   50 19:22:43       -7.651696        0.2295
BFGS:   51 19:22:43       -7.656519        0.2022
BFGS:   52 19:22:43       -7.657978        0.1679
BFGS:   53 19:22:43       -7.662186        0.1114
BFGS:   54 19:22:43       -7.663754        0.0919
BFGS:   55 19:22:43       -7.664330        0.0770
BFGS:   56 19:22:43       -7.664819        0.0740
BFGS:   57 19:22:43       -7.665577        0.0624
BFGS:   58 19:22:43       -7.666262        0.0596
BFGS:   59 19:22:43       -7.666717        0.0510
BFGS:   60 19:22:43       -7.667050        0.0639
BFGS:   61 19:22:43       -7.667443        0.0672
BFGS:   62 19:22:43       -7.668095        0.0611
BFGS:   63 19:22:43       -7.668723        0.0421
      Step     Time          Energy         fmax
BFGS:    0 19:22:43       17.719417       28.0734
BFGS:    1 19:22:43        2.315433       11.9057
BFGS:    2 19:22:43       -2.074565        5.8334
BFGS:    3 19:22:43       -3.656278        2.5006
BFGS:    4 19:22:43       -4.353477        1.1217
BFGS:    5 19:22:43       -4.590847        0.6931
BFGS:    6 19:22:43       -4.654471        0.6075
BFGS:    7 19:22:43       -4.680897        0.5901
BFGS:    8 19:22:43       -4.711364        0.5575
BFGS:    9 19:22:43       -4.753385        0.5008
BFGS:   10 19:22:43       -4.790294        0.6210
BFGS:   11 19:22:43       -4.848558        0.8147
BFGS:   12 19:22:43       -4.877539        0.6902
BFGS:   13 19:22:43       -4.920838        0.6755
BFGS:   14 19:22:43       -5.001831        0.8554
BFGS:   15 19:22:43       -5.070370        0.4328
BFGS:   16 19:22:43       -5.110395        0.4810
BFGS:   17 19:22:43       -5.133769        0.4939
BFGS:   18 19:22:43       -5.147001        0.4284
BFGS:   19 19:22:43       -5.203258        0.4169
BFGS:   20 19:22:43       -5.296411        0.6520
BFGS:   21 19:22:43       -5.489675        0.9273
BFGS:   22 19:22:43       -5.592146        1.1806
BFGS:   23 19:22:43       -5.696815        0.7648
BFGS:   24 19:22:43       -5.840336        0.8454
BFGS:   25 19:22:43       -5.977386        1.5221
BFGS:   26 19:22:43       -6.208539        2.5391
BFGS:   27 19:22:43       -6.232724        4.2783
BFGS:   28 19:22:43       -6.992935        1.6286
BFGS:   29 19:22:43       -7.212755        2.0308
BFGS:   30 19:22:43       -7.309798        0.9434
BFGS:   31 19:22:43       -7.419135        0.9808
BFGS:   32 19:22:43       -7.536803        0.9205
BFGS:   33 19:22:43       -7.593678        0.6126
BFGS:   34 19:22:43       -7.624221        0.4460
BFGS:   35 19:22:43       -7.650090        0.4238
BFGS:   36 19:22:43       -7.676172        0.4754
BFGS:   37 19:22:43       -7.733703        0.6458
BFGS:   38 19:22:43       -7.817324        0.8089
BFGS:   39 19:22:43       -7.898611        0.8258
BFGS:   40 19:22:43       -7.952000        0.7167
BFGS:   41 19:22:43       -8.020637        0.6966
BFGS:   42 19:22:43       -8.059202        0.6914
BFGS:   43 19:22:43       -8.086084        0.4510
BFGS:   44 19:22:43       -8.098517        0.5391
BFGS:   45 19:22:43       -8.119965        0.4256
BFGS:   46 19:22:43       -8.151797        0.3713
BFGS:   47 19:22:43       -8.181604        0.4953
BFGS:   48 19:22:43       -8.202103        0.5894
BFGS:   49 19:22:43       -8.241943        0.6921
BFGS:   50 19:22:43       -8.278154        0.6793
BFGS:   51 19:22:43       -8.346233        0.5713
BFGS:   52 19:22:43       -8.375871        0.3671
BFGS:   53 19:22:43       -8.395413        0.4542
BFGS:   54 19:22:43       -8.420643        0.4438
BFGS:   55 19:22:43       -8.447818        0.4895
BFGS:   56 19:22:43       -8.514710        0.5897
BFGS:   57 19:22:43       -8.588104        0.6937
BFGS:   58 19:22:43       -8.616500        0.6575
BFGS:   59 19:22:43       -8.656838        0.6906
BFGS:   60 19:22:43       -8.758664        0.5999
BFGS:   61 19:22:43       -8.824080        0.5260
BFGS:   62 19:22:43       -8.853326        0.6791
BFGS:   63 19:22:43       -8.901867        0.9648
BFGS:   64 19:22:43       -8.939595        0.4839
BFGS:   65 19:22:43       -8.968874        0.5685
BFGS:   66 19:22:43       -9.021967        0.7303
BFGS:   67 19:22:43       -9.054089        0.6162
BFGS:   68 19:22:43       -9.078242        0.2101
BFGS:   69 19:22:43       -9.084604        0.1299
BFGS:   70 19:22:43       -9.086968        0.1225
BFGS:   71 19:22:43       -9.088568        0.1302
BFGS:   72 19:22:43       -9.090728        0.1136
BFGS:   73 19:22:43       -9.092118        0.0951
BFGS:   74 19:22:43       -9.093122        0.0850
BFGS:   75 19:22:43       -9.093869        0.0753
BFGS:   76 19:22:43       -9.094656        0.0655
BFGS:   77 19:22:43       -9.095468        0.0648
BFGS:   78 19:22:43       -9.096090        0.0736
BFGS:   79 19:22:43       -9.096416        0.0665
BFGS:   80 19:22:43       -9.096599        0.0498
      Step     Time          Energy         fmax
BFGS:    0 19:22:43       18.841906       30.2655
BFGS:    1 19:22:43        5.131141       26.1944
BFGS:    2 19:22:44       -0.371648       11.4115
BFGS:    3 19:22:44       -3.000190        3.2654
BFGS:    4 19:22:44       -3.741280        1.6811
BFGS:    5 19:22:44       -4.191477        0.7849
BFGS:    6 19:22:44       -4.307885        0.5535
BFGS:    7 19:22:44       -4.342768        0.4381
BFGS:    8 19:22:44       -4.360339        0.4513
BFGS:    9 19:22:44       -4.385234        0.5179
BFGS:   10 19:22:44       -4.416810        0.5674
BFGS:   11 19:22:44       -4.459377        0.7292
BFGS:   12 19:22:44       -4.498629        0.9908
BFGS:   13 19:22:44       -4.532852        0.9475
BFGS:   14 19:22:44       -4.639995        1.0757
BFGS:   15 19:22:44       -4.692165        0.6340
BFGS:   16 19:22:44       -4.719414        0.5576
BFGS:   17 19:22:44       -4.737324        0.5357
BFGS:   18 19:22:44       -4.754737        0.5234
BFGS:   19 19:22:44       -4.812545        0.4445
BFGS:   20 19:22:44       -4.830800        0.5827
BFGS:   21 19:22:44       -4.859355        0.8901
BFGS:   22 19:22:44       -4.992840        1.9003
BFGS:   23 19:22:44       -5.305102        0.7983
BFGS:   24 19:22:44       -5.544485        0.8877
BFGS:   25 19:22:44       -5.678324        0.8117
BFGS:   26 19:22:44       -5.626685        1.8103
BFGS:   27 19:22:44       -5.773804        0.8114
BFGS:   28 19:22:44       -5.802709        0.6739
BFGS:   29 19:22:44       -5.911573        0.8906
BFGS:   30 19:22:44       -6.015931        1.0329
BFGS:   31 19:22:44       -6.126853        1.1317
BFGS:   32 19:22:44       -6.164667        0.8074
BFGS:   33 19:22:44       -6.244561        0.8435
BFGS:   34 19:22:44       -6.276595        0.4876
BFGS:   35 19:22:44       -6.302368        0.4342
BFGS:   36 19:22:44       -6.341574        0.4757
BFGS:   37 19:22:44       -6.354383        0.3921
BFGS:   38 19:22:44       -6.417004        0.4783
BFGS:   39 19:22:44       -6.485113        0.7089
BFGS:   40 19:22:44       -6.484849        1.4599
BFGS:   41 19:22:44       -6.550706        0.8338
BFGS:   42 19:22:44       -6.579021        0.8064
BFGS:   43 19:22:44       -6.606869        0.6971
BFGS:   44 19:22:44       -6.645634        0.5885
BFGS:   45 19:22:44       -6.668596        0.5004
BFGS:   46 19:22:44       -6.639803        1.4969
BFGS:   47 19:22:44       -6.723290        0.2825
BFGS:   48 19:22:44       -6.737558        0.3081
BFGS:   49 19:22:44       -6.747774        0.3557
BFGS:   50 19:22:44       -6.753443        0.3456
BFGS:   51 19:22:44       -6.778419        0.3262
BFGS:   52 19:22:44       -6.825701        0.4855
BFGS:   53 19:22:44       -6.886637        0.7272
BFGS:   54 19:22:44       -6.909034        0.7016
BFGS:   55 19:22:44       -6.956031        0.5732
BFGS:   56 19:22:44       -6.985993        0.5199
BFGS:   57 19:22:44       -7.037845        0.6218
BFGS:   58 19:22:44       -7.095258        0.5843
BFGS:   59 19:22:44       -7.136127        0.5612
BFGS:   60 19:22:44       -7.171022        0.5357
BFGS:   61 19:22:44       -7.203204        0.5991
BFGS:   62 19:22:44       -7.232904        0.5606
BFGS:   63 19:22:44       -7.280854        0.9066
BFGS:   64 19:22:44       -7.377326        0.9299
BFGS:   65 19:22:44       -7.467437        0.7662
BFGS:   66 19:22:44       -7.588898        0.8078
BFGS:   67 19:22:44       -7.629701        0.7321
BFGS:   68 19:22:44       -7.705287        0.5260
BFGS:   69 19:22:44       -7.764459        0.5437
BFGS:   70 19:22:44       -7.795238        0.5000
BFGS:   71 19:22:44       -7.818859        0.2682
BFGS:   72 19:22:44       -7.825343        0.2421
BFGS:   73 19:22:44       -7.830742        0.2249
BFGS:   74 19:22:44       -7.836356        0.2073
BFGS:   75 19:22:44       -7.839305        0.1948
BFGS:   76 19:22:44       -7.841120        0.1817
BFGS:   77 19:22:44       -7.842201        0.1619
BFGS:   78 19:22:44       -7.842942        0.1371
BFGS:   79 19:22:44       -7.844041        0.0864
BFGS:   80 19:22:44       -7.844755        0.0768
BFGS:   81 19:22:44       -7.845352        0.0588
BFGS:   82 19:22:44       -7.845772        0.0472
      Step     Time          Energy         fmax
BFGS:    0 19:22:44       19.354508       39.4277
BFGS:    1 19:22:44        1.308552       13.6662
BFGS:    2 19:22:44       -3.145988        6.3491
BFGS:    3 19:22:44       -4.848295        3.6968
BFGS:    4 19:22:44       -5.571931        1.5544
BFGS:    5 19:22:44       -5.778354        0.6499
BFGS:    6 19:22:44       -5.829455        0.5029
BFGS:    7 19:22:44       -5.848124        0.4328
BFGS:    8 19:22:44       -5.870141        0.3914
BFGS:    9 19:22:44       -5.904632        0.4732
BFGS:   10 19:22:44       -5.944449        0.6604
BFGS:   11 19:22:44       -5.995109        1.0762
BFGS:   12 19:22:44       -6.119082        1.7006
BFGS:   13 19:22:44       -6.314681        2.2593
BFGS:   14 19:22:44       -6.336215        3.8834
BFGS:   15 19:22:44       -6.562145        2.8143
BFGS:   16 19:22:44       -6.779598        2.5209
BFGS:   17 19:22:44       -7.157811        1.9539
BFGS:   18 19:22:44       -7.307086        0.8165
BFGS:   19 19:22:44       -7.390268        0.8932
BFGS:   20 19:22:44       -7.528322        0.8286
BFGS:   21 19:22:44       -7.621678        1.0049
BFGS:   22 19:22:44       -7.720019        1.1942
BFGS:   23 19:22:44       -7.794503        0.7265
BFGS:   24 19:22:44       -7.846657        0.6104
BFGS:   25 19:22:44       -7.872668        0.4941
BFGS:   26 19:22:44       -7.912018        0.6636
BFGS:   27 19:22:44       -7.932739        0.6440
BFGS:   28 19:22:44       -8.002026        0.6231
BFGS:   29 19:22:44       -8.035976        0.5465
BFGS:   30 19:22:44       -8.099393        0.6648
BFGS:   31 19:22:44       -8.176270        0.9579
BFGS:   32 19:22:44       -8.250323        1.0681
BFGS:   33 19:22:44       -8.437450        1.6308
BFGS:   34 19:22:44       -8.468010        1.1442
BFGS:   35 19:22:44       -8.599855        0.9249
BFGS:   36 19:22:44       -8.681405        0.6984
BFGS:   37 19:22:44       -8.665133        0.6598
BFGS:   38 19:22:44       -8.731529        0.3022
BFGS:   39 19:22:44       -8.739439        0.3767
BFGS:   40 19:22:44       -8.748766        0.3654
BFGS:   41 19:22:44       -8.772596        0.2775
BFGS:   42 19:22:44       -8.781290        0.2917
BFGS:   43 19:22:44       -8.787086        0.2189
BFGS:   44 19:22:44       -8.790191        0.1468
BFGS:   45 19:22:44       -8.794090        0.1172
BFGS:   46 19:22:44       -8.796517        0.1385
BFGS:   47 19:22:44       -8.798712        0.1416
BFGS:   48 19:22:44       -8.800990        0.1258
BFGS:   49 19:22:44       -8.803461        0.1466
BFGS:   50 19:22:44       -8.805503        0.1182
BFGS:   51 19:22:44       -8.807177        0.1285
BFGS:   52 19:22:44       -8.809154        0.1555
BFGS:   53 19:22:44       -8.812561        0.1887
BFGS:   54 19:22:44       -8.819885        0.3098
BFGS:   55 19:22:44       -8.840768        0.6261
BFGS:   56 19:22:44       -8.802863        0.8382
BFGS:   57 19:22:44       -8.858530        0.6160
BFGS:   58 19:22:44       -8.870411        0.5626
BFGS:   59 19:22:44       -8.909702        0.5978
BFGS:   60 19:22:44       -8.933053        0.3423
BFGS:   61 19:22:44       -8.947573        0.3251
BFGS:   62 19:22:44       -8.990599        0.3555
BFGS:   63 19:22:44       -9.003113        0.3139
BFGS:   64 19:22:44       -9.023824        0.3088
BFGS:   65 19:22:44       -9.043066        0.3549
BFGS:   66 19:22:44       -9.059959        0.3504
BFGS:   67 19:22:44       -9.078559        0.2858
BFGS:   68 19:22:44       -9.089227        0.2019
BFGS:   69 19:22:44       -9.093707        0.1285
BFGS:   70 19:22:44       -9.094693        0.0886
BFGS:   71 19:22:44       -9.095376        0.0694
BFGS:   72 19:22:44       -9.096199        0.0577
BFGS:   73 19:22:44       -9.096727        0.0388
