---------------------
  #    meV     cm^-1
---------------------
  0   13.0     105.1
  1   22.5     181.6
  2   26.0     209.9
  3   36.2     292.4
  4   39.2     316.0
  5  189.9    1531.5
---------------------
Zero-point energy: 0.163 eV
None
Entropy components at T = 300.00 K and P = 100000.0 Pa:
=================================================
                           S               T*S
S_trans (1 bar)    0.0015775 eV/K        0.473 eV
S_rot              0.0004603 eV/K        0.138 eV
S_elec             0.0000947 eV/K        0.028 eV
S_vib              0.0000005 eV/K        0.000 eV
S (1 bar -> P)    -0.0000000 eV/K       -0.000 eV
-------------------------------------------------
S                  0.0021329 eV/K        0.640 eV
=================================================
[O2]: Entropy = 0.00213291745063909.
---------------------
  #    meV     cm^-1
---------------------
  0   10.9      88.3
  1   18.3     147.9
  2   19.9     160.4
  3   33.3     268.9
  4   35.1     282.9
  5  254.2    2050.0
---------------------
Zero-point energy: 0.186 eV
None
Entropy components at T = 300.00 K and P = 100000.0 Pa:
=================================================
                           S               T*S
S_trans (1 bar)    0.0015603 eV/K        0.468 eV
S_rot              0.0004930 eV/K        0.148 eV
S_elec             0.0000947 eV/K        0.028 eV
S_vib              0.0000001 eV/K        0.000 eV
S (1 bar -> P)    -0.0000000 eV/K       -0.000 eV
-------------------------------------------------
S                  0.0021480 eV/K        0.644 eV
=================================================
[CO]: Entropy = 0.0021480309382983323.
---------------------
  #    meV     cm^-1
---------------------
  0   13.0     105.1
  1   22.5     181.6
  2   26.0     209.9
  3   36.2     292.4
  4   39.2     316.0
  5  189.9    1531.5
---------------------
Zero-point energy: 0.163 eV
None
Entropy components at T = 300.00 K and P = 100000.0 Pa:
=================================================
                           S               T*S
S_trans (1 bar)    0.0015775 eV/K        0.473 eV
S_rot              0.0004603 eV/K        0.138 eV
S_elec             0.0000947 eV/K        0.028 eV
S_vib              0.0000005 eV/K        0.000 eV
S (1 bar -> P)    -0.0000000 eV/K       -0.000 eV
-------------------------------------------------
S                  0.0021329 eV/K        0.640 eV
=================================================
[O2]: Entropy = 0.00213291745063909.
---------------------
  #    meV     cm^-1
---------------------
  0   10.9      88.3
  1   18.3     147.9
  2   19.9     160.4
  3   33.3     268.9
  4   35.1     282.9
  5  254.2    2050.0
---------------------
Zero-point energy: 0.186 eV
None
Entropy components at T = 300.00 K and P = 100000.0 Pa:
=================================================
                           S               T*S
S_trans (1 bar)    0.0015603 eV/K        0.468 eV
S_rot              0.0004930 eV/K        0.148 eV
S_elec             0.0000947 eV/K        0.028 eV
S_vib              0.0000001 eV/K        0.000 eV
S (1 bar -> P)    -0.0000000 eV/K       -0.000 eV
-------------------------------------------------
S                  0.0021480 eV/K        0.644 eV
=================================================
[CO]: Entropy = 0.0021480309382983323.
---------------------
  #    meV     cm^-1
---------------------
  0   13.0     105.1
  1   22.5     181.6
  2   26.0     209.9
  3   36.2     292.4
  4   39.2     316.0
  5  189.9    1531.5
---------------------
Zero-point energy: 0.163 eV
None
Entropy components at T = 300.00 K and P = 100000.0 Pa:
=================================================
                           S               T*S
S_trans (1 bar)    0.0015775 eV/K        0.473 eV
S_rot              0.0004603 eV/K        0.138 eV
S_elec             0.0000947 eV/K        0.028 eV
S_vib              0.0000005 eV/K        0.000 eV
S (1 bar -> P)    -0.0000000 eV/K       -0.000 eV
-------------------------------------------------
S                  0.0021329 eV/K        0.640 eV
=================================================
[O2]: Entropy = 0.00213291745063909.
---------------------
  #    meV     cm^-1
---------------------
  0   10.9      88.3
  1   18.3     147.9
  2   19.9     160.4
  3   33.3     268.9
  4   35.1     282.9
  5  254.2    2050.0
---------------------
Zero-point energy: 0.186 eV
None
Entropy components at T = 300.00 K and P = 100000.0 Pa:
=================================================
                           S               T*S
S_trans (1 bar)    0.0015603 eV/K        0.468 eV
S_rot              0.0004930 eV/K        0.148 eV
S_elec             0.0000947 eV/K        0.028 eV
S_vib              0.0000001 eV/K        0.000 eV
S (1 bar -> P)    -0.0000000 eV/K       -0.000 eV
-------------------------------------------------
S                  0.0021480 eV/K        0.644 eV
=================================================
[CO]: Entropy = 0.0021480309382983323.
---------------------
  #    meV     cm^-1
---------------------
  0   13.0     105.1
  1   22.5     181.6
  2   26.0     209.9
  3   36.2     292.4
  4   39.2     316.0
  5  189.9    1531.5
---------------------
Zero-point energy: 0.163 eV
None
Entropy components at T = 300.00 K and P = 100000.0 Pa:
=================================================
                           S               T*S
S_trans (1 bar)    0.0015775 eV/K        0.473 eV
S_rot              0.0004603 eV/K        0.138 eV
S_elec             0.0000947 eV/K        0.028 eV
S_vib              0.0000005 eV/K        0.000 eV
S (1 bar -> P)    -0.0000000 eV/K       -0.000 eV
-------------------------------------------------
S                  0.0021329 eV/K        0.640 eV
=================================================
[O2]: Entropy = 0.00213291745063909.
---------------------
  #    meV     cm^-1
---------------------
  0   10.9      88.3
  1   18.3     147.9
  2   19.9     160.4
  3   33.3     268.9
  4   35.1     282.9
  5  254.2    2050.0
---------------------
Zero-point energy: 0.186 eV
None
Entropy components at T = 300.00 K and P = 100000.0 Pa:
=================================================
                           S               T*S
S_trans (1 bar)    0.0015603 eV/K        0.468 eV
S_rot              0.0004930 eV/K        0.148 eV
S_elec             0.0000947 eV/K        0.028 eV
S_vib              0.0000001 eV/K        0.000 eV
S (1 bar -> P)    -0.0000000 eV/K       -0.000 eV
-------------------------------------------------
S                  0.0021480 eV/K        0.644 eV
=================================================
[CO]: Entropy = 0.0021480309382983323.
---------------------
  #    meV     cm^-1
---------------------
  0   13.0     105.1
  1   22.5     181.6
  2   26.0     209.9
  3   36.2     292.4
  4   39.2     316.0
  5  189.9    1531.5
---------------------
Zero-point energy: 0.163 eV
None
Entropy components at T = 300.00 K and P = 100000.0 Pa:
=================================================
                           S               T*S
S_trans (1 bar)    0.0015775 eV/K        0.473 eV
S_rot              0.0004603 eV/K        0.138 eV
S_elec             0.0000947 eV/K        0.028 eV
S_vib              0.0000005 eV/K        0.000 eV
S (1 bar -> P)    -0.0000000 eV/K       -0.000 eV
-------------------------------------------------
S                  0.0021329 eV/K        0.640 eV
=================================================
[O2]: Entropy = 0.00213291745063909.
---------------------
  #    meV     cm^-1
---------------------
  0   10.9      88.3
  1   18.3     147.9
  2   19.9     160.4
  3   33.3     268.9
  4   35.1     282.9
  5  254.2    2050.0
---------------------
Zero-point energy: 0.186 eV
None
Entropy components at T = 300.00 K and P = 100000.0 Pa:
=================================================
                           S               T*S
S_trans (1 bar)    0.0015603 eV/K        0.468 eV
S_rot              0.0004930 eV/K        0.148 eV
S_elec             0.0000947 eV/K        0.028 eV
S_vib              0.0000001 eV/K        0.000 eV
S (1 bar -> P)    -0.0000000 eV/K       -0.000 eV
-------------------------------------------------
S                  0.0021480 eV/K        0.644 eV
=================================================
[CO]: Entropy = 0.0021480309382983323.
---------------------
  #    meV     cm^-1
---------------------
  0   13.0     105.1
  1   22.5     181.6
  2   26.0     209.9
  3   36.2     292.4
  4   39.2     316.0
  5  189.9    1531.5
---------------------
Zero-point energy: 0.163 eV
None
Entropy components at T = 300.00 K and P = 100000.0 Pa:
=================================================
                           S               T*S
S_trans (1 bar)    0.0015775 eV/K        0.473 eV
S_rot              0.0004603 eV/K        0.138 eV
S_elec             0.0000947 eV/K        0.028 eV
S_vib              0.0000005 eV/K        0.000 eV
S (1 bar -> P)    -0.0000000 eV/K       -0.000 eV
-------------------------------------------------
S                  0.0021329 eV/K        0.640 eV
=================================================
[O2]: Entropy = 0.00213291745063909.
---------------------
  #    meV     cm^-1
---------------------
  0   10.9      88.3
  1   18.3     147.9
  2   19.9     160.4
  3   33.3     268.9
  4   35.1     282.9
  5  254.2    2050.0
---------------------
Zero-point energy: 0.186 eV
None
Entropy components at T = 300.00 K and P = 100000.0 Pa:
=================================================
                           S               T*S
S_trans (1 bar)    0.0015603 eV/K        0.468 eV
S_rot              0.0004930 eV/K        0.148 eV
S_elec             0.0000947 eV/K        0.028 eV
S_vib              0.0000001 eV/K        0.000 eV
S (1 bar -> P)    -0.0000000 eV/K       -0.000 eV
-------------------------------------------------
S                  0.0021480 eV/K        0.644 eV
=================================================
[CO]: Entropy = 0.0021480309382983323.
---------------------
  #    meV     cm^-1
---------------------
  0   13.0     105.1
  1   22.5     181.6
  2   26.0     209.9
  3   36.2     292.4
  4   39.2     316.0
  5  189.9    1531.5
---------------------
Zero-point energy: 0.163 eV
None
Entropy components at T = 300.00 K and P = 100000.0 Pa:
=================================================
                           S               T*S
S_trans (1 bar)    0.0015775 eV/K        0.473 eV
S_rot              0.0004603 eV/K        0.138 eV
S_elec             0.0000947 eV/K        0.028 eV
S_vib              0.0000005 eV/K        0.000 eV
S (1 bar -> P)    -0.0000000 eV/K       -0.000 eV
-------------------------------------------------
S                  0.0021329 eV/K        0.640 eV
=================================================
[O2]: Entropy = 0.00213291745063909.
---------------------
  #    meV     cm^-1
---------------------
  0   10.9      88.3
  1   18.3     147.9
  2   19.9     160.4
  3   33.3     268.9
  4   35.1     282.9
  5  254.2    2050.0
---------------------
Zero-point energy: 0.186 eV
None
Entropy components at T = 300.00 K and P = 100000.0 Pa:
=================================================
                           S               T*S
S_trans (1 bar)    0.0015603 eV/K        0.468 eV
S_rot              0.0004930 eV/K        0.148 eV
S_elec             0.0000947 eV/K        0.028 eV
S_vib              0.0000001 eV/K        0.000 eV
S (1 bar -> P)    -0.0000000 eV/K       -0.000 eV
-------------------------------------------------
S                  0.0021480 eV/K        0.644 eV
=================================================
[CO]: Entropy = 0.0021480309382983323.
---------------------
  #    meV     cm^-1
---------------------
  0   13.0     105.1
  1   22.5     181.6
  2   26.0     209.9
  3   36.2     292.4
  4   39.2     316.0
  5  189.9    1531.5
---------------------
Zero-point energy: 0.163 eV
None
Entropy components at T = 300.00 K and P = 100000.0 Pa:
=================================================
                           S               T*S
S_trans (1 bar)    0.0015775 eV/K        0.473 eV
S_rot              0.0004603 eV/K        0.138 eV
S_elec             0.0000947 eV/K        0.028 eV
S_vib              0.0000005 eV/K        0.000 eV
S (1 bar -> P)    -0.0000000 eV/K       -0.000 eV
-------------------------------------------------
S                  0.0021329 eV/K        0.640 eV
=================================================
[O2]: Entropy = 0.00213291745063909.
---------------------
  #    meV     cm^-1
---------------------
  0   10.9      88.3
  1   18.3     147.9
  2   19.9     160.4
  3   33.3     268.9
  4   35.1     282.9
  5  254.2    2050.0
---------------------
Zero-point energy: 0.186 eV
None
Entropy components at T = 300.00 K and P = 100000.0 Pa:
=================================================
                           S               T*S
S_trans (1 bar)    0.0015603 eV/K        0.468 eV
S_rot              0.0004930 eV/K        0.148 eV
S_elec             0.0000947 eV/K        0.028 eV
S_vib              0.0000001 eV/K        0.000 eV
S (1 bar -> P)    -0.0000000 eV/K       -0.000 eV
-------------------------------------------------
S                  0.0021480 eV/K        0.644 eV
=================================================
[CO]: Entropy = 0.0021480309382983323.
