      Step     Time          Energy         fmax
BFGS:    0 19:23:26       15.797611       26.9298
BFGS:    1 19:23:26        1.768238       17.1195
BFGS:    2 19:23:27       -1.274393       10.0311
BFGS:    3 19:23:27       -3.354333        2.6121
BFGS:    4 19:23:27       -3.712342        1.4968
BFGS:    5 19:23:27       -3.934460        0.6985
BFGS:    6 19:23:27       -3.983993        0.4248
BFGS:    7 19:23:27       -4.007615        0.4475
BFGS:    8 19:23:27       -4.038241        0.5071
BFGS:    9 19:23:27       -4.103452        0.6106
BFGS:   10 19:23:27       -4.194846        0.7423
BFGS:   11 19:23:27       -4.248034        0.7750
BFGS:   12 19:23:27       -4.380667        1.4044
BFGS:   13 19:23:27       -4.427496        0.9535
BFGS:   14 19:23:27       -4.513720        0.6267
BFGS:   15 19:23:27       -4.592256        1.1662
BFGS:   16 19:23:27       -4.630279        0.7575
BFGS:   17 19:23:27       -4.680795        0.7890
BFGS:   18 19:23:27       -4.869067        0.8252
BFGS:   19 19:23:27       -4.960198        0.8574
BFGS:   20 19:23:27       -5.021640        0.8162
BFGS:   21 19:23:27       -5.063689        1.8472
BFGS:   22 19:23:27       -5.162437        0.6027
BFGS:   23 19:23:27       -5.202889        0.5560
BFGS:   24 19:23:27       -5.273900        1.5994
BFGS:   25 19:23:27       -5.352753        0.7116
BFGS:   26 19:23:27       -5.414599        0.4924
BFGS:   27 19:23:27       -5.480443        0.8764
BFGS:   28 19:23:27       -5.505038        0.6115
BFGS:   29 19:23:27       -5.526641        0.6014
BFGS:   30 19:23:27       -5.589353        0.6571
BFGS:   31 19:23:27       -5.624121        0.5464
BFGS:   32 19:23:27       -5.668792        0.5478
BFGS:   33 19:23:27       -5.707466        0.4364
BFGS:   34 19:23:27       -5.719795        0.4302
BFGS:   35 19:23:27       -5.740364        0.2953
BFGS:   36 19:23:27       -5.756858        0.3094
BFGS:   37 19:23:27       -5.768774        0.2383
BFGS:   38 19:23:27       -5.773940        0.2324
BFGS:   39 19:23:27       -5.778350        0.2271
BFGS:   40 19:23:27       -5.784246        0.2262
BFGS:   41 19:23:27       -5.796112        0.1963
BFGS:   42 19:23:27       -5.804110        0.2866
BFGS:   43 19:23:27       -5.809373        0.3535
BFGS:   44 19:23:27       -5.815448        0.3521
BFGS:   45 19:23:27       -5.825640        0.3589
BFGS:   46 19:23:27       -5.840903        0.5648
BFGS:   47 19:23:27       -5.866319        0.9186
BFGS:   48 19:23:27       -5.900030        1.2864
BFGS:   49 19:23:27       -5.901937        0.9600
BFGS:   50 19:23:27       -5.973198        0.8576
BFGS:   51 19:23:27       -6.038005        0.8760
BFGS:   52 19:23:27       -6.136698        0.5134
BFGS:   53 19:23:27       -6.166224        0.3302
BFGS:   54 19:23:27       -6.185062        0.1956
BFGS:   55 19:23:27       -6.189837        0.1756
BFGS:   56 19:23:27       -6.194268        0.1032
BFGS:   57 19:23:27       -6.195266        0.0887
BFGS:   58 19:23:27       -6.196458        0.0682
BFGS:   59 19:23:27       -6.197148        0.0626
BFGS:   60 19:23:27       -6.198076        0.0601
BFGS:   61 19:23:27       -6.198779        0.0582
BFGS:   62 19:23:27       -6.199204        0.0474
      Step     Time          Energy         fmax
BFGS:    0 19:23:27       16.379274       29.3132
BFGS:    1 19:23:27        3.512299       21.7769
BFGS:    2 19:23:27       -0.821252        9.5325
BFGS:    3 19:23:27       -2.540382        3.3434
BFGS:    4 19:23:27       -3.113939        1.6038
BFGS:    5 19:23:27       -3.391362        0.6750
BFGS:    6 19:23:27       -3.462004        0.4264
BFGS:    7 19:23:27       -3.481996        0.3946
BFGS:    8 19:23:27       -3.496140        0.4075
BFGS:    9 19:23:27       -3.526695        0.5051
BFGS:   10 19:23:27       -3.603634        0.6696
BFGS:   11 19:23:27       -3.660796        0.8140
BFGS:   12 19:23:27       -3.724952        0.7454
BFGS:   13 19:23:27       -3.826696        0.6323
BFGS:   14 19:23:27       -3.895542        1.4547
BFGS:   15 19:23:27       -3.943443        0.7322
BFGS:   16 19:23:27       -3.977041        0.5765
BFGS:   17 19:23:27       -4.062326        0.4122
BFGS:   18 19:23:27       -4.069535        0.3151
BFGS:   19 19:23:27       -4.076649        0.3098
BFGS:   20 19:23:27       -4.086872        0.2901
BFGS:   21 19:23:27       -4.094524        0.2485
BFGS:   22 19:23:27       -4.100763        0.3049
BFGS:   23 19:23:27       -4.106536        0.3836
BFGS:   24 19:23:27       -4.114277        0.3850
BFGS:   25 19:23:27       -4.132617        0.4396
BFGS:   26 19:23:27       -4.180856        0.9861
BFGS:   27 19:23:27       -4.254231        1.4441
BFGS:   28 19:23:27       -4.403118        1.2408
BFGS:   29 19:23:27       -4.612875        1.0067
BFGS:   30 19:23:27       -4.870125        0.9311
BFGS:   31 19:23:27       -5.133431        1.0782
BFGS:   32 19:23:27       -5.278500        1.0729
BFGS:   33 19:23:27       -5.327127        0.7422
BFGS:   34 19:23:27       -5.396509        0.6031
BFGS:   35 19:23:27       -5.464459        0.5735
BFGS:   36 19:23:27       -5.518373        0.5009
BFGS:   37 19:23:27       -5.543606        0.7268
BFGS:   38 19:23:27       -5.554655        0.7905
BFGS:   39 19:23:27       -5.573571        0.7786
BFGS:   40 19:23:27       -5.622313        0.9325
BFGS:   41 19:23:27       -5.666971        0.9194
BFGS:   42 19:23:27       -5.763817        0.7108
BFGS:   43 19:23:27       -5.821361        0.6033
BFGS:   44 19:23:27       -5.860569        0.4488
BFGS:   45 19:23:27       -5.880954        0.4696
BFGS:   46 19:23:27       -5.893715        0.4089
BFGS:   47 19:23:27       -5.916909        0.3610
BFGS:   48 19:23:27       -5.942639        0.2838
BFGS:   49 19:23:27       -5.954256        0.3489
BFGS:   50 19:23:27       -5.965248        0.3959
BFGS:   51 19:23:27       -5.987269        0.4998
BFGS:   52 19:23:27       -6.010867        0.5607
BFGS:   53 19:23:27       -6.054181        0.3746
BFGS:   54 19:23:27       -6.080086        0.3251
BFGS:   55 19:23:27       -6.090187        0.1991
BFGS:   56 19:23:27       -6.094553        0.1999
BFGS:   57 19:23:27       -6.102735        0.1948
BFGS:   58 19:23:27       -6.106548        0.1937
BFGS:   59 19:23:27       -6.117436        0.2490
BFGS:   60 19:23:27       -6.120867        0.1958
BFGS:   61 19:23:27       -6.123635        0.1742
BFGS:   62 19:23:27       -6.130582        0.2062
BFGS:   63 19:23:27       -6.140761        0.2300
BFGS:   64 19:23:27       -6.151235        0.2377
BFGS:   65 19:23:27       -6.160150        0.2343
BFGS:   66 19:23:27       -6.164861        0.1870
BFGS:   67 19:23:27       -6.166929        0.1834
BFGS:   68 19:23:27       -6.174494        0.2251
BFGS:   69 19:23:27       -6.179557        0.1417
BFGS:   70 19:23:27       -6.181863        0.0725
BFGS:   71 19:23:27       -6.182517        0.0469
      Step     Time          Energy         fmax
BFGS:    0 19:23:27       15.955577       25.3395
BFGS:    1 19:23:27        1.255518       12.2073
BFGS:    2 19:23:27       -1.637566        5.3654
BFGS:    3 19:23:27       -2.689941        2.8493
BFGS:    4 19:23:27       -3.302332        1.1752
BFGS:    5 19:23:27       -3.463784        0.5530
BFGS:    6 19:23:27       -3.505346        0.4271
BFGS:    7 19:23:27       -3.518778        0.3844
BFGS:    8 19:23:27       -3.534364        0.4001
BFGS:    9 19:23:27       -3.564667        0.4814
BFGS:   10 19:23:27       -3.610114        0.5931
BFGS:   11 19:23:27       -3.654298        1.2597
BFGS:   12 19:23:27       -3.756113        2.4725
BFGS:   13 19:23:27       -3.908632        4.0560
BFGS:   14 19:23:27       -3.995817        5.7034
BFGS:   15 19:23:27       -4.098521        4.9248
BFGS:   16 19:23:27       -4.161708        4.2289
BFGS:   17 19:23:27       -4.259752        4.7735
BFGS:   18 19:23:27       -4.295302        4.7056
BFGS:   19 19:23:27       -4.379615        4.4078
BFGS:   20 19:23:27       -4.426464        4.4163
BFGS:   21 19:23:27       -4.567729        4.2587
BFGS:   22 19:23:27       -4.680300        3.5405
BFGS:   23 19:23:27       -4.834920        2.8310
BFGS:   24 19:23:27       -4.990252        2.0581
BFGS:   25 19:23:27       -5.059149        1.4557
BFGS:   26 19:23:27       -5.234368        1.3261
BFGS:   27 19:23:27       -5.443867        1.3994
BFGS:   28 19:23:27       -5.526148        1.5796
BFGS:   29 19:23:27       -5.636958        1.7727
BFGS:   30 19:23:27       -5.746481        1.3464
BFGS:   31 19:23:27       -5.954649        1.0732
BFGS:   32 19:23:27       -6.043917        1.0771
BFGS:   33 19:23:27       -6.108410        0.7478
BFGS:   34 19:23:27       -6.156457        0.8133
BFGS:   35 19:23:27       -6.222421        0.8117
BFGS:   36 19:23:27       -6.315077        0.5580
BFGS:   37 19:23:27       -6.350083        0.6291
BFGS:   38 19:23:27       -6.385390        0.4149
BFGS:   39 19:23:27       -6.395680        0.3475
BFGS:   40 19:23:27       -6.406544        0.3285
BFGS:   41 19:23:27       -6.420623        0.1668
BFGS:   42 19:23:27       -6.425585        0.1569
BFGS:   43 19:23:27       -6.428527        0.2233
BFGS:   44 19:23:27       -6.430746        0.2626
BFGS:   45 19:23:27       -6.436497        0.3430
BFGS:   46 19:23:27       -6.449050        0.4670
BFGS:   47 19:23:27       -6.499115        0.7920
BFGS:   48 19:23:27       -6.481287        1.0724
BFGS:   49 19:23:27       -6.531716        0.7198
BFGS:   50 19:23:27       -6.553506        0.6538
BFGS:   51 19:23:27       -6.594478        1.4624
BFGS:   52 19:23:27       -6.674944        0.4464
BFGS:   53 19:23:27       -6.694906        0.4049
BFGS:   54 19:23:27       -6.719635        0.4078
BFGS:   55 19:23:27       -6.728027        0.3259
BFGS:   56 19:23:27       -6.754290        0.2800
BFGS:   57 19:23:27       -6.764071        0.3015
BFGS:   58 19:23:27       -6.774893        0.3390
BFGS:   59 19:23:27       -6.783517        0.3164
BFGS:   60 19:23:27       -6.794997        0.2732
BFGS:   61 19:23:27       -6.809071        0.3126
BFGS:   62 19:23:27       -6.822668        0.3170
BFGS:   63 19:23:27       -6.836658        0.3827
BFGS:   64 19:23:27       -6.858088        0.5119
BFGS:   65 19:23:27       -6.890427        0.6094
BFGS:   66 19:23:27       -6.937639        0.6382
BFGS:   67 19:23:27       -7.012031        0.5397
BFGS:   68 19:23:27       -7.053378        0.4407
BFGS:   69 19:23:27       -7.073729        0.3243
BFGS:   70 19:23:27       -7.061865        0.4029
BFGS:   71 19:23:27       -7.084152        0.1962
BFGS:   72 19:23:27       -7.088860        0.1882
BFGS:   73 19:23:27       -7.096084        0.1868
BFGS:   74 19:23:27       -7.100717        0.1998
BFGS:   75 19:23:27       -7.103846        0.2124
BFGS:   76 19:23:27       -7.106310        0.2370
BFGS:   77 19:23:27       -7.108835        0.2474
BFGS:   78 19:23:27       -7.113527        0.2522
BFGS:   79 19:23:27       -7.120481        0.2220
BFGS:   80 19:23:27       -7.127164        0.1773
BFGS:   81 19:23:27       -7.129592        0.0885
BFGS:   82 19:23:27       -7.130169        0.0626
BFGS:   83 19:23:27       -7.130285        0.0620
BFGS:   84 19:23:27       -7.130485        0.0603
BFGS:   85 19:23:27       -7.130657        0.0582
BFGS:   86 19:23:27       -7.130743        0.0598
BFGS:   87 19:23:27       -7.130766        0.0603
BFGS:   88 19:23:27       -7.130777        0.0604
BFGS:   89 19:23:27       -7.130796        0.0598
BFGS:   90 19:23:27       -7.130837        0.0574
BFGS:   91 19:23:27       -7.130922        0.0503
BFGS:   92 19:23:27       -7.131059        0.0349
      Step     Time          Energy         fmax
BFGS:    0 19:23:27       15.905993       23.7576
BFGS:    1 19:23:27        7.250976       44.4530
BFGS:    2 19:23:27        1.207590       18.5464
BFGS:    3 19:23:27       -1.497981        5.9531
BFGS:    4 19:23:27       -2.522905        2.4470
BFGS:    5 19:23:27       -3.084554        1.1968
BFGS:    6 19:23:27       -3.289438        0.8554
BFGS:    7 19:23:27       -3.345276        0.6443
BFGS:    8 19:23:27       -3.361150        0.5310
BFGS:    9 19:23:27       -3.373058        0.4659
BFGS:   10 19:23:27       -3.396322        0.4050
BFGS:   11 19:23:27       -3.437609        0.4450
BFGS:   12 19:23:27       -3.478716        1.0016
BFGS:   13 19:23:27       -3.520058        0.9456
BFGS:   14 19:23:27       -3.563987        0.5355
BFGS:   15 19:23:27       -3.583597        0.5302
BFGS:   16 19:23:27       -3.591515        0.4365
BFGS:   17 19:23:27       -3.609385        0.2572
BFGS:   18 19:23:27       -3.615534        0.2033
BFGS:   19 19:23:27       -3.619421        0.1922
BFGS:   20 19:23:27       -3.626202        0.2350
BFGS:   21 19:23:27       -3.641179        0.3794
BFGS:   22 19:23:27       -3.680156        0.6860
BFGS:   23 19:23:27       -3.763797        1.1059
BFGS:   24 19:23:27       -3.939664        1.2484
BFGS:   25 19:23:27       -4.025067        1.1716
BFGS:   26 19:23:27       -4.099294        0.8497
BFGS:   27 19:23:27       -4.171239        0.7108
BFGS:   28 19:23:27       -4.254117        1.1356
BFGS:   29 19:23:27       -4.282023        0.8436
BFGS:   30 19:23:27       -4.337122        0.5055
BFGS:   31 19:23:27       -4.406572        0.4326
BFGS:   32 19:23:27       -4.414809        0.4138
BFGS:   33 19:23:27       -4.419021        0.3808
BFGS:   34 19:23:27       -4.429184        0.2609
BFGS:   35 19:23:27       -4.435552        0.2571
BFGS:   36 19:23:27       -4.448919        0.3783
BFGS:   37 19:23:27       -4.453823        0.3662
BFGS:   38 19:23:27       -4.459679        0.3173
BFGS:   39 19:23:27       -4.468484        0.3729
BFGS:   40 19:23:27       -4.491972        0.6023
BFGS:   41 19:23:27       -4.540117        0.9334
BFGS:   42 19:23:27       -4.588527        1.0462
BFGS:   43 19:23:27       -4.579592        0.8257
BFGS:   44 19:23:27       -4.632275        0.9989
BFGS:   45 19:23:27       -4.665398        1.0299
BFGS:   46 19:23:27       -4.728513        1.0161
BFGS:   47 19:23:27       -4.748923        0.9173
BFGS:   48 19:23:27       -4.762977        0.8186
BFGS:   49 19:23:27       -4.833170        0.8535
BFGS:   50 19:23:27       -4.854496        0.6849
BFGS:   51 19:23:27       -4.897316        0.5542
BFGS:   52 19:23:27       -4.928402        0.5091
BFGS:   53 19:23:27       -4.948541        0.4322
BFGS:   54 19:23:27       -4.960698        0.2103
BFGS:   55 19:23:27       -4.964745        0.2206
BFGS:   56 19:23:27       -4.973069        0.2173
BFGS:   57 19:23:27       -4.978929        0.2478
BFGS:   58 19:23:27       -4.990229        0.2933
BFGS:   59 19:23:27       -5.000361        0.3965
BFGS:   60 19:23:27       -5.023763        0.5770
BFGS:   61 19:23:27       -5.074297        0.7632
BFGS:   62 19:23:27       -5.041482        1.9010
BFGS:   63 19:23:27       -5.321948        0.9143
BFGS:   64 19:23:27       -5.470822        0.5529
BFGS:   65 19:23:27       -5.510531        0.6001
BFGS:   66 19:23:27       -5.539259        1.0270
BFGS:   67 19:23:27       -5.581162        0.8168
BFGS:   68 19:23:27       -5.639204        0.6828
BFGS:   69 19:23:27       -5.682897        0.5813
BFGS:   70 19:23:27       -5.716769        0.5909
BFGS:   71 19:23:27       -5.735303        0.5288
BFGS:   72 19:23:27       -5.754109        0.3893
BFGS:   73 19:23:27       -5.771851        0.3535
BFGS:   74 19:23:27       -5.790960        0.3126
BFGS:   75 19:23:27       -5.798767        0.3204
BFGS:   76 19:23:27       -5.803607        0.3066
BFGS:   77 19:23:27       -5.817164        0.2818
BFGS:   78 19:23:27       -5.831437        0.2112
BFGS:   79 19:23:27       -5.846789        0.2150
BFGS:   80 19:23:27       -5.858059        0.2434
BFGS:   81 19:23:27       -5.863920        0.3053
BFGS:   82 19:23:27       -5.870007        0.3331
BFGS:   83 19:23:27       -5.902269        0.4869
BFGS:   84 19:23:27       -5.944865        1.0011
BFGS:   85 19:23:27       -5.945650        1.7181
BFGS:   86 19:23:27       -5.977836        1.1492
BFGS:   87 19:23:27       -6.000507        1.1242
BFGS:   88 19:23:27       -6.157280        0.8681
BFGS:   89 19:23:27       -6.203395        0.5053
BFGS:   90 19:23:27       -6.226338        0.4010
BFGS:   91 19:23:27       -6.240708        0.3502
BFGS:   92 19:23:27       -6.248977        0.2705
BFGS:   93 19:23:27       -6.256141        0.2950
BFGS:   94 19:23:27       -6.265857        0.2538
BFGS:   95 19:23:27       -6.271121        0.2111
BFGS:   96 19:23:27       -6.277592        0.1124
BFGS:   97 19:23:27       -6.279474        0.1101
BFGS:   98 19:23:27       -6.280456        0.1338
BFGS:   99 19:23:27       -6.282123        0.1577
BFGS:  100 19:23:27       -6.286663        0.1997
BFGS:  101 19:23:27       -6.304158        0.3698
BFGS:  102 19:23:27       -6.330019        0.6375
BFGS:  103 19:23:27       -6.341057        0.9145
BFGS:  104 19:23:27       -6.357555        0.7869
BFGS:  105 19:23:27       -6.382296        0.7177
BFGS:  106 19:23:27       -6.415831        0.7042
BFGS:  107 19:23:27       -6.442388        0.7859
BFGS:  108 19:23:27       -6.447938        0.7443
BFGS:  109 19:23:27       -6.457844        0.7989
BFGS:  110 19:23:27       -6.461503        0.7766
BFGS:  111 19:23:27       -6.473355        0.6479
BFGS:  112 19:23:27       -6.476617        0.6348
BFGS:  113 19:23:27       -6.487578        0.6049
BFGS:  114 19:23:27       -6.498864        0.6281
BFGS:  115 19:23:27       -6.516194        0.7314
BFGS:  116 19:23:27       -6.535932        0.7791
BFGS:  117 19:23:27       -6.560729        0.8178
BFGS:  118 19:23:27       -6.582549        0.7779
BFGS:  119 19:23:27       -6.590081        0.7247
BFGS:  120 19:23:27       -6.596206        0.6548
BFGS:  121 19:23:27       -6.604167        0.6638
BFGS:  122 19:23:27       -6.616009        0.6197
BFGS:  123 19:23:27       -6.637813        0.5682
BFGS:  124 19:23:27       -6.666212        0.4502
BFGS:  125 19:23:27       -6.687369        0.1856
BFGS:  126 19:23:27       -6.694172        0.1485
BFGS:  127 19:23:27       -6.701579        0.1741
BFGS:  128 19:23:27       -6.712361        0.1438
BFGS:  129 19:23:27       -6.720037        0.2474
BFGS:  130 19:23:27       -6.729488        0.3048
BFGS:  131 19:23:27       -6.742146        0.3004
BFGS:  132 19:23:27       -6.752494        0.3776
BFGS:  133 19:23:27       -6.766979        0.3593
BFGS:  134 19:23:27       -6.778424        0.3384
BFGS:  135 19:23:27       -6.789023        0.4586
BFGS:  136 19:23:27       -6.802241        0.3902
BFGS:  137 19:23:27       -6.814800        0.4655
BFGS:  138 19:23:27       -6.834814        0.5430
BFGS:  139 19:23:27       -6.858993        0.5766
BFGS:  140 19:23:27       -6.832233        1.0671
BFGS:  141 19:23:27       -6.889269        0.4157
BFGS:  142 19:23:27       -6.905037        0.4718
BFGS:  143 19:23:27       -6.921790        0.4431
BFGS:  144 19:23:28       -6.935762        0.3878
BFGS:  145 19:23:28       -6.965232        0.4082
BFGS:  146 19:23:28       -7.011907        0.5828
BFGS:  147 19:23:28       -7.052746        0.6379
BFGS:  148 19:23:28       -7.083229        0.7627
BFGS:  149 19:23:28       -7.137416        0.6911
BFGS:  150 19:23:28       -7.192624        0.6459
BFGS:  151 19:23:28       -7.094842        1.1268
BFGS:  152 19:23:28       -7.222871        0.5455
BFGS:  153 19:23:28       -7.230883        0.4854
BFGS:  154 19:23:28       -7.242381        0.3045
BFGS:  155 19:23:28       -7.245588        0.3629
BFGS:  156 19:23:28       -7.253656        0.3201
BFGS:  157 19:23:28       -7.260528        0.3093
BFGS:  158 19:23:28       -7.267043        0.3530
BFGS:  159 19:23:28       -7.276167        0.3501
BFGS:  160 19:23:28       -7.285587        0.2613
BFGS:  161 19:23:28       -7.304456        0.2219
BFGS:  162 19:23:28       -7.310823        0.1603
BFGS:  163 19:23:28       -7.315908        0.0910
BFGS:  164 19:23:28       -7.316816        0.0487
      Step     Time          Energy         fmax
BFGS:    0 19:23:28       16.874478       28.6241
BFGS:    1 19:23:28        2.735937       12.1715
BFGS:    2 19:23:28       -1.265760        5.1566
BFGS:    3 19:23:28       -2.471332        2.3565
BFGS:    4 19:23:28       -2.976195        1.0841
BFGS:    5 19:23:28       -3.116539        0.4740
BFGS:    6 19:23:28       -3.141567        0.2335
BFGS:    7 19:23:28       -3.145474        0.1533
BFGS:    8 19:23:28       -3.148098        0.1367
BFGS:    9 19:23:28       -3.153564        0.1814
BFGS:   10 19:23:28       -3.160762        0.2594
BFGS:   11 19:23:28       -3.167370        0.3212
BFGS:   12 19:23:28       -3.172827        0.3476
BFGS:   13 19:23:28       -3.184389        0.3748
BFGS:   14 19:23:28       -3.218879        0.6288
BFGS:   15 19:23:28       -3.287110        1.0245
BFGS:   16 19:23:28       -3.456140        1.1015
BFGS:   17 19:23:28       -3.580421        1.0427
BFGS:   18 19:23:28       -3.633024        0.7759
BFGS:   19 19:23:28       -3.727678        0.6140
BFGS:   20 19:23:28       -3.770627        0.5511
BFGS:   21 19:23:28       -3.804703        0.5608
BFGS:   22 19:23:28       -3.827144        0.5766
BFGS:   23 19:23:28       -3.870932        0.5205
BFGS:   24 19:23:28       -3.911176        0.4845
BFGS:   25 19:23:28       -3.967748        0.4770
BFGS:   26 19:23:28       -3.979322        0.3964
BFGS:   27 19:23:28       -3.993278        0.2833
BFGS:   28 19:23:28       -4.018571        0.2885
BFGS:   29 19:23:28       -4.027139        0.2800
BFGS:   30 19:23:28       -4.034236        0.3247
BFGS:   31 19:23:28       -4.055439        0.4161
BFGS:   32 19:23:28       -4.137161        0.7145
BFGS:   33 19:23:28       -4.182134        0.7623
BFGS:   34 19:23:28       -4.202948        0.7729
BFGS:   35 19:23:28       -4.217816        0.7347
BFGS:   36 19:23:28       -4.249015        0.6393
BFGS:   37 19:23:28       -4.263101        0.6650
BFGS:   38 19:23:28       -4.270701        0.6052
BFGS:   39 19:23:28       -4.292380        0.4258
BFGS:   40 19:23:28       -4.307611        0.4143
BFGS:   41 19:23:28       -4.375752        0.6923
BFGS:   42 19:23:28       -4.474253        0.8070
BFGS:   43 19:23:28       -4.575806        1.1698
BFGS:   44 19:23:28       -4.673810        1.6046
BFGS:   45 19:23:28       -4.758856        1.8995
BFGS:   46 19:23:28       -4.850229        1.8518
BFGS:   47 19:23:28       -4.936880        1.0345
BFGS:   48 19:23:28       -4.910126        2.2770
BFGS:   49 19:23:28       -5.023102        0.9862
BFGS:   50 19:23:28       -5.132055        1.1732
BFGS:   51 19:23:28       -5.222584        1.0288
BFGS:   52 19:23:28       -5.309946        0.5907
BFGS:   53 19:23:28       -5.337946        0.4643
BFGS:   54 19:23:28       -5.356635        0.2767
BFGS:   55 19:23:28       -5.369389        0.2063
BFGS:   56 19:23:28       -5.376259        0.2353
BFGS:   57 19:23:28       -5.383829        0.3424
BFGS:   58 19:23:28       -5.389218        0.3856
BFGS:   59 19:23:28       -5.399518        0.3512
BFGS:   60 19:23:28       -5.409991        0.2831
BFGS:   61 19:23:28       -5.418171        0.2622
BFGS:   62 19:23:28       -5.424510        0.2746
BFGS:   63 19:23:28       -5.435424        0.4270
BFGS:   64 19:23:28       -5.455197        0.6090
BFGS:   65 19:23:28       -5.485824        0.7532
BFGS:   66 19:23:28       -5.517981        0.8586
BFGS:   67 19:23:28       -5.581547        1.0556
BFGS:   68 19:23:28       -5.652223        0.8758
BFGS:   69 19:23:28       -5.684059        0.9393
BFGS:   70 19:23:28       -5.711646        1.1676
BFGS:   71 19:23:28       -5.751245        0.7997
BFGS:   72 19:23:28       -5.794686        0.7140
BFGS:   73 19:23:28       -5.861777        0.5065
BFGS:   74 19:23:28       -5.895110        0.4530
BFGS:   75 19:23:28       -5.948839        0.5839
BFGS:   76 19:23:28       -5.972693        1.1350
BFGS:   77 19:23:28       -6.033986        1.0178
BFGS:   78 19:23:28       -6.069044        0.7450
BFGS:   79 19:23:28       -6.118983        0.5154
BFGS:   80 19:23:28       -6.144581        0.4261
BFGS:   81 19:23:28       -6.164656        0.3743
BFGS:   82 19:23:28       -6.180140        0.4061
BFGS:   83 19:23:28       -6.198754        0.4248
BFGS:   84 19:23:28       -6.217137        0.3959
BFGS:   85 19:23:28       -6.229261        0.3249
BFGS:   86 19:23:28       -6.247245        0.3272
BFGS:   87 19:23:28       -6.256671        0.3602
BFGS:   88 19:23:28       -6.274089        0.3639
BFGS:   89 19:23:28       -6.284166        0.3650
BFGS:   90 19:23:28       -6.293848        0.3230
BFGS:   91 19:23:28       -6.302664        0.2457
BFGS:   92 19:23:28       -6.309564        0.2284
BFGS:   93 19:23:28       -6.312307        0.2420
BFGS:   94 19:23:28       -6.316340        0.2386
BFGS:   95 19:23:28       -6.322188        0.2726
BFGS:   96 19:23:28       -6.346950        0.5194
BFGS:   97 19:23:28       -6.386106        0.8120
BFGS:   98 19:23:28       -5.911244        4.7461
BFGS:   99 19:23:28       -6.434735        1.8761
BFGS:  100 19:23:28       -6.658236        1.0115
BFGS:  101 19:23:28       -6.826259        0.6756
BFGS:  102 19:23:28       -6.926945        0.7521
BFGS:  103 19:23:28       -7.012529        0.6774
BFGS:  104 19:23:28       -7.059748        0.5589
BFGS:  105 19:23:28       -7.077677        0.4450
BFGS:  106 19:23:28       -7.085888        0.4150
BFGS:  107 19:23:28       -7.092434        0.3870
BFGS:  108 19:23:28       -7.105079        0.2703
BFGS:  109 19:23:28       -7.115905        0.2155
BFGS:  110 19:23:28       -7.120633        0.1898
BFGS:  111 19:23:28       -7.122282        0.1441
BFGS:  112 19:23:28       -7.122930        0.1447
BFGS:  113 19:23:28       -7.123702        0.1459
BFGS:  114 19:23:28       -7.124812        0.1496
BFGS:  115 19:23:28       -7.126455        0.1376
BFGS:  116 19:23:28       -7.128172        0.1170
BFGS:  117 19:23:28       -7.129326        0.0745
BFGS:  118 19:23:28       -7.129759        0.0472
      Step     Time          Energy         fmax
BFGS:    0 19:23:28       17.961774       43.5752
BFGS:    1 19:23:28        5.090626       14.2870
BFGS:    2 19:23:28       -0.209828       10.2405
BFGS:    3 19:23:28       -2.969326        4.3054
BFGS:    4 19:23:28       -3.798926        1.8837
BFGS:    5 19:23:28       -4.160097        0.6960
BFGS:    6 19:23:28       -4.237544        0.2980
BFGS:    7 19:23:28       -4.250171        0.2689
BFGS:    8 19:23:28       -4.253992        0.2574
BFGS:    9 19:23:28       -4.260418        0.2335
BFGS:   10 19:23:28       -4.268345        0.2359
BFGS:   11 19:23:28       -4.274626        0.1932
BFGS:   12 19:23:28       -4.278143        0.2051
BFGS:   13 19:23:28       -4.280949        0.1894
BFGS:   14 19:23:28       -4.283478        0.1800
BFGS:   15 19:23:28       -4.285668        0.1809
BFGS:   16 19:23:28       -4.286965        0.1384
BFGS:   17 19:23:28       -4.287674        0.0886
BFGS:   18 19:23:28       -4.288417        0.0522
BFGS:   19 19:23:28       -4.289041        0.0517
BFGS:   20 19:23:28       -4.289345        0.0605
BFGS:   21 19:23:28       -4.289507        0.0537
BFGS:   22 19:23:28       -4.289804        0.0462
      Step     Time          Energy         fmax
BFGS:    0 19:23:28       15.594441       34.4735
BFGS:    1 19:23:28        2.393547       12.8346
BFGS:    2 19:23:28       -1.656490        8.6888
BFGS:    3 19:23:28       -3.523636        4.0892
BFGS:    4 19:23:28       -4.120557        1.6978
BFGS:    5 19:23:28       -4.351080        0.6556
BFGS:    6 19:23:28       -4.420169        0.6434
BFGS:    7 19:23:28       -4.449824        0.6125
BFGS:    8 19:23:28       -4.483312        0.5311
BFGS:    9 19:23:28       -4.532726        0.6561
BFGS:   10 19:23:28       -4.578053        0.7484
BFGS:   11 19:23:28       -4.654523        1.2754
BFGS:   12 19:23:28       -4.782251        2.1648
BFGS:   13 19:23:28       -4.904694        2.0849
BFGS:   14 19:23:28       -5.152362        1.9661
BFGS:   15 19:23:28       -5.341231        1.1969
BFGS:   16 19:23:28       -5.359284        0.7574
BFGS:   17 19:23:28       -5.395731        0.7390
BFGS:   18 19:23:28       -5.444364        0.4997
BFGS:   19 19:23:28       -5.482531        0.5445
BFGS:   20 19:23:28       -5.521548        0.3859
BFGS:   21 19:23:28       -5.533554        0.3696
BFGS:   22 19:23:28       -5.549705        0.4377
BFGS:   23 19:23:28       -5.572176        0.4508
BFGS:   24 19:23:28       -5.597889        0.4011
BFGS:   25 19:23:28       -5.619879        0.4932
BFGS:   26 19:23:28       -5.649924        0.5520
BFGS:   27 19:23:28       -5.675433        0.6503
BFGS:   28 19:23:28       -5.732945        0.6704
BFGS:   29 19:23:28       -5.770036        0.5610
BFGS:   30 19:23:28       -5.811735        0.4114
BFGS:   31 19:23:28       -5.832141        0.3365
BFGS:   32 19:23:28       -5.839727        0.3355
BFGS:   33 19:23:28       -5.848954        0.2554
BFGS:   34 19:23:28       -5.860656        0.1920
BFGS:   35 19:23:28       -5.867753        0.2040
BFGS:   36 19:23:28       -5.874546        0.1794
BFGS:   37 19:23:28       -5.878325        0.2162
BFGS:   38 19:23:28       -5.885464        0.2529
BFGS:   39 19:23:28       -5.895651        0.2674
BFGS:   40 19:23:28       -5.912288        0.3326
BFGS:   41 19:23:28       -5.950234        0.5395
BFGS:   42 19:23:28       -5.980766        0.8270
BFGS:   43 19:23:28       -5.989990        0.5581
BFGS:   44 19:23:28       -6.001389        0.6090
BFGS:   45 19:23:28       -6.009746        0.8017
BFGS:   46 19:23:28       -6.021984        0.8795
BFGS:   47 19:23:28       -6.065123        1.2977
BFGS:   48 19:23:28       -6.099271        1.2012
BFGS:   49 19:23:28       -6.226697        0.5448
BFGS:   50 19:23:28       -6.270675        0.5043
BFGS:   51 19:23:28       -6.294630        0.4499
BFGS:   52 19:23:28       -6.305869        0.3150
BFGS:   53 19:23:28       -6.312113        0.2616
BFGS:   54 19:23:28       -6.324726        0.2163
BFGS:   55 19:23:28       -6.331224        0.2376
BFGS:   56 19:23:28       -6.346519        0.3132
BFGS:   57 19:23:28       -6.357390        0.3527
BFGS:   58 19:23:28       -6.367737        0.3538
BFGS:   59 19:23:28       -6.393068        0.4279
BFGS:   60 19:23:28       -6.441283        0.5701
BFGS:   61 19:23:28       -6.482231        0.8894
BFGS:   62 19:23:28       -6.570768        0.8763
BFGS:   63 19:23:28       -6.690375        1.0503
BFGS:   64 19:23:28       -6.746953        0.8319
BFGS:   65 19:23:28       -6.841896        0.6502
BFGS:   66 19:23:28       -6.880047        0.6487
BFGS:   67 19:23:28       -6.943042        0.7316
BFGS:   68 19:23:28       -6.982161        0.5422
BFGS:   69 19:23:28       -7.011929        0.5330
BFGS:   70 19:23:28       -7.061307        0.4356
BFGS:   71 19:23:28       -7.088691        0.3474
BFGS:   72 19:23:28       -7.095848        0.2726
BFGS:   73 19:23:28       -7.104231        0.2208
BFGS:   74 19:23:28       -7.118401        0.1765
BFGS:   75 19:23:28       -7.126378        0.1566
BFGS:   76 19:23:28       -7.129806        0.0882
BFGS:   77 19:23:28       -7.130796        0.0233
      Step     Time          Energy         fmax
BFGS:    0 19:23:28       16.548737       35.7409
BFGS:    1 19:23:28        4.923919       15.0197
BFGS:    2 19:23:28        0.061409        8.1943
BFGS:    3 19:23:28       -2.335287        3.7398
BFGS:    4 19:23:28       -3.021498        2.0816
BFGS:    5 19:23:28       -3.363480        0.9205
BFGS:    6 19:23:28       -3.447767        0.5731
BFGS:    7 19:23:28       -3.475077        0.5498
BFGS:    8 19:23:28       -3.496635        0.5657
BFGS:    9 19:23:28       -3.538085        0.5867
BFGS:   10 19:23:28       -3.588410        0.5220
BFGS:   11 19:23:28       -3.620902        0.4843
BFGS:   12 19:23:28       -3.653456        0.5646
BFGS:   13 19:23:28       -3.675291        0.4475
BFGS:   14 19:23:28       -3.682008        0.4126
BFGS:   15 19:23:28       -3.715620        0.4134
BFGS:   16 19:23:28       -3.772471        0.7906
BFGS:   17 19:23:28       -3.868808        1.2504
BFGS:   18 19:23:28       -3.944313        1.2096
BFGS:   19 19:23:28       -3.963012        0.9212
BFGS:   20 19:23:28       -3.984827        0.8183
BFGS:   21 19:23:28       -4.017659        0.7471
BFGS:   22 19:23:28       -4.118283        1.1996
BFGS:   23 19:23:28       -4.144199        0.5344
BFGS:   24 19:23:28       -4.171933        0.4309
BFGS:   25 19:23:28       -4.187345        0.8207
BFGS:   26 19:23:28       -4.209787        0.4440
BFGS:   27 19:23:28       -4.232645        0.3581
BFGS:   28 19:23:28       -4.260748        0.5505
BFGS:   29 19:23:28       -4.280198        0.6264
BFGS:   30 19:23:28       -4.303042        0.4762
BFGS:   31 19:23:28       -4.314187        0.4437
BFGS:   32 19:23:28       -4.331867        0.2688
BFGS:   33 19:23:28       -4.337838        0.1693
BFGS:   34 19:23:29       -4.342429        0.1280
BFGS:   35 19:23:29       -4.343693        0.1120
BFGS:   36 19:23:29       -4.345259        0.0936
BFGS:   37 19:23:29       -4.346593        0.0897
BFGS:   38 19:23:29       -4.348313        0.0563
BFGS:   39 19:23:29       -4.348994        0.0668
BFGS:   40 19:23:29       -4.349237        0.0635
BFGS:   41 19:23:29       -4.349529        0.0539
BFGS:   42 19:23:29       -4.350245        0.0622
BFGS:   43 19:23:29       -4.351425        0.0785
BFGS:   44 19:23:29       -4.352968        0.1149
BFGS:   45 19:23:29       -4.354549        0.1716
BFGS:   46 19:23:29       -4.356760        0.2164
BFGS:   47 19:23:29       -4.361795        0.2774
BFGS:   48 19:23:29       -4.376666        0.3767
BFGS:   49 19:23:29       -4.391805        0.5525
BFGS:   50 19:23:29       -4.408637        0.8089
BFGS:   51 19:23:29       -4.428167        1.0402
BFGS:   52 19:23:29       -4.443174        1.1156
BFGS:   53 19:23:29       -4.489952        1.0810
BFGS:   54 19:23:29       -4.536836        2.2262
BFGS:   55 19:23:29       -4.606477        1.2668
BFGS:   56 19:23:29       -4.627582        0.9878
BFGS:   57 19:23:29       -4.767453        0.5868
BFGS:   58 19:23:29       -4.749773        1.3475
BFGS:   59 19:23:29       -4.832637        0.2402
BFGS:   60 19:23:29       -4.842114        0.1922
BFGS:   61 19:23:29       -4.848564        0.1837
BFGS:   62 19:23:29       -4.850970        0.1424
BFGS:   63 19:23:29       -4.854523        0.1235
BFGS:   64 19:23:29       -4.855908        0.1294
BFGS:   65 19:23:29       -4.858872        0.1461
BFGS:   66 19:23:29       -4.862556        0.2073
BFGS:   67 19:23:29       -4.870430        0.3039
BFGS:   68 19:23:29       -4.891219        0.4798
BFGS:   69 19:23:29       -4.929221        0.6656
BFGS:   70 19:23:29       -5.000655        0.8066
BFGS:   71 19:23:29       -5.047758        0.8144
BFGS:   72 19:23:29       -5.131303        0.7528
BFGS:   73 19:23:29       -5.226312        0.4572
BFGS:   74 19:23:29       -5.252864        0.7557
BFGS:   75 19:23:29       -5.305188        0.2451
BFGS:   76 19:23:29       -5.311893        0.2072
BFGS:   77 19:23:29       -5.316317        0.1912
BFGS:   78 19:23:29       -5.319182        0.1808
BFGS:   79 19:23:29       -5.330080        0.2059
BFGS:   80 19:23:29       -5.345751        0.2660
BFGS:   81 19:23:29       -5.385442        0.4166
BFGS:   82 19:23:29       -5.462524        0.4262
BFGS:   83 19:23:29       -5.523723        0.5318
BFGS:   84 19:23:29       -5.557301        0.5373
BFGS:   85 19:23:29       -5.611908        0.5613
BFGS:   86 19:23:29       -5.661965        0.3161
BFGS:   87 19:23:29       -5.678562        0.3474
BFGS:   88 19:23:29       -5.689156        0.3019
BFGS:   89 19:23:29       -5.691742        0.2867
BFGS:   90 19:23:29       -5.701980        0.2469
BFGS:   91 19:23:29       -5.706580        0.1918
BFGS:   92 19:23:29       -5.712338        0.0783
BFGS:   93 19:23:29       -5.713248        0.0824
BFGS:   94 19:23:29       -5.713658        0.0826
BFGS:   95 19:23:29       -5.713950        0.0806
BFGS:   96 19:23:29       -5.714475        0.0736
BFGS:   97 19:23:29       -5.715335        0.0620
BFGS:   98 19:23:29       -5.716488        0.0675
BFGS:   99 19:23:29       -5.717282        0.0625
BFGS:  100 19:23:29       -5.717556        0.0583
BFGS:  101 19:23:29       -5.717676        0.0590
BFGS:  102 19:23:29       -5.717837        0.0580
BFGS:  103 19:23:29       -5.718169        0.0629
BFGS:  104 19:23:29       -5.718736        0.0786
BFGS:  105 19:23:29       -5.719507        0.1048
BFGS:  106 19:23:29       -5.720542        0.1546
BFGS:  107 19:23:29       -5.722579        0.2215
BFGS:  108 19:23:29       -5.734186        0.3477
BFGS:  109 19:23:29       -5.705817        0.9093
BFGS:  110 19:23:29       -5.783038        0.3757
BFGS:  111 19:23:29       -5.886681        0.3886
BFGS:  112 19:23:29       -5.928431        0.7518
BFGS:  113 19:23:29       -5.858054        2.2936
BFGS:  114 19:23:29       -6.053834        0.5546
BFGS:  115 19:23:29       -6.100913        0.5279
BFGS:  116 19:23:29       -6.293274        0.6530
BFGS:  117 19:23:29       -6.465703        1.1042
BFGS:  118 19:23:29       -6.502389        1.7985
BFGS:  119 19:23:29       -6.558588        1.0853
BFGS:  120 19:23:29       -6.594415        0.7298
BFGS:  121 19:23:29       -6.636538        0.5393
BFGS:  122 19:23:29       -6.661991        0.4229
BFGS:  123 19:23:29       -6.670523        0.2863
BFGS:  124 19:23:29       -6.676504        0.2624
BFGS:  125 19:23:29       -6.681066        0.2722
BFGS:  126 19:23:29       -6.687276        0.2735
BFGS:  127 19:23:29       -6.698547        0.2444
BFGS:  128 19:23:29       -6.705795        0.1631
BFGS:  129 19:23:29       -6.709667        0.1019
BFGS:  130 19:23:29       -6.710676        0.0806
BFGS:  131 19:23:29       -6.711094        0.0722
BFGS:  132 19:23:29       -6.711222        0.0729
BFGS:  133 19:23:29       -6.711376        0.0786
BFGS:  134 19:23:29       -6.711554        0.0849
BFGS:  135 19:23:29       -6.711832        0.0896
BFGS:  136 19:23:29       -6.712098        0.0895
BFGS:  137 19:23:29       -6.712298        0.0811
BFGS:  138 19:23:29       -6.712465        0.0769
BFGS:  139 19:23:29       -6.712748        0.0745
BFGS:  140 19:23:29       -6.713513        0.0752
BFGS:  141 19:23:29       -6.715451        0.0838
BFGS:  142 19:23:29       -6.720391        0.1367
BFGS:  143 19:23:29       -6.728006        0.2559
BFGS:  144 19:23:29       -6.743322        0.2869
BFGS:  145 19:23:29       -6.773344        0.3244
BFGS:  146 19:23:29       -6.809241        0.4183
BFGS:  147 19:23:29       -6.852270        0.5116
BFGS:  148 19:23:29       -6.897646        0.6105
BFGS:  149 19:23:29       -6.955298        0.6154
BFGS:  150 19:23:29       -6.988386        0.6666
BFGS:  151 19:23:29       -7.040306        0.4664
BFGS:  152 19:23:29       -7.105965        0.2399
BFGS:  153 19:23:29       -7.118906        0.2824
BFGS:  154 19:23:29       -7.124872        0.2062
BFGS:  155 19:23:29       -7.129679        0.0675
BFGS:  156 19:23:29       -7.130333        0.0564
BFGS:  157 19:23:29       -7.131005        0.0214
      Step     Time          Energy         fmax
BFGS:    0 19:23:29       17.089991       40.8083
BFGS:    1 19:23:29        0.351846       14.2135
BFGS:    2 19:23:29       -2.596668        8.4650
BFGS:    3 19:23:29       -4.605041        3.5684
BFGS:    4 19:23:29       -5.069905        1.5635
BFGS:    5 19:23:29       -5.264325        0.7303
BFGS:    6 19:23:29       -5.325085        0.8028
BFGS:    7 19:23:29       -5.370291        0.8885
BFGS:    8 19:23:29       -5.445717        0.9790
BFGS:    9 19:23:29       -5.561261        1.0032
BFGS:   10 19:23:29       -5.642031        1.0611
BFGS:   11 19:23:29       -5.799324        1.4048
BFGS:   12 19:23:29       -5.885625        1.4396
BFGS:   13 19:23:29       -5.972306        1.1590
BFGS:   14 19:23:29       -6.257666        1.2454
BFGS:   15 19:23:29       -6.609903        1.4455
BFGS:   16 19:23:29       -6.696939        1.3520
BFGS:   17 19:23:29       -6.787324        0.8808
BFGS:   18 19:23:29       -6.837456        0.8096
BFGS:   19 19:23:29       -6.902863        0.8518
BFGS:   20 19:23:29       -6.950913        0.7175
BFGS:   21 19:23:29       -7.040834        0.8260
BFGS:   22 19:23:29       -7.063264        0.4899
BFGS:   23 19:23:29       -7.081098        0.3482
BFGS:   24 19:23:29       -7.102447        0.2541
BFGS:   25 19:23:29       -7.110031        0.2443
BFGS:   26 19:23:29       -7.117308        0.2926
BFGS:   27 19:23:29       -7.120434        0.2425
BFGS:   28 19:23:29       -7.125048        0.1329
BFGS:   29 19:23:29       -7.126625        0.0837
BFGS:   30 19:23:29       -7.127476        0.0760
BFGS:   31 19:23:29       -7.128039        0.0777
BFGS:   32 19:23:29       -7.128746        0.0667
BFGS:   33 19:23:29       -7.129283        0.0448
      Step     Time          Energy         fmax
BFGS:    0 19:23:29       16.395046       40.1297
BFGS:    1 19:23:29        2.145381       14.2674
BFGS:    2 19:23:29       -0.975245       17.2330
BFGS:    3 19:23:29       -4.076702        3.0086
BFGS:    4 19:23:29       -4.484459        1.6600
BFGS:    5 19:23:29       -4.787232        0.8031
BFGS:    6 19:23:29       -4.863471        0.7055
BFGS:    7 19:23:29       -4.903624        0.6400
BFGS:    8 19:23:29       -4.940581        0.5347
BFGS:    9 19:23:29       -4.980151        0.5160
BFGS:   10 19:23:29       -5.020562        0.4952
BFGS:   11 19:23:29       -5.067577        0.5877
BFGS:   12 19:23:29       -5.081821        0.4863
BFGS:   13 19:23:29       -5.201521        0.5048
BFGS:   14 19:23:29       -5.355661        0.6187
BFGS:   15 19:23:29       -5.356774        0.4905
BFGS:   16 19:23:29       -5.386881        0.4626
BFGS:   17 19:23:29       -5.403098        0.4041
BFGS:   18 19:23:29       -5.421318        0.3609
BFGS:   19 19:23:29       -5.427665        0.3010
BFGS:   20 19:23:29       -5.432342        0.1835
BFGS:   21 19:23:29       -5.434319        0.1562
BFGS:   22 19:23:29       -5.438382        0.1816
BFGS:   23 19:23:29       -5.441547        0.1892
BFGS:   24 19:23:29       -5.444929        0.2353
BFGS:   25 19:23:29       -5.447877        0.2756
BFGS:   26 19:23:29       -5.451851        0.3015
BFGS:   27 19:23:29       -5.460181        0.3524
BFGS:   28 19:23:29       -5.484536        0.7573
BFGS:   29 19:23:29       -5.524703        1.2934
BFGS:   30 19:23:29       -5.560873        1.7207
BFGS:   31 19:23:29       -5.593307        1.9277
BFGS:   32 19:23:29       -5.653049        1.6762
BFGS:   33 19:23:29       -5.797671        1.1020
BFGS:   34 19:23:29       -5.875113        0.9760
BFGS:   35 19:23:29       -5.980287        0.8199
BFGS:   36 19:23:29       -6.024662        0.6124
BFGS:   37 19:23:29       -6.066187        0.4941
BFGS:   38 19:23:29       -6.087032        0.5049
BFGS:   39 19:23:29       -6.115222        0.4743
BFGS:   40 19:23:29       -6.155937        0.4913
BFGS:   41 19:23:29       -6.172164        0.3650
BFGS:   42 19:23:29       -6.186088        0.3824
BFGS:   43 19:23:29       -6.195272        0.3618
BFGS:   44 19:23:29       -6.202998        0.3298
BFGS:   45 19:23:29       -6.213325        0.3001
BFGS:   46 19:23:29       -6.227452        0.2902
BFGS:   47 19:23:29       -6.243408        0.2702
BFGS:   48 19:23:29       -6.251917        0.2736
BFGS:   49 19:23:29       -6.258382        0.2517
BFGS:   50 19:23:29       -6.265180        0.2623
BFGS:   51 19:23:29       -6.270209        0.1993
BFGS:   52 19:23:29       -6.274982        0.1482
BFGS:   53 19:23:29       -6.277770        0.1578
BFGS:   54 19:23:29       -6.279796        0.2072
BFGS:   55 19:23:29       -6.281674        0.2279
BFGS:   56 19:23:29       -6.285502        0.2378
BFGS:   57 19:23:29       -6.292114        0.2326
BFGS:   58 19:23:29       -6.302733        0.4002
BFGS:   59 19:23:29       -6.316302        0.5302
BFGS:   60 19:23:29       -6.337001        0.6432
BFGS:   61 19:23:29       -6.382150        0.7452
BFGS:   62 19:23:29       -6.432558        0.7821
BFGS:   63 19:23:29       -6.500819        1.1748
BFGS:   64 19:23:29       -6.404442        2.4938
BFGS:   65 19:23:29       -6.668686        0.6836
BFGS:   66 19:23:29       -6.766529        0.6477
BFGS:   67 19:23:29       -6.781728        1.3479
BFGS:   68 19:23:29       -6.843339        0.6006
BFGS:   69 19:23:29       -6.848542        0.5078
BFGS:   70 19:23:29       -6.864120        0.4840
BFGS:   71 19:23:29       -6.871390        0.3980
BFGS:   72 19:23:29       -6.880837        0.2843
BFGS:   73 19:23:29       -6.893771        0.1644
BFGS:   74 19:23:29       -6.902630        0.2184
BFGS:   75 19:23:29       -6.912045        0.2724
BFGS:   76 19:23:29       -6.922308        0.3495
BFGS:   77 19:23:29       -6.946143        0.4756
BFGS:   78 19:23:29       -6.968740        0.7294
BFGS:   79 19:23:29       -7.009242        0.4752
BFGS:   80 19:23:29       -7.061210        0.3848
BFGS:   81 19:23:29       -7.097811        0.3778
BFGS:   82 19:23:29       -7.105787        0.2053
BFGS:   83 19:23:29       -7.108933        0.2272
BFGS:   84 19:23:29       -7.113010        0.2355
BFGS:   85 19:23:29       -7.118652        0.2189
BFGS:   86 19:23:29       -7.126770        0.1269
BFGS:   87 19:23:29       -7.129525        0.0658
BFGS:   88 19:23:29       -7.130306        0.0477
      Step     Time          Energy         fmax
BFGS:    0 19:23:29       16.916056       43.5467
BFGS:    1 19:23:29        0.944318       12.1610
BFGS:    2 19:23:29       -2.517903        8.3919
BFGS:    3 19:23:29       -4.294787        2.8846
BFGS:    4 19:23:29       -4.775672        1.2924
BFGS:    5 19:23:29       -4.944936        0.6485
BFGS:    6 19:23:29       -4.991738        0.5046
BFGS:    7 19:23:29       -5.017774        0.5086
BFGS:    8 19:23:29       -5.049436        0.5857
BFGS:    9 19:23:29       -5.094788        0.6528
BFGS:   10 19:23:29       -5.139378        0.7659
BFGS:   11 19:23:29       -5.189332        0.8206
BFGS:   12 19:23:29       -5.234316        0.8070
BFGS:   13 19:23:29       -5.263916        0.7085
BFGS:   14 19:23:29       -5.479767        1.0511
BFGS:   15 19:23:29       -5.524991        1.3987
BFGS:   16 19:23:29       -5.581476        0.9294
BFGS:   17 19:23:29       -5.637744        0.6105
BFGS:   18 19:23:29       -5.773102        0.6128
BFGS:   19 19:23:29       -5.792814        0.5636
BFGS:   20 19:23:29       -5.811191        0.5060
BFGS:   21 19:23:29       -5.858362        0.4718
BFGS:   22 19:23:29       -5.883495        0.3764
BFGS:   23 19:23:29       -5.896457        0.3259
BFGS:   24 19:23:29       -5.902984        0.2904
BFGS:   25 19:23:29       -5.926868        0.4058
BFGS:   26 19:23:29       -5.949464        0.4863
BFGS:   27 19:23:29       -5.974030        0.4992
BFGS:   28 19:23:29       -5.983485        0.4523
BFGS:   29 19:23:29       -6.006472        0.3210
BFGS:   30 19:23:29       -6.026920        0.3462
BFGS:   31 19:23:29       -6.057673        0.5471
BFGS:   32 19:23:29       -6.095569        0.7818
BFGS:   33 19:23:29       -6.149073        1.0570
BFGS:   34 19:23:29       -6.212270        1.2694
BFGS:   35 19:23:29       -6.308378        1.2751
BFGS:   36 19:23:29       -6.439795        1.0863
BFGS:   37 19:23:29       -6.563300        1.0141
BFGS:   38 19:23:29       -6.618144        0.5022
BFGS:   39 19:23:29       -6.645368        0.3943
BFGS:   40 19:23:29       -6.672792        0.4196
BFGS:   41 19:23:29       -6.694535        0.4170
BFGS:   42 19:23:29       -6.722371        0.2552
BFGS:   43 19:23:29       -6.732022        0.1714
BFGS:   44 19:23:29       -6.737247        0.1211
BFGS:   45 19:23:29       -6.738663        0.1151
BFGS:   46 19:23:29       -6.740957        0.1345
BFGS:   47 19:23:29       -6.744066        0.1544
BFGS:   48 19:23:29       -6.748497        0.1740
BFGS:   49 19:23:29       -6.752879        0.1985
BFGS:   50 19:23:29       -6.757963        0.2107
BFGS:   51 19:23:29       -6.767820        0.3299
BFGS:   52 19:23:30       -6.798901        0.5784
BFGS:   53 19:23:30       -6.817626        0.9732
BFGS:   54 19:23:30       -6.924473        1.1402
BFGS:   55 19:23:30       -6.901538        1.8857
BFGS:   56 19:23:30       -6.996635        0.5526
BFGS:   57 19:23:30       -7.035908        0.2794
BFGS:   58 19:23:30       -7.054483        0.3790
BFGS:   59 19:23:30       -7.068661        0.4799
BFGS:   60 19:23:30       -7.084138        0.3858
BFGS:   61 19:23:30       -7.092771        0.1811
BFGS:   62 19:23:30       -7.095683        0.1110
BFGS:   63 19:23:30       -7.097871        0.1224
BFGS:   64 19:23:30       -7.100299        0.1396
BFGS:   65 19:23:30       -7.104250        0.1563
BFGS:   66 19:23:30       -7.109744        0.1592
BFGS:   67 19:23:30       -7.116642        0.1635
BFGS:   68 19:23:30       -7.122976        0.1501
BFGS:   69 19:23:30       -7.125995        0.1200
BFGS:   70 19:23:30       -7.127385        0.1241
BFGS:   71 19:23:30       -7.128909        0.1043
BFGS:   72 19:23:30       -7.130004        0.0682
BFGS:   73 19:23:30       -7.130724        0.0435
      Step     Time          Energy         fmax
BFGS:    0 19:23:30       15.969194       28.7851
BFGS:    1 19:23:30        1.995349       15.9110
BFGS:    2 19:23:30       -1.606782        6.1664
BFGS:    3 19:23:30       -3.004315        2.6948
BFGS:    4 19:23:30       -3.612114        1.4335
BFGS:    5 19:23:30       -3.814872        0.8136
BFGS:    6 19:23:30       -3.876009        0.5728
BFGS:    7 19:23:30       -3.908371        0.5093
BFGS:    8 19:23:30       -3.957295        0.5923
BFGS:    9 19:23:30       -4.060476        0.7748
BFGS:   10 19:23:30       -4.123656        0.9244
BFGS:   11 19:23:30       -4.203294        0.8187
BFGS:   12 19:23:30       -4.306054        0.6993
BFGS:   13 19:23:30       -4.369268        1.2550
BFGS:   14 19:23:30       -4.441185        1.3335
BFGS:   15 19:23:30       -4.467348        2.8699
BFGS:   16 19:23:30       -4.698054        0.8440
BFGS:   17 19:23:30       -4.856248        0.7608
BFGS:   18 19:23:30       -4.906250        1.5788
BFGS:   19 19:23:30       -4.972835        0.4075
BFGS:   20 19:23:30       -4.989246        0.4014
BFGS:   21 19:23:30       -5.031078        0.5602
BFGS:   22 19:23:30       -5.058575        0.5385
BFGS:   23 19:23:30       -5.118289        0.6090
BFGS:   24 19:23:30       -5.137820        0.5788
BFGS:   25 19:23:30       -5.210670        0.4953
BFGS:   26 19:23:30       -5.257215        0.6946
BFGS:   27 19:23:30       -5.282171        0.5335
BFGS:   28 19:23:30       -5.305483        0.5174
BFGS:   29 19:23:30       -5.363942        0.6998
BFGS:   30 19:23:30       -5.393574        0.3076
BFGS:   31 19:23:30       -5.403552        0.2970
BFGS:   32 19:23:30       -5.417039        0.3709
BFGS:   33 19:23:30       -5.430058        0.3108
BFGS:   34 19:23:30       -5.443308        0.1914
BFGS:   35 19:23:30       -5.445830        0.1579
BFGS:   36 19:23:30       -5.453371        0.1874
BFGS:   37 19:23:30       -5.457651        0.2768
BFGS:   38 19:23:30       -5.467198        0.4608
BFGS:   39 19:23:30       -5.492475        0.8199
BFGS:   40 19:23:30       -5.563080        1.6072
BFGS:   41 19:23:30       -5.775382        1.3809
BFGS:   42 19:23:30       -5.803056        2.3027
BFGS:   43 19:23:30       -5.935642        2.3358
BFGS:   44 19:23:30       -6.068354        0.8871
BFGS:   45 19:23:30       -6.114855        0.6793
BFGS:   46 19:23:30       -6.141089        0.5977
BFGS:   47 19:23:30       -6.162267        0.5016
BFGS:   48 19:23:30       -6.181874        0.4255
BFGS:   49 19:23:30       -6.197677        0.2714
BFGS:   50 19:23:30       -6.204266        0.1851
BFGS:   51 19:23:30       -6.207339        0.1340
BFGS:   52 19:23:30       -6.209143        0.1232
BFGS:   53 19:23:30       -6.210777        0.1251
BFGS:   54 19:23:30       -6.212616        0.1099
BFGS:   55 19:23:30       -6.214665        0.1237
BFGS:   56 19:23:30       -6.216340        0.1201
BFGS:   57 19:23:30       -6.217361        0.1061
BFGS:   58 19:23:30       -6.218249        0.1189
BFGS:   59 19:23:30       -6.219761        0.1397
BFGS:   60 19:23:30       -6.222201        0.1576
BFGS:   61 19:23:30       -6.225527        0.1936
BFGS:   62 19:23:30       -6.229219        0.1868
BFGS:   63 19:23:30       -6.232728        0.2522
BFGS:   64 19:23:30       -6.236683        0.3261
BFGS:   65 19:23:30       -6.250191        0.4852
BFGS:   66 19:23:30       -6.241683        0.6295
BFGS:   67 19:23:30       -6.349450        0.5183
BFGS:   68 19:23:30       -6.467204        0.5049
BFGS:   69 19:23:30       -6.478248        0.9266
BFGS:   70 19:23:30       -6.517158        0.5729
BFGS:   71 19:23:30       -6.532298        0.5542
BFGS:   72 19:23:30       -6.552446        0.5506
BFGS:   73 19:23:30       -6.588000        0.4964
BFGS:   74 19:23:30       -6.624020        0.5409
BFGS:   75 19:23:30       -6.644274        0.4863
BFGS:   76 19:23:30       -6.654558        0.3553
BFGS:   77 19:23:30       -6.661354        0.3019
BFGS:   78 19:23:30       -6.669022        0.2446
BFGS:   79 19:23:30       -6.674773        0.1944
BFGS:   80 19:23:30       -6.679501        0.1697
BFGS:   81 19:23:30       -6.682009        0.1333
BFGS:   82 19:23:30       -6.683227        0.0966
BFGS:   83 19:23:30       -6.684393        0.0840
BFGS:   84 19:23:30       -6.685632        0.0807
BFGS:   85 19:23:30       -6.686649        0.0755
BFGS:   86 19:23:30       -6.687329        0.0731
BFGS:   87 19:23:30       -6.687803        0.0664
BFGS:   88 19:23:30       -6.688301        0.0574
BFGS:   89 19:23:30       -6.688912        0.0600
BFGS:   90 19:23:30       -6.689551        0.0595
BFGS:   91 19:23:30       -6.690074        0.0655
BFGS:   92 19:23:30       -6.690476        0.0671
BFGS:   93 19:23:30       -6.690827        0.0660
BFGS:   94 19:23:30       -6.691304        0.0694
BFGS:   95 19:23:30       -6.692289        0.0756
BFGS:   96 19:23:30       -6.694305        0.1139
BFGS:   97 19:23:30       -6.697487        0.1569
BFGS:   98 19:23:30       -6.700422        0.2084
BFGS:   99 19:23:30       -6.704277        0.2622
BFGS:  100 19:23:30       -6.711903        0.3329
BFGS:  101 19:23:30       -6.725744        0.5674
BFGS:  102 19:23:30       -6.731251        0.8740
BFGS:  103 19:23:30       -6.761304        0.5069
BFGS:  104 19:23:30       -6.807598        0.5554
BFGS:  105 19:23:30       -6.881160        0.6226
BFGS:  106 19:23:30       -6.911750        0.8246
BFGS:  107 19:23:30       -6.922832        0.9523
BFGS:  108 19:23:30       -6.964225        0.5530
BFGS:  109 19:23:30       -6.985161        0.5368
BFGS:  110 19:23:30       -6.999914        0.6813
BFGS:  111 19:23:30       -7.010721        0.6291
BFGS:  112 19:23:30       -7.020616        0.5685
BFGS:  113 19:23:30       -7.032080        0.5574
BFGS:  114 19:23:30       -7.050530        0.4246
BFGS:  115 19:23:30       -7.068513        0.2749
BFGS:  116 19:23:30       -7.087546        0.2456
BFGS:  117 19:23:30       -7.112574        0.2487
BFGS:  118 19:23:30       -7.120449        0.2245
BFGS:  119 19:23:30       -7.124331        0.1457
BFGS:  120 19:23:30       -7.124641        0.1195
BFGS:  121 19:23:30       -7.124878        0.1307
BFGS:  122 19:23:30       -7.125195        0.1403
BFGS:  123 19:23:30       -7.125853        0.1479
BFGS:  124 19:23:30       -7.127125        0.1496
BFGS:  125 19:23:30       -7.128988        0.1218
BFGS:  126 19:23:30       -7.130563        0.0678
BFGS:  127 19:23:30       -7.131166        0.0249
      Step     Time          Energy         fmax
BFGS:    0 19:23:30       15.931738       40.3960
BFGS:    1 19:23:30        3.145600       30.2707
BFGS:    2 19:23:30       -1.529638        7.8180
BFGS:    3 19:23:30       -3.394448        4.6791
BFGS:    4 19:23:30       -4.356649        1.9639
BFGS:    5 19:23:30       -4.688442        0.8536
BFGS:    6 19:23:30       -4.785019        0.5992
BFGS:    7 19:23:30       -4.807969        0.4179
BFGS:    8 19:23:30       -4.821343        0.4486
BFGS:    9 19:23:30       -4.844491        0.4643
BFGS:   10 19:23:30       -4.876767        0.5753
BFGS:   11 19:23:30       -4.915550        0.9405
BFGS:   12 19:23:30       -4.945670        0.9200
BFGS:   13 19:23:30       -4.986788        0.7052
BFGS:   14 19:23:30       -5.071857        1.0829
BFGS:   15 19:23:30       -5.141684        0.5565
BFGS:   16 19:23:30       -5.183083        0.5974
BFGS:   17 19:23:30       -5.215128        0.4683
BFGS:   18 19:23:30       -5.231635        0.3827
BFGS:   19 19:23:30       -5.247719        0.4555
BFGS:   20 19:23:30       -5.259218        0.4849
BFGS:   21 19:23:30       -5.267566        0.4003
BFGS:   22 19:23:30       -5.272747        0.2629
BFGS:   23 19:23:30       -5.278665        0.1588
BFGS:   24 19:23:30       -5.283914        0.1381
BFGS:   25 19:23:30       -5.287020        0.1567
BFGS:   26 19:23:30       -5.289059        0.1573
BFGS:   27 19:23:30       -5.291737        0.1449
BFGS:   28 19:23:30       -5.294839        0.1334
BFGS:   29 19:23:30       -5.296863        0.1158
BFGS:   30 19:23:30       -5.297639        0.0903
BFGS:   31 19:23:30       -5.298167        0.0904
BFGS:   32 19:23:30       -5.299050        0.0865
BFGS:   33 19:23:30       -5.300725        0.1176
BFGS:   34 19:23:30       -5.303459        0.2502
BFGS:   35 19:23:30       -5.307146        0.3632
BFGS:   36 19:23:30       -5.311437        0.4132
BFGS:   37 19:23:30       -5.317738        0.4202
BFGS:   38 19:23:30       -5.332831        0.5274
BFGS:   39 19:23:30       -5.349373        0.7285
BFGS:   40 19:23:30       -5.368511        0.9751
BFGS:   41 19:23:30       -5.406580        0.8615
BFGS:   42 19:23:30       -5.513054        0.8310
BFGS:   43 19:23:30       -5.531372        1.7109
BFGS:   44 19:23:30       -5.598530        0.6002
BFGS:   45 19:23:30       -5.632985        0.6215
BFGS:   46 19:23:30       -5.654958        0.6369
BFGS:   47 19:23:30       -5.669873        0.5565
BFGS:   48 19:23:30       -5.682096        0.6010
BFGS:   49 19:23:30       -5.692643        0.4845
BFGS:   50 19:23:30       -5.701358        0.3810
BFGS:   51 19:23:30       -5.705453        0.2704
BFGS:   52 19:23:30       -5.709253        0.1758
BFGS:   53 19:23:30       -5.712133        0.1352
BFGS:   54 19:23:30       -5.714341        0.1154
BFGS:   55 19:23:30       -5.716146        0.0667
BFGS:   56 19:23:30       -5.717017        0.0386
      Step     Time          Energy         fmax
BFGS:    0 19:23:30       15.623746       32.1974
BFGS:    1 19:23:30        2.411098       16.3732
BFGS:    2 19:23:30       -0.842484       10.9004
BFGS:    3 19:23:30       -3.020705        2.6631
BFGS:    4 19:23:30       -3.576546        1.6079
BFGS:    5 19:23:30       -3.886353        0.6537
BFGS:    6 19:23:30       -3.966190        0.6302
BFGS:    7 19:23:30       -4.005149        0.6898
BFGS:    8 19:23:30       -4.052362        0.7620
BFGS:    9 19:23:30       -4.155727        0.8310
BFGS:   10 19:23:30       -4.286285        0.7298
BFGS:   11 19:23:30       -4.340313        0.7134
BFGS:   12 19:23:30       -4.506794        1.0034
BFGS:   13 19:23:30       -4.559306        1.3221
BFGS:   14 19:23:30       -4.629802        1.0533
BFGS:   15 19:23:30       -4.730183        2.9760
BFGS:   16 19:23:30       -4.858932        0.8001
BFGS:   17 19:23:30       -4.917225        0.7794
BFGS:   18 19:23:30       -4.898407        2.0029
BFGS:   19 19:23:30       -5.032449        0.7132
BFGS:   20 19:23:30       -5.075976        0.5492
BFGS:   21 19:23:30       -5.118788        0.5755
BFGS:   22 19:23:30       -5.141079        0.2765
BFGS:   23 19:23:30       -5.152284        0.2630
BFGS:   24 19:23:30       -5.166385        0.3151
BFGS:   25 19:23:30       -5.173521        0.3129
BFGS:   26 19:23:30       -5.185931        0.2968
BFGS:   27 19:23:30       -5.200189        0.3558
BFGS:   28 19:23:30       -5.225041        0.5630
BFGS:   29 19:23:30       -5.273800        1.1541
BFGS:   30 19:23:30       -5.334486        1.9268
BFGS:   31 19:23:30       -5.374131        2.3269
BFGS:   32 19:23:30       -5.489097        1.6106
BFGS:   33 19:23:30       -5.628314        0.7179
BFGS:   34 19:23:30       -5.683617        0.5993
BFGS:   35 19:23:30       -5.722508        0.5343
BFGS:   36 19:23:30       -5.747108        0.5346
BFGS:   37 19:23:30       -5.772449        0.5837
BFGS:   38 19:23:30       -5.802146        0.4602
BFGS:   39 19:23:30       -5.821938        0.3566
BFGS:   40 19:23:30       -5.835193        0.3494
BFGS:   41 19:23:30       -5.847560        0.2839
BFGS:   42 19:23:30       -5.855829        0.2549
BFGS:   43 19:23:30       -5.863040        0.2690
BFGS:   44 19:23:30       -5.871000        0.2927
BFGS:   45 19:23:30       -5.877013        0.2508
BFGS:   46 19:23:30       -5.880254        0.2044
BFGS:   47 19:23:30       -5.885957        0.2226
BFGS:   48 19:23:30       -5.893891        0.2816
BFGS:   49 19:23:30       -5.902193        0.3223
BFGS:   50 19:23:30       -5.909257        0.3245
BFGS:   51 19:23:30       -5.920011        0.3434
BFGS:   52 19:23:30       -5.968265        0.5171
BFGS:   53 19:23:30       -6.078952        0.6337
BFGS:   54 19:23:30       -6.023325        1.4646
BFGS:   55 19:23:30       -6.118979        0.6448
BFGS:   56 19:23:30       -6.134899        0.6560
BFGS:   57 19:23:30       -6.160102        0.9539
BFGS:   58 19:23:30       -6.205639        0.6744
BFGS:   59 19:23:30       -6.285307        0.6836
BFGS:   60 19:23:30       -6.350544        0.7634
BFGS:   61 19:23:30       -6.407133        0.5138
BFGS:   62 19:23:30       -6.463314        0.3912
BFGS:   63 19:23:30       -6.499461        0.2763
BFGS:   64 19:23:30       -6.509480        0.2479
BFGS:   65 19:23:30       -6.515279        0.1962
BFGS:   66 19:23:30       -6.521210        0.1525
BFGS:   67 19:23:30       -6.524299        0.1098
BFGS:   68 19:23:30       -6.525517        0.1001
BFGS:   69 19:23:30       -6.526973        0.1229
BFGS:   70 19:23:30       -6.528538        0.1352
BFGS:   71 19:23:30       -6.531505        0.1338
BFGS:   72 19:23:30       -6.534806        0.1021
BFGS:   73 19:23:30       -6.537291        0.1027
BFGS:   74 19:23:30       -6.538765        0.1139
BFGS:   75 19:23:30       -6.539926        0.1111
BFGS:   76 19:23:30       -6.541805        0.1223
BFGS:   77 19:23:30       -6.548210        0.1727
BFGS:   78 19:23:30       -6.573487        0.3612
BFGS:   79 19:23:30       -6.626901        0.7183
BFGS:   80 19:23:30       -6.720301        1.0454
BFGS:   81 19:23:30       -6.917823        0.6288
BFGS:   82 19:23:30       -7.081655        0.7283
BFGS:   83 19:23:30       -7.171960        0.9626
BFGS:   84 19:23:30       -7.233008        0.8854
BFGS:   85 19:23:30       -7.334629        1.3847
BFGS:   86 19:23:30       -7.426059        0.8852
BFGS:   87 19:23:30       -7.496803        0.5329
BFGS:   88 19:23:30       -7.527068        0.5071
BFGS:   89 19:23:30       -7.562032        0.2486
BFGS:   90 19:23:30       -7.569230        0.1985
BFGS:   91 19:23:30       -7.577172        0.1481
BFGS:   92 19:23:30       -7.579050        0.1053
BFGS:   93 19:23:30       -7.580059        0.0787
BFGS:   94 19:23:31       -7.580315        0.0708
BFGS:   95 19:23:31       -7.580692        0.0442
      Step     Time          Energy         fmax
BFGS:    0 19:23:31       15.694205       38.6266
BFGS:    1 19:23:31        0.189932        9.5437
BFGS:    2 19:23:31       -2.330267        6.4321
BFGS:    3 19:23:31       -3.879843        2.9465
BFGS:    4 19:23:31       -4.351154        1.5119
BFGS:    5 19:23:31       -4.514528        0.7550
BFGS:    6 19:23:31       -4.557015        0.4576
BFGS:    7 19:23:31       -4.580234        0.5394
BFGS:    8 19:23:31       -4.618134        0.6312
BFGS:    9 19:23:31       -4.686151        0.7971
BFGS:   10 19:23:31       -4.737261        0.9604
BFGS:   11 19:23:31       -4.846571        1.0908
BFGS:   12 19:23:31       -4.891370        0.9131
BFGS:   13 19:23:31       -4.934772        0.6771
BFGS:   14 19:23:31       -4.953569        0.5078
BFGS:   15 19:23:31       -4.974428        0.1622
BFGS:   16 19:23:31       -4.975860        0.1618
BFGS:   17 19:23:31       -4.982202        0.1724
BFGS:   18 19:23:31       -4.997712        0.3357
BFGS:   19 19:23:31       -5.021002        0.5191
BFGS:   20 19:23:31       -5.067776        0.8783
BFGS:   21 19:23:31       -5.136453        1.2876
BFGS:   22 19:23:31       -5.266682        1.5881
BFGS:   23 19:23:31       -5.341651        1.1676
BFGS:   24 19:23:31       -5.374066        1.4486
BFGS:   25 19:23:31       -5.423982        1.3726
BFGS:   26 19:23:31       -5.700053        0.7652
BFGS:   27 19:23:31       -5.751251        0.5082
BFGS:   28 19:23:31       -5.771685        0.4384
BFGS:   29 19:23:31       -5.789557        0.4045
BFGS:   30 19:23:31       -5.826249        0.3316
BFGS:   31 19:23:31       -5.850299        0.2794
BFGS:   32 19:23:31       -5.859609        0.2442
BFGS:   33 19:23:31       -5.867413        0.2449
BFGS:   34 19:23:31       -5.871131        0.2230
BFGS:   35 19:23:31       -5.876860        0.2148
BFGS:   36 19:23:31       -5.883286        0.2412
BFGS:   37 19:23:31       -5.891059        0.2271
BFGS:   38 19:23:31       -5.897118        0.1950
BFGS:   39 19:23:31       -5.901050        0.1761
BFGS:   40 19:23:31       -5.903386        0.1698
BFGS:   41 19:23:31       -5.907704        0.1759
BFGS:   42 19:23:31       -5.916330        0.2738
BFGS:   43 19:23:31       -5.929640        0.3794
BFGS:   44 19:23:31       -5.944913        0.3967
BFGS:   45 19:23:31       -5.970361        0.5210
BFGS:   46 19:23:31       -6.020923        0.7306
BFGS:   47 19:23:31       -6.132459        0.8145
BFGS:   48 19:23:31       -6.055373        1.1884
BFGS:   49 19:23:31       -6.186498        0.6063
BFGS:   50 19:23:31       -6.209852        0.5109
BFGS:   51 19:23:31       -6.263022        0.5968
BFGS:   52 19:23:31       -6.303306        0.6469
BFGS:   53 19:23:31       -6.356853        0.5052
BFGS:   54 19:23:31       -6.376020        0.3443
BFGS:   55 19:23:31       -6.386611        0.2348
BFGS:   56 19:23:31       -6.392277        0.2403
BFGS:   57 19:23:31       -6.397293        0.2232
BFGS:   58 19:23:31       -6.405930        0.1582
BFGS:   59 19:23:31       -6.408417        0.1196
BFGS:   60 19:23:31       -6.410025        0.1372
BFGS:   61 19:23:31       -6.412122        0.1486
BFGS:   62 19:23:31       -6.416684        0.1686
BFGS:   63 19:23:31       -6.424931        0.2445
BFGS:   64 19:23:31       -6.438274        0.4514
BFGS:   65 19:23:31       -6.451103        0.9022
BFGS:   66 19:23:31       -6.474523        0.7198
BFGS:   67 19:23:31       -6.581406        0.5031
BFGS:   68 19:23:31       -6.591727        1.4685
BFGS:   69 19:23:31       -6.556650        1.3000
BFGS:   70 19:23:31       -6.653285        0.4112
BFGS:   71 19:23:31       -6.693732        0.1635
BFGS:   72 19:23:31       -6.698601        0.1903
BFGS:   73 19:23:31       -6.701176        0.1254
BFGS:   74 19:23:31       -6.702443        0.1080
BFGS:   75 19:23:31       -6.706766        0.1024
BFGS:   76 19:23:31       -6.708199        0.0898
BFGS:   77 19:23:31       -6.710272        0.0683
BFGS:   78 19:23:31       -6.711234        0.0521
BFGS:   79 19:23:31       -6.711782        0.0473
      Step     Time          Energy         fmax
BFGS:    0 19:23:31       16.026443       37.7701
BFGS:    1 19:23:31        1.235009       14.7412
BFGS:    2 19:23:31       -1.846807       10.2035
BFGS:    3 19:23:31       -3.720699        3.7390
BFGS:    4 19:23:31       -4.324587        1.7756
BFGS:    5 19:23:31       -4.598198        0.7252
BFGS:    6 19:23:31       -4.664891        0.3451
BFGS:    7 19:23:31       -4.681276        0.3456
BFGS:    8 19:23:31       -4.690367        0.3283
BFGS:    9 19:23:31       -4.701548        0.2509
BFGS:   10 19:23:31       -4.709626        0.2089
BFGS:   11 19:23:31       -4.713739        0.1785
BFGS:   12 19:23:31       -4.717081        0.1882
BFGS:   13 19:23:31       -4.720871        0.1894
BFGS:   14 19:23:31       -4.730290        0.2790
BFGS:   15 19:23:31       -4.750891        0.4659
BFGS:   16 19:23:31       -4.819978        0.9735
BFGS:   17 19:23:31       -4.873170        1.7125
BFGS:   18 19:23:31       -4.933555        0.8470
BFGS:   19 19:23:31       -5.079909        0.5427
BFGS:   20 19:23:31       -5.228418        0.9515
BFGS:   21 19:23:31       -5.308656        1.5114
BFGS:   22 19:23:31       -5.388684        0.8925
BFGS:   23 19:23:31       -5.493049        0.8414
BFGS:   24 19:23:31       -5.549787        0.9276
BFGS:   25 19:23:31       -5.668493        1.4988
BFGS:   26 19:23:31       -5.712079        0.9153
BFGS:   27 19:23:31       -5.771123        0.6793
BFGS:   28 19:23:31       -5.817727        0.6536
BFGS:   29 19:23:31       -5.854679        0.5926
BFGS:   30 19:23:31       -5.886480        0.4723
BFGS:   31 19:23:31       -5.907617        0.4275
BFGS:   32 19:23:31       -5.927194        0.2783
BFGS:   33 19:23:31       -5.932601        0.2754
BFGS:   34 19:23:31       -5.939859        0.1973
BFGS:   35 19:23:31       -5.943894        0.1528
BFGS:   36 19:23:31       -5.949016        0.1808
BFGS:   37 19:23:31       -5.953136        0.2148
BFGS:   38 19:23:31       -5.957983        0.2262
BFGS:   39 19:23:31       -5.965242        0.3441
BFGS:   40 19:23:31       -5.983744        0.5684
BFGS:   41 19:23:31       -6.043543        0.9015
BFGS:   42 19:23:31       -5.974319        1.8640
BFGS:   43 19:23:31       -6.224082        1.3148
BFGS:   44 19:23:31       -6.308773        1.0048
BFGS:   45 19:23:31       -6.394117        0.8772
BFGS:   46 19:23:31       -6.440540        0.8569
BFGS:   47 19:23:31       -6.528407        1.6856
BFGS:   48 19:23:31       -6.617568        0.7969
BFGS:   49 19:23:31       -6.728643        0.7231
BFGS:   50 19:23:31       -6.963817        0.5751
BFGS:   51 19:23:31       -6.976689        1.7367
BFGS:   52 19:23:31       -7.062012        0.5310
BFGS:   53 19:23:31       -7.085198        0.5293
BFGS:   54 19:23:31       -7.138208        0.6450
BFGS:   55 19:23:31       -7.183079        0.7970
BFGS:   56 19:23:31       -7.252472        1.0075
BFGS:   57 19:23:31       -7.305802        0.5837
BFGS:   58 19:23:31       -7.354739        0.5948
BFGS:   59 19:23:31       -7.425552        0.6162
BFGS:   60 19:23:31       -7.470901        0.6597
BFGS:   61 19:23:31       -7.506172        0.6281
BFGS:   62 19:23:31       -7.529809        0.3920
BFGS:   63 19:23:31       -7.543237        0.3395
BFGS:   64 19:23:31       -7.564367        0.2971
BFGS:   65 19:23:31       -7.568813        0.2231
BFGS:   66 19:23:31       -7.573013        0.1567
BFGS:   67 19:23:31       -7.575371        0.1163
BFGS:   68 19:23:31       -7.577982        0.1073
BFGS:   69 19:23:31       -7.579435        0.0802
BFGS:   70 19:23:31       -7.580002        0.0651
BFGS:   71 19:23:31       -7.580406        0.0561
BFGS:   72 19:23:31       -7.580695        0.0383
      Step     Time          Energy         fmax
BFGS:    0 19:23:31       17.321362       40.4825
BFGS:    1 19:23:31        0.233181       12.1566
BFGS:    2 19:23:31       -2.681074        8.6995
BFGS:    3 19:23:31       -4.532616        2.5201
BFGS:    4 19:23:31       -4.954155        1.2828
BFGS:    5 19:23:31       -5.130013        0.5580
BFGS:    6 19:23:31       -5.170342        0.5254
BFGS:    7 19:23:31       -5.194300        0.5437
BFGS:    8 19:23:31       -5.232156        0.5360
BFGS:    9 19:23:31       -5.300069        0.6144
BFGS:   10 19:23:31       -5.372996        0.8937
BFGS:   11 19:23:31       -5.420260        0.9833
BFGS:   12 19:23:31       -5.567752        1.3942
BFGS:   13 19:23:31       -5.641549        0.8746
BFGS:   14 19:23:31       -5.736154        0.5287
BFGS:   15 19:23:31       -5.897632        1.4075
BFGS:   16 19:23:31       -5.988808        1.3355
BFGS:   17 19:23:31       -6.112770        1.2662
BFGS:   18 19:23:31       -6.219147        0.8868
BFGS:   19 19:23:31       -6.375915        0.7566
BFGS:   20 19:23:31       -6.413130        0.8484
BFGS:   21 19:23:31       -6.452608        0.6151
BFGS:   22 19:23:31       -6.494989        0.7708
BFGS:   23 19:23:31       -6.556392        0.9504
BFGS:   24 19:23:31       -6.662890        1.1982
BFGS:   25 19:23:31       -6.721843        0.7393
BFGS:   26 19:23:31       -6.752551        0.4281
BFGS:   27 19:23:31       -6.771357        0.3557
BFGS:   28 19:23:31       -6.794050        0.5214
BFGS:   29 19:23:31       -6.819902        0.5915
BFGS:   30 19:23:31       -6.860324        0.6196
BFGS:   31 19:23:31       -6.915492        0.7264
BFGS:   32 19:23:31       -6.941797        0.4955
BFGS:   33 19:23:31       -6.960788        0.4347
BFGS:   34 19:23:31       -7.007601        0.8196
BFGS:   35 19:23:31       -7.026782        0.2995
BFGS:   36 19:23:31       -7.035638        0.2967
BFGS:   37 19:23:31       -7.067546        0.4039
BFGS:   38 19:23:31       -7.109344        0.5400
BFGS:   39 19:23:31       -7.194755        0.7805
BFGS:   40 19:23:31       -7.224305        0.8978
BFGS:   41 19:23:31       -7.318536        0.7986
BFGS:   42 19:23:31       -7.370874        0.7753
BFGS:   43 19:23:31       -7.423816        0.6803
BFGS:   44 19:23:31       -7.488344        0.6533
BFGS:   45 19:23:31       -7.525650        0.4500
BFGS:   46 19:23:31       -7.552384        0.3336
BFGS:   47 19:23:31       -7.561048        0.3139
BFGS:   48 19:23:31       -7.567091        0.2359
BFGS:   49 19:23:31       -7.573146        0.1685
BFGS:   50 19:23:31       -7.576911        0.0990
BFGS:   51 19:23:31       -7.578156        0.0844
BFGS:   52 19:23:31       -7.578784        0.0865
BFGS:   53 19:23:31       -7.579535        0.0916
BFGS:   54 19:23:31       -7.580268        0.0728
BFGS:   55 19:23:31       -7.580718        0.0366
      Step     Time          Energy         fmax
BFGS:    0 19:23:31       16.104257       30.2613
BFGS:    1 19:23:31        2.690932       12.4325
BFGS:    2 19:23:31       -0.610521        8.3378
BFGS:    3 19:23:31       -2.519944        3.4293
BFGS:    4 19:23:31       -3.145686        1.5883
BFGS:    5 19:23:31       -3.392073        0.6238
BFGS:    6 19:23:31       -3.452541        0.3835
BFGS:    7 19:23:31       -3.467509        0.3603
BFGS:    8 19:23:31       -3.477580        0.3890
BFGS:    9 19:23:31       -3.500412        0.4536
BFGS:   10 19:23:31       -3.557238        0.5997
BFGS:   11 19:23:31       -3.672531        0.8489
BFGS:   12 19:23:31       -3.787521        0.9304
BFGS:   13 19:23:31       -3.787376        0.8431
BFGS:   14 19:23:31       -3.863580        1.0022
BFGS:   15 19:23:31       -3.919433        1.1003
BFGS:   16 19:23:31       -4.179754        1.6980
BFGS:   17 19:23:31       -4.274655        1.3291
BFGS:   18 19:23:31       -4.346344        1.0700
BFGS:   19 19:23:31       -4.413778        0.4338
BFGS:   20 19:23:31       -4.430402        0.4116
BFGS:   21 19:23:31       -4.455334        0.4300
BFGS:   22 19:23:31       -4.494180        0.6687
BFGS:   23 19:23:31       -4.566792        1.0595
BFGS:   24 19:23:31       -4.662361        1.3499
BFGS:   25 19:23:31       -4.728770        0.9561
BFGS:   26 19:23:31       -4.805833        0.7522
BFGS:   27 19:23:31       -4.846191        0.9679
BFGS:   28 19:23:31       -4.873765        0.5104
BFGS:   29 19:23:31       -4.904016        0.4519
BFGS:   30 19:23:31       -4.937472        0.3921
BFGS:   31 19:23:31       -4.955698        0.3833
BFGS:   32 19:23:31       -4.969197        0.5170
BFGS:   33 19:23:31       -4.985884        0.6512
BFGS:   34 19:23:31       -5.033649        0.9406
BFGS:   35 19:23:31       -5.073279        1.1859
BFGS:   36 19:23:31       -5.122883        0.7343
BFGS:   37 19:23:31       -5.183209        0.5051
BFGS:   38 19:23:31       -5.238050        0.6220
BFGS:   39 19:23:31       -5.251527        0.6146
BFGS:   40 19:23:31       -5.291218        0.6764
BFGS:   41 19:23:31       -5.412723        1.2523
BFGS:   42 19:23:31       -5.537016        1.4445
BFGS:   43 19:23:31       -5.495707        1.9003
BFGS:   44 19:23:31       -5.615382        0.8137
BFGS:   45 19:23:31       -5.662024        0.7781
BFGS:   46 19:23:31       -5.706665        0.7351
BFGS:   47 19:23:31       -5.749996        0.6523
BFGS:   48 19:23:31       -5.796021        0.5023
BFGS:   49 19:23:31       -5.830950        0.4006
BFGS:   50 19:23:31       -5.849675        0.4484
BFGS:   51 19:23:31       -5.878699        0.4870
BFGS:   52 19:23:31       -5.897881        0.4306
BFGS:   53 19:23:31       -5.914205        0.2948
BFGS:   54 19:23:31       -5.930014        0.2294
BFGS:   55 19:23:31       -5.936176        0.1715
BFGS:   56 19:23:31       -5.944629        0.1830
BFGS:   57 19:23:31       -5.946425        0.1869
BFGS:   58 19:23:31       -5.949564        0.1704
BFGS:   59 19:23:31       -5.952468        0.1498
BFGS:   60 19:23:31       -5.957760        0.2064
BFGS:   61 19:23:31       -5.967157        0.3142
BFGS:   62 19:23:31       -5.981338        0.4530
BFGS:   63 19:23:31       -6.001694        0.6273
BFGS:   64 19:23:31       -6.047076        1.0434
BFGS:   65 19:23:31       -6.093081        1.3569
BFGS:   66 19:23:31       -6.184162        1.3191
BFGS:   67 19:23:31       -6.400022        1.1269
BFGS:   68 19:23:31       -6.429033        2.1462
BFGS:   69 19:23:31       -6.539332        0.8426
BFGS:   70 19:23:31       -6.581829        0.6854
BFGS:   71 19:23:31       -6.639064        0.6680
BFGS:   72 19:23:31       -6.721002        1.5234
BFGS:   73 19:23:31       -6.845885        0.8403
BFGS:   74 19:23:31       -6.896390        0.8148
BFGS:   75 19:23:31       -6.930026        0.5536
BFGS:   76 19:23:31       -6.955512        0.3640
BFGS:   77 19:23:31       -6.984143        0.3435
BFGS:   78 19:23:31       -6.994698        0.2958
BFGS:   79 19:23:31       -7.022634        0.3101
BFGS:   80 19:23:31       -7.052259        0.3991
BFGS:   81 19:23:31       -7.081974        0.3333
BFGS:   82 19:23:31       -7.108191        0.2962
BFGS:   83 19:23:31       -7.120857        0.2735
BFGS:   84 19:23:31       -7.127419        0.2840
BFGS:   85 19:23:31       -7.140214        0.2403
BFGS:   86 19:23:31       -7.150084        0.2273
BFGS:   87 19:23:31       -7.155335        0.1460
BFGS:   88 19:23:31       -7.158079        0.0792
BFGS:   89 19:23:31       -7.158723        0.0499
      Step     Time          Energy         fmax
BFGS:    0 19:23:31       15.800093       38.2824
BFGS:    1 19:23:31       -0.053937       16.7272
BFGS:    2 19:23:31       -2.510461        9.1834
BFGS:    3 19:23:31       -3.920265        3.3537
BFGS:    4 19:23:31       -4.418035        1.9260
BFGS:    5 19:23:31       -4.745497        0.8844
BFGS:    6 19:23:31       -4.848103        0.7390
BFGS:    7 19:23:31       -4.909730        0.7150
BFGS:    8 19:23:31       -4.972788        0.7119
BFGS:    9 19:23:31       -5.041530        0.9832
BFGS:   10 19:23:31       -5.131982        1.1894
BFGS:   11 19:23:31       -5.216415        2.0781
BFGS:   12 19:23:31       -5.305484        0.7819
BFGS:   13 19:23:31       -5.369683        0.7954
BFGS:   14 19:23:31       -5.587070        1.6791
BFGS:   15 19:23:31       -5.639464        0.6626
BFGS:   16 19:23:31       -5.688724        0.7631
BFGS:   17 19:23:31       -5.822307        1.5317
BFGS:   18 19:23:31       -5.912532        0.9922
BFGS:   19 19:23:31       -6.031663        0.7640
BFGS:   20 19:23:31       -6.086807        0.6929
BFGS:   21 19:23:31       -6.119592        0.7936
BFGS:   22 19:23:31       -6.138832        0.6655
BFGS:   23 19:23:31       -6.167502        0.2601
BFGS:   24 19:23:31       -6.174252        0.2116
BFGS:   25 19:23:31       -6.180613        0.1322
BFGS:   26 19:23:31       -6.182069        0.1321
BFGS:   27 19:23:31       -6.187418        0.1504
BFGS:   28 19:23:31       -6.191332        0.1266
BFGS:   29 19:23:31       -6.193524        0.0877
BFGS:   30 19:23:31       -6.194215        0.0966
BFGS:   31 19:23:31       -6.194830        0.1034
BFGS:   32 19:23:31       -6.195650        0.0869
BFGS:   33 19:23:31       -6.196412        0.0607
BFGS:   34 19:23:31       -6.196860        0.0575
BFGS:   35 19:23:31       -6.197099        0.0538
BFGS:   36 19:23:31       -6.197343        0.0434
      Step     Time          Energy         fmax
BFGS:    0 19:23:31       14.910416       35.8458
BFGS:    1 19:23:31        2.519636       13.6268
BFGS:    2 19:23:32       -0.769287       13.1977
BFGS:    3 19:23:32       -3.445058        3.6612
BFGS:    4 19:23:32       -4.058028        1.9056
BFGS:    5 19:23:32       -4.390334        0.9197
BFGS:    6 19:23:32       -4.496878        0.5045
BFGS:    7 19:23:32       -4.532385        0.4844
BFGS:    8 19:23:32       -4.556599        0.5454
BFGS:    9 19:23:32       -4.599810        0.6524
BFGS:   10 19:23:32       -4.675174        0.7839
BFGS:   11 19:23:32       -4.743432        0.8441
BFGS:   12 19:23:32       -4.834292        0.7375
BFGS:   13 19:23:32       -4.877078        0.9036
BFGS:   14 19:23:32       -4.926873        0.8041
BFGS:   15 19:23:32       -4.946093        0.7554
BFGS:   16 19:23:32       -4.959846        1.2905
BFGS:   17 19:23:32       -5.013472        0.3337
BFGS:   18 19:23:32       -5.033203        0.1821
BFGS:   19 19:23:32       -5.038586        0.1980
BFGS:   20 19:23:32       -5.040285        0.1733
BFGS:   21 19:23:32       -5.043559        0.1469
BFGS:   22 19:23:32       -5.051296        0.2101
BFGS:   23 19:23:32       -5.057202        0.2678
BFGS:   24 19:23:32       -5.064377        0.3673
BFGS:   25 19:23:32       -5.075360        0.4875
BFGS:   26 19:23:32       -5.099995        0.6352
BFGS:   27 19:23:32       -5.137325        0.9505
BFGS:   28 19:23:32       -5.160229        0.9360
BFGS:   29 19:23:32       -5.272849        0.5828
BFGS:   30 19:23:32       -5.305231        0.4933
BFGS:   31 19:23:32       -5.327043        0.6279
BFGS:   32 19:23:32       -5.342056        0.6141
BFGS:   33 19:23:32       -5.405218        0.5182
BFGS:   34 19:23:32       -5.427335        0.3620
BFGS:   35 19:23:32       -5.446650        0.3001
BFGS:   36 19:23:32       -5.454333        0.3117
BFGS:   37 19:23:32       -5.460637        0.3034
BFGS:   38 19:23:32       -5.466714        0.2308
BFGS:   39 19:23:32       -5.478223        0.3424
BFGS:   40 19:23:32       -5.490094        0.4353
BFGS:   41 19:23:32       -5.508105        0.5758
BFGS:   42 19:23:32       -5.541342        0.8349
BFGS:   43 19:23:32       -5.589132        0.9874
BFGS:   44 19:23:32       -5.640081        0.9910
BFGS:   45 19:23:32       -5.699989        0.9154
BFGS:   46 19:23:32       -5.789229        0.8944
BFGS:   47 19:23:32       -5.918211        0.9744
BFGS:   48 19:23:32       -6.168141        0.7627
BFGS:   49 19:23:32       -6.319606        1.5805
BFGS:   50 19:23:32       -6.406246        1.2267
BFGS:   51 19:23:32       -6.484686        0.7191
BFGS:   52 19:23:32       -6.522518        0.6433
BFGS:   53 19:23:32       -6.575719        0.8330
BFGS:   54 19:23:32       -6.543933        1.2950
BFGS:   55 19:23:32       -6.626723        0.6410
BFGS:   56 19:23:32       -6.652393        0.6562
BFGS:   57 19:23:32       -6.678713        0.3029
BFGS:   58 19:23:32       -6.685933        0.2908
BFGS:   59 19:23:32       -6.691676        0.1614
BFGS:   60 19:23:32       -6.694420        0.1397
BFGS:   61 19:23:32       -6.696344        0.1248
BFGS:   62 19:23:32       -6.698762        0.1011
BFGS:   63 19:23:32       -6.700380        0.0883
BFGS:   64 19:23:32       -6.701745        0.0714
BFGS:   65 19:23:32       -6.703002        0.0838
BFGS:   66 19:23:32       -6.704090        0.1151
BFGS:   67 19:23:32       -6.704905        0.1280
BFGS:   68 19:23:32       -6.705797        0.1285
BFGS:   69 19:23:32       -6.707238        0.1260
BFGS:   70 19:23:32       -6.709750        0.1409
BFGS:   71 19:23:32       -6.714460        0.2027
BFGS:   72 19:23:32       -6.726776        0.3203
BFGS:   73 19:23:32       -6.746020        0.3845
BFGS:   74 19:23:32       -6.752937        0.5141
BFGS:   75 19:23:32       -6.757652        0.4054
BFGS:   76 19:23:32       -6.761564        0.4162
BFGS:   77 19:23:32       -6.769283        0.4101
BFGS:   78 19:23:32       -6.775747        0.4781
BFGS:   79 19:23:32       -6.787562        0.5916
BFGS:   80 19:23:32       -6.800558        0.6909
BFGS:   81 19:23:32       -6.817811        0.7958
BFGS:   82 19:23:32       -6.836709        0.8645
BFGS:   83 19:23:32       -6.857932        0.8690
BFGS:   84 19:23:32       -6.881722        0.7915
BFGS:   85 19:23:32       -6.917952        0.6030
BFGS:   86 19:23:32       -6.936197        0.4799
BFGS:   87 19:23:32       -6.977537        0.8860
BFGS:   88 19:23:32       -7.040037        0.5400
BFGS:   89 19:23:32       -7.064950        0.4511
BFGS:   90 19:23:32       -7.095775        0.2881
BFGS:   91 19:23:32       -7.105967        0.2606
BFGS:   92 19:23:32       -7.116886        0.2623
BFGS:   93 19:23:32       -7.121533        0.2393
BFGS:   94 19:23:32       -7.125572        0.1637
BFGS:   95 19:23:32       -7.127804        0.1275
BFGS:   96 19:23:32       -7.129558        0.0860
BFGS:   97 19:23:32       -7.130219        0.0696
BFGS:   98 19:23:32       -7.130645        0.0624
BFGS:   99 19:23:32       -7.131015        0.0398
