      Step     Time          Energy         fmax
BFGS:    0 14:40:06      -78.845682        0.0496
Surface energy: 0.044849 eV/\AA^2
Total surface energy: 6.098629 eV
      Step     Time          Energy         fmax
BFGS:    0 14:42:35     -161.837026        0.0787
Surface energy: 0.096820 eV/\AA^2
Total surface energy: 11.886268 eV
      Step     Time          Energy         fmax
BFGS:    0 14:44:23     -182.820152        0.4317
BFGS:    1 14:45:20     -182.870919        0.3879
BFGS:    2 14:46:41     -183.093440        0.0390
Surface energy: 0.044849 eV/\AA^2
Total surface energy: 6.098629 eV
Surface energy: 0.096820 eV/\AA^2
Total surface energy: 11.886268 eV
Surface energy: 0.123624 eV/\AA^2
Total surface energy: 14.198213 eV
Surface energy: 0.044849 eV/\AA^2
Total surface energy: 6.098629 eV
Surface energy: 0.096820 eV/\AA^2
Total surface energy: 11.886268 eV
Surface energy: 0.123624 eV/\AA^2
Total surface energy: 14.198213 eV
Surface energy: 0.044849 eV/\AA^2
Total surface energy: 6.098629 eV
Surface energy: 0.096820 eV/\AA^2
Total surface energy: 11.886268 eV
Surface energy: 0.123624 eV/\AA^2
Total surface energy: 14.198213 eV
Surface energy: 0.044849 eV/\AA^2
Total surface energy: 6.098629 eV
Surface energy: 0.096820 eV/\AA^2
Total surface energy: 11.886268 eV
Surface energy: 0.123624 eV/\AA^2
Total surface energy: 14.198213 eV
Surface energy: 0.044849 eV/\AA^2
Total surface energy: 6.098629 eV
Surface energy: 0.096820 eV/\AA^2
Total surface energy: 11.886268 eV
Surface energy: 0.123624 eV/\AA^2
Total surface energy: 14.198213 eV
Surface energy: 0.044849 eV/\AA^2
Total surface energy: 6.098629 eV
Surface energy: 0.096820 eV/\AA^2
Total surface energy: 11.886268 eV
Surface energy: 0.123624 eV/\AA^2
Total surface energy: 14.198213 eV
Surface energy: 0.044849 eV/\AA^2
Total surface energy: 6.098629 eV
Surface energy: 0.096820 eV/\AA^2
Total surface energy: 11.886268 eV
Surface energy: 0.123624 eV/\AA^2
Total surface energy: 14.198213 eV
Surface energy: 0.044849 eV/\AA^2
Total surface energy: 6.098629 eV
Surface energy: 0.096820 eV/\AA^2
Total surface energy: 11.886268 eV
Surface energy: 0.123624 eV/\AA^2
Total surface energy: 14.198213 eV
Surface energy: 0.044849 eV/\AA^2
Total surface energy: 6.098629 eV
Surface energy: 0.096820 eV/\AA^2
Total surface energy: 11.886268 eV
Surface energy: 0.123624 eV/\AA^2
Total surface energy: 14.198213 eV
Surface energy: 0.044849 eV/\AA^2
Total surface energy: 6.098629 eV
Surface energy: 0.096820 eV/\AA^2
Total surface energy: 11.886268 eV
Surface energy: 0.123624 eV/\AA^2
Total surface energy: 14.198213 eV
Surface energy: 0.044849 eV/\AA^2
Total surface energy: 6.098629 eV
Surface energy: 0.096820 eV/\AA^2
Total surface energy: 11.886268 eV
Surface energy: 0.123624 eV/\AA^2
Total surface energy: 14.198213 eV
Surface energy: 0.044849 eV/\AA^2
Total surface energy: 6.098629 eV
Surface energy: 0.096820 eV/\AA^2
Total surface energy: 11.886268 eV
Surface energy: 0.123624 eV/\AA^2
Total surface energy: 14.198213 eV
Surface energy: 0.044849 eV/\AA^2
Total surface energy: 6.098629 eV
Surface energy: 0.096820 eV/\AA^2
Total surface energy: 11.886268 eV
Surface energy: 0.123624 eV/\AA^2
Total surface energy: 14.198213 eV
Surface energy: 0.044849 eV/\AA^2
Total surface energy: 6.098629 eV
Surface energy: 0.096820 eV/\AA^2
Total surface energy: 11.886268 eV
Surface energy: 0.123624 eV/\AA^2
Total surface energy: 14.198213 eV
Surface energy: 0.044849 eV/\AA^2
Total surface energy: 6.098629 eV
Surface energy: 0.096820 eV/\AA^2
Total surface energy: 11.886268 eV
Surface energy: 0.123624 eV/\AA^2
Total surface energy: 14.198213 eV
Surface energy: 0.044849 eV/\AA^2
Total surface energy: 6.098629 eV
Surface energy: 0.096820 eV/\AA^2
Total surface energy: 11.886268 eV
Surface energy: 0.123624 eV/\AA^2
Total surface energy: 14.198213 eV
Surface energy: 0.044849 eV/\AA^2
Total surface energy: 6.098629 eV
Surface energy: 0.096820 eV/\AA^2
Total surface energy: 11.886268 eV
Surface energy: 0.123624 eV/\AA^2
Total surface energy: 14.198213 eV
Surface energy: 0.044849 eV/\AA^2
Total surface energy: 6.098629 eV
Surface energy: 0.096820 eV/\AA^2
Total surface energy: 11.886268 eV
Surface energy: 0.123624 eV/\AA^2
Total surface energy: 14.198213 eV
Surface energy: 0.044849 eV/\AA^2
Total surface energy: 6.098629 eV
Surface energy: 0.096820 eV/\AA^2
Total surface energy: 11.886268 eV
Surface energy: 0.123624 eV/\AA^2
Total surface energy: 14.198213 eV
Surface energy: 0.044849 eV/\AA^2
Total surface energy: 6.098629 eV
Surface energy: 0.096820 eV/\AA^2
Total surface energy: 11.886268 eV
Surface energy: 0.123624 eV/\AA^2
Total surface energy: 14.198213 eV
Surface energy: 0.044849 eV/\AA^2
Total surface energy: 6.098629 eV
Surface energy: 0.096820 eV/\AA^2
Total surface energy: 11.886268 eV
Surface energy: 0.123624 eV/\AA^2
Total surface energy: 14.198213 eV
Surface energy: 0.044849 eV/\AA^2
Total surface energy: 6.098629 eV
Surface energy: 0.096820 eV/\AA^2
Total surface energy: 11.886268 eV
Surface energy: 0.123624 eV/\AA^2
Total surface energy: 14.198213 eV
Surface energy: 0.044849 eV/\AA^2
Total surface energy: 6.098629 eV
Surface energy: 0.096820 eV/\AA^2
Total surface energy: 11.886268 eV
Surface energy: 0.123624 eV/\AA^2
Total surface energy: 14.198213 eV
Surface energy: 0.044849 eV/\AA^2
Total surface energy: 6.098629 eV
Surface energy: 0.096820 eV/\AA^2
Total surface energy: 11.886268 eV
Surface energy: 0.123624 eV/\AA^2
Total surface energy: 14.198213 eV
Surface energy: 0.044849 eV/\AA^2
Total surface energy: 6.098629 eV
Surface energy: 0.096820 eV/\AA^2
Total surface energy: 11.886268 eV
Surface energy: 0.123624 eV/\AA^2
Total surface energy: 14.198213 eV
Surface energy: 0.044849 eV/\AA^2
Total surface energy: 6.098629 eV
Surface energy: 0.096820 eV/\AA^2
Total surface energy: 11.886268 eV
Surface energy: 0.123624 eV/\AA^2
Total surface energy: 14.198213 eV
Surface energy: 0.044849 eV/\AA^2
Total surface energy: 6.098629 eV
Surface energy: 0.096820 eV/\AA^2
Total surface energy: 11.886268 eV
Surface energy: 0.123624 eV/\AA^2
Total surface energy: 14.198213 eV
Surface energy: 0.044849 eV/\AA^2
Total surface energy: 6.098629 eV
Surface energy: 0.096820 eV/\AA^2
Total surface energy: 11.886268 eV
Surface energy: 0.123624 eV/\AA^2
Total surface energy: 14.198213 eV
Surface energy: 0.044849 eV/\AA^2
Total surface energy: 6.098629 eV
Surface energy: 0.096820 eV/\AA^2
Total surface energy: 11.886268 eV
Surface energy: 0.123624 eV/\AA^2
Total surface energy: 14.198213 eV
Surface energy: 0.044849 eV/\AA^2
Total surface energy: 6.098629 eV
Surface energy: 0.096820 eV/\AA^2
Total surface energy: 11.886268 eV
Surface energy: 0.123624 eV/\AA^2
Total surface energy: 14.198213 eV
Surface energy: 0.044849 eV/\AA^2
Total surface energy: 6.098629 eV
Surface energy: 0.096820 eV/\AA^2
Total surface energy: 11.886268 eV
Surface energy: 0.123624 eV/\AA^2
Total surface energy: 14.198213 eV
Surface energy: 0.123624 eV/\AA^2
Total surface energy: 14.198213 eV
