      Step     Time          Energy         fmax
BFGS:    0 20:06:33       13.056017       35.0027
BFGS:    1 20:06:33        0.963458       11.5567
BFGS:    2 20:06:33       -1.558294        7.8420
BFGS:    3 20:06:33       -2.985908        2.6775
BFGS:    4 20:06:33       -3.366385        1.2650
BFGS:    5 20:06:33       -3.502758        0.4767
BFGS:    6 20:06:33       -3.532811        0.3597
BFGS:    7 20:06:33       -3.543393        0.3435
BFGS:    8 20:06:33       -3.555253        0.3475
BFGS:    9 20:06:33       -3.573329        0.3940
BFGS:   10 20:06:33       -3.590003        0.4217
BFGS:   11 20:06:33       -3.606379        0.4051
BFGS:   12 20:06:33       -3.621342        0.4437
BFGS:   13 20:06:33       -3.630845        0.4341
BFGS:   14 20:06:33       -3.670731        0.4412
BFGS:   15 20:06:33       -3.703044        0.7213
BFGS:   16 20:06:33       -3.767221        1.1380
BFGS:   17 20:06:33       -3.819216        1.4048
BFGS:   18 20:06:33       -3.884343        1.0153
BFGS:   19 20:06:33       -3.947751        0.9104
BFGS:   20 20:06:33       -4.067267        0.7503
BFGS:   21 20:06:33       -4.118148        1.0081
BFGS:   22 20:06:33       -4.138829        0.3092
BFGS:   23 20:06:33       -4.146327        0.3730
BFGS:   24 20:06:33       -4.157520        0.3979
BFGS:   25 20:06:33       -4.168840        0.3232
BFGS:   26 20:06:33       -4.182047        0.4071
BFGS:   27 20:06:33       -4.197134        0.5645
BFGS:   28 20:06:33       -4.240676        0.9563
BFGS:   29 20:06:33       -4.284014        1.1583
BFGS:   30 20:06:33       -4.325734        0.8723
BFGS:   31 20:06:33       -4.470290        0.4363
BFGS:   32 20:06:33       -4.482751        0.4612
BFGS:   33 20:06:33       -4.475362        0.7934
BFGS:   34 20:06:33       -4.500523        0.3656
BFGS:   35 20:06:33       -4.514362        0.3416
BFGS:   36 20:06:33       -4.573395        0.5242
BFGS:   37 20:06:33       -4.605180        0.5534
BFGS:   38 20:06:33       -4.666769        0.7684
BFGS:   39 20:06:33       -4.687992        0.6515
BFGS:   40 20:06:33       -4.751858        0.4253
BFGS:   41 20:06:33       -4.764152        0.5370
BFGS:   42 20:06:33       -4.801032        0.2685
BFGS:   43 20:06:33       -4.810836        0.1729
BFGS:   44 20:06:33       -4.814278        0.1221
BFGS:   45 20:06:33       -4.815085        0.1039
BFGS:   46 20:06:33       -4.817441        0.0755
BFGS:   47 20:06:33       -4.818017        0.0648
BFGS:   48 20:06:33       -4.818464        0.0500
      Step     Time          Energy         fmax
BFGS:    0 20:06:33       12.955421       36.9387
BFGS:    1 20:06:33        0.896733       11.8726
BFGS:    2 20:06:33       -1.837221        6.9008
BFGS:    3 20:06:33       -3.022893        2.8354
BFGS:    4 20:06:33       -3.407216        1.3818
BFGS:    5 20:06:33       -3.540218        0.6638
BFGS:    6 20:06:33       -3.573401        0.4724
BFGS:    7 20:06:33       -3.592585        0.5272
BFGS:    8 20:06:33       -3.627748        0.6305
BFGS:    9 20:06:33       -3.709876        0.8127
BFGS:   10 20:06:33       -3.800629        1.2271
BFGS:   11 20:06:33       -3.874614        0.9611
BFGS:   12 20:06:33       -3.973223        1.7108
BFGS:   13 20:06:33       -4.035645        0.6838
BFGS:   14 20:06:33       -4.082812        0.6712
BFGS:   15 20:06:33       -4.185555        0.7207
BFGS:   16 20:06:33       -4.218550        0.4614
BFGS:   17 20:06:33       -4.240947        0.5025
BFGS:   18 20:06:33       -4.275322        0.5988
BFGS:   19 20:06:33       -4.323165        0.5718
BFGS:   20 20:06:33       -4.363069        0.7161
BFGS:   21 20:06:33       -4.406145        0.5188
BFGS:   22 20:06:33       -4.417552        0.4136
BFGS:   23 20:06:33       -4.426805        0.3778
BFGS:   24 20:06:33       -4.436874        0.3078
BFGS:   25 20:06:33       -4.442079        0.2458
BFGS:   26 20:06:33       -4.445607        0.2054
BFGS:   27 20:06:33       -4.450504        0.1962
BFGS:   28 20:06:33       -4.457927        0.2230
BFGS:   29 20:06:33       -4.467292        0.2907
BFGS:   30 20:06:33       -4.476358        0.3407
BFGS:   31 20:06:33       -4.488609        0.4302
BFGS:   32 20:06:33       -4.529413        0.8174
BFGS:   33 20:06:33       -4.531222        1.5053
BFGS:   34 20:06:33       -4.613914        0.6375
BFGS:   35 20:06:33       -4.664693        0.6216
BFGS:   36 20:06:33       -4.756545        1.2228
BFGS:   37 20:06:33       -4.805933        0.4404
BFGS:   38 20:06:33       -4.829281        0.3205
BFGS:   39 20:06:33       -4.839116        0.3549
BFGS:   40 20:06:33       -4.843786        0.2866
BFGS:   41 20:06:33       -4.859940        0.2352
BFGS:   42 20:06:33       -4.869616        0.2129
BFGS:   43 20:06:33       -4.878095        0.2912
BFGS:   44 20:06:33       -4.882034        0.2889
BFGS:   45 20:06:33       -4.888833        0.2585
BFGS:   46 20:06:33       -4.898051        0.2972
BFGS:   47 20:06:33       -4.917398        0.5169
BFGS:   48 20:06:33       -4.965541        0.9819
BFGS:   49 20:06:33       -5.012022        1.5496
BFGS:   50 20:06:33       -5.094021        1.5374
BFGS:   51 20:06:33       -5.191737        1.4414
BFGS:   52 20:06:33       -5.185590        1.6405
BFGS:   53 20:06:33       -5.374968        1.1684
BFGS:   54 20:06:33       -5.340987        1.6064
BFGS:   55 20:06:33       -5.477147        0.8263
BFGS:   56 20:06:33       -5.504201        0.6114
BFGS:   57 20:06:33       -5.532711        0.6141
BFGS:   58 20:06:33       -5.601430        0.8567
BFGS:   59 20:06:33       -5.622349        0.5755
BFGS:   60 20:06:33       -5.632682        0.4441
BFGS:   61 20:06:33       -5.638967        0.3296
BFGS:   62 20:06:33       -5.641663        0.2666
BFGS:   63 20:06:33       -5.644151        0.2023
BFGS:   64 20:06:33       -5.645388        0.1715
BFGS:   65 20:06:33       -5.646525        0.1540
BFGS:   66 20:06:33       -5.647836        0.1466
BFGS:   67 20:06:33       -5.649457        0.1133
BFGS:   68 20:06:33       -5.650710        0.0793
BFGS:   69 20:06:33       -5.651276        0.0626
BFGS:   70 20:06:33       -5.651521        0.0462
      Step     Time          Energy         fmax
BFGS:    0 20:06:33       13.107571       25.7222
BFGS:    1 20:06:33        0.470160       17.6810
BFGS:    2 20:06:33       -1.811697        6.8919
BFGS:    3 20:06:33       -2.741832        3.0441
BFGS:    4 20:06:33       -3.174481        1.6046
BFGS:    5 20:06:33       -3.374469        0.7520
BFGS:    6 20:06:33       -3.428212        0.5215
BFGS:    7 20:06:33       -3.449356        0.5587
BFGS:    8 20:06:33       -3.472315        0.6129
BFGS:    9 20:06:33       -3.518415        0.7172
BFGS:   10 20:06:33       -3.602664        0.9007
BFGS:   11 20:06:33       -3.681649        1.4428
BFGS:   12 20:06:33       -3.781744        1.5693
BFGS:   13 20:06:33       -3.958701        1.2363
BFGS:   14 20:06:33       -4.015556        0.6118
BFGS:   15 20:06:33       -4.049162        0.5437
BFGS:   16 20:06:33       -4.089590        0.6496
BFGS:   17 20:06:33       -4.125759        0.7817
BFGS:   18 20:06:33       -4.174660        0.8817
BFGS:   19 20:06:33       -4.209915        0.8409
BFGS:   20 20:06:33       -4.253929        0.7878
BFGS:   21 20:06:33       -4.335087        0.8638
BFGS:   22 20:06:33       -4.405022        1.1777
BFGS:   23 20:06:33       -4.437440        0.7994
BFGS:   24 20:06:33       -4.474175        0.7392
BFGS:   25 20:06:33       -4.619656        0.9959
BFGS:   26 20:06:33       -4.649510        0.5325
BFGS:   27 20:06:33       -4.669637        0.4977
BFGS:   28 20:06:33       -4.679712        0.5031
BFGS:   29 20:06:33       -4.702429        0.3860
BFGS:   30 20:06:33       -4.719390        0.1543
BFGS:   31 20:06:33       -4.723811        0.1278
BFGS:   32 20:06:33       -4.724657        0.1176
BFGS:   33 20:06:33       -4.725725        0.1053
BFGS:   34 20:06:33       -4.727046        0.0929
BFGS:   35 20:06:33       -4.728666        0.0801
BFGS:   36 20:06:33       -4.729574        0.0887
BFGS:   37 20:06:33       -4.729939        0.0833
BFGS:   38 20:06:33       -4.730247        0.0769
BFGS:   39 20:06:33       -4.730842        0.0633
BFGS:   40 20:06:33       -4.731794        0.0626
BFGS:   41 20:06:33       -4.732649        0.1032
BFGS:   42 20:06:33       -4.733344        0.1270
BFGS:   43 20:06:33       -4.734360        0.1417
BFGS:   44 20:06:33       -4.736838        0.1903
BFGS:   45 20:06:33       -4.744609        0.3865
BFGS:   46 20:06:33       -4.756189        0.6024
BFGS:   47 20:06:33       -4.766702        0.7599
BFGS:   48 20:06:33       -4.780943        0.8702
BFGS:   49 20:06:33       -4.796335        0.9458
BFGS:   50 20:06:33       -4.815143        0.9793
BFGS:   51 20:06:33       -4.810863        0.9494
BFGS:   52 20:06:33       -4.832795        0.9671
BFGS:   53 20:06:33       -4.850237        0.9492
BFGS:   54 20:06:33       -4.893123        0.8884
BFGS:   55 20:06:33       -4.925037        0.8508
BFGS:   56 20:06:33       -4.939069        0.7801
BFGS:   57 20:06:33       -4.958913        0.7174
BFGS:   58 20:06:33       -4.982083        0.6288
BFGS:   59 20:06:33       -5.006748        0.6027
BFGS:   60 20:06:33       -5.032876        0.6753
BFGS:   61 20:06:33       -5.058436        0.7399
BFGS:   62 20:06:33       -5.066780        0.7548
BFGS:   63 20:06:33       -5.070064        0.7280
BFGS:   64 20:06:33       -5.078590        0.6285
BFGS:   65 20:06:33       -5.084089        0.6074
BFGS:   66 20:06:33       -5.120287        0.5779
BFGS:   67 20:06:33       -5.163597        0.6957
BFGS:   68 20:06:33       -5.238674        0.7764
BFGS:   69 20:06:33       -5.316242        0.6199
BFGS:   70 20:06:33       -5.379920        0.3698
BFGS:   71 20:06:33       -5.446111        0.4879
BFGS:   72 20:06:33       -5.503578        0.5894
BFGS:   73 20:06:33       -5.453772        0.8227
BFGS:   74 20:06:33       -5.535455        0.5326
BFGS:   75 20:06:33       -5.543419        0.5500
BFGS:   76 20:06:33       -5.552088        0.5620
BFGS:   77 20:06:33       -5.560373        0.5734
BFGS:   78 20:06:33       -5.571432        0.5461
BFGS:   79 20:06:33       -5.599285        0.3723
BFGS:   80 20:06:33       -5.613994        0.3623
BFGS:   81 20:06:33       -5.621663        0.4298
BFGS:   82 20:06:33       -5.624945        0.4427
BFGS:   83 20:06:33       -5.627811        0.4382
BFGS:   84 20:06:33       -5.630582        0.4141
BFGS:   85 20:06:33       -5.633990        0.3610
BFGS:   86 20:06:33       -5.635933        0.3075
BFGS:   87 20:06:33       -5.637940        0.2501
BFGS:   88 20:06:33       -5.640723        0.2366
BFGS:   89 20:06:33       -5.644528        0.1786
BFGS:   90 20:06:33       -5.648630        0.1129
BFGS:   91 20:06:33       -5.651374        0.0676
BFGS:   92 20:06:33       -5.652201        0.0333
      Step     Time          Energy         fmax
BFGS:    0 20:06:33       13.037628       23.8693
BFGS:    1 20:06:33        2.486140       22.0701
BFGS:    2 20:06:33       -1.408937        5.4892
BFGS:    3 20:06:33       -2.261198        2.9294
BFGS:    4 20:06:33       -2.857245        1.0967
BFGS:    5 20:06:33       -3.037195        0.5945
BFGS:    6 20:06:33       -3.087476        0.3708
BFGS:    7 20:06:33       -3.100929        0.3001
BFGS:    8 20:06:33       -3.112968        0.3326
BFGS:    9 20:06:33       -3.140950        0.4352
BFGS:   10 20:06:33       -3.200560        0.5867
BFGS:   11 20:06:33       -3.233361        0.6498
BFGS:   12 20:06:33       -3.296355        0.5050
BFGS:   13 20:06:33       -3.353545        0.8336
BFGS:   14 20:06:33       -3.372841        0.6767
BFGS:   15 20:06:33       -3.385427        0.6463
BFGS:   16 20:06:33       -3.421857        0.3085
BFGS:   17 20:06:33       -3.425594        0.2517
BFGS:   18 20:06:33       -3.427043        0.2320
BFGS:   19 20:06:33       -3.437435        0.1759
BFGS:   20 20:06:33       -3.440951        0.2175
BFGS:   21 20:06:33       -3.445116        0.3286
BFGS:   22 20:06:33       -3.449035        0.3828
BFGS:   23 20:06:33       -3.459509        0.4483
BFGS:   24 20:06:33       -3.493608        0.4888
BFGS:   25 20:06:33       -3.580026        0.5977
BFGS:   26 20:06:33       -3.679296        0.4913
BFGS:   27 20:06:33       -3.700534        0.5579
BFGS:   28 20:06:33       -3.729025        0.6949
BFGS:   29 20:06:33       -3.756317        0.6545
BFGS:   30 20:06:33       -3.798585        0.4824
BFGS:   31 20:06:33       -3.858919        0.5635
BFGS:   32 20:06:33       -3.881488        0.4987
BFGS:   33 20:06:33       -3.893508        0.3337
BFGS:   34 20:06:33       -3.898761        0.3279
BFGS:   35 20:06:33       -3.910141        0.2338
BFGS:   36 20:06:33       -3.916877        0.1607
BFGS:   37 20:06:33       -3.920859        0.1525
BFGS:   38 20:06:33       -3.922709        0.1455
BFGS:   39 20:06:33       -3.924760        0.1236
BFGS:   40 20:06:33       -3.926284        0.1119
BFGS:   41 20:06:33       -3.927667        0.1238
BFGS:   42 20:06:33       -3.929751        0.1478
BFGS:   43 20:06:33       -3.935455        0.2262
BFGS:   44 20:06:33       -3.950744        0.4212
BFGS:   45 20:06:33       -3.975513        0.5977
BFGS:   46 20:06:33       -4.003136        0.7395
BFGS:   47 20:06:33       -4.035250        0.9375
BFGS:   48 20:06:33       -4.065902        1.0975
BFGS:   49 20:06:33       -4.096967        1.2000
BFGS:   50 20:06:33       -4.129690        1.3143
BFGS:   51 20:06:33       -4.142795        1.4335
BFGS:   52 20:06:33       -4.169955        1.1684
BFGS:   53 20:06:33       -4.236412        1.1613
BFGS:   54 20:06:33       -4.334510        1.2071
BFGS:   55 20:06:33       -4.408295        1.1535
BFGS:   56 20:06:33       -4.524703        1.0341
BFGS:   57 20:06:33       -4.532005        0.9505
BFGS:   58 20:06:33       -4.614912        0.8096
BFGS:   59 20:06:33       -4.648801        0.8121
BFGS:   60 20:06:33       -4.705908        1.2474
BFGS:   61 20:06:33       -4.769536        0.9913
BFGS:   62 20:06:33       -4.881251        1.1387
BFGS:   63 20:06:33       -4.888683        1.0156
BFGS:   64 20:06:33       -4.927932        1.0031
BFGS:   65 20:06:33       -4.948694        0.9585
BFGS:   66 20:06:33       -5.119269        0.8527
BFGS:   67 20:06:33       -5.117549        1.4088
BFGS:   68 20:06:33       -5.235926        0.6955
BFGS:   69 20:06:33       -5.283560        0.5669
BFGS:   70 20:06:33       -5.307830        0.6563
BFGS:   71 20:06:33       -5.311389        0.6287
BFGS:   72 20:06:33       -5.317068        0.6069
BFGS:   73 20:06:33       -5.322792        0.5873
BFGS:   74 20:06:33       -5.331135        0.5499
BFGS:   75 20:06:33       -5.338396        0.5192
BFGS:   76 20:06:33       -5.346141        0.5340
BFGS:   77 20:06:33       -5.358112        0.5948
BFGS:   78 20:06:33       -5.384149        0.7358
BFGS:   79 20:06:33       -5.414335        0.8481
BFGS:   80 20:06:33       -5.441463        0.8411
BFGS:   81 20:06:33       -5.481701        0.8219
BFGS:   82 20:06:33       -5.503644        0.6900
BFGS:   83 20:06:33       -5.513269        0.6203
BFGS:   84 20:06:33       -5.519543        0.5941
BFGS:   85 20:06:33       -5.525998        0.5175
BFGS:   86 20:06:33       -5.532291        0.5286
BFGS:   87 20:06:33       -5.538195        0.4963
BFGS:   88 20:06:33       -5.542472        0.5072
BFGS:   89 20:06:33       -5.543828        0.5265
BFGS:   90 20:06:33       -5.544917        0.5426
BFGS:   91 20:06:33       -5.546726        0.5629
BFGS:   92 20:06:33       -5.549668        0.5819
BFGS:   93 20:06:33       -5.555874        0.6043
BFGS:   94 20:06:33       -5.568124        0.6343
BFGS:   95 20:06:33       -5.581798        0.6738
BFGS:   96 20:06:33       -5.590454        0.6502
BFGS:   97 20:06:33       -5.597208        0.5465
BFGS:   98 20:06:33       -5.598038        0.5460
BFGS:   99 20:06:33       -5.598669        0.5337
BFGS:  100 20:06:33       -5.599292        0.5217
BFGS:  101 20:06:33       -5.599889        0.5193
BFGS:  102 20:06:33       -5.600778        0.5252
BFGS:  103 20:06:33       -5.601984        0.5380
BFGS:  104 20:06:33       -5.604052        0.5502
BFGS:  105 20:06:33       -5.608250        0.5506
BFGS:  106 20:06:33       -5.615605        0.5194
BFGS:  107 20:06:33       -5.626462        0.4248
BFGS:  108 20:06:33       -5.634122        0.3808
BFGS:  109 20:06:33       -5.644459        0.1473
BFGS:  110 20:06:33       -5.648533        0.1262
BFGS:  111 20:06:33       -5.650047        0.1272
BFGS:  112 20:06:33       -5.651130        0.1000
BFGS:  113 20:06:33       -5.651831        0.0761
BFGS:  114 20:06:33       -5.652044        0.0599
BFGS:  115 20:06:33       -5.652188        0.0501
BFGS:  116 20:06:33       -5.652297        0.0335
      Step     Time          Energy         fmax
BFGS:    0 20:06:33       14.294205       41.9722
BFGS:    1 20:06:33        1.255456       11.9129
BFGS:    2 20:06:33       -1.517761        7.8700
BFGS:    3 20:06:33       -3.136866        2.8338
BFGS:    4 20:06:33       -3.561476        1.4050
BFGS:    5 20:06:33       -3.711803        0.7920
BFGS:    6 20:06:33       -3.756758        0.5365
BFGS:    7 20:06:33       -3.784198        0.5927
BFGS:    8 20:06:33       -3.828261        0.6540
BFGS:    9 20:06:33       -3.895674        0.7051
BFGS:   10 20:06:33       -3.943263        0.6432
BFGS:   11 20:06:33       -4.031444        1.1033
BFGS:   12 20:06:33       -4.051364        0.6985
BFGS:   13 20:06:33       -4.070338        0.4725
BFGS:   14 20:06:33       -4.105800        0.3779
BFGS:   15 20:06:33       -4.114726        0.3636
BFGS:   16 20:06:33       -4.129631        0.3685
BFGS:   17 20:06:33       -4.165213        0.4464
BFGS:   18 20:06:33       -4.184648        0.5064
BFGS:   19 20:06:33       -4.213040        0.6709
BFGS:   20 20:06:33       -4.271775        1.0108
BFGS:   21 20:06:33       -4.361927        1.9416
BFGS:   22 20:06:33       -4.433957        1.7678
BFGS:   23 20:06:33       -4.440899        0.6811
BFGS:   24 20:06:33       -4.541669        0.5018
BFGS:   25 20:06:33       -4.567344        0.5932
BFGS:   26 20:06:33       -4.618583        0.3698
BFGS:   27 20:06:33       -4.648054        0.4534
BFGS:   28 20:06:33       -4.661324        0.4682
BFGS:   29 20:06:33       -4.691346        0.5046
BFGS:   30 20:06:33       -4.720212        0.5163
BFGS:   31 20:06:33       -4.746572        0.4116
BFGS:   32 20:06:33       -4.769479        0.1564
BFGS:   33 20:06:33       -4.770731        0.0946
BFGS:   34 20:06:33       -4.771179        0.0896
BFGS:   35 20:06:33       -4.772144        0.0753
BFGS:   36 20:06:33       -4.773730        0.0598
BFGS:   37 20:06:33       -4.774142        0.0627
BFGS:   38 20:06:33       -4.774422        0.0684
BFGS:   39 20:06:33       -4.774767        0.0712
BFGS:   40 20:06:33       -4.775580        0.0717
BFGS:   41 20:06:33       -4.777018        0.0967
BFGS:   42 20:06:33       -4.779278        0.1412
BFGS:   43 20:06:33       -4.782036        0.1633
BFGS:   44 20:06:33       -4.785609        0.1823
BFGS:   45 20:06:33       -4.799834        0.3284
BFGS:   46 20:06:33       -4.844087        0.3583
BFGS:   47 20:06:33       -4.937098        0.4914
BFGS:   48 20:06:33       -5.096240        0.6225
BFGS:   49 20:06:33       -5.283304        0.4317
BFGS:   50 20:06:33       -4.954813        4.0672
BFGS:   51 20:06:33       -5.318962        0.3343
BFGS:   52 20:06:33       -5.336406        0.2850
BFGS:   53 20:06:33       -5.360839        0.3850
BFGS:   54 20:06:33       -5.370305        0.2829
BFGS:   55 20:06:33       -5.377854        0.2508
BFGS:   56 20:06:33       -5.400862        0.2948
BFGS:   57 20:06:33       -5.420350        0.4469
BFGS:   58 20:06:33       -5.459295        0.6615
BFGS:   59 20:06:33       -5.500576        0.7134
BFGS:   60 20:06:33       -5.552754        0.5141
BFGS:   61 20:06:33       -5.587336        0.4286
BFGS:   62 20:06:33       -5.605688        0.3377
BFGS:   63 20:06:33       -5.616999        0.3124
BFGS:   64 20:06:33       -5.635230        0.2827
BFGS:   65 20:06:33       -5.644236        0.2353
BFGS:   66 20:06:33       -5.649422        0.1223
BFGS:   67 20:06:33       -5.651406        0.0613
BFGS:   68 20:06:33       -5.651933        0.0374
      Step     Time          Energy         fmax
BFGS:    0 20:06:33       13.153698       35.3675
BFGS:    1 20:06:33        0.486101       10.5539
BFGS:    2 20:06:33       -1.812156        5.2956
BFGS:    3 20:06:33       -2.738447        3.0254
BFGS:    4 20:06:33       -3.184231        1.3766
BFGS:    5 20:06:33       -3.307786        0.6850
BFGS:    6 20:06:33       -3.337985        0.4500
BFGS:    7 20:06:33       -3.349604        0.3916
BFGS:    8 20:06:33       -3.367023        0.4015
BFGS:    9 20:06:33       -3.405983        0.5115
BFGS:   10 20:06:33       -3.499603        0.7008
BFGS:   11 20:06:33       -3.455647        1.2032
BFGS:   12 20:06:33       -3.557715        0.6397
BFGS:   13 20:06:33       -3.584391        0.5802
BFGS:   14 20:06:33       -3.633356        0.8130
BFGS:   15 20:06:33       -3.656259        0.6326
BFGS:   16 20:06:33       -3.739708        0.4845
BFGS:   17 20:06:33       -3.759145        0.4240
BFGS:   18 20:06:33       -3.785568        0.4146
BFGS:   19 20:06:33       -3.814592        0.5233
BFGS:   20 20:06:33       -3.843243        0.5621
BFGS:   21 20:06:33       -3.898639        0.5125
BFGS:   22 20:06:33       -3.919876        0.4975
BFGS:   23 20:06:33       -3.935845        0.5009
BFGS:   24 20:06:33       -4.079897        1.0124
BFGS:   25 20:06:33       -4.193429        1.6574
BFGS:   26 20:06:33       -4.222040        1.9750
BFGS:   27 20:06:33       -4.384432        1.3536
BFGS:   28 20:06:33       -4.490132        0.6805
BFGS:   29 20:06:33       -4.544266        0.5166
BFGS:   30 20:06:33       -4.568634        0.5107
BFGS:   31 20:06:33       -4.601107        0.5022
BFGS:   32 20:06:33       -4.630542        0.4866
BFGS:   33 20:06:33       -4.651679        0.4063
BFGS:   34 20:06:33       -4.667791        0.4267
BFGS:   35 20:06:33       -4.691150        0.4700
BFGS:   36 20:06:33       -4.713213        0.4337
BFGS:   37 20:06:33       -4.733850        0.3829
BFGS:   38 20:06:33       -4.757907        0.3612
BFGS:   39 20:06:33       -4.785571        0.3238
BFGS:   40 20:06:33       -4.793170        0.2231
BFGS:   41 20:06:33       -4.795520        0.1946
BFGS:   42 20:06:34       -4.798596        0.1808
BFGS:   43 20:06:34       -4.800755        0.1618
BFGS:   44 20:06:34       -4.803589        0.1163
BFGS:   45 20:06:34       -4.805693        0.0868
BFGS:   46 20:06:34       -4.806812        0.1125
BFGS:   47 20:06:34       -4.807990        0.1291
BFGS:   48 20:06:34       -4.810035        0.1571
BFGS:   49 20:06:34       -4.813799        0.2057
BFGS:   50 20:06:34       -4.819972        0.2306
BFGS:   51 20:06:34       -4.830475        0.3888
BFGS:   52 20:06:34       -4.853932        0.7741
BFGS:   53 20:06:34       -4.930848        0.7162
BFGS:   54 20:06:34       -5.052460        1.2455
BFGS:   55 20:06:34       -5.144597        1.6222
BFGS:   56 20:06:34       -5.196710        1.2330
BFGS:   57 20:06:34       -5.278035        0.6161
BFGS:   58 20:06:34       -5.316914        0.4241
BFGS:   59 20:06:34       -5.343736        0.4345
BFGS:   60 20:06:34       -5.387493        0.6232
BFGS:   61 20:06:34       -5.425790        0.9668
BFGS:   62 20:06:34       -5.466168        0.4879
BFGS:   63 20:06:34       -5.501227        0.4202
BFGS:   64 20:06:34       -5.557195        0.4250
BFGS:   65 20:06:34       -5.571661        0.3409
BFGS:   66 20:06:34       -5.584024        0.2482
BFGS:   67 20:06:34       -5.594515        0.2751
BFGS:   68 20:06:34       -5.607771        0.2638
BFGS:   69 20:06:34       -5.621217        0.2588
BFGS:   70 20:06:34       -5.633809        0.2495
BFGS:   71 20:06:34       -5.646206        0.1709
BFGS:   72 20:06:34       -5.650610        0.1347
BFGS:   73 20:06:34       -5.651403        0.0930
BFGS:   74 20:06:34       -5.652336        0.0275
      Step     Time          Energy         fmax
BFGS:    0 20:06:34       13.607069       27.8476
BFGS:    1 20:06:34        0.933462       10.5257
BFGS:    2 20:06:34       -1.310340        4.9814
BFGS:    3 20:06:34       -2.336914        2.0758
BFGS:    4 20:06:34       -2.731223        1.0644
BFGS:    5 20:06:34       -2.859221        0.5702
BFGS:    6 20:06:34       -2.888305        0.4301
BFGS:    7 20:06:34       -2.898461        0.4018
BFGS:    8 20:06:34       -2.911764        0.4035
BFGS:    9 20:06:34       -2.943640        0.4637
BFGS:   10 20:06:34       -3.035011        0.6483
BFGS:   11 20:06:34       -3.131680        0.7664
BFGS:   12 20:06:34       -3.144804        0.8737
BFGS:   13 20:06:34       -3.196965        0.8185
BFGS:   14 20:06:34       -3.244890        0.8073
BFGS:   15 20:06:34       -3.485508        1.8969
BFGS:   16 20:06:34       -3.593342        1.3950
BFGS:   17 20:06:34       -3.734116        1.4586
BFGS:   18 20:06:34       -3.770903        0.8339
BFGS:   19 20:06:34       -3.829152        0.8181
BFGS:   20 20:06:34       -3.869479        0.7683
BFGS:   21 20:06:34       -3.930610        1.0475
BFGS:   22 20:06:34       -3.979917        1.2905
BFGS:   23 20:06:34       -4.054029        0.6220
BFGS:   24 20:06:34       -4.074886        0.4231
BFGS:   25 20:06:34       -4.090363        0.3872
BFGS:   26 20:06:34       -4.100163        0.3796
BFGS:   27 20:06:34       -4.155548        0.5938
BFGS:   28 20:06:34       -4.238629        0.8071
BFGS:   29 20:06:34       -4.292633        0.7123
BFGS:   30 20:06:34       -4.318756        0.7244
BFGS:   31 20:06:34       -4.371233        0.6279
BFGS:   32 20:06:34       -4.396623        0.5076
BFGS:   33 20:06:34       -4.422946        0.4330
BFGS:   34 20:06:34       -4.449154        0.3371
BFGS:   35 20:06:34       -4.463034        0.3514
BFGS:   36 20:06:34       -4.505054        0.4617
BFGS:   37 20:06:34       -4.520456        0.4810
BFGS:   38 20:06:34       -4.546112        0.4964
BFGS:   39 20:06:34       -4.576417        0.5457
BFGS:   40 20:06:34       -4.631482        0.5121
BFGS:   41 20:06:34       -4.668966        0.4439
BFGS:   42 20:06:34       -4.680282        0.3945
BFGS:   43 20:06:34       -4.683939        0.3503
BFGS:   44 20:06:34       -4.690835        0.2424
BFGS:   45 20:06:34       -4.697312        0.2497
BFGS:   46 20:06:34       -4.704033        0.1914
BFGS:   47 20:06:34       -4.707353        0.0835
BFGS:   48 20:06:34       -4.708073        0.0573
BFGS:   49 20:06:34       -4.708252        0.0504
BFGS:   50 20:06:34       -4.708722        0.0451
      Step     Time          Energy         fmax
BFGS:    0 20:06:34       12.320920       38.5864
BFGS:    1 20:06:34        0.522762       12.7226
BFGS:    2 20:06:34       -1.979773        6.9325
BFGS:    3 20:06:34       -3.350525        2.6507
BFGS:    4 20:06:34       -3.677079        1.4768
BFGS:    5 20:06:34       -3.843731        0.6061
BFGS:    6 20:06:34       -3.882557        0.4659
BFGS:    7 20:06:34       -3.904848        0.4572
BFGS:    8 20:06:34       -3.939552        0.5645
BFGS:    9 20:06:34       -4.015996        0.7102
BFGS:   10 20:06:34       -4.140951        0.9041
BFGS:   11 20:06:34       -4.203395        1.4287
BFGS:   12 20:06:34       -4.394265        2.1037
BFGS:   13 20:06:34       -4.502849        2.2277
BFGS:   14 20:06:34       -4.672789        1.2660
BFGS:   15 20:06:34       -4.766566        1.2489
BFGS:   16 20:06:34       -4.813481        0.6315
BFGS:   17 20:06:34       -4.865751        0.5371
BFGS:   18 20:06:34       -4.889943        0.5557
BFGS:   19 20:06:34       -4.910181        0.5457
BFGS:   20 20:06:34       -5.122314        0.7229
BFGS:   21 20:06:34       -5.067040        2.0580
BFGS:   22 20:06:34       -5.223607        0.6758
BFGS:   23 20:06:34       -5.254585        0.6665
BFGS:   24 20:06:34       -5.295440        0.6686
BFGS:   25 20:06:34       -5.318986        0.5954
BFGS:   26 20:06:34       -5.384936        0.2135
BFGS:   27 20:06:34       -5.387539        0.2071
BFGS:   28 20:06:34       -5.396496        0.2340
BFGS:   29 20:06:34       -5.407035        0.3306
BFGS:   30 20:06:34       -5.418753        0.3200
BFGS:   31 20:06:34       -5.427149        0.3004
BFGS:   32 20:06:34       -5.435859        0.3389
BFGS:   33 20:06:34       -5.453661        0.4158
BFGS:   34 20:06:34       -5.470500        0.5316
BFGS:   35 20:06:34       -5.493986        0.4514
BFGS:   36 20:06:34       -5.528722        0.3545
BFGS:   37 20:06:34       -5.578384        0.5517
BFGS:   38 20:06:34       -5.591948        0.3052
BFGS:   39 20:06:34       -5.598963        0.2848
BFGS:   40 20:06:34       -5.612288        0.2883
BFGS:   41 20:06:34       -5.625428        0.3512
BFGS:   42 20:06:34       -5.636644        0.2755
BFGS:   43 20:06:34       -5.641336        0.2091
BFGS:   44 20:06:34       -5.644139        0.2066
BFGS:   45 20:06:34       -5.646777        0.1795
BFGS:   46 20:06:34       -5.649470        0.1273
BFGS:   47 20:06:34       -5.651097        0.0780
BFGS:   48 20:06:34       -5.651771        0.0492
      Step     Time          Energy         fmax
BFGS:    0 20:06:34       12.794287       35.7055
BFGS:    1 20:06:34        0.827413       14.9166
BFGS:    2 20:06:34       -1.762692        7.3043
BFGS:    3 20:06:34       -3.077667        2.5285
BFGS:    4 20:06:34       -3.465563        1.4986
BFGS:    5 20:06:34       -3.651885        0.6576
BFGS:    6 20:06:34       -3.698038        0.5646
BFGS:    7 20:06:34       -3.716986        0.5420
BFGS:    8 20:06:34       -3.737415        0.5169
BFGS:    9 20:06:34       -3.770776        0.5336
BFGS:   10 20:06:34       -3.804886        0.5174
BFGS:   11 20:06:34       -3.840493        0.5635
BFGS:   12 20:06:34       -3.865557        0.6411
BFGS:   13 20:06:34       -3.876344        0.5746
BFGS:   14 20:06:34       -4.025712        0.6569
BFGS:   15 20:06:34       -4.045083        1.3381
BFGS:   16 20:06:34       -4.100363        0.6273
BFGS:   17 20:06:34       -4.125657        0.5277
BFGS:   18 20:06:34       -4.169645        0.4777
BFGS:   19 20:06:34       -4.191824        0.3971
BFGS:   20 20:06:34       -4.234087        0.4479
BFGS:   21 20:06:34       -4.248182        0.4551
BFGS:   22 20:06:34       -4.258511        0.3933
BFGS:   23 20:06:34       -4.273477        0.2940
BFGS:   24 20:06:34       -4.286067        0.2392
BFGS:   25 20:06:34       -4.290634        0.2398
BFGS:   26 20:06:34       -4.293098        0.2078
BFGS:   27 20:06:34       -4.295085        0.1466
BFGS:   28 20:06:34       -4.296656        0.0772
BFGS:   29 20:06:34       -4.297352        0.0502
BFGS:   30 20:06:34       -4.297598        0.0482
      Step     Time          Energy         fmax
BFGS:    0 20:06:34       13.289739       26.5441
BFGS:    1 20:06:34        0.577814        8.7990
BFGS:    2 20:06:34       -1.590646        3.8833
BFGS:    3 20:06:34       -2.604644        2.1913
BFGS:    4 20:06:34       -2.993772        1.1265
BFGS:    5 20:06:34       -3.115343        0.5784
BFGS:    6 20:06:34       -3.148661        0.4599
BFGS:    7 20:06:34       -3.167371        0.5119
BFGS:    8 20:06:34       -3.198130        0.5649
BFGS:    9 20:06:34       -3.246273        0.6208
BFGS:   10 20:06:34       -3.284952        0.6489
BFGS:   11 20:06:34       -3.360694        0.9277
BFGS:   12 20:06:34       -3.386345        0.8219
BFGS:   13 20:06:34       -3.408840        0.7031
BFGS:   14 20:06:34       -3.496471        0.6520
BFGS:   15 20:06:34       -3.529838        0.5309
BFGS:   16 20:06:34       -3.545949        0.5344
BFGS:   17 20:06:34       -3.593462        0.5138
BFGS:   18 20:06:34       -3.629088        0.4789
BFGS:   19 20:06:34       -3.643754        0.7249
BFGS:   20 20:06:34       -3.655778        0.4346
BFGS:   21 20:06:34       -3.671894        0.2707
BFGS:   22 20:06:34       -3.689970        0.2945
BFGS:   23 20:06:34       -3.714717        0.3998
BFGS:   24 20:06:34       -3.763727        0.6444
BFGS:   25 20:06:34       -3.767614        1.0497
BFGS:   26 20:06:34       -3.813423        0.8063
BFGS:   27 20:06:34       -3.840571        0.8053
BFGS:   28 20:06:34       -3.820732        1.6687
BFGS:   29 20:06:34       -3.957634        0.5934
BFGS:   30 20:06:34       -4.005160        0.4125
BFGS:   31 20:06:34       -4.040910        0.5144
BFGS:   32 20:06:34       -4.055096        0.3134
BFGS:   33 20:06:34       -4.059657        0.2694
BFGS:   34 20:06:34       -4.096408        0.4313
BFGS:   35 20:06:34       -4.125789        0.4933
BFGS:   36 20:06:34       -4.211862        0.6701
BFGS:   37 20:06:34       -4.228794        0.8181
BFGS:   38 20:06:34       -4.235826        0.7562
BFGS:   39 20:06:34       -4.279018        0.6697
BFGS:   40 20:06:34       -4.331374        0.5168
BFGS:   41 20:06:34       -4.377715        0.3493
BFGS:   42 20:06:34       -4.402513        0.2402
BFGS:   43 20:06:34       -4.405255        0.2194
BFGS:   44 20:06:34       -4.407808        0.1365
BFGS:   45 20:06:34       -4.409547        0.1441
BFGS:   46 20:06:34       -4.413882        0.1509
BFGS:   47 20:06:34       -4.420874        0.2222
BFGS:   48 20:06:34       -4.428401        0.2450
BFGS:   49 20:06:34       -4.433791        0.3030
BFGS:   50 20:06:34       -4.440081        0.3327
BFGS:   51 20:06:34       -4.458462        0.5052
BFGS:   52 20:06:34       -4.501564        0.8592
BFGS:   53 20:06:34       -4.191729        3.6570
BFGS:   54 20:06:34       -4.673345        1.0785
BFGS:   55 20:06:34       -4.911822        0.7396
BFGS:   56 20:06:34       -5.055485        0.7199
BFGS:   57 20:06:34       -5.137208        0.6274
BFGS:   58 20:06:34       -5.177392        0.5746
BFGS:   59 20:06:34       -5.198550        0.3997
BFGS:   60 20:06:34       -5.220151        0.4295
BFGS:   61 20:06:34       -5.243468        0.4664
BFGS:   62 20:06:34       -5.326044        0.6917
BFGS:   63 20:06:34       -5.371862        1.0035
BFGS:   64 20:06:34       -5.415470        0.6164
BFGS:   65 20:06:34       -5.448699        0.6132
BFGS:   66 20:06:34       -5.505214        0.5538
BFGS:   67 20:06:34       -5.556243        0.3417
BFGS:   68 20:06:34       -5.569668        0.3668
BFGS:   69 20:06:34       -5.576382        0.3084
BFGS:   70 20:06:34       -5.584072        0.2524
BFGS:   71 20:06:34       -5.592655        0.2301
BFGS:   72 20:06:34       -5.601024        0.2087
BFGS:   73 20:06:34       -5.616513        0.4185
BFGS:   74 20:06:34       -5.636775        0.7973
BFGS:   75 20:06:34       -5.662255        1.3496
BFGS:   76 20:06:34       -5.707598        1.1274
BFGS:   77 20:06:34       -5.734404        0.8766
BFGS:   78 20:06:34       -5.782561        0.4402
BFGS:   79 20:06:34       -5.813764        0.4488
BFGS:   80 20:06:34       -5.835996        0.2214
BFGS:   81 20:06:34       -5.840908        0.0919
BFGS:   82 20:06:34       -5.841389        0.0499
      Step     Time          Energy         fmax
BFGS:    0 20:06:34       13.065644       23.7993
BFGS:    1 20:06:34        1.503158       14.2642
BFGS:    2 20:06:34       -1.409468        5.7182
BFGS:    3 20:06:34       -2.451188        2.3671
BFGS:    4 20:06:34       -2.843274        1.5632
BFGS:    5 20:06:34       -3.053043        0.7897
BFGS:    6 20:06:34       -3.097185        0.4621
BFGS:    7 20:06:34       -3.111887        0.3971
BFGS:    8 20:06:34       -3.125645        0.3803
BFGS:    9 20:06:34       -3.150952        0.4168
BFGS:   10 20:06:34       -3.177659        0.4355
BFGS:   11 20:06:34       -3.193402        0.4149
BFGS:   12 20:06:34       -3.209491        0.4055
BFGS:   13 20:06:34       -3.214429        0.3792
BFGS:   14 20:06:34       -3.305220        0.6435
BFGS:   15 20:06:34       -3.334068        0.6226
BFGS:   16 20:06:34       -3.378731        0.7537
BFGS:   17 20:06:34       -3.437149        0.8019
BFGS:   18 20:06:34       -3.486476        0.8672
BFGS:   19 20:06:34       -3.579994        0.7641
BFGS:   20 20:06:34       -3.801040        0.6488
BFGS:   21 20:06:34       -3.944844        0.4632
BFGS:   22 20:06:34       -3.891683        1.3577
BFGS:   23 20:06:34       -3.963685        0.4942
BFGS:   24 20:06:34       -3.963982        0.4079
BFGS:   25 20:06:34       -3.985017        0.3609
BFGS:   26 20:06:34       -3.997166        0.3404
BFGS:   27 20:06:34       -4.006440        0.2526
BFGS:   28 20:06:34       -4.016247        0.3244
BFGS:   29 20:06:34       -4.021378        0.3079
BFGS:   30 20:06:34       -4.030856        0.3078
BFGS:   31 20:06:34       -4.049566        0.4205
BFGS:   32 20:06:34       -4.114046        0.6530
BFGS:   33 20:06:34       -4.203778        0.8541
BFGS:   34 20:06:34       -4.273488        0.8730
BFGS:   35 20:06:34       -4.277258        0.8858
BFGS:   36 20:06:34       -4.286816        0.8716
BFGS:   37 20:06:34       -4.312395        0.8608
BFGS:   38 20:06:34       -4.337778        0.8695
BFGS:   39 20:06:34       -4.372084        0.8441
BFGS:   40 20:06:34       -4.403076        0.7755
BFGS:   41 20:06:34       -4.451798        0.8116
BFGS:   42 20:06:34       -4.488471        0.8102
BFGS:   43 20:06:34       -4.547615        1.1922
BFGS:   44 20:06:34       -4.578963        0.9784
BFGS:   45 20:06:34       -4.634307        0.8156
BFGS:   46 20:06:34       -4.698158        0.7966
BFGS:   47 20:06:34       -4.730463        0.6911
BFGS:   48 20:06:34       -4.779807        0.5756
BFGS:   49 20:06:34       -4.810945        0.4875
BFGS:   50 20:06:34       -4.845005        0.8278
BFGS:   51 20:06:34       -4.863421        0.4010
BFGS:   52 20:06:34       -4.878434        0.2057
BFGS:   53 20:06:34       -4.888684        0.2159
BFGS:   54 20:06:34       -4.891353        0.1978
BFGS:   55 20:06:34       -4.894843        0.2429
BFGS:   56 20:06:34       -4.902212        0.2861
BFGS:   57 20:06:34       -4.930838        0.4531
BFGS:   58 20:06:34       -4.973793        0.6211
BFGS:   59 20:06:34       -4.904477        1.0195
BFGS:   60 20:06:34       -4.998464        0.6687
BFGS:   61 20:06:34       -5.014660        0.6532
BFGS:   62 20:06:34       -5.133659        0.4642
BFGS:   63 20:06:34       -5.142272        0.3385
BFGS:   64 20:06:34       -5.156678        0.3158
BFGS:   65 20:06:34       -5.168282        0.3271
BFGS:   66 20:06:34       -5.175787        0.2838
BFGS:   67 20:06:34       -5.181194        0.2670
BFGS:   68 20:06:34       -5.197912        0.2414
BFGS:   69 20:06:34       -5.203266        0.1750
BFGS:   70 20:06:34       -5.207642        0.1385
BFGS:   71 20:06:34       -5.208853        0.0939
BFGS:   72 20:06:34       -5.209837        0.0469
      Step     Time          Energy         fmax
BFGS:    0 20:06:34       13.378396       35.1730
BFGS:    1 20:06:34        0.633178        9.4500
BFGS:    2 20:06:34       -1.761670        6.1777
BFGS:    3 20:06:34       -2.962038        2.5379
BFGS:    4 20:06:34       -3.373098        1.1151
BFGS:    5 20:06:34       -3.501849        0.4055
BFGS:    6 20:06:34       -3.523495        0.2049
BFGS:    7 20:06:34       -3.526969        0.2241
BFGS:    8 20:06:34       -3.530145        0.2280
BFGS:    9 20:06:34       -3.537098        0.2127
BFGS:   10 20:06:34       -3.546208        0.2573
BFGS:   11 20:06:34       -3.556081        0.3187
BFGS:   12 20:06:34       -3.565104        0.3681
BFGS:   13 20:06:34       -3.579254        0.4313
BFGS:   14 20:06:34       -3.637136        0.8487
BFGS:   15 20:06:34       -3.704063        1.5102
BFGS:   16 20:06:34       -3.658848        2.2774
BFGS:   17 20:06:34       -3.740105        1.4935
BFGS:   18 20:06:34       -3.764971        1.4358
BFGS:   19 20:06:34       -3.809842        1.7308
BFGS:   20 20:06:34       -3.937921        0.7588
BFGS:   21 20:06:34       -3.977933        0.5792
BFGS:   22 20:06:34       -4.017924        0.3771
BFGS:   23 20:06:34       -4.025842        0.3377
BFGS:   24 20:06:34       -4.040203        0.2014
BFGS:   25 20:06:34       -4.044491        0.2198
BFGS:   26 20:06:34       -4.054291        0.2449
BFGS:   27 20:06:34       -4.062150        0.2959
BFGS:   28 20:06:34       -4.075246        0.3710
BFGS:   29 20:06:34       -4.089674        0.3948
BFGS:   30 20:06:34       -4.111716        0.6005
BFGS:   31 20:06:34       -4.140211        0.7448
BFGS:   32 20:06:34       -4.196021        0.7945
BFGS:   33 20:06:34       -4.276086        0.6776
BFGS:   34 20:06:34       -4.302346        0.5287
BFGS:   35 20:06:34       -4.333271        0.3981
BFGS:   36 20:06:34       -4.361226        0.5672
BFGS:   37 20:06:34       -4.373636        0.4735
BFGS:   38 20:06:34       -4.396826        0.3012
BFGS:   39 20:06:34       -4.403639        0.1843
BFGS:   40 20:06:34       -4.406642        0.1459
BFGS:   41 20:06:34       -4.408687        0.1526
BFGS:   42 20:06:34       -4.412135        0.1730
BFGS:   43 20:06:34       -4.419565        0.2836
BFGS:   44 20:06:34       -4.428801        0.3516
BFGS:   45 20:06:34       -4.441858        0.6074
BFGS:   46 20:06:34       -4.475990        1.0944
BFGS:   47 20:06:34       -4.518968        1.6177
BFGS:   48 20:06:34       -4.631747        1.6227
BFGS:   49 20:06:34       -4.795611        1.8834
BFGS:   50 20:06:34       -5.001984        1.6009
BFGS:   51 20:06:34       -5.090946        1.8071
BFGS:   52 20:06:34       -5.122600        1.1504
BFGS:   53 20:06:34       -5.155089        1.0971
BFGS:   54 20:06:34       -5.267385        0.7359
BFGS:   55 20:06:34       -5.336525        0.7057
BFGS:   56 20:06:34       -5.483683        1.0177
BFGS:   57 20:06:34       -5.532927        0.5467
BFGS:   58 20:06:34       -5.557337        0.5830
BFGS:   59 20:06:34       -5.583482        0.5415
BFGS:   60 20:06:34       -5.616015        0.4730
BFGS:   61 20:06:34       -5.633195        0.2269
BFGS:   62 20:06:34       -5.638848        0.2024
BFGS:   63 20:06:34       -5.641495        0.1759
BFGS:   64 20:06:34       -5.643392        0.1546
BFGS:   65 20:06:34       -5.645258        0.1481
BFGS:   66 20:06:34       -5.648053        0.1365
BFGS:   67 20:06:34       -5.650377        0.1133
BFGS:   68 20:06:34       -5.651435        0.0830
BFGS:   69 20:06:34       -5.651806        0.0568
BFGS:   70 20:06:34       -5.652029        0.0414
      Step     Time          Energy         fmax
BFGS:    0 20:06:34       12.999839       23.6989
BFGS:    1 20:06:34        1.874221       10.4873
BFGS:    2 20:06:34       -0.381874        9.3582
BFGS:    3 20:06:34       -2.303163        3.2864
BFGS:    4 20:06:34       -2.708464        1.6493
BFGS:    5 20:06:34       -2.926276        0.7959
BFGS:    6 20:06:34       -2.981585        0.5011
BFGS:    7 20:06:34       -2.996350        0.3735
BFGS:    8 20:06:34       -3.004273        0.3040
BFGS:    9 20:06:34       -3.018641        0.3423
BFGS:   10 20:06:34       -3.046610        0.4187
BFGS:   11 20:06:34       -3.082504        0.7644
BFGS:   12 20:06:34       -3.109314        1.0115
BFGS:   13 20:06:34       -3.183427        1.6203
BFGS:   14 20:06:34       -3.236207        1.0451
BFGS:   15 20:06:34       -3.292891        0.7579
BFGS:   16 20:06:34       -3.393538        0.6320
BFGS:   17 20:06:34       -3.405441        0.5059
BFGS:   18 20:06:34       -3.418062        0.3796
BFGS:   19 20:06:34       -3.424378        0.2679
BFGS:   20 20:06:34       -3.429385        0.1706
BFGS:   21 20:06:34       -3.433328        0.0880
BFGS:   22 20:06:34       -3.433916        0.0760
BFGS:   23 20:06:34       -3.434186        0.0650
BFGS:   24 20:06:34       -3.434653        0.0553
BFGS:   25 20:06:34       -3.435360        0.0684
BFGS:   26 20:06:34       -3.436245        0.1141
BFGS:   27 20:06:34       -3.437348        0.1590
BFGS:   28 20:06:34       -3.438998        0.1983
BFGS:   29 20:06:34       -3.442767        0.2585
BFGS:   30 20:06:34       -3.461520        0.4371
BFGS:   31 20:06:34       -3.211960        1.6129
BFGS:   32 20:06:34       -3.519322        0.3390
BFGS:   33 20:06:34       -3.588706        0.2487
BFGS:   34 20:06:34       -3.662092        0.5190
BFGS:   35 20:06:34       -3.715550        0.8655
BFGS:   36 20:06:34       -3.779064        1.0087
BFGS:   37 20:06:34       -3.832186        0.7154
BFGS:   38 20:06:34       -3.866770        0.5858
BFGS:   39 20:06:34       -3.880174        0.5420
BFGS:   40 20:06:34       -3.887978        0.5921
BFGS:   41 20:06:35       -3.896573        0.7703
BFGS:   42 20:06:35       -3.913105        0.7627
BFGS:   43 20:06:35       -3.954868        0.7590
BFGS:   44 20:06:35       -4.023829        0.7613
BFGS:   45 20:06:35       -4.160937        0.9793
BFGS:   46 20:06:35       -4.280846        1.1589
BFGS:   47 20:06:35       -4.356979        1.0786
BFGS:   48 20:06:35       -4.391104        0.9298
BFGS:   49 20:06:35       -4.439668        0.9333
BFGS:   50 20:06:35       -4.501115        0.8089
BFGS:   51 20:06:35       -4.547696        0.7516
BFGS:   52 20:06:35       -4.651456        0.9064
BFGS:   53 20:06:35       -4.789818        1.3065
BFGS:   54 20:06:35       -4.870455        0.6836
BFGS:   55 20:06:35       -4.881589        0.6613
BFGS:   56 20:06:35       -4.914906        0.5580
BFGS:   57 20:06:35       -4.931928        0.4471
BFGS:   58 20:06:35       -4.967162        0.3540
BFGS:   59 20:06:35       -4.992498        0.3610
BFGS:   60 20:06:35       -5.006708        0.4175
BFGS:   61 20:06:35       -5.018555        0.3841
BFGS:   62 20:06:35       -5.043313        0.4832
BFGS:   63 20:06:35       -5.095259        0.6458
BFGS:   64 20:06:35       -5.124297        0.5230
BFGS:   65 20:06:35       -5.160751        0.4223
BFGS:   66 20:06:35       -5.171071        0.3580
BFGS:   67 20:06:35       -5.177043        0.3861
BFGS:   68 20:06:35       -5.182784        0.3947
BFGS:   69 20:06:35       -5.188219        0.3891
BFGS:   70 20:06:35       -5.194203        0.3169
BFGS:   71 20:06:35       -5.201806        0.2508
BFGS:   72 20:06:35       -5.207427        0.1831
BFGS:   73 20:06:35       -5.209780        0.1410
BFGS:   74 20:06:35       -5.210798        0.1084
BFGS:   75 20:06:35       -5.211392        0.0944
BFGS:   76 20:06:35       -5.212318        0.1056
BFGS:   77 20:06:35       -5.213678        0.1337
BFGS:   78 20:06:35       -5.215448        0.1272
BFGS:   79 20:06:35       -5.216966        0.0678
BFGS:   80 20:06:35       -5.217641        0.0453
      Step     Time          Energy         fmax
BFGS:    0 20:06:35       13.789274       30.4248
BFGS:    1 20:06:35        2.694535       12.3044
BFGS:    2 20:06:35       -0.703742        8.0110
BFGS:    3 20:06:35       -2.264934        2.2000
BFGS:    4 20:06:35       -2.607133        1.2922
BFGS:    5 20:06:35       -2.800228        0.5240
BFGS:    6 20:06:35       -2.836222        0.3197
BFGS:    7 20:06:35       -2.845919        0.3272
BFGS:    8 20:06:35       -2.854164        0.3599
BFGS:    9 20:06:35       -2.874532        0.4551
BFGS:   10 20:06:35       -2.921266        0.6149
BFGS:   11 20:06:35       -2.979862        0.6266
BFGS:   12 20:06:35       -3.027571        0.5924
BFGS:   13 20:06:35       -3.088660        1.4548
BFGS:   14 20:06:35       -3.130600        0.5641
BFGS:   15 20:06:35       -3.147561        0.6408
BFGS:   16 20:06:35       -3.174065        0.7720
BFGS:   17 20:06:35       -3.226891        0.6859
BFGS:   18 20:06:35       -3.273134        0.6745
BFGS:   19 20:06:35       -3.317231        0.4432
BFGS:   20 20:06:35       -3.329255        0.4234
BFGS:   21 20:06:35       -3.338309        0.4138
BFGS:   22 20:06:35       -3.361089        0.3568
BFGS:   23 20:06:35       -3.376444        0.1444
BFGS:   24 20:06:35       -3.378461        0.1409
BFGS:   25 20:06:35       -3.379675        0.1248
BFGS:   26 20:06:35       -3.381139        0.0841
BFGS:   27 20:06:35       -3.382478        0.0746
BFGS:   28 20:06:35       -3.383114        0.0782
BFGS:   29 20:06:35       -3.383467        0.0777
BFGS:   30 20:06:35       -3.384078        0.0771
BFGS:   31 20:06:35       -3.385605        0.1117
BFGS:   32 20:06:35       -3.389500        0.1818
BFGS:   33 20:06:35       -3.399753        0.3118
BFGS:   34 20:06:35       -3.417958        0.4664
BFGS:   35 20:06:35       -3.440222        0.6477
BFGS:   36 20:06:35       -3.464173        0.8352
BFGS:   37 20:06:35       -3.474704        0.9948
BFGS:   38 20:06:35       -3.486864        0.9230
BFGS:   39 20:06:35       -3.508615        0.8951
BFGS:   40 20:06:35       -3.529559        0.8974
BFGS:   41 20:06:35       -3.569239        0.9165
BFGS:   42 20:06:35       -3.582108        0.9351
BFGS:   43 20:06:35       -3.606423        0.9209
BFGS:   44 20:06:35       -3.638729        0.8930
BFGS:   45 20:06:35       -3.746519        1.1478
BFGS:   46 20:06:35       -3.789212        0.8808
BFGS:   47 20:06:35       -3.842334        0.6843
BFGS:   48 20:06:35       -3.843310        0.7833
BFGS:   49 20:06:35       -3.878027        0.6219
BFGS:   50 20:06:35       -3.892094        0.5802
BFGS:   51 20:06:35       -3.911750        0.5411
BFGS:   52 20:06:35       -3.943434        0.4891
BFGS:   53 20:06:35       -3.977261        0.5466
BFGS:   54 20:06:35       -4.053658        1.2582
BFGS:   55 20:06:35       -4.137013        2.3122
BFGS:   56 20:06:35       -4.222750        3.5952
BFGS:   57 20:06:35       -4.230344        4.8701
BFGS:   58 20:06:35       -4.367469        3.6593
BFGS:   59 20:06:35       -4.464573        2.9776
BFGS:   60 20:06:35       -4.572543        2.3626
BFGS:   61 20:06:35       -4.651762        1.4469
BFGS:   62 20:06:35       -4.724893        0.9031
BFGS:   63 20:06:35       -4.792429        1.0168
BFGS:   64 20:06:35       -4.819818        1.1502
BFGS:   65 20:06:35       -4.865331        1.2156
BFGS:   66 20:06:35       -4.907617        1.0821
BFGS:   67 20:06:35       -4.984031        0.8084
BFGS:   68 20:06:35       -5.033102        0.7526
BFGS:   69 20:06:35       -5.127453        1.0083
BFGS:   70 20:06:35       -5.134562        1.1614
BFGS:   71 20:06:35       -5.206987        0.8270
BFGS:   72 20:06:35       -5.253503        0.7741
BFGS:   73 20:06:35       -5.439916        0.9085
BFGS:   74 20:06:35       -5.468651        1.1958
BFGS:   75 20:06:35       -5.518436        0.8787
BFGS:   76 20:06:35       -5.539278        0.7667
BFGS:   77 20:06:35       -5.550795        0.7361
BFGS:   78 20:06:35       -5.564398        0.7253
BFGS:   79 20:06:35       -5.577528        0.7287
BFGS:   80 20:06:35       -5.602946        0.6308
BFGS:   81 20:06:35       -5.619281        0.3837
BFGS:   82 20:06:35       -5.626600        0.2971
BFGS:   83 20:06:35       -5.631159        0.2816
BFGS:   84 20:06:35       -5.633765        0.2843
BFGS:   85 20:06:35       -5.636644        0.2623
BFGS:   86 20:06:35       -5.639825        0.2341
BFGS:   87 20:06:35       -5.641228        0.2367
BFGS:   88 20:06:35       -5.642436        0.2309
BFGS:   89 20:06:35       -5.643633        0.2100
BFGS:   90 20:06:35       -5.645521        0.1768
BFGS:   91 20:06:35       -5.647457        0.1334
BFGS:   92 20:06:35       -5.648688        0.0934
BFGS:   93 20:06:35       -5.649061        0.0815
BFGS:   94 20:06:35       -5.649256        0.0801
BFGS:   95 20:06:35       -5.649701        0.0790
BFGS:   96 20:06:35       -5.650434        0.0758
BFGS:   97 20:06:35       -5.651449        0.0732
BFGS:   98 20:06:35       -5.652167        0.0432
      Step     Time          Energy         fmax
BFGS:    0 20:06:35       14.716950       29.6812
BFGS:    1 20:06:35        1.923288       13.8600
BFGS:    2 20:06:35       -0.973229       11.0097
BFGS:    3 20:06:35       -2.423164        3.5110
BFGS:    4 20:06:35       -2.857129        1.6636
BFGS:    5 20:06:35       -3.067889        0.6614
BFGS:    6 20:06:35       -3.113710        0.4452
BFGS:    7 20:06:35       -3.127064        0.4280
BFGS:    8 20:06:35       -3.137438        0.4251
BFGS:    9 20:06:35       -3.155617        0.3927
BFGS:   10 20:06:35       -3.177010        0.4505
BFGS:   11 20:06:35       -3.189529        0.4822
BFGS:   12 20:06:35       -3.204513        0.6251
BFGS:   13 20:06:35       -3.237103        0.9402
BFGS:   14 20:06:35       -3.290146        1.2610
BFGS:   15 20:06:35       -3.422192        2.0406
BFGS:   16 20:06:35       -3.449407        2.7308
BFGS:   17 20:06:35       -3.544346        1.8374
BFGS:   18 20:06:35       -3.628500        1.3772
BFGS:   19 20:06:35       -3.753899        1.3855
BFGS:   20 20:06:35       -3.819478        0.3406
BFGS:   21 20:06:35       -3.833513        0.3052
BFGS:   22 20:06:35       -3.847645        0.3025
BFGS:   23 20:06:35       -3.854907        0.2638
BFGS:   24 20:06:35       -3.872601        0.2194
BFGS:   25 20:06:35       -3.875438        0.1262
BFGS:   26 20:06:35       -3.877065        0.1255
BFGS:   27 20:06:35       -3.878269        0.1298
BFGS:   28 20:06:35       -3.880834        0.1332
BFGS:   29 20:06:35       -3.884744        0.1803
BFGS:   30 20:06:35       -3.890327        0.3118
BFGS:   31 20:06:35       -3.896084        0.4007
BFGS:   32 20:06:35       -3.903609        0.4351
BFGS:   33 20:06:35       -3.916319        0.4094
BFGS:   34 20:06:35       -3.938931        0.4836
BFGS:   35 20:06:35       -3.960122        0.5938
BFGS:   36 20:06:35       -3.981317        0.8087
BFGS:   37 20:06:35       -4.013321        1.1993
BFGS:   38 20:06:35       -4.104582        1.1516
BFGS:   39 20:06:35       -4.095758        1.4061
BFGS:   40 20:06:35       -4.212458        0.8433
BFGS:   41 20:06:35       -4.186718        0.5454
BFGS:   42 20:06:35       -4.242668        0.4281
BFGS:   43 20:06:35       -4.246776        0.8612
BFGS:   44 20:06:35       -4.273946        0.3442
BFGS:   45 20:06:35       -4.282889        0.2771
BFGS:   46 20:06:35       -4.295937        0.1392
BFGS:   47 20:06:35       -4.298499        0.0639
BFGS:   48 20:06:35       -4.299108        0.0317
      Step     Time          Energy         fmax
BFGS:    0 20:06:35       12.851624       32.7902
BFGS:    1 20:06:35        0.967294       10.8691
BFGS:    2 20:06:35       -1.786228        5.4230
BFGS:    3 20:06:35       -2.782319        3.2638
BFGS:    4 20:06:35       -3.273382        1.4542
BFGS:    5 20:06:35       -3.436144        0.6603
BFGS:    6 20:06:35       -3.492739        0.6974
BFGS:    7 20:06:35       -3.527922        0.7423
BFGS:    8 20:06:35       -3.574603        0.7430
BFGS:    9 20:06:35       -3.621354        0.6856
BFGS:   10 20:06:35       -3.666735        0.6005
BFGS:   11 20:06:35       -3.711770        0.7720
BFGS:   12 20:06:35       -3.737517        0.3050
BFGS:   13 20:06:35       -3.743172        0.2611
BFGS:   14 20:06:35       -3.758780        0.2351
BFGS:   15 20:06:35       -3.764627        0.2204
BFGS:   16 20:06:35       -3.774263        0.2929
BFGS:   17 20:06:35       -3.782722        0.3561
BFGS:   18 20:06:35       -3.809813        0.5190
BFGS:   19 20:06:35       -3.870997        0.7330
BFGS:   20 20:06:35       -3.941297        0.9155
BFGS:   21 20:06:35       -4.056345        0.9825
BFGS:   22 20:06:35       -4.112477        1.0037
BFGS:   23 20:06:35       -4.176781        1.0008
BFGS:   24 20:06:35       -4.386643        1.0890
BFGS:   25 20:06:35       -4.472846        1.5361
BFGS:   26 20:06:35       -4.623079        0.7966
BFGS:   27 20:06:35       -4.671536        0.8152
BFGS:   28 20:06:35       -4.714824        0.8075
BFGS:   29 20:06:35       -4.762779        0.7911
BFGS:   30 20:06:35       -4.848229        1.2620
BFGS:   31 20:06:35       -4.892735        1.0996
BFGS:   32 20:06:35       -4.956797        0.6381
BFGS:   33 20:06:35       -4.982808        0.4579
BFGS:   34 20:06:35       -5.018768        0.5745
BFGS:   35 20:06:35       -5.058204        0.7034
BFGS:   36 20:06:35       -5.090772        0.8967
BFGS:   37 20:06:35       -5.177500        1.1269
BFGS:   38 20:06:35       -5.228296        0.6164
BFGS:   39 20:06:35       -5.278675        0.3651
BFGS:   40 20:06:35       -5.299758        0.4621
BFGS:   41 20:06:35       -5.306923        0.4337
BFGS:   42 20:06:35       -5.324289        0.2985
BFGS:   43 20:06:35       -5.338840        0.3933
BFGS:   44 20:06:35       -5.351987        0.3935
BFGS:   45 20:06:35       -5.367826        0.3584
BFGS:   46 20:06:35       -5.378684        0.4096
BFGS:   47 20:06:35       -5.397785        0.4825
BFGS:   48 20:06:35       -5.434857        0.5710
BFGS:   49 20:06:35       -5.471857        0.5808
BFGS:   50 20:06:35       -5.502590        0.6325
BFGS:   51 20:06:35       -5.532751        0.6155
BFGS:   52 20:06:35       -5.561139        0.4843
BFGS:   53 20:06:35       -5.581627        0.3361
BFGS:   54 20:06:35       -5.598304        0.2763
BFGS:   55 20:06:35       -5.610139        0.2697
BFGS:   56 20:06:35       -5.622057        0.2993
BFGS:   57 20:06:35       -5.633398        0.2848
BFGS:   58 20:06:35       -5.640125        0.2141
BFGS:   59 20:06:35       -5.643892        0.2258
BFGS:   60 20:06:35       -5.646224        0.1705
BFGS:   61 20:06:35       -5.647792        0.1480
BFGS:   62 20:06:35       -5.649952        0.1108
BFGS:   63 20:06:35       -5.651627        0.0582
BFGS:   64 20:06:35       -5.652225        0.0264
      Step     Time          Energy         fmax
BFGS:    0 20:06:35       14.021344       39.1329
BFGS:    1 20:06:35        4.008911       15.1060
BFGS:    2 20:06:35        0.984949       13.0640
BFGS:    3 20:06:35       -1.541972        4.1558
BFGS:    4 20:06:35       -2.439640        2.1390
BFGS:    5 20:06:35       -2.778223        0.9324
BFGS:    6 20:06:35       -2.867859        0.3698
BFGS:    7 20:06:35       -2.881960        0.1731
BFGS:    8 20:06:35       -2.883287        0.1202
BFGS:    9 20:06:35       -2.883799        0.0931
BFGS:   10 20:06:35       -2.884943        0.0613
BFGS:   11 20:06:35       -2.886002        0.0576
BFGS:   12 20:06:35       -2.886667        0.0819
BFGS:   13 20:06:35       -2.887064        0.0833
BFGS:   14 20:06:35       -2.887586        0.0904
BFGS:   15 20:06:35       -2.888437        0.0960
BFGS:   16 20:06:35       -2.889839        0.1068
BFGS:   17 20:06:35       -2.891542        0.1332
BFGS:   18 20:06:35       -2.893160        0.1600
BFGS:   19 20:06:35       -2.894888        0.1808
BFGS:   20 20:06:35       -2.898525        0.2338
BFGS:   21 20:06:35       -2.907226        0.3346
BFGS:   22 20:06:35       -2.919972        0.4413
BFGS:   23 20:06:35       -2.939971        0.5446
BFGS:   24 20:06:35       -2.966415        0.6636
BFGS:   25 20:06:35       -2.989449        0.7431
BFGS:   26 20:06:35       -2.990792        0.7877
BFGS:   27 20:06:35       -3.078901        0.7349
BFGS:   28 20:06:35       -3.162420        0.4889
BFGS:   29 20:06:35       -3.197325        0.5539
BFGS:   30 20:06:35       -3.235713        0.5837
BFGS:   31 20:06:35       -3.254660        0.6180
BFGS:   32 20:06:35       -3.288373        0.6601
BFGS:   33 20:06:35       -3.384108        0.7772
BFGS:   34 20:06:35       -3.514290        1.0494
BFGS:   35 20:06:35       -3.628200        1.3147
BFGS:   36 20:06:35       -3.759696        2.4128
BFGS:   37 20:06:35       -4.092725        2.1680
BFGS:   38 20:06:35       -4.172426        2.1633
BFGS:   39 20:06:35       -4.319825        1.6808
BFGS:   40 20:06:35       -4.402759        1.1776
BFGS:   41 20:06:35       -4.455516        0.7789
BFGS:   42 20:06:35       -4.474423        0.8964
BFGS:   43 20:06:35       -4.486373        0.8680
BFGS:   44 20:06:35       -4.514380        0.6841
BFGS:   45 20:06:35       -4.554514        0.4292
BFGS:   46 20:06:35       -4.590703        0.4172
BFGS:   47 20:06:35       -4.606446        0.4763
BFGS:   48 20:06:35       -4.618591        0.5923
BFGS:   49 20:06:35       -4.635044        0.7292
BFGS:   50 20:06:35       -4.659276        0.8618
BFGS:   51 20:06:35       -4.681659        0.9236
BFGS:   52 20:06:35       -4.699637        0.8936
BFGS:   53 20:06:35       -4.726952        0.7777
BFGS:   54 20:06:35       -4.738675        0.7733
BFGS:   55 20:06:35       -4.817895        0.4589
BFGS:   56 20:06:35       -4.808317        0.8053
BFGS:   57 20:06:35       -4.839521        0.3903
BFGS:   58 20:06:35       -4.855117        0.3848
BFGS:   59 20:06:35       -4.928640        0.4887
BFGS:   60 20:06:35       -4.985124        0.6779
BFGS:   61 20:06:35       -5.033155        0.8039
BFGS:   62 20:06:35       -5.072616        0.9362
BFGS:   63 20:06:35       -5.084514        0.6288
BFGS:   64 20:06:35       -5.128295        0.5088
BFGS:   65 20:06:35       -5.140427        0.4890
BFGS:   66 20:06:35       -5.162395        0.3517
BFGS:   67 20:06:35       -5.187261        0.4027
BFGS:   68 20:06:35       -5.196338        0.3491
BFGS:   69 20:06:35       -5.201288        0.2492
BFGS:   70 20:06:35       -5.202879        0.2223
BFGS:   71 20:06:35       -5.205668        0.1878
BFGS:   72 20:06:35       -5.207758        0.1253
BFGS:   73 20:06:35       -5.208623        0.0982
BFGS:   74 20:06:35       -5.208814        0.0936
BFGS:   75 20:06:35       -5.208996        0.0986
BFGS:   76 20:06:35       -5.209283        0.1004
BFGS:   77 20:06:35       -5.209874        0.0926
BFGS:   78 20:06:35       -5.210652        0.0688
BFGS:   79 20:06:35       -5.211315        0.0644
BFGS:   80 20:06:35       -5.211670        0.0538
BFGS:   81 20:06:35       -5.211898        0.0668
BFGS:   82 20:06:35       -5.212308        0.0814
BFGS:   83 20:06:35       -5.213301        0.1023
BFGS:   84 20:06:35       -5.215670        0.1317
BFGS:   85 20:06:35       -5.222657        0.2911
BFGS:   86 20:06:35       -5.235659        0.5945
BFGS:   87 20:06:35       -5.236301        0.7965
BFGS:   88 20:06:35       -5.258896        0.7772
BFGS:   89 20:06:35       -5.353624        0.9172
BFGS:   90 20:06:35       -5.387387        1.8806
BFGS:   91 20:06:35       -5.520066        0.9225
BFGS:   92 20:06:35       -5.556280        0.5706
BFGS:   93 20:06:35       -5.603878        0.7750
BFGS:   94 20:06:35       -5.616054        0.5842
BFGS:   95 20:06:35       -5.622959        0.5568
BFGS:   96 20:06:35       -5.628210        0.4764
BFGS:   97 20:06:35       -5.631229        0.4119
BFGS:   98 20:06:35       -5.633617        0.3603
BFGS:   99 20:06:35       -5.636652        0.3065
BFGS:  100 20:06:35       -5.641410        0.2495
BFGS:  101 20:06:35       -5.647163        0.1878
BFGS:  102 20:06:35       -5.650966        0.0985
BFGS:  103 20:06:35       -5.651903        0.0623
BFGS:  104 20:06:35       -5.651987        0.0518
BFGS:  105 20:06:35       -5.652003        0.0476
      Step     Time          Energy         fmax
BFGS:    0 20:06:35       13.468040       33.1751
BFGS:    1 20:06:35        0.273818        9.8963
BFGS:    2 20:06:35       -1.817937        6.8235
BFGS:    3 20:06:35       -2.882599        2.7119
BFGS:    4 20:06:35       -3.270891        1.3162
BFGS:    5 20:06:35       -3.410074        0.6033
BFGS:    6 20:06:35       -3.448048        0.5406
BFGS:    7 20:06:35       -3.469523        0.5767
BFGS:    8 20:06:35       -3.502587        0.6849
BFGS:    9 20:06:35       -3.565784        0.8899
BFGS:   10 20:06:35       -3.647339        1.0927
BFGS:   11 20:06:35       -3.722544        1.5486
BFGS:   12 20:06:35       -3.857027        2.0967
BFGS:   13 20:06:35       -4.080373        1.0612
BFGS:   14 20:06:35       -4.135882        0.9776
BFGS:   15 20:06:35       -4.221229        0.4954
BFGS:   16 20:06:35       -4.241348        0.4820
BFGS:   17 20:06:35       -4.264421        0.4401
BFGS:   18 20:06:35       -4.289256        0.5392
BFGS:   19 20:06:35       -4.329333        0.6727
BFGS:   20 20:06:35       -4.410462        1.0012
BFGS:   21 20:06:35       -4.530383        1.5759
BFGS:   22 20:06:35       -4.546011        1.9337
BFGS:   23 20:06:35       -4.648974        1.2848
BFGS:   24 20:06:35       -4.724020        1.0113
BFGS:   25 20:06:35       -4.846725        1.5488
BFGS:   26 20:06:35       -4.927835        1.0802
BFGS:   27 20:06:35       -5.012866        1.0481
BFGS:   28 20:06:35       -5.216364        0.6051
BFGS:   29 20:06:35       -5.262664        0.5221
BFGS:   30 20:06:35       -5.277020        0.4855
BFGS:   31 20:06:35       -5.297116        0.4620
BFGS:   32 20:06:35       -5.345329        0.2886
BFGS:   33 20:06:35       -5.359114        0.3299
BFGS:   34 20:06:35       -5.363969        0.3215
BFGS:   35 20:06:35       -5.367163        0.2741
BFGS:   36 20:06:35       -5.371436        0.2166
BFGS:   37 20:06:35       -5.380057        0.2250
BFGS:   38 20:06:35       -5.385220        0.1653
BFGS:   39 20:06:35       -5.388031        0.1690
BFGS:   40 20:06:35       -5.390532        0.1886
BFGS:   41 20:06:35       -5.395736        0.2358
BFGS:   42 20:06:35       -5.409646        0.3634
BFGS:   43 20:06:35       -5.433704        0.6647
BFGS:   44 20:06:35       -5.455742        0.5667
BFGS:   45 20:06:35       -5.539092        0.4407
BFGS:   46 20:06:35       -5.577440        0.4410
BFGS:   47 20:06:35       -5.591651        0.4459
BFGS:   48 20:06:35       -5.592097        0.4867
BFGS:   49 20:06:35       -5.610899        0.3780
BFGS:   50 20:06:35       -5.621695        0.2946
BFGS:   51 20:06:35       -5.639964        0.1425
BFGS:   52 20:06:35       -5.642382        0.1214
BFGS:   53 20:06:35       -5.643581        0.1077
BFGS:   54 20:06:35       -5.644333        0.0992
BFGS:   55 20:06:35       -5.647628        0.1036
BFGS:   56 20:06:35       -5.649457        0.0944
BFGS:   57 20:06:35       -5.650538        0.0836
BFGS:   58 20:06:35       -5.651010        0.0651
BFGS:   59 20:06:35       -5.651352        0.0530
BFGS:   60 20:06:35       -5.651740        0.0554
BFGS:   61 20:06:35       -5.652120        0.0431
      Step     Time          Energy         fmax
BFGS:    0 20:06:35       12.796661       28.7834
BFGS:    1 20:06:35        0.548123       16.6857
BFGS:    2 20:06:35       -1.645939        6.7094
BFGS:    3 20:06:35       -2.594317        3.0721
BFGS:    4 20:06:35       -3.027475        1.6148
BFGS:    5 20:06:35       -3.203476        0.8317
BFGS:    6 20:06:35       -3.251649        0.4704
BFGS:    7 20:06:35       -3.270953        0.4793
BFGS:    8 20:06:35       -3.295441        0.5734
BFGS:    9 20:06:35       -3.352744        0.7236
BFGS:   10 20:06:35       -3.482624        0.8854
BFGS:   11 20:06:35       -3.538077        0.9831
BFGS:   12 20:06:35       -3.649688        0.9038
BFGS:   13 20:06:35       -3.811652        0.6974
BFGS:   14 20:06:35       -3.907175        1.2105
BFGS:   15 20:06:35       -3.957780        1.4491
BFGS:   16 20:06:35       -4.030075        0.9974
BFGS:   17 20:06:35       -4.228103        0.8768
BFGS:   18 20:06:35       -4.309382        1.1160
BFGS:   19 20:06:35       -4.456122        0.9927
BFGS:   20 20:06:36       -4.571131        1.0704
BFGS:   21 20:06:36       -4.624290        0.9587
BFGS:   22 20:06:36       -4.752634        0.8236
BFGS:   23 20:06:36       -4.963512        1.0868
BFGS:   24 20:06:36       -5.011227        1.1010
BFGS:   25 20:06:36       -5.068456        0.7581
BFGS:   26 20:06:36       -5.125771        0.7088
BFGS:   27 20:06:36       -5.233981        0.9419
BFGS:   28 20:06:36       -5.299785        0.7752
BFGS:   29 20:06:36       -5.348306        0.8834
BFGS:   30 20:06:36       -5.382106        0.7347
BFGS:   31 20:06:36       -5.431426        0.7252
BFGS:   32 20:06:36       -5.474923        0.6363
BFGS:   33 20:06:36       -5.516282        0.5738
BFGS:   34 20:06:36       -5.528306        0.6681
BFGS:   35 20:06:36       -5.547909        0.5822
BFGS:   36 20:06:36       -5.608537        0.3200
BFGS:   37 20:06:36       -5.618153        0.2280
BFGS:   38 20:06:36       -5.622564        0.1731
BFGS:   39 20:06:36       -5.624712        0.1687
BFGS:   40 20:06:36       -5.627881        0.1607
BFGS:   41 20:06:36       -5.631858        0.2096
BFGS:   42 20:06:36       -5.634711        0.1930
BFGS:   43 20:06:36       -5.636436        0.1633
BFGS:   44 20:06:36       -5.637847        0.1491
BFGS:   45 20:06:36       -5.640029        0.1596
BFGS:   46 20:06:36       -5.643897        0.1945
BFGS:   47 20:06:36       -5.648072        0.1923
BFGS:   48 20:06:36       -5.650586        0.1332
BFGS:   49 20:06:36       -5.651600        0.0768
BFGS:   50 20:06:36       -5.651841        0.0610
BFGS:   51 20:06:36       -5.652132        0.0405
      Step     Time          Energy         fmax
BFGS:    0 20:06:36       13.623170       29.1076
BFGS:    1 20:06:36        1.965097       14.3247
BFGS:    2 20:06:36       -1.106034        4.7880
BFGS:    3 20:06:36       -2.089112        2.5350
BFGS:    4 20:06:36       -2.618556        1.1733
BFGS:    5 20:06:36       -2.769139        0.5052
BFGS:    6 20:06:36       -2.801521        0.2909
BFGS:    7 20:06:36       -2.808035        0.3006
BFGS:    8 20:06:36       -2.813498        0.3249
BFGS:    9 20:06:36       -2.827908        0.4008
BFGS:   10 20:06:36       -2.862943        0.5705
BFGS:   11 20:06:36       -2.933631        0.7840
BFGS:   12 20:06:36       -3.004963        0.8078
BFGS:   13 20:06:36       -3.052123        0.7739
BFGS:   14 20:06:36       -3.124114        0.7684
BFGS:   15 20:06:36       -3.285159        1.0529
BFGS:   16 20:06:36       -3.307874        0.6559
BFGS:   17 20:06:36       -3.333221        0.6340
BFGS:   18 20:06:36       -3.472856        1.3055
BFGS:   19 20:06:36       -3.524217        1.8951
BFGS:   20 20:06:36       -3.632489        2.0224
BFGS:   21 20:06:36       -3.789068        1.8742
BFGS:   22 20:06:36       -3.870830        0.9986
BFGS:   23 20:06:36       -3.909844        0.7850
BFGS:   24 20:06:36       -3.980440        0.7316
BFGS:   25 20:06:36       -4.143405        1.3100
BFGS:   26 20:06:36       -4.224962        1.0053
BFGS:   27 20:06:36       -4.316629        0.7496
BFGS:   28 20:06:36       -4.342555        0.5589
BFGS:   29 20:06:36       -4.381137        0.6661
BFGS:   30 20:06:36       -4.437202        1.0317
BFGS:   31 20:06:36       -4.532792        1.1871
BFGS:   32 20:06:36       -4.580076        0.9192
BFGS:   33 20:06:36       -4.665351        0.6486
BFGS:   34 20:06:36       -4.707987        0.7836
BFGS:   35 20:06:36       -4.730499        0.7656
BFGS:   36 20:06:36       -4.741298        0.4155
BFGS:   37 20:06:36       -4.757300        0.4046
BFGS:   38 20:06:36       -4.784191        0.5349
BFGS:   39 20:06:36       -4.800445        0.3346
BFGS:   40 20:06:36       -4.819533        0.2633
BFGS:   41 20:06:36       -4.823657        0.3048
BFGS:   42 20:06:36       -4.830254        0.2925
BFGS:   43 20:06:36       -4.837087        0.2057
BFGS:   44 20:06:36       -4.840952        0.1598
BFGS:   45 20:06:36       -4.842890        0.1609
BFGS:   46 20:06:36       -4.844865        0.1902
BFGS:   47 20:06:36       -4.848187        0.2598
BFGS:   48 20:06:36       -4.856582        0.4130
BFGS:   49 20:06:36       -4.890099        0.7271
BFGS:   50 20:06:36       -4.927994        0.9126
BFGS:   51 20:06:36       -4.968020        1.0461
BFGS:   52 20:06:36       -4.942146        0.9863
BFGS:   53 20:06:36       -5.124992        0.8444
BFGS:   54 20:06:36       -5.176581        0.6643
BFGS:   55 20:06:36       -5.216450        0.4863
BFGS:   56 20:06:36       -5.229533        0.4871
BFGS:   57 20:06:36       -5.261007        0.6012
BFGS:   58 20:06:36       -5.284663        0.4763
BFGS:   59 20:06:36       -5.305894        0.4707
BFGS:   60 20:06:36       -5.320172        0.3420
BFGS:   61 20:06:36       -5.335077        0.1478
BFGS:   62 20:06:36       -5.339765        0.0998
BFGS:   63 20:06:36       -5.340938        0.0437
