       Step     Time          Energy         fmax
GPMin:    0 21:23:43       -3.666290        0.2626
GPMin:    1 21:23:52       -3.846132        0.2808
GPMin:    2 21:24:00       -4.007190        0.3269
GPMin:    3 21:24:07       -4.127193        0.3294
GPMin:    4 21:24:14       -4.254120        0.2925
GPMin:    5 21:24:20       -4.320793        0.2594
GPMin:    6 21:24:26       -4.393018        0.2278
GPMin:    7 21:24:32       -4.456193        0.2173
GPMin:    8 21:24:38       -4.511966        0.1992
GPMin:    9 21:24:44       -4.562727        0.1699
GPMin:   10 21:24:51       -4.619863        0.1450
GPMin:   11 21:24:56       -4.658061        0.1268
GPMin:   12 21:25:03       -4.702365        0.1217
GPMin:   13 21:25:09       -4.741590        0.1278
GPMin:   14 21:25:15       -4.777357        0.1227
GPMin:   15 21:25:21       -4.812551        0.1036
GPMin:   16 21:25:27       -4.839456        0.0891
GPMin:   17 21:25:32       -4.856298        0.0854
GPMin:   18 21:25:37       -4.869108        0.0837
GPMin:   19 21:25:42       -4.884823        0.0733
GPMin:   20 21:25:48       -4.901162        0.0577
GPMin:   21 21:25:53       -4.912780        0.0506
GPMin:   22 21:25:58       -4.920272        0.0489
GPMin:   23 21:26:03       -4.925602        0.0430
GPMin:   24 21:26:08       -4.929081        0.0309
GPMin:   25 21:26:13       -4.930667        0.0241
GPMin:   26 21:26:18       -4.931921        0.0304
GPMin:   27 21:26:22       -4.932832        0.0220
GPMin:   28 21:26:27       -4.933520        0.0144
       Step     Time          Energy         fmax
GPMin:    0 21:26:36       -4.128263        0.6815
GPMin:    1 21:26:43       -4.332300        0.1321
GPMin:    2 21:26:49       -4.360042        0.1239
GPMin:    3 21:26:55       -4.390310        0.0921
GPMin:    4 21:27:01       -4.410714        0.0456
GPMin:    5 21:27:06       -4.424538        0.0347
GPMin:    6 21:27:11       -4.434792        0.0295
GPMin:    7 21:27:17       -4.442415        0.0259
GPMin:    8 21:27:22       -4.446806        0.0270
GPMin:    9 21:27:28       -4.458103        0.0222
GPMin:   10 21:27:33       -4.460028        0.0293
GPMin:   11 21:27:38       -4.462668        0.0172
       Step     Time          Energy         fmax
GPMin:    0 21:27:48       -4.561152        0.3189
GPMin:    1 21:27:55       -4.702679        0.2089
GPMin:    2 21:28:02       -4.771118        0.0972
GPMin:    3 21:28:08       -4.783178        0.0719
GPMin:    4 21:28:14       -4.789047        0.0375
GPMin:    5 21:28:19       -4.793178        0.0264
GPMin:    6 21:28:24       -4.795329        0.0181
       Step     Time          Energy         fmax
GPMin:    0 21:28:33       -4.145351        0.3575
GPMin:    1 21:28:41       -4.294716        0.1866
GPMin:    2 21:28:46       -4.358168        0.1538
GPMin:    3 21:28:52       -4.417988        0.1464
GPMin:    4 21:28:58       -4.471317        0.1892
GPMin:    5 21:29:05       -4.545251        0.2194
GPMin:    6 21:29:11       -4.623399        0.1945
GPMin:    7 21:29:18       -4.682824        0.0997
GPMin:    8 21:29:23       -4.703896        0.0758
GPMin:    9 21:29:29       -4.713828        0.0564
GPMin:   10 21:29:35       -4.722874        0.0370
GPMin:   11 21:29:41       -4.730404        0.0451
GPMin:   12 21:29:46       -4.740146        0.0434
GPMin:   13 21:29:52       -4.750698        0.0370
GPMin:   14 21:29:58       -4.760322        0.0411
GPMin:   15 21:30:04       -4.770514        0.0505
GPMin:   16 21:30:10       -4.780910        0.0444
GPMin:   17 21:30:15       -4.789403        0.0374
GPMin:   18 21:30:20       -4.796263        0.0407
GPMin:   19 21:30:25       -4.801989        0.0407
GPMin:   20 21:30:30       -4.809208        0.0382
GPMin:   21 21:30:36       -4.817017        0.0383
GPMin:   22 21:30:42       -4.826854        0.0463
GPMin:   23 21:30:48       -4.837470        0.0487
GPMin:   24 21:30:54       -4.850409        0.0481
GPMin:   25 21:31:00       -4.862749        0.0531
GPMin:   26 21:31:05       -4.871997        0.0520
GPMin:   27 21:31:11       -4.876169        0.0481
GPMin:   28 21:31:16       -4.880779        0.0360
GPMin:   29 21:31:20       -4.885404        0.0235
GPMin:   30 21:31:26       -4.888691        0.0199
       Step     Time          Energy         fmax
GPMin:    0 21:31:36       -4.160321        0.2412
GPMin:    1 21:31:43       -4.310655        0.1719
GPMin:    2 21:31:50       -4.389873        0.1711
GPMin:    3 21:31:56       -4.444676        0.1793
GPMin:    4 21:32:02       -4.509916        0.1631
GPMin:    5 21:32:08       -4.558169        0.1393
GPMin:    6 21:32:15       -4.597224        0.1285
GPMin:    7 21:32:21       -4.649227        0.1197
GPMin:    8 21:32:26       -4.697870        0.1151
GPMin:    9 21:32:32       -4.738064        0.1117
GPMin:   10 21:32:38       -4.769786        0.1062
GPMin:   11 21:32:44       -4.800760        0.0916
GPMin:   12 21:32:50       -4.829249        0.0856
GPMin:   13 21:32:55       -4.854034        0.0765
GPMin:   14 21:33:00       -4.876952        0.0680
GPMin:   15 21:33:05       -4.894399        0.0602
GPMin:   16 21:33:10       -4.910618        0.0530
GPMin:   17 21:33:15       -4.921344        0.0415
GPMin:   18 21:33:20       -4.927661        0.0315
GPMin:   19 21:33:25       -4.930603        0.0263
GPMin:   20 21:33:29       -4.932831        0.0178
       Step     Time          Energy         fmax
GPMin:    0 21:33:39       -4.371248        0.3404
GPMin:    1 21:33:46       -4.497253        0.1693
GPMin:    2 21:33:53       -4.538648        0.0721
GPMin:    3 21:33:59       -4.556159        0.0567
GPMin:    4 21:34:05       -4.571148        0.0544
GPMin:    5 21:34:12       -4.590217        0.0663
GPMin:    6 21:34:18       -4.625058        0.0779
GPMin:    7 21:34:25       -4.670179        0.0901
GPMin:    8 21:34:31       -4.713058        0.0975
GPMin:    9 21:34:36       -4.750007        0.0975
GPMin:   10 21:34:42       -4.787534        0.0870
GPMin:   11 21:34:47       -4.825357        0.0753
GPMin:   12 21:34:53       -4.856522        0.0690
GPMin:   13 21:34:58       -4.884065        0.0665
GPMin:   14 21:35:03       -4.906217        0.0455
GPMin:   15 21:35:08       -4.915891        0.0446
GPMin:   16 21:35:13       -4.924543        0.0486
GPMin:   17 21:35:18       -4.928887        0.0336
GPMin:   18 21:35:24       -4.931879        0.0164
       Step     Time          Energy         fmax
GPMin:    0 21:35:36       -3.627026        0.1696
GPMin:    1 21:35:45       -3.729268        0.2055
GPMin:    2 21:35:53       -3.827198        0.2177
GPMin:    3 21:36:02       -3.920288        0.1748
GPMin:    4 21:36:09       -3.975824        0.1338
GPMin:    5 21:36:15       -4.007916        0.1069
GPMin:    6 21:36:21       -4.027106        0.1066
GPMin:    7 21:36:28       -4.136678        0.2507
GPMin:    8 21:36:34       -4.170957        0.2173
GPMin:    9 21:36:41       -4.218182        0.1800
GPMin:   10 21:36:47       -4.276031        0.1779
GPMin:   11 21:36:54       -4.345117        0.1710
GPMin:   12 21:36:59       -4.417333        0.1427
GPMin:   13 21:37:05       -4.483543        0.1651
GPMin:   14 21:37:11       -4.545419        0.1769
GPMin:   15 21:37:17       -4.607257        0.1689
GPMin:   16 21:37:23       -4.659172        0.1362
GPMin:   17 21:37:29       -4.701485        0.1131
GPMin:   18 21:37:35       -4.735391        0.0936
GPMin:   19 21:37:40       -4.766650        0.1000
GPMin:   20 21:37:47       -4.797167        0.1018
GPMin:   21 21:37:53       -4.825426        0.0915
GPMin:   22 21:37:59       -4.850679        0.0840
GPMin:   23 21:38:04       -4.873018        0.0627
GPMin:   24 21:38:09       -4.887592        0.0539
GPMin:   25 21:38:14       -4.897374        0.0507
GPMin:   26 21:38:19       -4.907641        0.0490
GPMin:   27 21:38:24       -4.917298        0.0403
GPMin:   28 21:38:29       -4.924854        0.0322
GPMin:   29 21:38:34       -4.929206        0.0234
GPMin:   30 21:38:39       -4.931230        0.0199
       Step     Time          Energy         fmax
GPMin:    0 21:38:49       -4.549939        0.2389
GPMin:    1 21:38:56       -4.655751        0.1657
GPMin:    2 21:39:02       -4.729464        0.1416
GPMin:    3 21:39:08       -4.793242        0.1195
GPMin:    4 21:39:14       -4.830541        0.0789
GPMin:    5 21:39:20       -4.854179        0.1049
GPMin:    6 21:39:26       -4.883939        0.0784
GPMin:    7 21:39:32       -4.908033        0.0557
GPMin:    8 21:39:37       -4.924727        0.0339
GPMin:    9 21:39:42       -4.929299        0.0240
GPMin:   10 21:39:46       -4.930335        0.0233
GPMin:   11 21:39:51       -4.932415        0.0131
       Step     Time          Energy         fmax
GPMin:    0 21:40:01       -4.245289        0.8068
GPMin:    1 21:40:08       -4.521735        0.3149
GPMin:    2 21:40:14       -4.640445        0.2913
GPMin:    3 21:40:20       -4.726880        0.2184
GPMin:    4 21:40:26       -4.781868        0.1616
GPMin:    5 21:40:31       -4.822259        0.1168
GPMin:    6 21:40:37       -4.852289        0.0962
GPMin:    7 21:40:42       -4.870706        0.0516
GPMin:    8 21:40:47       -4.879846        0.0364
GPMin:    9 21:40:53       -4.883697        0.0317
GPMin:   10 21:40:58       -4.886114        0.0282
GPMin:   11 21:41:03       -4.888176        0.0208
GPMin:   12 21:41:08       -4.889244        0.0161
       Step     Time          Energy         fmax
GPMin:    0 21:41:17       -4.325045        0.2618
GPMin:    1 21:41:24       -4.445209        0.1576
GPMin:    2 21:41:32       -4.516195        0.1283
GPMin:    3 21:41:38       -4.582391        0.1248
GPMin:    4 21:41:45       -4.640806        0.1212
GPMin:    5 21:41:51       -4.695783        0.1200
GPMin:    6 21:41:56       -4.743762        0.1192
GPMin:    7 21:42:02       -4.789478        0.1208
GPMin:    8 21:42:08       -4.823003        0.1036
GPMin:    9 21:42:14       -4.846877        0.0747
GPMin:   10 21:42:20       -4.863766        0.0579
GPMin:   11 21:42:25       -4.876064        0.0447
GPMin:   12 21:42:30       -4.884349        0.0281
GPMin:   13 21:42:35       -4.888333        0.0269
GPMin:   14 21:42:40       -4.890031        0.0096
       Step     Time          Energy         fmax
GPMin:    0 21:42:53       -3.691090        0.3207
GPMin:    1 21:43:02       -3.881774        0.2302
GPMin:    2 21:43:10       -3.983942        0.1704
GPMin:    3 21:43:17       -4.055888        0.1903
GPMin:    4 21:43:23       -4.136155        0.2511
GPMin:    5 21:43:30       -4.204491        0.2840
GPMin:    6 21:43:35       -4.270537        0.2988
GPMin:    7 21:43:42       -4.376468        0.2691
GPMin:    8 21:43:48       -4.455750        0.2460
GPMin:    9 21:43:55       -4.536148        0.1875
GPMin:   10 21:44:01       -4.600879        0.1663
GPMin:   11 21:44:07       -4.652111        0.1215
GPMin:   12 21:44:12       -4.685168        0.1204
GPMin:   13 21:44:18       -4.715236        0.1263
GPMin:   14 21:44:24       -4.747520        0.1040
GPMin:   15 21:44:29       -4.767935        0.0888
GPMin:   16 21:44:35       -4.789292        0.0849
GPMin:   17 21:44:40       -4.809100        0.0775
GPMin:   18 21:44:45       -4.825172        0.0713
GPMin:   19 21:44:51       -4.842670        0.0674
GPMin:   20 21:44:57       -4.858091        0.0652
GPMin:   21 21:45:03       -4.873365        0.0587
GPMin:   22 21:45:09       -4.883272        0.0381
GPMin:   23 21:45:14       -4.886874        0.0244
GPMin:   24 21:45:19       -4.887618        0.0201
GPMin:   25 21:45:24       -4.888771        0.0141
       Step     Time          Energy         fmax
GPMin:    0 21:45:34       -4.351789        0.5846
GPMin:    1 21:45:41       -4.522616        0.2791
GPMin:    2 21:45:47       -4.621472        0.1887
GPMin:    3 21:45:54       -4.686398        0.1506
GPMin:    4 21:46:00       -4.734876        0.1045
GPMin:    5 21:46:06       -4.766725        0.0916
GPMin:    6 21:46:11       -4.796745        0.0611
GPMin:    7 21:46:17       -4.816963        0.0560
GPMin:    8 21:46:23       -4.835652        0.0695
GPMin:    9 21:46:29       -4.853143        0.0688
GPMin:   10 21:46:35       -4.867772        0.0603
GPMin:   11 21:46:40       -4.877831        0.0542
GPMin:   12 21:46:46       -4.883102        0.0439
GPMin:   13 21:46:51       -4.885414        0.0270
GPMin:   14 21:46:55       -4.888078        0.0246
GPMin:   15 21:47:00       -4.889691        0.0164
       Step     Time          Energy         fmax
GPMin:    0 21:47:09       -4.322437        0.3938
GPMin:    1 21:47:17       -4.486489        0.1633
GPMin:    2 21:47:22       -4.527759        0.1360
GPMin:    3 21:47:29       -4.560658        0.1599
GPMin:    4 21:47:35       -4.614138        0.1969
GPMin:    5 21:47:41       -4.685967        0.2108
GPMin:    6 21:47:48       -4.753562        0.1786
GPMin:    7 21:47:54       -4.805535        0.1076
GPMin:    8 21:48:00       -4.843071        0.1077
GPMin:    9 21:48:06       -4.863767        0.0709
GPMin:   10 21:48:12       -4.871590        0.0476
GPMin:   11 21:48:17       -4.878069        0.0414
GPMin:   12 21:48:23       -4.884228        0.0278
GPMin:   13 21:48:28       -4.887791        0.0244
GPMin:   14 21:48:32       -4.889210        0.0140
       Step     Time          Energy         fmax
GPMin:    0 21:48:42       -4.308048        0.5335
GPMin:    1 21:48:49       -4.439047        0.1450
GPMin:    2 21:48:55       -4.466566        0.0575
GPMin:    3 21:49:00       -4.471039        0.0418
GPMin:    4 21:49:06       -4.478797        0.0641
GPMin:    5 21:49:12       -4.514225        0.0807
GPMin:    6 21:49:17       -4.573506        0.1215
GPMin:    7 21:49:23       -4.651290        0.1517
GPMin:    8 21:49:28       -4.742743        0.1668
GPMin:    9 21:49:34       -4.825164        0.1503
GPMin:   10 21:49:39       -4.878126        0.1004
GPMin:   11 21:49:45       -4.896388        0.0688
GPMin:   12 21:49:50       -4.903370        0.0861
GPMin:   13 21:49:55       -4.916173        0.0408
GPMin:   14 21:50:00       -4.921752        0.0352
GPMin:   15 21:50:04       -4.925672        0.0340
GPMin:   16 21:50:09       -4.929134        0.0265
GPMin:   17 21:50:14       -4.931537        0.0188
       Step     Time          Energy         fmax
GPMin:    0 21:50:26       -3.874034        0.2590
GPMin:    1 21:50:34       -4.063380        0.2224
GPMin:    2 21:50:42       -4.191507        0.2401
GPMin:    3 21:50:49       -4.267681        0.2409
GPMin:    4 21:50:56       -4.346747        0.2751
GPMin:    5 21:51:02       -4.382713        0.2852
GPMin:    6 21:51:08       -4.441503        0.2554
GPMin:    7 21:51:15       -4.482664        0.2004
GPMin:    8 21:51:21       -4.522525        0.1320
GPMin:    9 21:51:28       -4.556159        0.1281
GPMin:   10 21:51:34       -4.586820        0.1365
GPMin:   11 21:51:40       -4.624537        0.1263
GPMin:   12 21:51:46       -4.674022        0.1183
GPMin:   13 21:51:51       -4.717115        0.1240
GPMin:   14 21:51:57       -4.762416        0.1258
GPMin:   15 21:52:04       -4.807195        0.1141
GPMin:   16 21:52:10       -4.846404        0.0938
GPMin:   17 21:52:17       -4.876651        0.0730
GPMin:   18 21:52:22       -4.895712        0.0653
GPMin:   19 21:52:28       -4.907990        0.0589
GPMin:   20 21:52:32       -4.914831        0.0501
GPMin:   21 21:52:36       -4.920287        0.0411
GPMin:   22 21:52:42       -4.925575        0.0427
GPMin:   23 21:52:47       -4.929854        0.0350
GPMin:   24 21:52:52       -4.932220        0.0199
       Step     Time          Energy         fmax
GPMin:    0 21:53:03       -4.229575        0.3066
GPMin:    1 21:53:10       -4.406484        0.2633
GPMin:    2 21:53:17       -4.492703        0.2121
GPMin:    3 21:53:25       -4.558310        0.1296
GPMin:    4 21:53:31       -4.610079        0.1379
GPMin:    5 21:53:37       -4.662722        0.1229
GPMin:    6 21:53:44       -4.705457        0.1001
GPMin:    7 21:53:50       -4.742712        0.0843
GPMin:    8 21:53:57       -4.775284        0.0916
GPMin:    9 21:54:03       -4.804177        0.0914
GPMin:   10 21:54:08       -4.833341        0.0806
GPMin:   11 21:54:14       -4.860427        0.0709
GPMin:   12 21:54:19       -4.882551        0.0626
GPMin:   13 21:54:24       -4.905055        0.0564
GPMin:   14 21:54:29       -4.917980        0.0461
GPMin:   15 21:54:34       -4.924847        0.0380
GPMin:   16 21:54:39       -4.928620        0.0317
GPMin:   17 21:54:44       -4.931034        0.0233
GPMin:   18 21:54:49       -4.932652        0.0228
GPMin:   19 21:54:54       -4.933296        0.0191
       Step     Time          Energy         fmax
GPMin:    0 21:55:03       -4.430838        0.1992
GPMin:    1 21:55:09       -4.458763        0.1542
GPMin:    2 21:55:16       -4.486335        0.1463
GPMin:    3 21:55:22       -4.549477        0.1197
GPMin:    4 21:55:29       -4.621765        0.1549
GPMin:    5 21:55:34       -4.703107        0.1728
GPMin:    6 21:55:41       -4.781470        0.1653
GPMin:    7 21:55:47       -4.840457        0.1154
GPMin:    8 21:55:53       -4.871093        0.0754
GPMin:    9 21:55:58       -4.888817        0.0767
GPMin:   10 21:56:04       -4.905462        0.0651
GPMin:   11 21:56:09       -4.915538        0.0453
GPMin:   12 21:56:14       -4.923581        0.0520
GPMin:   13 21:56:19       -4.929985        0.0360
GPMin:   14 21:56:24       -4.933010        0.0153
       Step     Time          Energy         fmax
GPMin:    0 21:56:34       -4.504474        0.6566
GPMin:    1 21:56:41       -4.692114        0.1732
GPMin:    2 21:56:46       -4.749555        0.1363
GPMin:    3 21:56:53       -4.777806        0.0561
GPMin:    4 21:56:58       -4.783885        0.0520
GPMin:    5 21:57:03       -4.791321        0.0400
GPMin:    6 21:57:08       -4.797162        0.0222
GPMin:    7 21:57:13       -4.800714        0.0261
GPMin:    8 21:57:18       -4.803115        0.0233
GPMin:    9 21:57:24       -4.805863        0.0259
GPMin:   10 21:57:29       -4.812096        0.0236
GPMin:   11 21:57:35       -4.819588        0.0379
GPMin:   12 21:57:42       -4.831223        0.0464
GPMin:   13 21:57:48       -4.847069        0.0418
GPMin:   14 21:57:55       -4.861777        0.0516
GPMin:   15 21:58:00       -4.868346        0.0521
GPMin:   16 21:58:05       -4.874010        0.0440
GPMin:   17 21:58:11       -4.882536        0.0302
GPMin:   18 21:58:16       -4.887988        0.0221
GPMin:   19 21:58:21       -4.889849        0.0099
       Step     Time          Energy         fmax
GPMin:    0 21:58:30       -4.392307        0.4974
GPMin:    1 21:58:37       -4.575767        0.1917
GPMin:    2 21:58:43       -4.639858        0.1250
GPMin:    3 21:58:49       -4.671580        0.1026
GPMin:    4 21:58:55       -4.707660        0.1028
GPMin:    5 21:59:01       -4.741751        0.0875
GPMin:    6 21:59:06       -4.777405        0.0744
GPMin:    7 21:59:12       -4.811278        0.0658
GPMin:    8 21:59:18       -4.839737        0.0794
GPMin:    9 21:59:24       -4.859966        0.0676
GPMin:   10 21:59:31       -4.875325        0.0487
GPMin:   11 21:59:36       -4.883269        0.0495
GPMin:   12 21:59:42       -4.885962        0.0282
GPMin:   13 21:59:46       -4.887375        0.0246
GPMin:   14 21:59:51       -4.889532        0.0137
       Step     Time          Energy         fmax
GPMin:    0 22:00:01       -3.501176        0.3539
GPMin:    1 22:00:07       -3.683339        0.1025
GPMin:    2 22:00:13       -3.688840        0.0662
GPMin:    3 22:00:18       -3.693123        0.0274
GPMin:    4 22:00:31       -3.703566        0.0401
GPMin:    5 22:00:52       -3.703784        0.0173
       Step     Time          Energy         fmax
GPMin:    0 22:01:01       -4.226209        0.5963
GPMin:    1 22:01:08       -4.403802        0.1794
GPMin:    2 22:01:15       -4.443150        0.1593
GPMin:    3 22:01:21       -4.474382        0.0914
GPMin:    4 22:01:27       -4.507300        0.1191
GPMin:    5 22:01:33       -4.559019        0.1144
GPMin:    6 22:01:39       -4.623743        0.1520
GPMin:    7 22:01:44       -4.698959        0.1732
GPMin:    8 22:01:51       -4.771284        0.1594
GPMin:    9 22:01:57       -4.821249        0.1119
GPMin:   10 22:02:03       -4.846488        0.0782
GPMin:   11 22:02:08       -4.863599        0.0866
GPMin:   12 22:02:13       -4.884478        0.0800
GPMin:   13 22:02:18       -4.900116        0.0578
GPMin:   14 22:02:23       -4.911033        0.0518
GPMin:   15 22:02:27       -4.919459        0.0488
GPMin:   16 22:02:33       -4.927154        0.0301
GPMin:   17 22:02:38       -4.931047        0.0186
       Step     Time          Energy         fmax
GPMin:    0 22:02:50       -3.874034        0.2590
GPMin:    1 22:02:58       -4.063360        0.2224
GPMin:    2 22:03:06       -4.191492        0.2401
GPMin:    3 22:03:13       -4.267682        0.2409
GPMin:    4 22:03:20       -4.346708        0.2751
GPMin:    5 22:03:27       -4.382727        0.2852
GPMin:    6 22:03:33       -4.441516        0.2553
GPMin:    7 22:03:40       -4.482719        0.2003
GPMin:    8 22:03:46       -4.522579        0.1319
GPMin:    9 22:03:53       -4.556208        0.1281
GPMin:   10 22:03:59       -4.586875        0.1365
GPMin:   11 22:04:05       -4.624616        0.1262
GPMin:   12 22:04:11       -4.674066        0.1182
GPMin:   13 22:04:17       -4.717137        0.1240
GPMin:   14 22:04:22       -4.762434        0.1258
GPMin:   15 22:04:29       -4.807208        0.1141
GPMin:   16 22:04:35       -4.846409        0.0938
GPMin:   17 22:04:42       -4.876651        0.0730
GPMin:   18 22:04:47       -4.895704        0.0652
GPMin:   19 22:04:52       -4.907985        0.0589
GPMin:   20 22:04:57       -4.914839        0.0501
GPMin:   21 22:05:01       -4.920297        0.0411
GPMin:   22 22:05:06       -4.925579        0.0427
GPMin:   23 22:05:11       -4.929856        0.0350
GPMin:   24 22:05:16       -4.932220        0.0199
       Step     Time          Energy         fmax
GPMin:    0 22:05:26       -4.262369        0.2770
GPMin:    1 22:05:33       -4.400630        0.2080
GPMin:    2 22:05:39       -4.472968        0.1040
GPMin:    3 22:05:45       -4.487510        0.0359
GPMin:    4 22:05:51       -4.491815        0.0369
GPMin:    5 22:05:56       -4.512246        0.0538
GPMin:    6 22:06:02       -4.547126        0.0889
GPMin:    7 22:06:07       -4.599292        0.1153
GPMin:    8 22:06:13       -4.659045        0.1113
GPMin:    9 22:06:19       -4.709526        0.0766
GPMin:   10 22:06:24       -4.738599        0.0639
GPMin:   11 22:06:30       -4.756618        0.0997
GPMin:   12 22:06:36       -4.785618        0.0966
GPMin:   13 22:06:42       -4.816651        0.0789
GPMin:   14 22:06:48       -4.849588        0.0693
GPMin:   15 22:06:53       -4.880492        0.0674
GPMin:   16 22:06:59       -4.898960        0.0720
GPMin:   17 22:07:04       -4.905874        0.0728
GPMin:   18 22:07:10       -4.916468        0.0606
GPMin:   19 22:07:15       -4.924484        0.0397
GPMin:   20 22:07:20       -4.928797        0.0426
GPMin:   21 22:07:25       -4.931200        0.0349
GPMin:   22 22:07:30       -4.933194        0.0168
       Step     Time          Energy         fmax
GPMin:    0 22:07:42       -3.666292        0.2624
GPMin:    1 22:07:51       -3.846042        0.2807
GPMin:    2 22:08:00       -4.007083        0.3269
GPMin:    3 22:08:07       -4.127158        0.3294
GPMin:    4 22:08:14       -4.253971        0.2927
GPMin:    5 22:08:20       -4.320748        0.2596
GPMin:    6 22:08:27       -4.392929        0.2279
GPMin:    7 22:08:32       -4.456162        0.2173
GPMin:    8 22:08:38       -4.511921        0.1992
GPMin:    9 22:08:45       -4.562683        0.1700
GPMin:   10 22:08:51       -4.619780        0.1453
GPMin:   11 22:08:57       -4.657974        0.1267
GPMin:   12 22:09:03       -4.702340        0.1216
GPMin:   13 22:09:09       -4.741530        0.1277
GPMin:   14 22:09:16       -4.777358        0.1226
GPMin:   15 22:09:22       -4.812533        0.1036
GPMin:   16 22:09:27       -4.839460        0.0892
GPMin:   17 22:09:32       -4.856318        0.0855
GPMin:   18 22:09:37       -4.869125        0.0837
GPMin:   19 22:09:43       -4.884830        0.0733
GPMin:   20 22:09:48       -4.901163        0.0577
GPMin:   21 22:09:53       -4.912788        0.0505
GPMin:   22 22:09:58       -4.920282        0.0488
GPMin:   23 22:10:03       -4.925608        0.0430
GPMin:   24 22:10:08       -4.929086        0.0309
GPMin:   25 22:10:13       -4.930671        0.0240
GPMin:   26 22:10:18       -4.931922        0.0304
GPMin:   27 22:10:23       -4.932832        0.0220
GPMin:   28 22:10:28       -4.933520        0.0144
       Step     Time          Energy         fmax
GPMin:    0 22:10:39       -3.889631        0.4721
GPMin:    1 22:10:46       -4.167029        0.4469
GPMin:    2 22:10:53       -4.355315        0.3486
GPMin:    3 22:11:00       -4.464593        0.1969
GPMin:    4 22:11:07       -4.502083        0.1099
GPMin:    5 22:11:13       -4.516417        0.0949
GPMin:    6 22:11:18       -4.524543        0.0627
GPMin:    7 22:11:23       -4.534289        0.0772
GPMin:    8 22:11:28       -4.553743        0.0964
GPMin:    9 22:11:34       -4.587629        0.0925
GPMin:   10 22:11:40       -4.629226        0.1020
GPMin:   11 22:11:45       -4.676925        0.0985
GPMin:   12 22:11:51       -4.715157        0.0839
GPMin:   13 22:11:57       -4.740490        0.0791
GPMin:   14 22:12:03       -4.759587        0.1048
GPMin:   15 22:12:09       -4.784582        0.1041
GPMin:   16 22:12:14       -4.814283        0.0787
GPMin:   17 22:12:19       -4.840484        0.0728
GPMin:   18 22:12:24       -4.861885        0.0654
GPMin:   19 22:12:29       -4.881596        0.0741
GPMin:   20 22:12:34       -4.897948        0.0724
GPMin:   21 22:12:39       -4.911259        0.0593
GPMin:   22 22:12:44       -4.919217        0.0462
GPMin:   23 22:12:49       -4.925558        0.0380
GPMin:   24 22:12:54       -4.930197        0.0271
GPMin:   25 22:12:58       -4.932437        0.0202
GPMin:   26 22:13:02       -4.933410        0.0137
       Step     Time          Energy         fmax
GPMin:    0 22:13:12       -4.351789        0.5847
GPMin:    1 22:13:19       -4.522609        0.2791
GPMin:    2 22:13:25       -4.621466        0.1887
GPMin:    3 22:13:32       -4.686394        0.1506
GPMin:    4 22:13:38       -4.734874        0.1045
GPMin:    5 22:13:44       -4.766722        0.0916
GPMin:    6 22:13:50       -4.796743        0.0611
GPMin:    7 22:13:55       -4.816960        0.0560
GPMin:    8 22:14:01       -4.835652        0.0695
GPMin:    9 22:14:07       -4.853147        0.0688
GPMin:   10 22:14:13       -4.867778        0.0603
GPMin:   11 22:14:19       -4.877837        0.0542
GPMin:   12 22:14:25       -4.883103        0.0439
GPMin:   13 22:14:30       -4.885416        0.0270
GPMin:   14 22:14:35       -4.888079        0.0246
GPMin:   15 22:14:39       -4.889691        0.0164
       Step     Time          Energy         fmax
GPMin:    0 22:14:52       -3.628665        0.2907
GPMin:    1 22:15:01       -3.808898        0.2688
GPMin:    2 22:15:10       -3.916120        0.2415
GPMin:    3 22:15:16       -3.972335        0.2055
GPMin:    4 22:15:24       -4.005421        0.2082
GPMin:    5 22:15:29       -4.011832        0.1858
GPMin:    6 22:15:35       -4.100373        0.1335
GPMin:    7 22:15:41       -4.133895        0.1549
GPMin:    8 22:15:46       -4.165405        0.1702
GPMin:    9 22:15:52       -4.217812        0.2137
GPMin:   10 22:15:58       -4.250880        0.2381
GPMin:   11 22:16:04       -4.347748        0.2971
GPMin:   12 22:16:10       -4.400875        0.3091
GPMin:   13 22:16:16       -4.501196        0.3159
GPMin:   14 22:16:21       -4.575119        0.3118
GPMin:   15 22:16:27       -4.671587        0.2887
GPMin:   16 22:16:33       -4.737803        0.2511
GPMin:   17 22:16:39       -4.792482        0.1728
GPMin:   18 22:16:46       -4.821721        0.0920
GPMin:   19 22:16:51       -4.831445        0.1179
GPMin:   20 22:16:56       -4.849379        0.1093
GPMin:   21 22:17:02       -4.864996        0.0712
GPMin:   22 22:17:07       -4.878335        0.0777
GPMin:   23 22:17:12       -4.893050        0.0710
GPMin:   24 22:17:18       -4.905406        0.0566
GPMin:   25 22:17:23       -4.914118        0.0620
GPMin:   26 22:17:28       -4.921890        0.0527
GPMin:   27 22:17:33       -4.926753        0.0356
GPMin:   28 22:17:39       -4.929664        0.0282
GPMin:   29 22:17:43       -4.932222        0.0203
GPMin:   30 22:17:48       -4.932741        0.0206
GPMin:   31 22:17:52       -4.933410        0.0137
       Step     Time          Energy         fmax
GPMin:    0 22:18:01       -4.656965        0.5220
GPMin:    1 22:18:08       -4.783439        0.0788
GPMin:    2 22:18:13       -4.792997        0.0578
GPMin:    3 22:18:19       -4.801776        0.0895
GPMin:    4 22:18:26       -4.822971        0.0695
GPMin:    5 22:18:32       -4.841615        0.0618
GPMin:    6 22:18:38       -4.861287        0.0636
GPMin:    7 22:18:45       -4.879654        0.0425
GPMin:    8 22:18:51       -4.885241        0.0369
GPMin:    9 22:18:56       -4.887240        0.0249
GPMin:   10 22:19:01       -4.889530        0.0138
       Step     Time          Energy         fmax
GPMin:    0 22:19:12       -3.908147        0.7847
GPMin:    1 22:19:18       -4.133613        0.2223
GPMin:    2 22:19:25       -4.187544        0.1271
GPMin:    3 22:19:31       -4.222747        0.1207
GPMin:    4 22:19:37       -4.272108        0.1417
GPMin:    5 22:19:43       -4.331636        0.1648
GPMin:    6 22:19:50       -4.404335        0.1904
GPMin:    7 22:19:56       -4.506533        0.2039
GPMin:    8 22:20:03       -4.595318        0.1979
GPMin:    9 22:20:09       -4.677354        0.1653
GPMin:   10 22:20:16       -4.732174        0.1103
GPMin:   11 22:20:22       -4.758531        0.0936
GPMin:   12 22:20:27       -4.776700        0.1023
GPMin:   13 22:20:32       -4.802787        0.0929
GPMin:   14 22:20:38       -4.828065        0.0838
GPMin:   15 22:20:44       -4.850560        0.0760
GPMin:   16 22:20:50       -4.873151        0.0689
GPMin:   17 22:20:55       -4.891690        0.0660
GPMin:   18 22:21:01       -4.906727        0.0484
GPMin:   19 22:21:06       -4.915042        0.0520
GPMin:   20 22:21:11       -4.921728        0.0489
GPMin:   21 22:21:16       -4.927661        0.0356
GPMin:   22 22:21:21       -4.930568        0.0280
GPMin:   23 22:21:26       -4.932042        0.0328
GPMin:   24 22:21:31       -4.933447        0.0146
       Step     Time          Energy         fmax
GPMin:    0 22:21:41       -4.507853        0.6979
GPMin:    1 22:21:48       -4.732109        0.1781
GPMin:    2 22:21:54       -4.778672        0.1190
GPMin:    3 22:22:01       -4.813251        0.1036
GPMin:    4 22:22:07       -4.837704        0.0778
GPMin:    5 22:22:13       -4.859264        0.0758
GPMin:    6 22:22:19       -4.883771        0.0662
GPMin:    7 22:22:24       -4.902551        0.0535
GPMin:    8 22:22:29       -4.916850        0.0427
GPMin:    9 22:22:34       -4.925177        0.0302
GPMin:   10 22:22:39       -4.931379        0.0293
GPMin:   11 22:22:44       -4.933295        0.0172
       Step     Time          Energy         fmax
GPMin:    0 22:22:56       -3.972953        0.7901
GPMin:    1 22:23:05       -4.225636        0.2506
GPMin:    2 22:23:12       -4.344197        0.2064
GPMin:    3 22:23:18       -4.402575        0.1816
GPMin:    4 22:23:24       -4.443689        0.1593
GPMin:    5 22:23:30       -4.469377        0.1361
GPMin:    6 22:23:35       -4.493147        0.1150
GPMin:    7 22:23:48       -4.522448        0.1255
GPMin:    8 22:23:54       -4.526517        0.1081
GPMin:    9 22:24:00       -4.545562        0.1391
GPMin:   10 22:24:13       -4.584333        0.1064
GPMin:   11 22:24:18       -4.594543        0.0936
GPMin:   12 22:24:25       -4.612434        0.0822
GPMin:   13 22:24:31       -4.633111        0.0956
GPMin:   14 22:24:36       -4.666681        0.0764
GPMin:   15 22:24:42       -4.697284        0.0890
GPMin:   16 22:24:48       -4.729098        0.0930
GPMin:   17 22:24:55       -4.759151        0.0762
GPMin:   18 22:25:00       -4.785425        0.0875
GPMin:   19 22:25:06       -4.815198        0.0784
GPMin:   20 22:25:11       -4.844161        0.0653
GPMin:   21 22:25:16       -4.865751        0.0661
GPMin:   22 22:25:21       -4.885909        0.0703
GPMin:   23 22:25:26       -4.902857        0.0608
GPMin:   24 22:25:32       -4.913809        0.0593
GPMin:   25 22:25:37       -4.922095        0.0501
GPMin:   26 22:25:42       -4.927891        0.0290
GPMin:   27 22:25:47       -4.930405        0.0275
GPMin:   28 22:25:51       -4.932704        0.0193
       Step     Time          Energy         fmax
GPMin:    0 22:26:10       -3.596889        0.3326
GPMin:    1 22:26:21       -3.820987        0.3370
GPMin:    2 22:26:30       -3.962291        0.2684
GPMin:    3 22:26:38       -4.021546        0.1920
GPMin:    4 22:26:46       -4.050721        0.1072
GPMin:    5 22:26:52       -4.058897        0.1139
GPMin:    6 22:27:00       -4.121088        0.1589
GPMin:    7 22:27:05       -4.156015        0.1400
GPMin:    8 22:27:12       -4.188321        0.1278
GPMin:    9 22:27:18       -4.209189        0.0972
GPMin:   10 22:27:24       -4.249363        0.1153
GPMin:   11 22:27:30       -4.271448        0.1132
GPMin:   12 22:27:35       -4.296017        0.1129
GPMin:   13 22:27:40       -4.323711        0.1132
GPMin:   14 22:27:46       -4.347639        0.1154
GPMin:   15 22:27:52       -4.379661        0.1212
GPMin:   16 22:27:58       -4.410146        0.1236
GPMin:   17 22:28:03       -4.444220        0.1319
GPMin:   18 22:28:10       -4.484742        0.1409
GPMin:   19 22:28:17       -4.528619        0.1524
GPMin:   20 22:28:23       -4.572670        0.1614
GPMin:   21 22:28:29       -4.631986        0.1668
GPMin:   22 22:28:35       -4.679220        0.1530
GPMin:   23 22:28:41       -4.726214        0.1134
GPMin:   24 22:28:48       -4.752210        0.0749
GPMin:   25 22:28:54       -4.763306        0.0744
GPMin:   26 22:28:59       -4.770796        0.0729
GPMin:   27 22:29:04       -4.778534        0.0430
GPMin:   28 22:29:09       -4.783269        0.0347
GPMin:   29 22:29:15       -4.788127        0.0356
GPMin:   30 22:29:20       -4.790506        0.0296
GPMin:   31 22:29:25       -4.792555        0.0297
GPMin:   32 22:29:30       -4.793480        0.0317
GPMin:   33 22:29:35       -4.794871        0.0275
GPMin:   34 22:29:40       -4.795533        0.0176
       Step     Time          Energy         fmax
GPMin:    0 22:29:51       -3.695749        1.0087
GPMin:    1 22:29:59       -4.042826        0.3288
GPMin:    2 22:30:06       -4.151567        0.2894
GPMin:    3 22:30:13       -4.237378        0.2068
GPMin:    4 22:30:19       -4.273194        0.1315
GPMin:    5 22:30:25       -4.291864        0.0839
GPMin:    6 22:30:31       -4.298292        0.0792
GPMin:    7 22:30:38       -4.310483        0.1288
GPMin:    8 22:30:43       -4.316840        0.0745
GPMin:    9 22:30:50       -4.317001        0.0776
GPMin:   10 22:30:55       -4.320773        0.0527
GPMin:   11 22:31:01       -4.323908        0.0264
GPMin:   12 22:31:06       -4.325252        0.0348
GPMin:   13 22:31:12       -4.329036        0.0329
GPMin:   14 22:31:18       -4.333110        0.0294
GPMin:   15 22:31:24       -4.337215        0.0493
GPMin:   16 22:31:30       -4.349350        0.0414
GPMin:   17 22:31:36       -4.359589        0.0669
GPMin:   18 22:31:41       -4.378454        0.0699
GPMin:   19 22:31:48       -4.408008        0.1135
GPMin:   20 22:31:54       -4.449579        0.1528
GPMin:   21 22:32:01       -4.507845        0.1796
GPMin:   22 22:32:08       -4.570231        0.1624
GPMin:   23 22:32:14       -4.621644        0.1276
GPMin:   24 22:32:20       -4.649516        0.1252
GPMin:   25 22:32:26       -4.671515        0.1200
GPMin:   26 22:32:32       -4.701711        0.1185
GPMin:   27 22:32:39       -4.734352        0.1144
GPMin:   28 22:32:45       -4.766286        0.1053
GPMin:   29 22:32:51       -4.795167        0.0912
GPMin:   30 22:32:56       -4.820218        0.0810
GPMin:   31 22:33:01       -4.843241        0.0739
GPMin:   32 22:33:06       -4.864830        0.0677
GPMin:   33 22:33:11       -4.884278        0.0594
GPMin:   34 22:33:17       -4.900806        0.0502
GPMin:   35 22:33:21       -4.913153        0.0400
GPMin:   36 22:33:26       -4.921815        0.0326
GPMin:   37 22:33:32       -4.927411        0.0282
GPMin:   38 22:33:36       -4.931060        0.0225
GPMin:   39 22:33:41       -4.932874        0.0133
       Step     Time          Energy         fmax
GPMin:    0 22:33:50       -4.353699        0.3632
GPMin:    1 22:33:57       -4.502939        0.1347
GPMin:    2 22:34:03       -4.548825        0.1086
GPMin:    3 22:34:09       -4.575107        0.0786
GPMin:    4 22:34:15       -4.596836        0.0736
GPMin:    5 22:34:20       -4.623003        0.0764
GPMin:    6 22:34:26       -4.660391        0.0802
GPMin:    7 22:34:32       -4.703935        0.0797
GPMin:    8 22:34:37       -4.744458        0.0843
GPMin:    9 22:34:42       -4.778651        0.0831
GPMin:   10 22:34:47       -4.818041        0.0744
GPMin:   11 22:34:52       -4.852742        0.0589
GPMin:   12 22:34:57       -4.879764        0.0699
GPMin:   13 22:35:03       -4.900675        0.0628
GPMin:   14 22:35:08       -4.917136        0.0487
GPMin:   15 22:35:13       -4.923344        0.0345
GPMin:   16 22:35:19       -4.926563        0.0328
GPMin:   17 22:35:24       -4.930185        0.0219
GPMin:   18 22:35:29       -4.931894        0.0116
       Step     Time          Energy         fmax
GPMin:    0 22:35:40       -3.861272        0.3195
GPMin:    1 22:35:47       -4.046164        0.1763
GPMin:    2 22:35:54       -4.099773        0.1428
GPMin:    3 22:36:00       -4.139556        0.1624
GPMin:    4 22:36:06       -4.196263        0.1959
GPMin:    5 22:36:12       -4.266383        0.2302
GPMin:    6 22:36:19       -4.353779        0.2701
GPMin:    7 22:36:25       -4.457632        0.2928
GPMin:    8 22:36:31       -4.563842        0.2905
GPMin:    9 22:36:38       -4.663000        0.2541
GPMin:   10 22:36:44       -4.739434        0.1892
GPMin:   11 22:36:50       -4.794932        0.1350
GPMin:   12 22:36:55       -4.826913        0.1263
GPMin:   13 22:37:02       -4.854463        0.0819
GPMin:   14 22:37:08       -4.877420        0.0840
GPMin:   15 22:37:13       -4.893476        0.0643
GPMin:   16 22:37:18       -4.903333        0.0573
GPMin:   17 22:37:23       -4.910470        0.0499
GPMin:   18 22:37:28       -4.919029        0.0473
GPMin:   19 22:37:33       -4.925809        0.0309
GPMin:   20 22:37:38       -4.929027        0.0293
GPMin:   21 22:37:43       -4.931614        0.0304
GPMin:   22 22:37:48       -4.932764        0.0148
       Step     Time          Energy         fmax
GPMin:    0 22:37:59       -4.430838        0.1992
GPMin:    1 22:38:05       -4.458736        0.1544
GPMin:    2 22:38:12       -4.486286        0.1465
GPMin:    3 22:38:18       -4.549418        0.1198
GPMin:    4 22:38:24       -4.621712        0.1549
GPMin:    5 22:38:30       -4.703041        0.1728
GPMin:    6 22:38:36       -4.781419        0.1653
GPMin:    7 22:38:43       -4.840432        0.1155
GPMin:    8 22:38:48       -4.871081        0.0754
GPMin:    9 22:38:53       -4.888801        0.0767
GPMin:   10 22:38:59       -4.905456        0.0651
GPMin:   11 22:39:04       -4.915536        0.0453
GPMin:   12 22:39:09       -4.923578        0.0520
GPMin:   13 22:39:14       -4.929984        0.0361
GPMin:   14 22:39:19       -4.933010        0.0153
       Step     Time          Energy         fmax
GPMin:    0 22:39:29       -4.374545        0.3472
GPMin:    1 22:39:36       -4.480987        0.1261
GPMin:    2 22:39:42       -4.505272        0.1066
GPMin:    3 22:39:49       -4.529839        0.1014
GPMin:    4 22:39:55       -4.561899        0.1308
GPMin:    5 22:40:02       -4.619045        0.1771
GPMin:    6 22:40:08       -4.698821        0.2126
GPMin:    7 22:40:15       -4.780937        0.1847
GPMin:    8 22:40:21       -4.838043        0.0875
GPMin:    9 22:40:27       -4.866229        0.0773
GPMin:   10 22:40:33       -4.879924        0.0469
GPMin:   11 22:40:38       -4.882818        0.0430
GPMin:   12 22:40:43       -4.885617        0.0240
GPMin:   13 22:40:48       -4.887705        0.0242
GPMin:   14 22:40:53       -4.889333        0.0129
       Step     Time          Energy         fmax
GPMin:    0 22:41:06       -3.251891        0.2627
GPMin:    1 22:41:16       -3.392297        0.2602
GPMin:    2 22:41:25       -3.490910        0.2436
GPMin:    3 22:41:33       -3.574524        0.1787
GPMin:    4 22:41:43       -3.625519        0.1451
GPMin:    5 22:41:52       -3.674002        0.1840
GPMin:    6 22:42:01       -3.715727        0.2190
GPMin:    7 22:42:09       -3.788704        0.2648
GPMin:    8 22:42:16       -3.860744        0.2726
GPMin:    9 22:42:23       -3.911289        0.2712
GPMin:   10 22:42:30       -3.969310        0.2276
GPMin:   11 22:42:36       -3.984918        0.2207
GPMin:   12 22:42:43       -4.107025        0.3156
GPMin:   13 22:42:49       -4.141427        0.3225
GPMin:   14 22:42:55       -4.168672        0.2706
GPMin:   15 22:43:01       -4.212001        0.1779
GPMin:   16 22:43:07       -4.234332        0.1347
GPMin:   17 22:43:14       -4.264922        0.1634
GPMin:   18 22:43:19       -4.278064        0.1761
GPMin:   19 22:43:25       -4.300288        0.1385
GPMin:   20 22:43:32       -4.331634        0.0986
GPMin:   21 22:43:38       -4.356546        0.0831
GPMin:   22 22:43:44       -4.378228        0.0965
GPMin:   23 22:43:50       -4.407450        0.0924
GPMin:   24 22:43:56       -4.440659        0.0956
GPMin:   25 22:44:02       -4.475332        0.1076
GPMin:   26 22:44:08       -4.515534        0.1237
GPMin:   27 22:44:14       -4.564480        0.1468
GPMin:   28 22:44:21       -4.619016        0.1642
GPMin:   29 22:44:27       -4.678445        0.1685
GPMin:   30 22:44:34       -4.730808        0.1491
GPMin:   31 22:44:40       -4.772133        0.1084
GPMin:   32 22:44:46       -4.799301        0.1000
GPMin:   33 22:44:51       -4.816762        0.0924
GPMin:   34 22:44:56       -4.832324        0.0847
GPMin:   35 22:45:02       -4.848881        0.0886
GPMin:   36 22:45:08       -4.867206        0.0971
GPMin:   37 22:45:13       -4.886669        0.0746
GPMin:   38 22:45:18       -4.903928        0.0736
GPMin:   39 22:45:23       -4.916106        0.0600
GPMin:   40 22:45:29       -4.922866        0.0375
GPMin:   41 22:45:34       -4.925889        0.0311
GPMin:   42 22:45:39       -4.927654        0.0398
GPMin:   43 22:45:43       -4.930051        0.0315
GPMin:   44 22:45:48       -4.931140        0.0232
GPMin:   45 22:45:54       -4.931874        0.0238
GPMin:   46 22:45:58       -4.933198        0.0177
       Step     Time          Energy         fmax
GPMin:    0 22:46:07       -4.262369        0.2770
GPMin:    1 22:46:15       -4.400618        0.2080
GPMin:    2 22:46:21       -4.472960        0.1041
GPMin:    3 22:46:28       -4.487510        0.0359
GPMin:    4 22:46:33       -4.491815        0.0369
GPMin:    5 22:46:38       -4.512250        0.0538
GPMin:    6 22:46:44       -4.547143        0.0889
GPMin:    7 22:46:50       -4.599320        0.1154
GPMin:    8 22:46:55       -4.659082        0.1113
GPMin:    9 22:47:01       -4.709563        0.0766
GPMin:   10 22:47:06       -4.738627        0.0639
GPMin:   11 22:47:12       -4.756649        0.0997
GPMin:   12 22:47:18       -4.785665        0.0966
GPMin:   13 22:47:24       -4.816699        0.0789
GPMin:   14 22:47:30       -4.849627        0.0693
GPMin:   15 22:47:36       -4.880525        0.0674
GPMin:   16 22:47:41       -4.898982        0.0720
GPMin:   17 22:47:47       -4.905884        0.0728
GPMin:   18 22:47:52       -4.916480        0.0606
GPMin:   19 22:47:57       -4.924488        0.0397
GPMin:   20 22:48:02       -4.928796        0.0425
GPMin:   21 22:48:07       -4.931199        0.0349
GPMin:   22 22:48:12       -4.933194        0.0168
       Step     Time          Energy         fmax
GPMin:    0 22:48:23       -4.561152        0.3188
GPMin:    1 22:48:30       -4.702642        0.2089
GPMin:    2 22:48:36       -4.771105        0.0973
GPMin:    3 22:48:42       -4.783177        0.0719
GPMin:    4 22:48:47       -4.789045        0.0375
GPMin:    5 22:48:52       -4.793178        0.0264
GPMin:    6 22:48:58       -4.795329        0.0181
       Step     Time          Energy         fmax
GPMin:    0 22:49:07       -4.656965        0.5221
GPMin:    1 22:49:14       -4.783442        0.0788
GPMin:    2 22:49:19       -4.792997        0.0579
GPMin:    3 22:49:25       -4.801773        0.0896
GPMin:    4 22:49:32       -4.822973        0.0695
GPMin:    5 22:49:37       -4.841618        0.0617
GPMin:    6 22:49:44       -4.861290        0.0636
GPMin:    7 22:49:50       -4.879657        0.0426
GPMin:    8 22:49:56       -4.885242        0.0369
GPMin:    9 22:50:01       -4.887242        0.0249
GPMin:   10 22:50:07       -4.889530        0.0138
       Step     Time          Energy         fmax
GPMin:    0 22:50:16       -4.349145        0.6207
GPMin:    1 22:50:23       -4.530933        0.2949
GPMin:    2 22:50:29       -4.641619        0.1779
GPMin:    3 22:50:35       -4.709620        0.1502
GPMin:    4 22:50:41       -4.767644        0.1059
GPMin:    5 22:50:47       -4.810207        0.0923
GPMin:    6 22:50:53       -4.846170        0.0650
GPMin:    7 22:50:59       -4.868723        0.0594
GPMin:    8 22:51:05       -4.882757        0.0480
GPMin:    9 22:51:10       -4.887267        0.0300
GPMin:   10 22:51:15       -4.888423        0.0181
       Step     Time          Energy         fmax
GPMin:    0 22:51:27       -3.874033        0.2592
GPMin:    1 22:51:35       -4.063337        0.2224
GPMin:    2 22:51:43       -4.191514        0.2400
GPMin:    3 22:51:50       -4.267695        0.2409
GPMin:    4 22:51:57       -4.346598        0.2752
GPMin:    5 22:52:04       -4.382521        0.2853
GPMin:    6 22:52:10       -4.441313        0.2556
GPMin:    7 22:52:16       -4.482488        0.2007
GPMin:    8 22:52:23       -4.522452        0.1323
GPMin:    9 22:52:29       -4.556123        0.1281
GPMin:   10 22:52:36       -4.586786        0.1365
GPMin:   11 22:52:42       -4.624491        0.1264
GPMin:   12 22:52:47       -4.673984        0.1183
GPMin:   13 22:52:53       -4.717077        0.1240
GPMin:   14 22:52:59       -4.762307        0.1258
GPMin:   15 22:53:06       -4.807091        0.1142
GPMin:   16 22:53:12       -4.846306        0.0939
GPMin:   17 22:53:19       -4.876560        0.0731
GPMin:   18 22:53:25       -4.895632        0.0653
GPMin:   19 22:53:30       -4.907946        0.0590
GPMin:   20 22:53:35       -4.914830        0.0501
GPMin:   21 22:53:39       -4.920286        0.0411
GPMin:   22 22:53:44       -4.925571        0.0427
GPMin:   23 22:53:50       -4.929852        0.0351
GPMin:   24 22:53:55       -4.932220        0.0199
       Step     Time          Energy         fmax
GPMin:    0 22:54:06       -4.052185        0.2044
GPMin:    1 22:54:14       -4.202494        0.1762
GPMin:    2 22:54:20       -4.299657        0.1358
GPMin:    3 22:54:27       -4.351310        0.0897
GPMin:    4 22:54:33       -4.373215        0.0748
GPMin:    5 22:54:38       -4.391900        0.0721
GPMin:    6 22:54:44       -4.403197        0.0669
GPMin:    7 22:54:50       -4.416452        0.0559
GPMin:    8 22:54:56       -4.425685        0.0443
GPMin:    9 22:55:02       -4.434675        0.0432
GPMin:   10 22:55:07       -4.442926        0.0291
GPMin:   11 22:55:12       -4.446191        0.0286
GPMin:   12 22:55:17       -4.453691        0.0486
GPMin:   13 22:55:22       -4.458737        0.0244
GPMin:   14 22:55:27       -4.462480        0.0276
GPMin:   15 22:55:32       -4.470400        0.0406
GPMin:   16 22:55:37       -4.485858        0.0558
GPMin:   17 22:55:43       -4.525085        0.0920
GPMin:   18 22:55:48       -4.586618        0.1284
GPMin:   19 22:55:54       -4.663321        0.1571
GPMin:   20 22:55:59       -4.751922        0.1672
GPMin:   21 22:56:05       -4.829718        0.1418
GPMin:   22 22:56:10       -4.870566        0.0864
GPMin:   23 22:56:16       -4.880892        0.0723
GPMin:   24 22:56:21       -4.887713        0.0816
GPMin:   25 22:56:26       -4.902530        0.0681
GPMin:   26 22:56:32       -4.913007        0.0508
GPMin:   27 22:56:37       -4.919671        0.0406
GPMin:   28 22:56:41       -4.925742        0.0340
GPMin:   29 22:56:47       -4.930665        0.0204
GPMin:   30 22:56:51       -4.932455        0.0150
       Step     Time          Energy         fmax
GPMin:    0 22:57:02       -4.322438        0.3938
GPMin:    1 22:57:09       -4.486484        0.1634
GPMin:    2 22:57:15       -4.527761        0.1361
GPMin:    3 22:57:22       -4.560671        0.1599
GPMin:    4 22:57:28       -4.614149        0.1970
GPMin:    5 22:57:35       -4.685985        0.2108
GPMin:    6 22:57:41       -4.753577        0.1786
GPMin:    7 22:57:48       -4.805542        0.1076
GPMin:    8 22:57:54       -4.843078        0.1077
GPMin:    9 22:58:00       -4.863769        0.0709
GPMin:   10 22:58:06       -4.871590        0.0476
GPMin:   11 22:58:11       -4.878069        0.0414
GPMin:   12 22:58:16       -4.884230        0.0278
GPMin:   13 22:58:22       -4.887791        0.0244
GPMin:   14 22:58:26       -4.889210        0.0140
       Step     Time          Energy         fmax
GPMin:    0 22:58:40       -3.711796        0.4194
GPMin:    1 22:58:49       -3.998925        0.4276
GPMin:    2 22:58:56       -4.225303        0.4001
GPMin:    3 22:59:03       -4.411655        0.3288
GPMin:    4 22:59:10       -4.532173        0.2408
GPMin:    5 22:59:17       -4.596587        0.1880
GPMin:    6 22:59:23       -4.653688        0.1939
GPMin:    7 22:59:30       -4.705815        0.1657
GPMin:    8 22:59:36       -4.741273        0.1269
GPMin:    9 22:59:42       -4.767046        0.1047
GPMin:   10 22:59:47       -4.793745        0.1143
GPMin:   11 22:59:54       -4.819257        0.0871
GPMin:   12 23:00:00       -4.838304        0.0901
GPMin:   13 23:00:06       -4.854351        0.0901
GPMin:   14 23:00:12       -4.873346        0.0754
GPMin:   15 23:00:17       -4.889806        0.0655
GPMin:   16 23:00:23       -4.902682        0.0694
GPMin:   17 23:00:28       -4.914064        0.0550
GPMin:   18 23:00:33       -4.921649        0.0435
GPMin:   19 23:00:38       -4.926333        0.0366
GPMin:   20 23:00:43       -4.930316        0.0240
GPMin:   21 23:00:49       -4.931749        0.0213
GPMin:   22 23:00:54       -4.932656        0.0198
       Step     Time          Energy         fmax
GPMin:    0 23:01:04       -4.208706        0.3065
GPMin:    1 23:01:11       -4.379340        0.2870
GPMin:    2 23:01:18       -4.490283        0.2566
GPMin:    3 23:01:25       -4.581275        0.1665
GPMin:    4 23:01:32       -4.640439        0.1627
GPMin:    5 23:01:38       -4.696275        0.1614
GPMin:    6 23:01:44       -4.751292        0.1186
GPMin:    7 23:01:50       -4.786219        0.0834
GPMin:    8 23:01:56       -4.805729        0.1024
GPMin:    9 23:02:02       -4.825400        0.1177
GPMin:   10 23:02:08       -4.852505        0.0841
GPMin:   11 23:02:14       -4.875219        0.0642
GPMin:   12 23:02:19       -4.896283        0.0590
GPMin:   13 23:02:25       -4.911370        0.0541
GPMin:   14 23:02:30       -4.918922        0.0550
GPMin:   15 23:02:35       -4.925198        0.0366
GPMin:   16 23:02:40       -4.928425        0.0381
GPMin:   17 23:02:44       -4.931826        0.0249
GPMin:   18 23:02:50       -4.933127        0.0159
       Step     Time          Energy         fmax
GPMin:    0 23:03:03       -3.308850        0.3096
GPMin:    1 23:03:13       -3.530288        0.3404
GPMin:    2 23:03:21       -3.700504        0.3742
GPMin:    3 23:03:30       -3.832924        0.3894
GPMin:    4 23:03:37       -3.904543        0.3840
GPMin:    5 23:03:45       -4.033580        0.4350
GPMin:    6 23:03:52       -4.068214        0.2914
GPMin:    7 23:03:58       -4.091169        0.2159
GPMin:    8 23:04:04       -4.111176        0.1998
GPMin:    9 23:04:10       -4.137427        0.2176
GPMin:   10 23:04:15       -4.159434        0.2146
GPMin:   11 23:04:21       -4.192508        0.2030
GPMin:   12 23:04:27       -4.224820        0.1837
GPMin:   13 23:04:32       -4.238550        0.1715
GPMin:   14 23:04:39       -4.252639        0.4354
GPMin:   15 23:04:46       -4.289032        0.1792
GPMin:   16 23:04:52       -4.339524        0.1829
GPMin:   17 23:04:59       -4.369132        0.1848
GPMin:   18 23:05:05       -4.433635        0.2367
GPMin:   19 23:05:12       -4.494520        0.2323
GPMin:   20 23:05:18       -4.545283        0.1823
GPMin:   21 23:05:24       -4.589653        0.1446
GPMin:   22 23:05:30       -4.613892        0.1077
GPMin:   23 23:05:36       -4.626340        0.1123
GPMin:   24 23:05:42       -4.646737        0.1183
GPMin:   25 23:05:48       -4.673156        0.1196
GPMin:   26 23:05:53       -4.702172        0.1192
GPMin:   27 23:05:59       -4.732772        0.1123
GPMin:   28 23:06:04       -4.768986        0.0996
GPMin:   29 23:06:09       -4.803241        0.0867
GPMin:   30 23:06:14       -4.832950        0.0746
GPMin:   31 23:06:20       -4.854285        0.0757
GPMin:   32 23:06:25       -4.868749        0.0641
GPMin:   33 23:06:30       -4.877575        0.0539
GPMin:   34 23:06:35       -4.882899        0.0444
GPMin:   35 23:06:41       -4.885731        0.0386
GPMin:   36 23:06:46       -4.887539        0.0235
GPMin:   37 23:06:51       -4.888236        0.0195
       Step     Time          Energy         fmax
GPMin:    0 23:07:05       -3.594010        0.3597
GPMin:    1 23:07:14       -3.804719        0.3685
GPMin:    2 23:07:22       -3.982746        0.3692
GPMin:    3 23:07:30       -4.123172        0.3653
GPMin:    4 23:07:37       -4.242462        0.3269
GPMin:    5 23:07:44       -4.328105        0.3327
GPMin:    6 23:07:50       -4.401654        0.3234
GPMin:    7 23:07:57       -4.482444        0.2755
GPMin:    8 23:08:02       -4.542132        0.2344
GPMin:    9 23:08:09       -4.615831        0.1837
GPMin:   10 23:08:16       -4.654009        0.1934
GPMin:   11 23:08:22       -4.689510        0.2070
GPMin:   12 23:08:28       -4.743410        0.1483
GPMin:   13 23:08:35       -4.771291        0.0825
GPMin:   14 23:08:41       -4.781730        0.0707
GPMin:   15 23:08:46       -4.789643        0.0718
GPMin:   16 23:08:52       -4.801115        0.0715
GPMin:   17 23:08:59       -4.815911        0.0897
GPMin:   18 23:09:05       -4.835096        0.0938
GPMin:   19 23:09:10       -4.858899        0.0843
GPMin:   20 23:09:16       -4.878251        0.0886
GPMin:   21 23:09:21       -4.893740        0.0812
GPMin:   22 23:09:27       -4.906701        0.0571
GPMin:   23 23:09:33       -4.914125        0.0632
GPMin:   24 23:09:38       -4.918525        0.0684
GPMin:   25 23:09:43       -4.924090        0.0421
GPMin:   26 23:09:48       -4.926993        0.0376
GPMin:   27 23:09:53       -4.929934        0.0472
GPMin:   28 23:09:58       -4.932337        0.0281
GPMin:   29 23:10:03       -4.932988        0.0167
       Step     Time          Energy         fmax
GPMin:    0 23:10:14       -4.187682        0.5699
GPMin:    1 23:10:22       -4.429216        0.2612
GPMin:    2 23:10:29       -4.513622        0.1883
GPMin:    3 23:10:36       -4.578546        0.1333
GPMin:    4 23:10:41       -4.622715        0.0960
GPMin:    5 23:10:47       -4.646704        0.1014
GPMin:    6 23:10:53       -4.675724        0.0998
GPMin:    7 23:10:59       -4.712442        0.0906
GPMin:    8 23:11:05       -4.749252        0.0894
GPMin:    9 23:11:11       -4.782706        0.0889
GPMin:   10 23:11:16       -4.816154        0.0817
GPMin:   11 23:11:22       -4.847202        0.0701
GPMin:   12 23:11:27       -4.875149        0.0611
GPMin:   13 23:11:32       -4.895335        0.0560
GPMin:   14 23:11:37       -4.910568        0.0490
GPMin:   15 23:11:43       -4.920252        0.0417
GPMin:   16 23:11:48       -4.925956        0.0511
GPMin:   17 23:11:53       -4.930349        0.0284
GPMin:   18 23:11:58       -4.931763        0.0300
GPMin:   19 23:12:03       -4.932972        0.0181
       Step     Time          Energy         fmax
GPMin:    0 23:12:13       -4.343004        0.7650
GPMin:    1 23:12:19       -4.612961        0.1909
GPMin:    2 23:12:26       -4.684366        0.2305
GPMin:    3 23:12:32       -4.747025        0.1713
GPMin:    4 23:12:38       -4.795867        0.1420
GPMin:    5 23:12:45       -4.838051        0.1122
GPMin:    6 23:12:50       -4.865828        0.0693
GPMin:    7 23:12:56       -4.878753        0.0459
GPMin:    8 23:13:01       -4.885266        0.0280
GPMin:    9 23:13:06       -4.887266        0.0232
GPMin:   10 23:13:10       -4.888609        0.0139
       Step     Time          Energy         fmax
GPMin:    0 23:13:22       -3.927847        1.0339
GPMin:    1 23:13:30       -4.301630        0.3202
GPMin:    2 23:13:37       -4.411184        0.2733
GPMin:    3 23:13:44       -4.491638        0.2334
GPMin:    4 23:13:50       -4.522931        0.2000
GPMin:    5 23:14:04       -4.577598        0.1851
GPMin:    6 23:14:09       -4.582276        0.1547
GPMin:    7 23:14:16       -4.610362        0.2077
GPMin:    8 23:14:22       -4.630828        0.2111
GPMin:    9 23:14:29       -4.683332        0.1922
GPMin:   10 23:14:35       -4.734557        0.1398
GPMin:   11 23:14:42       -4.775774        0.1382
GPMin:   12 23:14:48       -4.806897        0.1286
GPMin:   13 23:14:54       -4.833360        0.0987
GPMin:   14 23:15:00       -4.848921        0.0746
GPMin:   15 23:15:05       -4.861370        0.0649
GPMin:   16 23:15:10       -4.871159        0.0592
GPMin:   17 23:15:16       -4.879940        0.0423
GPMin:   18 23:15:21       -4.884494        0.0235
GPMin:   19 23:15:26       -4.886519        0.0250
GPMin:   20 23:15:31       -4.888193        0.0237
GPMin:   21 23:15:35       -4.888854        0.0213
GPMin:   22 23:15:40       -4.889165        0.0084
       Step     Time          Energy         fmax
GPMin:    0 23:15:51       -3.917079        0.5100
GPMin:    1 23:15:57       -4.207559        0.3723
GPMin:    2 23:16:04       -4.371989        0.3051
GPMin:    3 23:16:10       -4.477984        0.2310
GPMin:    4 23:16:16       -4.547098        0.1849
GPMin:    5 23:16:23       -4.598625        0.1722
GPMin:    6 23:16:29       -4.652204        0.1610
GPMin:    7 23:16:35       -4.680955        0.1626
GPMin:    8 23:16:41       -4.727108        0.1536
GPMin:    9 23:16:47       -4.779381        0.1181
GPMin:   10 23:16:53       -4.816951        0.1033
GPMin:   11 23:16:59       -4.840326        0.0893
GPMin:   12 23:17:05       -4.854843        0.0731
GPMin:   13 23:17:10       -4.863305        0.0594
GPMin:   14 23:17:15       -4.872263        0.0477
GPMin:   15 23:17:21       -4.879905        0.0398
GPMin:   16 23:17:25       -4.884923        0.0300
GPMin:   17 23:17:31       -4.887630        0.0247
GPMin:   18 23:17:36       -4.888928        0.0157
       Step     Time          Energy         fmax
GPMin:    0 23:17:46       -3.849791        0.5536
GPMin:    1 23:17:53       -4.041645        0.1609
GPMin:    2 23:18:00       -4.118024        0.1794
GPMin:    3 23:18:08       -4.219252        0.1653
GPMin:    4 23:18:14       -4.289832        0.1352
GPMin:    5 23:18:20       -4.320281        0.1137
GPMin:    6 23:18:34       -4.377333        0.0891
GPMin:    7 23:18:40       -4.387137        0.0683
GPMin:    8 23:18:45       -4.399913        0.0632
GPMin:    9 23:18:51       -4.409193        0.0571
GPMin:   10 23:18:57       -4.431190        0.0502
GPMin:   11 23:19:02       -4.434265        0.0510
GPMin:   12 23:19:08       -4.443943        0.0611
GPMin:   13 23:19:13       -4.448385        0.0557
GPMin:   14 23:19:19       -4.455249        0.0280
GPMin:   15 23:19:24       -4.457245        0.0291
GPMin:   16 23:19:29       -4.460805        0.0334
GPMin:   17 23:19:34       -4.465945        0.0360
GPMin:   18 23:19:39       -4.478308        0.0561
GPMin:   19 23:19:44       -4.500083        0.0805
GPMin:   20 23:19:50       -4.542047        0.1034
GPMin:   21 23:19:56       -4.607839        0.1355
GPMin:   22 23:20:01       -4.687881        0.1624
GPMin:   23 23:20:07       -4.768073        0.1690
GPMin:   24 23:20:13       -4.830420        0.1429
GPMin:   25 23:20:18       -4.866654        0.0943
GPMin:   26 23:20:24       -4.878416        0.0756
GPMin:   27 23:20:29       -4.883734        0.0842
GPMin:   28 23:20:34       -4.898193        0.0730
GPMin:   29 23:20:39       -4.910250        0.0520
GPMin:   30 23:20:45       -4.917192        0.0415
GPMin:   31 23:20:49       -4.922970        0.0384
GPMin:   32 23:20:54       -4.929307        0.0260
GPMin:   33 23:20:58       -4.932022        0.0167
       Step     Time          Energy         fmax
GPMin:    0 23:21:09       -4.246083        0.5800
GPMin:    1 23:21:16       -4.435947        0.2725
GPMin:    2 23:21:22       -4.519890        0.2076
GPMin:    3 23:21:29       -4.588880        0.1743
GPMin:    4 23:21:36       -4.643814        0.1926
GPMin:    5 23:21:42       -4.708132        0.1983
GPMin:    6 23:21:49       -4.770029        0.1674
GPMin:    7 23:21:55       -4.814331        0.1045
GPMin:    8 23:22:00       -4.840832        0.0989
GPMin:    9 23:22:05       -4.862648        0.0812
GPMin:   10 23:22:11       -4.877595        0.0520
GPMin:   11 23:22:16       -4.883043        0.0309
GPMin:   12 23:22:22       -4.885158        0.0281
GPMin:   13 23:22:27       -4.887362        0.0203
GPMin:   14 23:22:32       -4.888919        0.0162
       Step     Time          Energy         fmax
GPMin:    0 23:22:43       -4.171515        0.3728
GPMin:    1 23:22:50       -4.338015        0.2849
GPMin:    2 23:22:57       -4.434155        0.2572
GPMin:    3 23:23:04       -4.528315        0.2617
GPMin:    4 23:23:10       -4.625525        0.2517
GPMin:    5 23:23:17       -4.721726        0.2258
GPMin:    6 23:23:23       -4.804259        0.1730
GPMin:    7 23:23:29       -4.850638        0.1147
GPMin:    8 23:23:35       -4.868489        0.0918
GPMin:    9 23:23:40       -4.881515        0.0707
GPMin:   10 23:23:45       -4.893969        0.0560
GPMin:   11 23:23:50       -4.906957        0.0515
GPMin:   12 23:23:55       -4.917146        0.0433
GPMin:   13 23:24:00       -4.923857        0.0350
GPMin:   14 23:24:06       -4.929261        0.0223
GPMin:   15 23:24:11       -4.931076        0.0205
GPMin:   16 23:24:15       -4.932469        0.0181
       Step     Time          Energy         fmax
GPMin:    0 23:24:26       -4.322438        0.3938
GPMin:    1 23:24:33       -4.486484        0.1633
GPMin:    2 23:24:39       -4.527758        0.1361
GPMin:    3 23:24:46       -4.560664        0.1599
GPMin:    4 23:24:52       -4.614139        0.1970
GPMin:    5 23:24:59       -4.685971        0.2108
GPMin:    6 23:25:06       -4.753564        0.1786
GPMin:    7 23:25:12       -4.805533        0.1076
GPMin:    8 23:25:18       -4.843074        0.1077
GPMin:    9 23:25:24       -4.863769        0.0709
GPMin:   10 23:25:30       -4.871589        0.0476
GPMin:   11 23:25:35       -4.878068        0.0414
GPMin:   12 23:25:41       -4.884229        0.0278
GPMin:   13 23:25:46       -4.887790        0.0244
GPMin:   14 23:25:51       -4.889210        0.0140
       Step     Time          Energy         fmax
GPMin:    0 23:26:00       -4.332446        0.4323
GPMin:    1 23:26:07       -4.470184        0.2831
GPMin:    2 23:26:13       -4.558171        0.2220
GPMin:    3 23:26:20       -4.622623        0.2193
GPMin:    4 23:26:26       -4.686903        0.1949
GPMin:    5 23:26:33       -4.744576        0.1518
GPMin:    6 23:26:39       -4.797610        0.1078
GPMin:    7 23:26:46       -4.833818        0.1027
GPMin:    8 23:26:51       -4.857978        0.0688
GPMin:    9 23:26:57       -4.870374        0.0439
GPMin:   10 23:27:02       -4.877523        0.0421
GPMin:   11 23:27:07       -4.882348        0.0330
GPMin:   12 23:27:12       -4.886377        0.0228
GPMin:   13 23:27:17       -4.888193        0.0169
       Step     Time          Energy         fmax
GPMin:    0 23:27:27       -4.187050        0.5850
GPMin:    1 23:27:33       -4.342086        0.2058
GPMin:    2 23:27:40       -4.416055        0.1903
GPMin:    3 23:27:47       -4.485994        0.1113
GPMin:    4 23:27:53       -4.513353        0.0525
GPMin:    5 23:27:58       -4.521914        0.0649
GPMin:    6 23:28:04       -4.548824        0.0808
GPMin:    7 23:28:10       -4.588614        0.0983
GPMin:    8 23:28:16       -4.637654        0.1040
GPMin:    9 23:28:22       -4.686632        0.0832
GPMin:   10 23:28:28       -4.719026        0.0780
GPMin:   11 23:28:34       -4.738737        0.0837
GPMin:   12 23:28:40       -4.767595        0.1026
GPMin:   13 23:28:46       -4.801525        0.0804
GPMin:   14 23:28:51       -4.830914        0.0723
GPMin:   15 23:28:56       -4.857345        0.0738
GPMin:   16 23:29:01       -4.879827        0.0763
GPMin:   17 23:29:07       -4.897994        0.0675
GPMin:   18 23:29:12       -4.909981        0.0562
GPMin:   19 23:29:16       -4.920805        0.0462
GPMin:   20 23:29:22       -4.928804        0.0309
GPMin:   21 23:29:25       -4.931681        0.0222
GPMin:   22 23:29:29       -4.932425        0.0191
       Step     Time          Energy         fmax
GPMin:    0 23:29:39       -4.262369        0.2770
GPMin:    1 23:29:46       -4.400667        0.2080
GPMin:    2 23:29:52       -4.472980        0.1040
GPMin:    3 23:29:59       -4.487511        0.0359
GPMin:    4 23:30:04       -4.491818        0.0369
GPMin:    5 23:30:09       -4.512254        0.0538
GPMin:    6 23:30:15       -4.547149        0.0889
GPMin:    7 23:30:21       -4.599333        0.1154
GPMin:    8 23:30:26       -4.659096        0.1113
GPMin:    9 23:30:32       -4.709572        0.0766
GPMin:   10 23:30:38       -4.738628        0.0639
GPMin:   11 23:30:44       -4.756650        0.0997
GPMin:   12 23:30:50       -4.785665        0.0966
GPMin:   13 23:30:56       -4.816700        0.0789
GPMin:   14 23:31:02       -4.849627        0.0693
GPMin:   15 23:31:07       -4.880522        0.0674
GPMin:   16 23:31:13       -4.898982        0.0720
GPMin:   17 23:31:19       -4.905883        0.0728
GPMin:   18 23:31:24       -4.916483        0.0606
GPMin:   19 23:31:29       -4.924488        0.0397
GPMin:   20 23:31:34       -4.928796        0.0425
GPMin:   21 23:31:40       -4.931200        0.0349
GPMin:   22 23:31:45       -4.933193        0.0168
       Step     Time          Energy         fmax
GPMin:    0 23:31:54       -4.660659        0.2865
GPMin:    1 23:32:01       -4.762431        0.2071
GPMin:    2 23:32:07       -4.816320        0.1203
GPMin:    3 23:32:13       -4.846421        0.0815
GPMin:    4 23:32:19       -4.872456        0.0665
GPMin:    5 23:32:24       -4.892857        0.0733
GPMin:    6 23:32:30       -4.910866        0.0594
GPMin:    7 23:32:35       -4.923004        0.0404
GPMin:    8 23:32:40       -4.930748        0.0251
GPMin:    9 23:32:44       -4.932719        0.0153
       Step     Time          Energy         fmax
GPMin:    0 23:32:54       -4.375504        0.3529
GPMin:    1 23:33:00       -4.501865        0.2901
GPMin:    2 23:33:06       -4.622213        0.2668
GPMin:    3 23:33:13       -4.705941        0.1954
GPMin:    4 23:33:19       -4.754781        0.1538
GPMin:    5 23:33:26       -4.797353        0.1085
GPMin:    6 23:33:32       -4.833862        0.1067
GPMin:    7 23:33:38       -4.870295        0.0891
GPMin:    8 23:33:43       -4.901451        0.0798
GPMin:    9 23:33:49       -4.920564        0.0505
GPMin:   10 23:33:55       -4.926337        0.0440
GPMin:   11 23:34:00       -4.928813        0.0335
GPMin:   12 23:34:05       -4.930638        0.0248
GPMin:   13 23:34:10       -4.932288        0.0161
       Step     Time          Energy         fmax
GPMin:    0 23:34:21       -4.273083        0.8265
GPMin:    1 23:34:27       -4.588009        0.3436
GPMin:    2 23:34:33       -4.713340        0.2679
GPMin:    3 23:34:39       -4.774404        0.1515
GPMin:    4 23:34:45       -4.800041        0.0643
GPMin:    5 23:34:50       -4.806504        0.0438
GPMin:    6 23:34:55       -4.809984        0.0429
GPMin:    7 23:35:01       -4.817224        0.0445
GPMin:    8 23:35:07       -4.825696        0.0448
GPMin:    9 23:35:13       -4.837967        0.0557
GPMin:   10 23:35:19       -4.851890        0.0502
GPMin:   11 23:35:25       -4.866449        0.0453
GPMin:   12 23:35:31       -4.876213        0.0487
GPMin:   13 23:35:36       -4.879752        0.0443
GPMin:   14 23:35:42       -4.883592        0.0290
GPMin:   15 23:35:47       -4.887193        0.0237
GPMin:   16 23:35:52       -4.889235        0.0176
       Step     Time          Energy         fmax
GPMin:    0 23:36:03       -4.575181        0.4055
GPMin:    1 23:36:09       -4.701424        0.2489
GPMin:    2 23:36:15       -4.766876        0.1242
GPMin:    3 23:36:21       -4.786903        0.0407
GPMin:    4 23:36:27       -4.792200        0.0287
GPMin:    5 23:36:32       -4.795985        0.0234
GPMin:    6 23:36:38       -4.799623        0.0202
GPMin:    7 23:36:43       -4.803479        0.0242
GPMin:    8 23:36:48       -4.805829        0.0255
GPMin:    9 23:36:54       -4.809314        0.0286
GPMin:   10 23:37:00       -4.816257        0.0341
GPMin:   11 23:37:07       -4.825066        0.0377
GPMin:   12 23:37:13       -4.840177        0.0448
GPMin:   13 23:37:20       -4.854459        0.0413
GPMin:   14 23:37:25       -4.858596        0.0448
GPMin:   15 23:37:31       -4.866346        0.0511
GPMin:   16 23:37:36       -4.876495        0.0410
GPMin:   17 23:37:41       -4.886526        0.0209
GPMin:   18 23:37:46       -4.889044        0.0210
GPMin:   19 23:37:52       -4.889746        0.0113
       Step     Time          Energy         fmax
GPMin:    0 23:38:02       -4.252863        0.2420
GPMin:    1 23:38:09       -4.358223        0.1928
GPMin:    2 23:38:16       -4.410443        0.1480
GPMin:    3 23:38:23       -4.465906        0.1450
GPMin:    4 23:38:29       -4.519567        0.1295
GPMin:    5 23:38:35       -4.565024        0.1012
GPMin:    6 23:38:41       -4.606282        0.1352
GPMin:    7 23:38:47       -4.667576        0.1694
GPMin:    8 23:38:54       -4.730933        0.1661
GPMin:    9 23:39:00       -4.786584        0.1369
GPMin:   10 23:39:06       -4.826779        0.1051
GPMin:   11 23:39:12       -4.852573        0.0857
GPMin:   12 23:39:17       -4.865366        0.0577
GPMin:   13 23:39:23       -4.873803        0.0459
GPMin:   14 23:39:28       -4.879607        0.0411
GPMin:   15 23:39:33       -4.885243        0.0255
GPMin:   16 23:39:38       -4.888356        0.0171
       Step     Time          Energy         fmax
GPMin:    0 23:39:48       -4.391460        0.3469
GPMin:    1 23:39:55       -4.452173        0.2364
GPMin:    2 23:40:02       -4.490918        0.1103
GPMin:    3 23:40:08       -4.522385        0.1139
GPMin:    4 23:40:15       -4.563905        0.1212
GPMin:    5 23:40:21       -4.619402        0.1565
GPMin:    6 23:40:28       -4.679061        0.1624
GPMin:    7 23:40:34       -4.731704        0.1329
GPMin:    8 23:40:40       -4.772980        0.1110
GPMin:    9 23:40:46       -4.816679        0.1174
GPMin:   10 23:40:51       -4.855787        0.0801
GPMin:   11 23:40:57       -4.875152        0.0576
GPMin:   12 23:41:02       -4.882223        0.0361
GPMin:   13 23:41:07       -4.885487        0.0271
GPMin:   14 23:41:12       -4.887852        0.0152
       Step     Time          Energy         fmax
GPMin:    0 23:41:26       -3.806188        0.3344
GPMin:    1 23:41:35       -4.004253        0.3529
GPMin:    2 23:41:44       -4.163742        0.3159
GPMin:    3 23:41:52       -4.257939        0.2580
GPMin:    4 23:42:00       -4.321784        0.2095
GPMin:    5 23:42:06       -4.339821        0.2032
GPMin:    6 23:42:13       -4.393178        0.3649
GPMin:    7 23:42:19       -4.437664        0.2419
GPMin:    8 23:42:27       -4.519745        0.1465
GPMin:    9 23:42:33       -4.555798        0.1367
GPMin:   10 23:42:40       -4.584738        0.1275
GPMin:   11 23:42:46       -4.613801        0.1200
GPMin:   12 23:42:52       -4.644961        0.1077
GPMin:   13 23:42:58       -4.674736        0.0969
GPMin:   14 23:43:03       -4.698434        0.0829
GPMin:   15 23:43:08       -4.723138        0.0710
GPMin:   16 23:43:13       -4.742496        0.0586
GPMin:   17 23:43:18       -4.759222        0.0489
GPMin:   18 23:43:23       -4.771763        0.0415
GPMin:   19 23:43:28       -4.780693        0.0327
GPMin:   20 23:43:33       -4.786683        0.0233
GPMin:   21 23:43:38       -4.790348        0.0210
GPMin:   22 23:43:43       -4.792381        0.0178
       Step     Time          Energy         fmax
GPMin:    0 23:43:56       -3.475279        0.4309
GPMin:    1 23:44:05       -3.760996        0.3920
GPMin:    2 23:44:12       -3.949601        0.2950
GPMin:    3 23:44:19       -4.046994        0.1956
GPMin:    4 23:44:25       -4.084501        0.1681
GPMin:    5 23:44:33       -4.139074        0.5073
GPMin:    6 23:44:39       -4.224820        0.3476
GPMin:    7 23:44:45       -4.324404        0.2534
GPMin:    8 23:44:52       -4.405921        0.2540
GPMin:    9 23:44:58       -4.492758        0.2534
GPMin:   10 23:45:05       -4.574643        0.2310
GPMin:   11 23:45:11       -4.638148        0.1867
GPMin:   12 23:45:18       -4.687377        0.1379
GPMin:   13 23:45:24       -4.719441        0.1209
GPMin:   14 23:45:30       -4.749728        0.1337
GPMin:   15 23:45:36       -4.790815        0.1238
GPMin:   16 23:45:42       -4.822595        0.1103
GPMin:   17 23:45:48       -4.852302        0.0957
GPMin:   18 23:45:54       -4.873025        0.0863
GPMin:   19 23:46:00       -4.884804        0.0829
GPMin:   20 23:46:05       -4.895176        0.0737
GPMin:   21 23:46:10       -4.905424        0.0571
GPMin:   22 23:46:16       -4.914772        0.0474
GPMin:   23 23:46:21       -4.922575        0.0537
GPMin:   24 23:46:26       -4.928266        0.0356
GPMin:   25 23:46:31       -4.930501        0.0225
GPMin:   26 23:46:36       -4.931452        0.0222
GPMin:   27 23:46:41       -4.932195        0.0223
GPMin:   28 23:46:46       -4.932476        0.0146
       Step     Time          Energy         fmax
GPMin:    0 23:46:55       -4.317925        0.4999
GPMin:    1 23:47:02       -4.441214        0.0590
GPMin:    2 23:47:07       -4.449253        0.0510
GPMin:    3 23:47:14       -4.463847        0.0835
GPMin:    4 23:47:20       -4.496191        0.0774
GPMin:    5 23:47:26       -4.542226        0.0987
GPMin:    6 23:47:32       -4.615131        0.1421
GPMin:    7 23:47:38       -4.696301        0.1701
GPMin:    8 23:47:44       -4.777493        0.1693
GPMin:    9 23:47:50       -4.835821        0.1283
GPMin:   10 23:47:56       -4.864292        0.0780
GPMin:   11 23:48:01       -4.878446        0.0790
GPMin:   12 23:48:06       -4.897051        0.0753
GPMin:   13 23:48:11       -4.910163        0.0536
GPMin:   14 23:48:15       -4.918296        0.0436
GPMin:   15 23:48:20       -4.925041        0.0453
GPMin:   16 23:48:25       -4.930268        0.0284
GPMin:   17 23:48:30       -4.932577        0.0108
       Step     Time          Energy         fmax
GPMin:    0 23:48:40       -3.930197        0.7082
GPMin:    1 23:48:47       -4.164537        0.1540
GPMin:    2 23:48:54       -4.183635        0.1838
GPMin:    3 23:49:01       -4.224937        0.0890
GPMin:    4 23:49:07       -4.243258        0.0768
GPMin:    5 23:49:12       -4.259670        0.0915
GPMin:    6 23:49:18       -4.277028        0.1022
GPMin:    7 23:49:25       -4.308613        0.1228
GPMin:    8 23:49:43       -4.335209        0.1477
GPMin:    9 23:49:48       -4.356172        0.1432
GPMin:   10 23:49:54       -4.378357        0.1523
GPMin:   11 23:50:00       -4.401438        0.1635
GPMin:   12 23:50:07       -4.489020        0.1683
GPMin:   13 23:50:14       -4.513169        0.2261
GPMin:   14 23:50:19       -4.530585        0.1956
GPMin:   15 23:50:26       -4.565850        0.0863
GPMin:   16 23:50:32       -4.574820        0.0555
GPMin:   17 23:50:37       -4.581843        0.0692
GPMin:   18 23:50:43       -4.596743        0.0594
GPMin:   19 23:50:49       -4.615457        0.0751
GPMin:   20 23:50:55       -4.639915        0.0791
GPMin:   21 23:51:01       -4.673325        0.0804
GPMin:   22 23:51:07       -4.709420        0.0838
GPMin:   23 23:51:14       -4.747259        0.0787
GPMin:   24 23:51:20       -4.780822        0.0822
GPMin:   25 23:51:26       -4.812145        0.0914
GPMin:   26 23:51:32       -4.844682        0.0722
GPMin:   27 23:51:37       -4.864832        0.0697
GPMin:   28 23:51:43       -4.880518        0.0987
GPMin:   29 23:51:48       -4.899884        0.0786
GPMin:   30 23:51:54       -4.910940        0.0598
GPMin:   31 23:51:59       -4.917462        0.0587
GPMin:   32 23:52:04       -4.924413        0.0359
GPMin:   33 23:52:09       -4.927943        0.0336
GPMin:   34 23:52:15       -4.930963        0.0302
GPMin:   35 23:52:20       -4.932414        0.0189
       Step     Time          Energy         fmax
GPMin:    0 23:52:30       -4.343004        0.7649
GPMin:    1 23:52:37       -4.612968        0.1910
GPMin:    2 23:52:43       -4.684388        0.2304
GPMin:    3 23:52:49       -4.747041        0.1712
GPMin:    4 23:52:56       -4.795880        0.1420
GPMin:    5 23:53:03       -4.838069        0.1121
GPMin:    6 23:53:08       -4.865838        0.0693
GPMin:    7 23:53:14       -4.878759        0.0459
GPMin:    8 23:53:19       -4.885268        0.0280
GPMin:    9 23:53:25       -4.887267        0.0232
GPMin:   10 23:53:30       -4.888610        0.0139
       Step     Time          Energy         fmax
GPMin:    0 23:53:41       -4.656965        0.5222
GPMin:    1 23:53:49       -4.783438        0.0788
GPMin:    2 23:53:55       -4.792995        0.0579
GPMin:    3 23:54:02       -4.801755        0.0897
GPMin:    4 23:54:09       -4.822971        0.0695
GPMin:    5 23:54:15       -4.841618        0.0617
GPMin:    6 23:54:22       -4.861290        0.0637
GPMin:    7 23:54:29       -4.879655        0.0426
GPMin:    8 23:54:35       -4.885243        0.0370
GPMin:    9 23:54:40       -4.887244        0.0248
GPMin:   10 23:54:46       -4.889530        0.0138
       Step     Time          Energy         fmax
GPMin:    0 23:54:57       -4.623065        0.4018
GPMin:    1 23:55:04       -4.709766        0.2609
GPMin:    2 23:55:10       -4.765599        0.1162
GPMin:    3 23:55:16       -4.789234        0.0452
GPMin:    4 23:55:22       -4.793938        0.0300
GPMin:    5 23:55:28       -4.797232        0.0460
GPMin:    6 23:55:33       -4.801654        0.0314
GPMin:    7 23:55:39       -4.805389        0.0217
GPMin:    8 23:55:44       -4.807616        0.0243
GPMin:    9 23:55:50       -4.813124        0.0284
GPMin:   10 23:55:57       -4.821641        0.0399
GPMin:   11 23:56:03       -4.836326        0.0412
GPMin:   12 23:56:10       -4.851739        0.0417
GPMin:   13 23:56:17       -4.860439        0.0544
GPMin:   14 23:56:22       -4.867127        0.0559
GPMin:   15 23:56:27       -4.877119        0.0366
GPMin:   16 23:56:32       -4.886264        0.0298
GPMin:   17 23:56:38       -4.889505        0.0138
       Step     Time          Energy         fmax
GPMin:    0 23:56:47       -4.783749        0.1136
GPMin:    1 23:57:01       -4.795378        0.1711
GPMin:    2 23:57:07       -4.824615        0.1512
GPMin:    3 23:57:14       -4.851766        0.1548
GPMin:    4 23:57:20       -4.876484        0.0748
GPMin:    5 23:57:26       -4.886607        0.0411
GPMin:    6 23:57:32       -4.888566        0.0210
GPMin:    7 23:57:37       -4.889109        0.0374
GPMin:    8 23:57:42       -4.889780        0.0152
       Step     Time          Energy         fmax
GPMin:    0 23:57:53       -4.290577        0.3984
GPMin:    1 23:57:59       -4.399091        0.1925
GPMin:    2 23:58:06       -4.445130        0.0825
GPMin:    3 23:58:12       -4.465972        0.0702
GPMin:    4 23:58:18       -4.498929        0.0949
GPMin:    5 23:58:24       -4.553427        0.1178
GPMin:    6 23:58:30       -4.622221        0.1506
GPMin:    7 23:58:36       -4.699836        0.1650
GPMin:    8 23:58:43       -4.772139        0.1496
GPMin:    9 23:58:50       -4.822535        0.1063
GPMin:   10 23:58:55       -4.848557        0.0768
GPMin:   11 23:59:01       -4.869087        0.0882
GPMin:   12 23:59:06       -4.890474        0.0705
GPMin:   13 23:59:11       -4.903845        0.0511
GPMin:   14 23:59:16       -4.914672        0.0583
GPMin:   15 23:59:21       -4.923756        0.0442
GPMin:   16 23:59:27       -4.929778        0.0228
GPMin:   17 23:59:32       -4.931490        0.0203
GPMin:   18 23:59:36       -4.932443        0.0223
GPMin:   19 23:59:40       -4.933198        0.0115
       Step     Time          Energy         fmax
GPMin:    0 23:59:50       -4.730426        0.1975
GPMin:    1 23:59:57       -4.759237        0.1411
GPMin:    2 00:00:04       -4.786509        0.0872
GPMin:    3 00:00:29       -4.797520        0.0325
GPMin:    4 00:00:34       -4.798632        0.0366
GPMin:    5 00:00:40       -4.803058        0.0283
GPMin:    6 00:00:46       -4.806816        0.0337
GPMin:    7 00:00:52       -4.811980        0.0301
GPMin:    8 00:00:59       -4.817395        0.1132
GPMin:    9 00:01:05       -4.820220        0.2367
GPMin:   10 00:01:12       -4.839207        0.1231
GPMin:   11 00:01:24       -4.840636        0.0722
GPMin:   12 00:01:30       -4.844999        0.0092
       Step     Time          Energy         fmax
GPMin:    0 00:01:40       -4.546889        0.6947
GPMin:    1 00:01:47       -4.741919        0.2229
GPMin:    2 00:01:53       -4.795864        0.1224
GPMin:    3 00:01:59       -4.809237        0.0407
GPMin:    4 00:02:05       -4.811898        0.0328
GPMin:    5 00:02:10       -4.814140        0.0264
GPMin:    6 00:02:16       -4.818844        0.0300
GPMin:    7 00:02:22       -4.826601        0.0394
GPMin:    8 00:02:29       -4.835748        0.0359
GPMin:    9 00:02:36       -4.843636        0.0223
GPMin:   10 00:02:42       -4.847082        0.0246
GPMin:   11 00:02:48       -4.848209        0.0268
GPMin:   12 00:02:53       -4.853394        0.0368
GPMin:   13 00:02:58       -4.861672        0.0453
GPMin:   14 00:03:04       -4.874416        0.0495
GPMin:   15 00:03:09       -4.884460        0.0302
GPMin:   16 00:03:15       -4.889200        0.0204
GPMin:   17 00:03:19       -4.889723        0.0131
       Step     Time          Energy         fmax
GPMin:    0 00:03:30       -4.193876        0.7057
GPMin:    1 00:03:37       -4.440192        0.1979
GPMin:    2 00:03:44       -4.500591        0.1779
GPMin:    3 00:03:50       -4.555390        0.1154
GPMin:    4 00:03:57       -4.581605        0.0772
GPMin:    5 00:04:02       -4.596905        0.0699
GPMin:    6 00:04:07       -4.615036        0.0667
GPMin:    7 00:04:13       -4.642937        0.0641
GPMin:    8 00:04:19       -4.679293        0.0808
GPMin:    9 00:04:25       -4.720610        0.0850
GPMin:   10 00:04:31       -4.761501        0.0832
GPMin:   11 00:04:37       -4.795326        0.0855
GPMin:   12 00:04:42       -4.828662        0.0859
GPMin:   13 00:04:48       -4.857127        0.0738
GPMin:   14 00:04:53       -4.876425        0.0877
GPMin:   15 00:04:58       -4.896541        0.0657
GPMin:   16 00:05:04       -4.911536        0.0560
GPMin:   17 00:05:09       -4.920626        0.0529
GPMin:   18 00:05:15       -4.926016        0.0422
GPMin:   19 00:05:20       -4.928133        0.0362
GPMin:   20 00:05:25       -4.930625        0.0181
       Step     Time          Energy         fmax
GPMin:    0 00:05:36       -4.635823        0.4724
GPMin:    1 00:05:42       -4.752901        0.2438
GPMin:    2 00:05:48       -4.803864        0.1155
GPMin:    3 00:05:55       -4.820948        0.1144
GPMin:    4 00:06:00       -4.829181        0.0556
GPMin:    5 00:06:06       -4.835971        0.0520
GPMin:    6 00:06:13       -4.844231        0.0519
GPMin:    7 00:06:18       -4.850480        0.0468
GPMin:    8 00:06:24       -4.854241        0.0475
GPMin:    9 00:06:29       -4.861689        0.0523
GPMin:   10 00:06:34       -4.872855        0.0443
GPMin:   11 00:06:40       -4.881982        0.0306
GPMin:   12 00:06:45       -4.888853        0.0184
       Step     Time          Energy         fmax
GPMin:    0 00:06:55       -4.220153        0.4689
GPMin:    1 00:07:01       -4.475844        0.4377
GPMin:    2 00:07:08       -4.641803        0.3591
GPMin:    3 00:07:14       -4.750509        0.2175
GPMin:    4 00:07:20       -4.799998        0.0843
GPMin:    5 00:07:26       -4.813054        0.0546
GPMin:    6 00:07:31       -4.818784        0.0578
GPMin:    7 00:07:37       -4.830539        0.0445
GPMin:    8 00:07:42       -4.837379        0.0320
GPMin:    9 00:07:48       -4.841690        0.0272
GPMin:   10 00:07:53       -4.844252        0.0166
