       Step     Time          Energy         fmax
GPMin:    0 20:11:32       -3.373037        1.1901
GPMin:    1 20:11:41       -4.078545        0.5325
GPMin:    2 20:11:47       -4.344875        0.2855
GPMin:    3 20:11:54       -4.455563        0.2443
GPMin:    4 20:12:02       -4.501247        0.2215
GPMin:    5 20:12:09       -4.541130        0.1899
GPMin:    6 20:12:15       -4.554695        0.1764
GPMin:    7 20:12:24       -4.595979        0.2631
GPMin:    8 20:12:32       -4.605949        0.1742
GPMin:    9 20:12:40       -4.656145        0.1630
GPMin:   10 20:12:49       -4.678575        0.1940
GPMin:   11 20:13:06       -4.698861        0.2068
GPMin:   12 20:13:15       -4.753352        0.1218
GPMin:   13 20:13:24       -4.782678        0.1271
GPMin:   14 20:13:31       -4.803056        0.1518
GPMin:   15 20:13:38       -4.826095        0.1278
GPMin:   16 20:13:46       -4.849089        0.0831
GPMin:   17 20:13:53       -4.868579        0.0702
GPMin:   18 20:13:59       -4.885282        0.0684
GPMin:   19 20:14:07       -4.895814        0.0653
GPMin:   20 20:14:14       -4.904607        0.0646
GPMin:   21 20:14:21       -4.914671        0.0544
GPMin:   22 20:14:28       -4.923064        0.0338
GPMin:   23 20:14:34       -4.926854        0.0300
GPMin:   24 20:14:42       -4.929860        0.0289
GPMin:   25 20:14:48       -4.932366        0.0156
       Step     Time          Energy         fmax
GPMin:    0 20:14:57       -3.165062        1.3583
GPMin:    1 20:15:04       -4.007852        0.6046
GPMin:    2 20:15:12       -4.286010        0.2571
GPMin:    3 20:15:20       -4.351979        0.0975
GPMin:    4 20:15:27       -4.361323        0.1264
GPMin:    5 20:15:33       -4.374518        0.1085
GPMin:    6 20:15:41       -4.389535        0.1247
GPMin:    7 20:15:50       -4.422551        0.0789
GPMin:    8 20:15:56       -4.425523        0.0725
GPMin:    9 20:16:26       -4.459174        0.0965
GPMin:   10 20:16:33       -4.463100        0.1000
GPMin:   11 20:16:41       -4.496379        0.1472
GPMin:   12 20:16:49       -4.511467        0.1656
GPMin:   13 20:17:00       -4.622404        0.2295
GPMin:   14 20:17:08       -4.638694        0.2462
GPMin:   15 20:17:16       -4.682758        0.2195
GPMin:   16 20:17:24       -4.733604        0.1568
GPMin:   17 20:17:33       -4.763532        0.1392
GPMin:   18 20:17:42       -4.788628        0.1187
GPMin:   19 20:17:49       -4.806153        0.1055
GPMin:   20 20:17:57       -4.824824        0.0932
GPMin:   21 20:18:05       -4.842240        0.0805
GPMin:   22 20:18:12       -4.856842        0.0668
GPMin:   23 20:18:19       -4.869466        0.0544
GPMin:   24 20:18:24       -4.878387        0.0419
GPMin:   25 20:18:29       -4.882619        0.0332
GPMin:   26 20:18:34       -4.887201        0.0326
GPMin:   27 20:18:39       -4.887977        0.0288
GPMin:   28 20:18:44       -4.889189        0.0230
GPMin:   29 20:18:48       -4.889529        0.0169
       Step     Time          Energy         fmax
GPMin:    0 20:18:58       -3.164689        1.3500
GPMin:    1 20:19:04       -4.009585        0.6031
GPMin:    2 20:19:10       -4.289231        0.2580
GPMin:    3 20:19:16       -4.356357        0.0971
GPMin:    4 20:19:21       -4.365832        0.1260
GPMin:    5 20:19:26       -4.378737        0.1078
GPMin:    6 20:19:32       -4.393915        0.1213
GPMin:    7 20:19:39       -4.429205        0.0671
GPMin:    8 20:19:43       -4.431674        0.0633
GPMin:    9 20:19:57       -4.437264        0.2192
GPMin:   10 20:20:04       -4.465758        0.1373
GPMin:   11 20:20:10       -4.473811        0.1493
GPMin:   12 20:20:17       -4.512209        0.1920
GPMin:   13 20:20:24       -4.517178        0.2591
GPMin:   14 20:20:30       -4.544270        0.2044
GPMin:   15 20:20:36       -4.581377        0.2208
GPMin:   16 20:20:42       -4.617239        0.2025
GPMin:   17 20:20:50       -4.685784        0.2291
GPMin:   18 20:20:56       -4.693530        0.1689
GPMin:   19 20:21:02       -4.730328        0.1439
GPMin:   20 20:21:07       -4.741573        0.1409
GPMin:   21 20:21:13       -4.768508        0.1344
GPMin:   22 20:21:19       -4.795328        0.1208
GPMin:   23 20:21:25       -4.822866        0.1006
GPMin:   24 20:21:31       -4.839211        0.0825
GPMin:   25 20:21:36       -4.849486        0.0794
GPMin:   26 20:21:40       -4.862141        0.0658
GPMin:   27 20:21:45       -4.871561        0.0545
GPMin:   28 20:21:51       -4.877791        0.0407
GPMin:   29 20:21:56       -4.883275        0.0426
GPMin:   30 20:22:01       -4.886753        0.0231
GPMin:   31 20:22:06       -4.887945        0.0224
GPMin:   32 20:22:11       -4.888934        0.0219
GPMin:   33 20:22:16       -4.889595        0.0128
       Step     Time          Energy         fmax
GPMin:    0 20:22:25       -3.172709        1.3439
GPMin:    1 20:22:31       -4.012329        0.5983
GPMin:    2 20:22:37       -4.289319        0.2559
GPMin:    3 20:22:43       -4.355178        0.0967
GPMin:    4 20:22:48       -4.364390        0.1240
GPMin:    5 20:22:53       -4.377775        0.1072
GPMin:    6 20:23:14       -4.399787        0.1087
GPMin:    7 20:23:27       -4.410902        0.0876
GPMin:    8 20:23:46       -4.427192        0.1503
GPMin:    9 20:23:52       -4.434010        0.1092
GPMin:   10 20:23:57       -4.440027        0.0678
GPMin:   11 20:24:17       -4.456713        0.1391
GPMin:   12 20:24:30       -4.465633        0.0619
GPMin:   13 20:24:44       -4.466013        0.1348
GPMin:   14 20:24:51       -4.528087        0.2131
GPMin:   15 20:24:57       -4.566958        0.2197
GPMin:   16 20:25:03       -4.589762        0.2154
GPMin:   17 20:25:10       -4.695777        0.1596
GPMin:   18 20:25:17       -4.721787        0.2860
GPMin:   19 20:25:23       -4.746977        0.3401
GPMin:   20 20:25:29       -4.800012        0.2229
GPMin:   21 20:25:35       -4.830873        0.1058
GPMin:   22 20:25:40       -4.840809        0.1064
GPMin:   23 20:25:45       -4.850036        0.1072
GPMin:   24 20:25:50       -4.865724        0.0654
GPMin:   25 20:25:56       -4.872993        0.0588
GPMin:   26 20:26:01       -4.877616        0.0485
GPMin:   27 20:26:06       -4.882872        0.0346
GPMin:   28 20:26:11       -4.885171        0.0233
GPMin:   29 20:26:15       -4.886520        0.0278
GPMin:   30 20:26:20       -4.888674        0.0172
       Step     Time          Energy         fmax
GPMin:    0 20:26:29       -3.168002        1.3557
GPMin:    1 20:26:36       -4.011063        0.6048
GPMin:    2 20:26:42       -4.289391        0.2573
GPMin:    3 20:26:48       -4.356022        0.0974
GPMin:    4 20:26:53       -4.365410        0.1257
GPMin:    5 20:26:58       -4.378421        0.1076
GPMin:    6 20:27:04       -4.393752        0.1281
GPMin:    7 20:27:10       -4.414629        0.0992
GPMin:    8 20:27:16       -4.434285        0.0740
GPMin:    9 20:27:20       -4.435837        0.0691
GPMin:   10 20:27:25       -4.443135        0.0587
GPMin:   11 20:27:30       -4.449168        0.0715
GPMin:   12 20:27:53       -4.456478        0.0811
GPMin:   13 20:28:07       -4.463478        0.0949
GPMin:   14 20:28:14       -4.490379        0.1471
GPMin:   15 20:28:19       -4.503369        0.1650
GPMin:   16 20:28:26       -4.643116        0.2186
GPMin:   17 20:28:33       -4.706806        0.1721
GPMin:   18 20:28:39       -4.733825        0.1846
GPMin:   19 20:28:45       -4.749863        0.1692
GPMin:   20 20:28:51       -4.771646        0.1613
GPMin:   21 20:28:58       -4.801997        0.1645
GPMin:   22 20:29:03       -4.828508        0.1184
GPMin:   23 20:29:09       -4.842017        0.0735
GPMin:   24 20:29:14       -4.850705        0.0855
GPMin:   25 20:29:20       -4.865058        0.0790
GPMin:   26 20:29:25       -4.877274        0.0436
GPMin:   27 20:29:30       -4.882622        0.0573
GPMin:   28 20:29:35       -4.885944        0.0459
GPMin:   29 20:29:39       -4.887663        0.0325
GPMin:   30 20:29:43       -4.888323        0.0256
GPMin:   31 20:29:48       -4.889046        0.0226
GPMin:   32 20:29:52       -4.889295        0.0166
       Step     Time          Energy         fmax
GPMin:    0 20:30:01       -3.174945        1.3471
GPMin:    1 20:30:08       -4.013539        0.6004
GPMin:    2 20:30:14       -4.289619        0.2543
GPMin:    3 20:30:20       -4.355070        0.0971
GPMin:    4 20:30:25       -4.364380        0.1245
GPMin:    5 20:30:30       -4.377697        0.1075
GPMin:    6 20:30:51       -4.400839        0.1106
GPMin:    7 20:31:05       -4.408234        0.1039
GPMin:    8 20:31:24       -4.425752        0.0776
GPMin:    9 20:31:29       -4.431967        0.0929
GPMin:   10 20:31:36       -4.454459        0.0719
GPMin:   11 20:31:42       -4.460834        0.0616
GPMin:   12 20:31:47       -4.462826        0.0593
GPMin:   13 20:31:53       -4.470224        0.0682
GPMin:   14 20:32:00       -4.482535        0.1918
GPMin:   15 20:32:07       -4.519398        0.2063
GPMin:   16 20:32:13       -4.550533        0.2075
GPMin:   17 20:32:19       -4.597012        0.2034
GPMin:   18 20:32:25       -4.626737        0.2027
GPMin:   19 20:32:31       -4.676593        0.2033
GPMin:   20 20:32:37       -4.700820        0.1977
GPMin:   21 20:32:44       -4.792096        0.1202
GPMin:   22 20:32:58       -4.801460        0.1195
GPMin:   23 20:33:03       -4.807925        0.1113
GPMin:   24 20:33:10       -4.831687        0.0880
GPMin:   25 20:33:15       -4.838561        0.0887
GPMin:   26 20:33:20       -4.848853        0.0895
GPMin:   27 20:33:26       -4.861646        0.0720
GPMin:   28 20:33:31       -4.869935        0.0511
GPMin:   29 20:33:36       -4.875662        0.0528
GPMin:   30 20:33:42       -4.884116        0.0295
GPMin:   31 20:33:47       -4.886133        0.0224
GPMin:   32 20:33:53       -4.887335        0.0356
GPMin:   33 20:33:58       -4.888953        0.0213
GPMin:   34 20:34:03       -4.889702        0.0198
       Step     Time          Energy         fmax
GPMin:    0 20:34:15       -2.748707        1.2800
GPMin:    1 20:34:24       -3.448639        0.4870
GPMin:    2 20:34:32       -3.671788        0.2989
GPMin:    3 20:34:39       -3.747718        0.1718
GPMin:    4 20:34:46       -3.772238        0.1364
GPMin:    5 20:34:53       -3.790004        0.1242
GPMin:    6 20:35:00       -3.804398        0.1168
GPMin:    7 20:35:08       -3.859180        0.1234
GPMin:    8 20:35:15       -3.870210        0.2134
GPMin:    9 20:35:21       -3.883195        0.1997
GPMin:   10 20:35:28       -3.915055        0.1233
GPMin:   11 20:35:35       -3.935316        0.1009
GPMin:   12 20:35:42       -3.965604        0.1085
GPMin:   13 20:36:00       -3.982609        0.1115
GPMin:   14 20:36:08       -4.013753        0.1325
GPMin:   15 20:36:15       -4.056350        0.1706
GPMin:   16 20:36:20       -4.079926        0.1868
GPMin:   17 20:36:28       -4.270827        0.2481
GPMin:   18 20:36:34       -4.367419        0.2532
GPMin:   19 20:36:40       -4.409898        0.2548
GPMin:   20 20:36:45       -4.465579        0.2488
GPMin:   21 20:36:51       -4.547619        0.2213
GPMin:   22 20:36:58       -4.604794        0.1875
GPMin:   23 20:37:04       -4.654987        0.1359
GPMin:   24 20:37:10       -4.688013        0.0855
GPMin:   25 20:37:16       -4.701677        0.0788
GPMin:   26 20:37:22       -4.711824        0.0766
GPMin:   27 20:37:28       -4.725321        0.0852
GPMin:   28 20:37:33       -4.740133        0.0838
GPMin:   29 20:37:39       -4.756239        0.0675
GPMin:   30 20:37:44       -4.771007        0.0787
GPMin:   31 20:37:50       -4.785084        0.0902
GPMin:   32 20:37:56       -4.802656        0.0903
GPMin:   33 20:38:01       -4.821803        0.0826
GPMin:   34 20:38:06       -4.842680        0.0765
GPMin:   35 20:38:12       -4.859882        0.0716
GPMin:   36 20:38:17       -4.877563        0.0669
GPMin:   37 20:38:22       -4.892943        0.0632
GPMin:   38 20:38:27       -4.904593        0.0590
GPMin:   39 20:38:32       -4.912400        0.0559
GPMin:   40 20:38:37       -4.919163        0.0503
GPMin:   41 20:38:42       -4.923657        0.0428
GPMin:   42 20:38:47       -4.926358        0.0352
GPMin:   43 20:38:52       -4.930772        0.0327
GPMin:   44 20:38:57       -4.931813        0.0277
GPMin:   45 20:39:02       -4.932665        0.0251
GPMin:   46 20:39:07       -4.933584        0.0209
GPMin:   47 20:39:12       -4.933903        0.0123
       Step     Time          Energy         fmax
GPMin:    0 20:39:22       -3.167925        1.3531
GPMin:    1 20:39:28       -4.010792        0.6045
GPMin:    2 20:39:35       -4.289595        0.2561
GPMin:    3 20:39:41       -4.356038        0.0983
GPMin:    4 20:39:46       -4.365583        0.1265
GPMin:    5 20:39:51       -4.378276        0.1118
GPMin:    6 20:39:57       -4.394192        0.1337
GPMin:    7 20:40:03       -4.415721        0.0988
GPMin:    8 20:40:09       -4.429736        0.0651
GPMin:    9 20:40:14       -4.433627        0.0594
GPMin:   10 20:40:28       -4.441060        0.0582
GPMin:   11 20:40:42       -4.491024        0.2726
GPMin:   12 20:40:48       -4.525055        0.2854
GPMin:   13 20:40:55       -4.553626        0.2834
GPMin:   14 20:41:01       -4.608233        0.2278
GPMin:   15 20:41:07       -4.659976        0.1748
GPMin:   16 20:41:13       -4.705859        0.1448
GPMin:   17 20:41:20       -4.736870        0.1399
GPMin:   18 20:41:26       -4.771210        0.1432
GPMin:   19 20:41:32       -4.791397        0.1392
GPMin:   20 20:41:39       -4.815430        0.1201
GPMin:   21 20:41:45       -4.834637        0.0928
GPMin:   22 20:41:50       -4.846635        0.0762
GPMin:   23 20:41:55       -4.859044        0.0660
GPMin:   24 20:42:00       -4.870101        0.0560
GPMin:   25 20:42:05       -4.876021        0.0456
GPMin:   26 20:42:11       -4.885220        0.0461
GPMin:   27 20:42:16       -4.886976        0.0439
GPMin:   28 20:42:21       -4.888173        0.0315
GPMin:   29 20:42:26       -4.888929        0.0215
GPMin:   30 20:42:31       -4.889381        0.0170
       Step     Time          Energy         fmax
GPMin:    0 20:42:41       -3.324936        1.0086
GPMin:    1 20:42:49       -3.950298        0.4959
GPMin:    2 20:42:56       -4.185336        0.2725
GPMin:    3 20:43:02       -4.259200        0.1935
GPMin:    4 20:43:08       -4.279599        0.1665
GPMin:    5 20:43:24       -4.303191        0.1736
GPMin:    6 20:43:29       -4.310531        0.1464
GPMin:    7 20:43:44       -4.321629        0.1460
GPMin:    8 20:43:59       -4.342079        0.1148
GPMin:    9 20:44:05       -4.356560        0.1201
GPMin:   10 20:44:20       -4.368535        0.1005
GPMin:   11 20:44:26       -4.392035        0.0863
GPMin:   12 20:44:31       -4.402201        0.0750
GPMin:   13 20:44:38       -4.417154        0.2545
GPMin:   14 20:44:45       -4.430623        0.1029
GPMin:   15 20:44:50       -4.434333        0.1086
GPMin:   16 20:44:56       -4.442852        0.0736
GPMin:   17 20:45:02       -4.458169        0.0521
GPMin:   18 20:45:07       -4.464875        0.0323
GPMin:   19 20:45:11       -4.468393        0.0364
GPMin:   20 20:45:17       -4.472944        0.0547
GPMin:   21 20:45:22       -4.477114        0.0399
GPMin:   22 20:45:27       -4.482383        0.0376
GPMin:   23 20:45:31       -4.485597        0.0287
GPMin:   24 20:45:36       -4.490926        0.0347
GPMin:   25 20:45:41       -4.494928        0.0480
GPMin:   26 20:45:46       -4.503758        0.0336
GPMin:   27 20:45:51       -4.511602        0.0339
GPMin:   28 20:45:56       -4.517541        0.0422
GPMin:   29 20:46:01       -4.523890        0.0463
GPMin:   30 20:46:07       -4.531356        0.0448
GPMin:   31 20:46:12       -4.538700        0.0393
GPMin:   32 20:46:17       -4.544747        0.0282
GPMin:   33 20:46:22       -4.549646        0.0322
GPMin:   34 20:46:27       -4.555307        0.0364
GPMin:   35 20:46:33       -4.559342        0.0301
GPMin:   36 20:46:38       -4.562757        0.0344
GPMin:   37 20:46:43       -4.564751        0.0399
GPMin:   38 20:46:48       -4.567216        0.0297
GPMin:   39 20:46:54       -4.569409        0.0296
GPMin:   40 20:46:59       -4.572222        0.0399
GPMin:   41 20:47:04       -4.574998        0.0377
GPMin:   42 20:47:10       -4.584052        0.0427
GPMin:   43 20:47:16       -4.595018        0.0660
GPMin:   44 20:47:22       -4.612344        0.0801
GPMin:   45 20:47:28       -4.636360        0.0804
GPMin:   46 20:47:34       -4.662464        0.0769
GPMin:   47 20:47:40       -4.688481        0.0887
GPMin:   48 20:47:45       -4.718357        0.0796
GPMin:   49 20:47:50       -4.747310        0.0777
GPMin:   50 20:47:56       -4.778673        0.0739
GPMin:   51 20:48:01       -4.806817        0.0691
GPMin:   52 20:48:06       -4.833908        0.0632
GPMin:   53 20:48:12       -4.856137        0.0576
GPMin:   54 20:48:17       -4.874619        0.0597
GPMin:   55 20:48:22       -4.892000        0.0550
GPMin:   56 20:48:28       -4.906830        0.0426
GPMin:   57 20:48:33       -4.916849        0.0337
GPMin:   58 20:48:38       -4.923308        0.0329
GPMin:   59 20:48:43       -4.927874        0.0282
GPMin:   60 20:48:48       -4.930737        0.0224
GPMin:   61 20:48:53       -4.932415        0.0223
GPMin:   62 20:48:58       -4.933441        0.0155
       Step     Time          Energy         fmax
GPMin:    0 20:49:07       -2.893366        1.2860
GPMin:    1 20:49:13       -3.778202        0.5823
GPMin:    2 20:49:18       -4.080209        0.2237
GPMin:    3 20:49:23       -4.152893        0.0327
GPMin:    4 20:49:27       -4.154826        0.0028
       Step     Time          Energy         fmax
GPMin:    0 20:49:37       -3.182618        1.3205
GPMin:    1 20:49:44       -3.975621        0.6201
GPMin:    2 20:49:51       -4.263222        0.3157
GPMin:    3 20:49:57       -4.366191        0.2008
GPMin:    4 20:50:03       -4.396868        0.2010
GPMin:    5 20:50:10       -4.475318        0.1921
GPMin:    6 20:50:16       -4.484469        0.1667
GPMin:    7 20:50:21       -4.489480        0.1554
GPMin:    8 20:50:28       -4.490357        0.4001
GPMin:    9 20:50:35       -4.530008        0.1252
GPMin:   10 20:50:41       -4.543709        0.1414
GPMin:   11 20:50:47       -4.559111        0.0991
GPMin:   12 20:50:53       -4.569017        0.0929
GPMin:   13 20:51:00       -4.593128        0.1018
GPMin:   14 20:51:05       -4.608580        0.0972
GPMin:   15 20:51:11       -4.656483        0.0804
GPMin:   16 20:51:17       -4.675283        0.0773
GPMin:   17 20:51:23       -4.690437        0.0802
GPMin:   18 20:51:29       -4.702722        0.0674
GPMin:   19 20:51:35       -4.713503        0.0505
GPMin:   20 20:51:41       -4.723646        0.0598
GPMin:   21 20:51:46       -4.734650        0.0464
GPMin:   22 20:51:52       -4.743467        0.0424
GPMin:   23 20:51:57       -4.749636        0.0526
GPMin:   24 20:52:03       -4.759319        0.0587
GPMin:   25 20:52:09       -4.767636        0.0578
GPMin:   26 20:52:14       -4.775823        0.0560
GPMin:   27 20:52:19       -4.785009        0.0454
GPMin:   28 20:52:24       -4.792883        0.0426
GPMin:   29 20:52:30       -4.798245        0.0378
GPMin:   30 20:52:35       -4.805579        0.0453
GPMin:   31 20:52:40       -4.811779        0.0433
GPMin:   32 20:52:45       -4.820167        0.0609
GPMin:   33 20:52:50       -4.829618        0.0670
GPMin:   34 20:52:56       -4.840512        0.0631
GPMin:   35 20:53:02       -4.850872        0.0600
GPMin:   36 20:53:08       -4.861169        0.0760
GPMin:   37 20:53:14       -4.870722        0.0758
GPMin:   38 20:53:19       -4.877679        0.0563
GPMin:   39 20:53:24       -4.880809        0.0449
GPMin:   40 20:53:29       -4.883033        0.0429
GPMin:   41 20:53:34       -4.884995        0.0398
GPMin:   42 20:53:40       -4.887318        0.0359
GPMin:   43 20:53:45       -4.888734        0.0274
GPMin:   44 20:53:50       -4.889466        0.0189
       Step     Time          Energy         fmax
GPMin:    0 20:53:59       -3.173214        1.3539
GPMin:    1 20:54:06       -4.014142        0.6043
GPMin:    2 20:54:12       -4.291308        0.2531
GPMin:    3 20:54:18       -4.356519        0.0980
GPMin:    4 20:54:23       -4.365695        0.1247
GPMin:    5 20:54:28       -4.379186        0.1062
GPMin:    6 20:54:49       -4.401130        0.1087
GPMin:    7 20:55:02       -4.412466        0.0920
GPMin:    8 20:55:23       -4.427841        0.1664
GPMin:    9 20:55:28       -4.434925        0.1321
GPMin:   10 20:55:34       -4.443227        0.0747
GPMin:   11 20:55:56       -4.457853        0.2843
GPMin:   12 20:56:03       -4.497620        0.1730
GPMin:   13 20:56:08       -4.515155        0.1698
GPMin:   14 20:56:15       -4.562656        0.1906
GPMin:   15 20:56:21       -4.591086        0.2002
GPMin:   16 20:56:27       -4.704178        0.1604
GPMin:   17 20:56:34       -4.716829        0.2604
GPMin:   18 20:56:39       -4.731170        0.1618
GPMin:   19 20:56:45       -4.774878        0.1248
GPMin:   20 20:56:50       -4.791404        0.1142
GPMin:   21 20:56:56       -4.812221        0.1020
GPMin:   22 20:57:02       -4.833890        0.0920
GPMin:   23 20:57:07       -4.852101        0.0792
GPMin:   24 20:57:13       -4.865723        0.0616
GPMin:   25 20:57:18       -4.875563        0.0449
GPMin:   26 20:57:23       -4.882415        0.0307
GPMin:   27 20:57:29       -4.886101        0.0216
GPMin:   28 20:57:34       -4.887684        0.0234
GPMin:   29 20:57:39       -4.889158        0.0268
GPMin:   30 20:57:43       -4.889722        0.0172
       Step     Time          Energy         fmax
GPMin:    0 20:57:53       -3.192962        1.3162
GPMin:    1 20:58:00       -3.982504        0.6163
GPMin:    2 20:58:07       -4.267661        0.3148
GPMin:    3 20:58:14       -4.369643        0.2048
GPMin:    4 20:58:20       -4.399706        0.2031
GPMin:    5 20:58:27       -4.487011        0.1857
GPMin:    6 20:58:33       -4.492842        0.1750
GPMin:    7 20:58:39       -4.499401        0.1631
GPMin:    8 20:58:46       -4.568273        0.1544
GPMin:    9 20:58:52       -4.579190        0.1334
GPMin:   10 20:58:58       -4.588116        0.1222
GPMin:   11 20:59:04       -4.614249        0.1012
GPMin:   12 20:59:11       -4.644908        0.0818
GPMin:   13 20:59:17       -4.666413        0.0894
GPMin:   14 20:59:22       -4.684851        0.0974
GPMin:   15 20:59:28       -4.703044        0.0924
GPMin:   16 20:59:34       -4.720993        0.0818
GPMin:   17 20:59:40       -4.741057        0.0767
GPMin:   18 20:59:46       -4.760573        0.0885
GPMin:   19 20:59:52       -4.784821        0.0856
GPMin:   20 20:59:57       -4.807335        0.0689
GPMin:   21 21:00:03       -4.827638        0.0652
GPMin:   22 21:00:08       -4.842126        0.0736
GPMin:   23 21:00:13       -4.853417        0.0746
GPMin:   24 21:00:19       -4.864278        0.0630
GPMin:   25 21:00:25       -4.873917        0.0464
GPMin:   26 21:00:31       -4.881135        0.0401
GPMin:   27 21:00:36       -4.884802        0.0307
GPMin:   28 21:00:41       -4.886131        0.0234
GPMin:   29 21:00:45       -4.887199        0.0271
GPMin:   30 21:00:50       -4.889212        0.0262
GPMin:   31 21:00:55       -4.889606        0.0206
GPMin:   32 21:00:59       -4.890019        0.0124
       Step     Time          Energy         fmax
GPMin:    0 21:01:09       -3.166610        1.3575
GPMin:    1 21:01:16       -4.010935        0.6048
GPMin:    2 21:01:22       -4.289251        0.2566
GPMin:    3 21:01:29       -4.355769        0.0975
GPMin:    4 21:01:34       -4.365187        0.1259
GPMin:    5 21:01:39       -4.378457        0.1063
GPMin:    6 21:01:45       -4.393484        0.1240
GPMin:    7 21:01:50       -4.418542        0.0896
GPMin:    8 21:01:56       -4.424267        0.0772
GPMin:    9 21:02:08       -4.437811        0.0573
GPMin:   10 21:02:41       -4.445204        0.2086
GPMin:   11 21:02:47       -4.452269        0.1195
GPMin:   12 21:02:52       -4.453843        0.1069
GPMin:   13 21:02:59       -4.518603        0.1872
GPMin:   14 21:03:06       -4.580075        0.2302
GPMin:   15 21:03:12       -4.613979        0.2341
GPMin:   16 21:03:18       -4.643445        0.2315
GPMin:   17 21:03:24       -4.680524        0.2123
GPMin:   18 21:03:30       -4.718226        0.1674
GPMin:   19 21:03:36       -4.741082        0.1427
GPMin:   20 21:03:42       -4.773352        0.1281
GPMin:   21 21:03:48       -4.790559        0.1216
GPMin:   22 21:03:54       -4.809697        0.1083
GPMin:   23 21:03:59       -4.825924        0.0948
GPMin:   24 21:04:04       -4.842599        0.0825
GPMin:   25 21:04:10       -4.855343        0.0703
GPMin:   26 21:04:14       -4.865106        0.0601
GPMin:   27 21:04:19       -4.878828        0.0402
GPMin:   28 21:04:25       -4.883854        0.0268
GPMin:   29 21:04:30       -4.887176        0.0302
GPMin:   30 21:04:34       -4.888483        0.0217
GPMin:   31 21:04:40       -4.889252        0.0280
GPMin:   32 21:04:44       -4.889435        0.0191
       Step     Time          Energy         fmax
GPMin:    0 21:04:52       -3.965049        0.9920
GPMin:    1 21:04:59       -4.501941        0.4519
GPMin:    2 21:05:05       -4.684938        0.2028
GPMin:    3 21:05:12       -4.734693        0.0896
GPMin:    4 21:05:17       -4.744966        0.0925
GPMin:    5 21:05:22       -4.759439        0.0682
GPMin:    6 21:05:27       -4.768612        0.0565
GPMin:    7 21:05:32       -4.777912        0.0590
GPMin:    8 21:05:38       -4.787347        0.0420
GPMin:    9 21:05:43       -4.792764        0.0260
GPMin:   10 21:05:48       -4.795115        0.0251
GPMin:   11 21:05:52       -4.797472        0.0219
GPMin:   12 21:05:57       -4.798610        0.0158
       Step     Time          Energy         fmax
GPMin:    0 21:06:07       -3.165174        1.3542
GPMin:    1 21:06:14       -4.008901        0.6049
GPMin:    2 21:06:20       -4.287474        0.2582
GPMin:    3 21:06:26       -4.354125        0.0970
GPMin:    4 21:06:31       -4.363429        0.1252
GPMin:    5 21:06:36       -4.376673        0.1072
GPMin:    6 21:06:42       -4.391560        0.1337
GPMin:    7 21:06:48       -4.407163        0.1141
GPMin:    8 21:07:00       -4.448961        0.1048
GPMin:    9 21:07:06       -4.452189        0.0513
GPMin:   10 21:07:27       -4.452961        0.0466
GPMin:   11 21:07:57       -4.469376        0.0683
GPMin:   12 21:08:20       -4.481007        0.1889
GPMin:   13 21:08:26       -4.504796        0.1478
GPMin:   14 21:08:33       -4.541946        0.2596
GPMin:   15 21:08:39       -4.570996        0.2633
GPMin:   16 21:08:46       -4.645115        0.2644
GPMin:   17 21:08:52       -4.701120        0.2059
GPMin:   18 21:08:58       -4.737824        0.1499
GPMin:   19 21:09:04       -4.777797        0.1207
GPMin:   20 21:09:10       -4.796266        0.1143
GPMin:   21 21:09:16       -4.822046        0.1330
GPMin:   22 21:09:22       -4.850081        0.0870
GPMin:   23 21:09:27       -4.859905        0.0708
GPMin:   24 21:09:32       -4.867482        0.0553
GPMin:   25 21:09:37       -4.872310        0.0534
GPMin:   26 21:09:42       -4.881381        0.0427
GPMin:   27 21:09:47       -4.884440        0.0398
GPMin:   28 21:09:52       -4.886175        0.0379
GPMin:   29 21:09:57       -4.887841        0.0253
GPMin:   30 21:10:02       -4.888928        0.0327
GPMin:   31 21:10:06       -4.889588        0.0221
GPMin:   32 21:10:12       -4.890015        0.0131
       Step     Time          Energy         fmax
GPMin:    0 21:10:21       -3.169200        1.3456
GPMin:    1 21:10:28       -4.011045        0.6015
GPMin:    2 21:10:34       -4.288665        0.2563
GPMin:    3 21:10:40       -4.354528        0.0969
GPMin:    4 21:10:45       -4.363705        0.1249
GPMin:    5 21:10:50       -4.377483        0.1043
GPMin:    6 21:10:56       -4.391812        0.1426
GPMin:    7 21:11:01       -4.403996        0.1254
GPMin:    8 21:11:14       -4.453751        0.1072
GPMin:    9 21:11:20       -4.454800        0.0597
GPMin:   10 21:11:42       -4.456439        0.0624
GPMin:   11 21:11:58       -4.506172        0.1559
GPMin:   12 21:12:05       -4.578698        0.2337
GPMin:   13 21:12:12       -4.623812        0.2377
GPMin:   14 21:12:17       -4.660840        0.2168
GPMin:   15 21:12:24       -4.723375        0.1642
GPMin:   16 21:12:30       -4.752246        0.1422
GPMin:   17 21:12:36       -4.782416        0.1184
GPMin:   18 21:12:42       -4.802237        0.1083
GPMin:   19 21:12:48       -4.819173        0.1014
GPMin:   20 21:12:54       -4.839485        0.0837
GPMin:   21 21:13:00       -4.852598        0.0715
GPMin:   22 21:13:05       -4.861283        0.0710
GPMin:   23 21:13:10       -4.871124        0.0644
GPMin:   24 21:13:15       -4.879445        0.0422
GPMin:   25 21:13:20       -4.883279        0.0305
GPMin:   26 21:13:25       -4.886690        0.0313
GPMin:   27 21:13:30       -4.888540        0.0172
       Step     Time          Energy         fmax
GPMin:    0 21:13:40       -3.169295        1.3519
GPMin:    1 21:13:46       -4.010978        0.6017
GPMin:    2 21:13:52       -4.288807        0.2566
GPMin:    3 21:13:58       -4.355055        0.0963
GPMin:    4 21:14:04       -4.364401        0.1233
GPMin:    5 21:14:10       -4.377064        0.1098
GPMin:    6 21:14:35       -4.403387        0.1056
GPMin:    7 21:14:49       -4.410924        0.0600
GPMin:    8 21:15:04       -4.424677        0.1133
GPMin:    9 21:15:10       -4.432167        0.0763
GPMin:   10 21:15:16       -4.440379        0.0781
GPMin:   11 21:15:29       -4.450521        0.0653
GPMin:   12 21:15:34       -4.453593        0.0494
GPMin:   13 21:15:40       -4.463216        0.0380
GPMin:   14 21:15:45       -4.465982        0.0458
GPMin:   15 21:15:52       -4.523304        0.2318
GPMin:   16 21:15:58       -4.573412        0.2356
GPMin:   17 21:16:04       -4.614063        0.1998
GPMin:   18 21:16:11       -4.657958        0.1637
GPMin:   19 21:16:17       -4.702415        0.1463
GPMin:   20 21:16:23       -4.742057        0.1425
GPMin:   21 21:16:29       -4.768860        0.1421
GPMin:   22 21:16:35       -4.796433        0.1362
GPMin:   23 21:16:40       -4.813800        0.1169
GPMin:   24 21:16:46       -4.832224        0.0901
GPMin:   25 21:16:52       -4.846144        0.0788
GPMin:   26 21:16:58       -4.861093        0.0667
GPMin:   27 21:17:03       -4.871435        0.0521
GPMin:   28 21:17:08       -4.880392        0.0389
GPMin:   29 21:17:12       -4.884122        0.0347
GPMin:   30 21:17:17       -4.889030        0.0153
       Step     Time          Energy         fmax
GPMin:    0 21:17:26       -3.166346        1.3559
GPMin:    1 21:17:33       -4.008791        0.6050
GPMin:    2 21:17:39       -4.286794        0.2564
GPMin:    3 21:17:45       -4.353080        0.0972
GPMin:    4 21:17:50       -4.362315        0.1248
GPMin:    5 21:17:55       -4.375649        0.1063
GPMin:    6 21:18:01       -4.390178        0.1402
GPMin:    7 21:18:06       -4.403540        0.1231
GPMin:    8 21:18:19       -4.451427        0.0985
GPMin:    9 21:18:24       -4.452840        0.0414
GPMin:   10 21:18:46       -4.454609        0.0341
GPMin:   11 21:18:53       -4.458363        0.1294
GPMin:   12 21:18:59       -4.465256        0.0599
GPMin:   13 21:19:22       -4.479185        0.1016
GPMin:   14 21:19:29       -4.480700        0.1718
GPMin:   15 21:19:35       -4.494257        0.1767
GPMin:   16 21:19:41       -4.528913        0.1894
GPMin:   17 21:19:54       -4.570400        0.2255
GPMin:   18 21:20:01       -4.597162        0.2167
GPMin:   19 21:20:06       -4.610479        0.1987
GPMin:   20 21:20:13       -4.661965        0.1981
GPMin:   21 21:20:19       -4.718858        0.1998
GPMin:   22 21:20:25       -4.760901        0.1773
GPMin:   23 21:20:31       -4.800072        0.1389
GPMin:   24 21:20:37       -4.835843        0.0832
GPMin:   25 21:20:43       -4.855378        0.0651
GPMin:   26 21:20:49       -4.868383        0.0508
GPMin:   27 21:20:54       -4.875399        0.0454
GPMin:   28 21:20:59       -4.880674        0.0403
GPMin:   29 21:21:04       -4.882798        0.0337
GPMin:   30 21:21:09       -4.886931        0.0336
GPMin:   31 21:21:15       -4.888441        0.0271
GPMin:   32 21:21:20       -4.889503        0.0138
       Step     Time          Energy         fmax
GPMin:    0 21:21:28       -3.254729        1.2440
GPMin:    1 21:21:36       -4.043428        0.5825
GPMin:    2 21:21:43       -4.328851        0.3114
GPMin:    3 21:21:50       -4.436811        0.2395
GPMin:    4 21:21:56       -4.473351        0.2331
GPMin:    5 21:22:01       -4.600753        0.2812
GPMin:    6 21:22:07       -4.602344        0.3106
GPMin:    7 21:22:13       -4.615465        0.2900
GPMin:    8 21:22:18       -4.633487        0.2664
GPMin:    9 21:22:25       -4.722341        0.1528
GPMin:   10 21:22:31       -4.728777        0.1394
GPMin:   11 21:22:36       -4.762188        0.1235
GPMin:   12 21:22:42       -4.782648        0.1105
GPMin:   13 21:22:48       -4.808867        0.0908
GPMin:   14 21:22:53       -4.832397        0.0737
GPMin:   15 21:22:59       -4.851310        0.0602
GPMin:   16 21:23:05       -4.865484        0.0511
GPMin:   17 21:23:10       -4.875103        0.0407
GPMin:   18 21:23:14       -4.881968        0.0296
GPMin:   19 21:23:20       -4.885932        0.0229
GPMin:   20 21:23:25       -4.887928        0.0275
GPMin:   21 21:23:30       -4.889479        0.0151
