       Step     Time          Energy         fmax
GPMin:    0 23:41:21       -6.644961        0.1867
GPMin:    1 23:41:27       -6.775186        0.1559
GPMin:    2 23:41:33       -6.843010        0.0591
GPMin:    3 23:41:39       -6.849600        0.0138
       Step     Time          Energy         fmax
GPMin:    0 23:41:50       -6.958604        0.5410
GPMin:    1 23:41:58       -7.153669        0.1753
GPMin:    2 23:42:06       -7.201905        0.1293
GPMin:    3 23:42:13       -7.236369        0.0662
GPMin:    4 23:42:20       -7.245283        0.0398
GPMin:    5 23:42:26       -7.251784        0.0362
GPMin:    6 23:42:32       -7.257403        0.0466
GPMin:    7 23:42:38       -7.267933        0.0342
GPMin:    8 23:42:45       -7.275879        0.0266
GPMin:    9 23:42:51       -7.279554        0.0161
       Step     Time          Energy         fmax
GPMin:    0 23:43:01       -6.393270        0.8359
GPMin:    1 23:43:09       -6.689702        0.2703
GPMin:    2 23:43:17       -6.785904        0.2470
GPMin:    3 23:43:24       -6.881577        0.2270
GPMin:    4 23:43:31       -6.965527        0.1833
GPMin:    5 23:43:37       -7.028066        0.1550
GPMin:    6 23:43:44       -7.065397        0.1349
GPMin:    7 23:43:51       -7.088886        0.0953
GPMin:    8 23:43:57       -7.101404        0.0475
GPMin:    9 23:44:03       -7.105456        0.0357
GPMin:   10 23:44:09       -7.108721        0.0312
GPMin:   11 23:44:15       -7.111078        0.0241
GPMin:   12 23:44:21       -7.112791        0.0176
       Step     Time          Energy         fmax
GPMin:    0 23:44:32       -7.104235        0.3246
GPMin:    1 23:44:39       -7.202505        0.0915
GPMin:    2 23:44:46       -7.216346        0.0243
GPMin:    3 23:44:52       -7.218937        0.0261
GPMin:    4 23:44:59       -7.223850        0.0493
GPMin:    5 23:45:06       -7.236041        0.0288
GPMin:    6 23:45:13       -7.242630        0.0231
GPMin:    7 23:45:19       -7.246616        0.0271
GPMin:    8 23:45:26       -7.254934        0.0346
GPMin:    9 23:45:32       -7.268438        0.0340
GPMin:   10 23:45:39       -7.278221        0.0152
       Step     Time          Energy         fmax
GPMin:    0 23:45:51       -6.226514        0.5025
GPMin:    1 23:46:00       -6.431712        0.2793
GPMin:    2 23:46:08       -6.516992        0.2038
GPMin:    3 23:46:15       -6.593379        0.1703
GPMin:    4 23:46:22       -6.662587        0.1739
GPMin:    5 23:46:29       -6.731330        0.1789
GPMin:    6 23:46:36       -6.816088        0.1873
GPMin:    7 23:46:43       -6.872359        0.1744
GPMin:    8 23:46:50       -6.919488        0.1333
GPMin:    9 23:46:56       -6.953561        0.0783
GPMin:   10 23:47:03       -6.972141        0.1055
GPMin:   11 23:47:10       -6.999683        0.1069
GPMin:   12 23:47:16       -7.032500        0.0813
GPMin:   13 23:47:23       -7.060186        0.0808
GPMin:   14 23:47:30       -7.082353        0.0653
GPMin:   15 23:47:36       -7.095925        0.0612
GPMin:   16 23:47:43       -7.102407        0.0594
GPMin:   17 23:47:50       -7.109395        0.0585
GPMin:   18 23:47:57       -7.122723        0.0596
GPMin:   19 23:48:03       -7.141518        0.0608
GPMin:   20 23:48:10       -7.159371        0.0543
GPMin:   21 23:48:17       -7.176698        0.0660
GPMin:   22 23:48:23       -7.192987        0.0783
GPMin:   23 23:48:29       -7.211124        0.0819
GPMin:   24 23:48:36       -7.232085        0.0828
GPMin:   25 23:48:43       -7.254594        0.0652
GPMin:   26 23:48:50       -7.270466        0.0460
GPMin:   27 23:48:56       -7.276976        0.0385
GPMin:   28 23:49:02       -7.278795        0.0299
GPMin:   29 23:49:08       -7.280167        0.0182
       Step     Time          Energy         fmax
GPMin:    0 23:49:20       -6.327128        0.6059
GPMin:    1 23:49:29       -6.587498        0.2270
GPMin:    2 23:49:37       -6.710234        0.2271
GPMin:    3 23:49:44       -6.799994        0.2305
GPMin:    4 23:49:51       -6.878466        0.2196
GPMin:    5 23:49:58       -6.948742        0.1959
GPMin:    6 23:50:05       -7.009134        0.1535
GPMin:    7 23:50:12       -7.067284        0.1064
GPMin:    8 23:50:19       -7.109660        0.1156
GPMin:    9 23:50:26       -7.148683        0.1043
GPMin:   10 23:50:32       -7.184844        0.0811
GPMin:   11 23:50:38       -7.211034        0.0698
GPMin:   12 23:50:43       -7.226014        0.0502
GPMin:   13 23:50:49       -7.233801        0.0349
GPMin:   14 23:50:55       -7.236522        0.0270
GPMin:   15 23:51:01       -7.238752        0.0222
GPMin:   16 23:51:07       -7.239729        0.0162
       Step     Time          Energy         fmax
GPMin:    0 23:51:20       -6.079847        0.3819
GPMin:    1 23:51:29       -6.323908        0.3333
GPMin:    2 23:51:38       -6.499761        0.3511
GPMin:    3 23:51:47       -6.656400        0.3508
GPMin:    4 23:51:55       -6.782583        0.3276
GPMin:    5 23:52:01       -6.882650        0.2805
GPMin:    6 23:52:09       -6.980613        0.1609
GPMin:    7 23:52:15       -7.014066        0.1155
GPMin:    8 23:52:22       -7.035845        0.1018
GPMin:    9 23:52:28       -7.057277        0.0884
GPMin:   10 23:52:34       -7.074377        0.0807
GPMin:   11 23:52:41       -7.087912        0.0629
GPMin:   12 23:52:47       -7.095521        0.0423
GPMin:   13 23:52:53       -7.099497        0.0362
GPMin:   14 23:52:59       -7.101900        0.0293
GPMin:   15 23:53:05       -7.104131        0.0256
GPMin:   16 23:53:11       -7.105515        0.0244
GPMin:   17 23:53:17       -7.107730        0.0345
GPMin:   18 23:53:23       -7.110091        0.0257
GPMin:   19 23:53:30       -7.112212        0.0252
GPMin:   20 23:53:36       -7.113934        0.0230
GPMin:   21 23:53:42       -7.115439        0.0176
       Step     Time          Energy         fmax
GPMin:    0 23:53:53       -6.859803        0.8196
GPMin:    1 23:54:01       -7.147952        0.1835
GPMin:    2 23:54:08       -7.200699        0.1746
GPMin:    3 23:54:15       -7.233028        0.1368
GPMin:    4 23:54:22       -7.260410        0.0531
GPMin:    5 23:54:28       -7.266925        0.0427
GPMin:    6 23:54:34       -7.274088        0.0279
GPMin:    7 23:54:40       -7.276645        0.0281
GPMin:    8 23:54:46       -7.279164        0.0170
       Step     Time          Energy         fmax
GPMin:    0 23:54:57       -6.615192        0.3116
GPMin:    1 23:55:04       -6.840686        0.2392
GPMin:    2 23:55:12       -6.964381        0.1975
GPMin:    3 23:55:18       -7.034736        0.1199
GPMin:    4 23:55:25       -7.061406        0.0802
GPMin:    5 23:55:31       -7.076222        0.0659
GPMin:    6 23:55:37       -7.088940        0.0584
GPMin:    7 23:55:43       -7.100846        0.0592
GPMin:    8 23:55:50       -7.116982        0.0864
GPMin:    9 23:55:56       -7.141359        0.0996
GPMin:   10 23:56:03       -7.174163        0.1045
GPMin:   11 23:56:10       -7.209047        0.1011
GPMin:   12 23:56:16       -7.245663        0.0797
GPMin:   13 23:56:23       -7.271102        0.0420
GPMin:   14 23:56:29       -7.278215        0.0316
GPMin:   15 23:56:34       -7.280097        0.0215
GPMin:   16 23:56:40       -7.280918        0.0077
       Step     Time          Energy         fmax
GPMin:    0 23:56:52       -5.762268        0.3660
GPMin:    1 23:57:00       -6.002387        0.1516
GPMin:    2 23:57:06       -6.098195        0.1231
GPMin:    3 23:57:13       -6.145551        0.0997
GPMin:    4 23:57:19       -6.170369        0.0923
GPMin:    5 23:57:26       -6.187778        0.0793
GPMin:    6 23:57:34       -6.224140        0.1729
GPMin:    7 23:57:40       -6.240500        0.0976
GPMin:    8 23:57:46       -6.249141        0.0982
GPMin:    9 23:57:54       -6.275998        0.0406
GPMin:   10 23:57:59       -6.280840        0.0387
GPMin:   11 23:58:05       -6.282788        0.0264
GPMin:   12 23:58:19       -6.284582        0.0295
GPMin:   13 23:58:26       -6.288251        0.0313
GPMin:   14 23:58:40       -6.290089        0.0267
GPMin:   15 23:58:52       -6.299700        0.0605
GPMin:   16 23:58:58       -6.312673        0.0709
GPMin:   17 23:59:04       -6.335835        0.0857
GPMin:   18 23:59:11       -6.379986        0.1207
GPMin:   19 23:59:17       -6.439972        0.1386
GPMin:   20 23:59:24       -6.505220        0.1280
GPMin:   21 23:59:31       -6.559830        0.1074
GPMin:   22 23:59:37       -6.596391        0.0821
GPMin:   23 23:59:44       -6.620376        0.0780
GPMin:   24 23:59:50       -6.640669        0.0634
GPMin:   25 23:59:57       -6.654121        0.0443
GPMin:   26 00:00:03       -6.659657        0.0344
GPMin:   27 00:00:09       -6.661783        0.0223
GPMin:   28 00:00:14       -6.663071        0.0218
GPMin:   29 00:00:20       -6.664834        0.0261
GPMin:   30 00:00:26       -6.667877        0.0315
GPMin:   31 00:00:32       -6.672760        0.0269
GPMin:   32 00:00:38       -6.678013        0.0256
GPMin:   33 00:00:44       -6.684998        0.0378
GPMin:   34 00:00:50       -6.695083        0.0372
GPMin:   35 00:00:56       -6.708329        0.0453
GPMin:   36 00:01:02       -6.726242        0.0563
GPMin:   37 00:01:09       -6.748178        0.0573
GPMin:   38 00:01:16       -6.773173        0.0632
GPMin:   39 00:01:23       -6.797186        0.0707
GPMin:   40 00:01:29       -6.821488        0.0714
GPMin:   41 00:01:36       -6.844916        0.0703
GPMin:   42 00:01:43       -6.867480        0.0702
GPMin:   43 00:01:50       -6.887450        0.0650
GPMin:   44 00:01:56       -6.905739        0.0690
GPMin:   45 00:02:02       -6.917958        0.0754
GPMin:   46 00:02:08       -6.931961        0.0841
GPMin:   47 00:02:15       -6.950631        0.0965
GPMin:   48 00:02:21       -6.976284        0.1035
GPMin:   49 00:02:27       -7.003493        0.1071
GPMin:   50 00:02:34       -7.031981        0.1075
GPMin:   51 00:02:40       -7.063480        0.1033
GPMin:   52 00:02:47       -7.093925        0.0835
GPMin:   53 00:02:54       -7.119723        0.0568
GPMin:   54 00:03:01       -7.130475        0.0428
GPMin:   55 00:03:07       -7.134728        0.0409
GPMin:   56 00:03:13       -7.137391        0.0342
GPMin:   57 00:03:19       -7.139125        0.0261
GPMin:   58 00:03:25       -7.140364        0.0202
GPMin:   59 00:03:31       -7.140913        0.0133
       Step     Time          Energy         fmax
GPMin:    0 00:03:42       -6.713218        0.2652
GPMin:    1 00:03:49       -6.877953        0.1620
GPMin:    2 00:03:56       -6.956586        0.1252
GPMin:    3 00:04:03       -7.016475        0.1076
GPMin:    4 00:04:10       -7.079797        0.1116
GPMin:    5 00:04:17       -7.134421        0.0858
GPMin:    6 00:04:23       -7.174682        0.0809
GPMin:    7 00:04:30       -7.204032        0.0739
GPMin:    8 00:04:37       -7.230885        0.0645
GPMin:    9 00:04:43       -7.252808        0.0525
GPMin:   10 00:04:50       -7.266941        0.0387
GPMin:   11 00:04:55       -7.272681        0.0305
GPMin:   12 00:05:01       -7.275428        0.0255
GPMin:   13 00:05:07       -7.278440        0.0200
       Step     Time          Energy         fmax
GPMin:    0 00:05:17       -6.571457        0.8400
GPMin:    1 00:05:26       -6.910732        0.3204
GPMin:    2 00:05:34       -7.035844        0.1950
GPMin:    3 00:05:41       -7.110160        0.1227
GPMin:    4 00:05:48       -7.148700        0.1297
GPMin:    5 00:05:55       -7.190462        0.1150
GPMin:    6 00:06:01       -7.219987        0.0932
GPMin:    7 00:06:08       -7.234552        0.0584
GPMin:    8 00:06:15       -7.239864        0.0352
GPMin:    9 00:06:21       -7.241215        0.0271
GPMin:   10 00:06:27       -7.242006        0.0169
       Step     Time          Energy         fmax
GPMin:    0 00:06:37       -7.022941        0.1601
GPMin:    1 00:06:46       -7.081968        0.1805
GPMin:    2 00:06:54       -7.091061        0.1936
GPMin:    3 00:07:01       -7.101362        0.0737
GPMin:    4 00:07:08       -7.108615        0.0438
GPMin:    5 00:07:15       -7.109105        0.0419
GPMin:    6 00:07:20       -7.110950        0.0072
       Step     Time          Energy         fmax
GPMin:    0 00:07:33       -6.556972        0.6201
GPMin:    1 00:07:41       -6.787561        0.1526
GPMin:    2 00:07:49       -6.834027        0.1424
GPMin:    3 00:07:56       -6.868807        0.0962
GPMin:    4 00:08:03       -6.898046        0.1018
GPMin:    5 00:08:10       -6.929331        0.1175
GPMin:    6 00:08:17       -6.967951        0.1068
GPMin:    7 00:08:24       -7.014628        0.0862
GPMin:    8 00:08:31       -7.066252        0.0909
GPMin:    9 00:08:38       -7.114187        0.0902
GPMin:   10 00:08:44       -7.154361        0.0819
GPMin:   11 00:08:51       -7.182447        0.0619
GPMin:   12 00:08:58       -7.200222        0.0607
GPMin:   13 00:09:04       -7.212754        0.0635
GPMin:   14 00:09:11       -7.229525        0.0689
GPMin:   15 00:09:17       -7.247561        0.0612
GPMin:   16 00:09:24       -7.259213        0.0535
GPMin:   17 00:09:31       -7.265480        0.0527
GPMin:   18 00:09:37       -7.270147        0.0382
GPMin:   19 00:09:43       -7.273685        0.0303
GPMin:   20 00:09:49       -7.276673        0.0283
GPMin:   21 00:09:55       -7.278724        0.0180
       Step     Time          Energy         fmax
GPMin:    0 00:10:05       -7.039165        0.1188
GPMin:    1 00:10:13       -7.088227        0.1306
GPMin:    2 00:10:30       -7.101866        0.0847
GPMin:    3 00:10:45       -7.108267        0.0429
GPMin:    4 00:10:51       -7.110578        0.0187
       Step     Time          Energy         fmax
GPMin:    0 00:11:04       -6.367291        0.3752
GPMin:    1 00:11:13       -6.598074        0.3535
GPMin:    2 00:11:22       -6.755781        0.2729
GPMin:    3 00:11:30       -6.865743        0.2281
GPMin:    4 00:11:37       -6.929766        0.1917
GPMin:    5 00:11:44       -6.980573        0.1396
GPMin:    6 00:11:51       -7.016524        0.0986
GPMin:    7 00:11:57       -7.040479        0.1005
GPMin:    8 00:12:03       -7.065214        0.0925
GPMin:    9 00:12:09       -7.086541        0.0622
GPMin:   10 00:12:16       -7.098184        0.0532
GPMin:   11 00:12:22       -7.102549        0.0379
GPMin:   12 00:12:28       -7.105865        0.0259
GPMin:   13 00:12:34       -7.107396        0.0210
GPMin:   14 00:12:40       -7.108781        0.0163
       Step     Time          Energy         fmax
GPMin:    0 00:12:51       -6.616556        0.3078
GPMin:    1 00:12:59       -6.746089        0.1703
GPMin:    2 00:13:06       -6.819585        0.1601
GPMin:    3 00:13:13       -6.886323        0.1430
GPMin:    4 00:13:21       -6.944441        0.1442
GPMin:    5 00:13:28       -7.003586        0.1475
GPMin:    6 00:13:35       -7.057723        0.1298
GPMin:    7 00:13:42       -7.093205        0.0776
GPMin:    8 00:13:48       -7.108132        0.0394
GPMin:    9 00:13:54       -7.115446        0.0466
GPMin:   10 00:14:00       -7.120788        0.0223
GPMin:   11 00:14:06       -7.123352        0.0228
GPMin:   12 00:14:12       -7.127311        0.0279
GPMin:   13 00:14:18       -7.132581        0.0217
GPMin:   14 00:14:24       -7.136936        0.0241
GPMin:   15 00:14:30       -7.139828        0.0160
       Step     Time          Energy         fmax
GPMin:    0 00:14:41       -6.567976        0.2524
GPMin:    1 00:14:50       -6.751818        0.2519
GPMin:    2 00:14:57       -6.872190        0.2456
GPMin:    3 00:15:04       -6.981594        0.2177
GPMin:    4 00:15:12       -7.076100        0.1726
GPMin:    5 00:15:19       -7.149465        0.1404
GPMin:    6 00:15:25       -7.195091        0.0932
GPMin:    7 00:15:32       -7.215491        0.0465
GPMin:    8 00:15:38       -7.222681        0.0329
GPMin:    9 00:15:43       -7.225562        0.0366
GPMin:   10 00:15:49       -7.228801        0.0333
GPMin:   11 00:15:55       -7.234946        0.0394
GPMin:   12 00:16:01       -7.242692        0.0342
GPMin:   13 00:16:08       -7.249998        0.0333
GPMin:   14 00:16:15       -7.255855        0.0378
GPMin:   15 00:16:21       -7.262565        0.0388
GPMin:   16 00:16:27       -7.269822        0.0369
GPMin:   17 00:16:33       -7.275739        0.0312
GPMin:   18 00:16:39       -7.279660        0.0174
       Step     Time          Energy         fmax
GPMin:    0 00:16:51       -6.357038        0.4946
GPMin:    1 00:17:00       -6.580221        0.2088
GPMin:    2 00:17:08       -6.689331        0.1943
GPMin:    3 00:17:15       -6.777448        0.1717
GPMin:    4 00:17:22       -6.853418        0.1752
GPMin:    5 00:17:29       -6.930751        0.1796
GPMin:    6 00:17:36       -7.005628        0.1724
GPMin:    7 00:17:42       -7.071081        0.1355
GPMin:    8 00:17:49       -7.119538        0.0847
GPMin:    9 00:17:56       -7.140800        0.0767
GPMin:   10 00:18:02       -7.152407        0.0781
GPMin:   11 00:18:08       -7.172502        0.0714
GPMin:   12 00:18:14       -7.192512        0.0791
GPMin:   13 00:18:20       -7.213112        0.1028
GPMin:   14 00:18:27       -7.236721        0.0999
GPMin:   15 00:18:34       -7.259183        0.0783
GPMin:   16 00:18:40       -7.272465        0.0446
GPMin:   17 00:18:46       -7.275704        0.0331
GPMin:   18 00:18:52       -7.277719        0.0246
GPMin:   19 00:18:58       -7.278932        0.0191
       Step     Time          Energy         fmax
GPMin:    0 00:19:10       -6.681338        0.4662
GPMin:    1 00:19:18       -6.860702        0.2411
GPMin:    2 00:19:26       -6.971919        0.1773
GPMin:    3 00:19:33       -7.037286        0.1159
GPMin:    4 00:19:40       -7.078624        0.0839
GPMin:    5 00:19:46       -7.100277        0.0606
GPMin:    6 00:19:52       -7.115784        0.0387
GPMin:    7 00:19:58       -7.120425        0.0358
GPMin:    8 00:20:04       -7.124248        0.0312
GPMin:    9 00:20:10       -7.127005        0.0249
GPMin:   10 00:20:16       -7.131528        0.0222
GPMin:   11 00:20:22       -7.136225        0.0198
       Step     Time          Energy         fmax
GPMin:    0 00:20:33       -6.223102        0.7555
GPMin:    1 00:20:41       -6.560941        0.2580
GPMin:    2 00:20:48       -6.695132        0.2592
GPMin:    3 00:20:56       -6.817961        0.2407
GPMin:    4 00:21:03       -6.922266        0.1888
GPMin:    5 00:21:10       -6.996794        0.1525
GPMin:    6 00:21:17       -7.048617        0.1324
GPMin:    7 00:21:25       -7.091793        0.1402
GPMin:    8 00:21:32       -7.130511        0.1116
GPMin:    9 00:21:39       -7.163959        0.1188
GPMin:   10 00:21:45       -7.191525        0.1211
GPMin:   11 00:21:52       -7.215245        0.1182
GPMin:   12 00:21:58       -7.239315        0.0992
GPMin:   13 00:22:05       -7.260581        0.0614
GPMin:   14 00:22:12       -7.271859        0.0532
GPMin:   15 00:22:18       -7.276590        0.0410
GPMin:   16 00:22:24       -7.279368        0.0287
GPMin:   17 00:22:30       -7.280292        0.0146
       Step     Time          Energy         fmax
GPMin:    0 00:22:40       -6.833412        0.5175
GPMin:    1 00:22:48       -6.975942        0.1495
GPMin:    2 00:22:55       -7.037041        0.1459
GPMin:    3 00:23:03       -7.083294        0.0900
GPMin:    4 00:23:10       -7.109041        0.0556
GPMin:    5 00:23:17       -7.122014        0.0503
GPMin:    6 00:23:23       -7.132048        0.0316
GPMin:    7 00:23:30       -7.138369        0.0261
GPMin:    8 00:23:37       -7.142251        0.0240
GPMin:    9 00:23:43       -7.145986        0.0291
GPMin:   10 00:23:49       -7.153186        0.0322
GPMin:   11 00:23:56       -7.166060        0.0442
GPMin:   12 00:24:03       -7.184820        0.0644
GPMin:   13 00:24:09       -7.215580        0.0789
GPMin:   14 00:24:16       -7.246555        0.0654
GPMin:   15 00:24:23       -7.265223        0.0468
GPMin:   16 00:24:29       -7.272729        0.0367
GPMin:   17 00:24:35       -7.276044        0.0235
GPMin:   18 00:24:41       -7.277879        0.0250
GPMin:   19 00:24:47       -7.279608        0.0180
       Step     Time          Energy         fmax
GPMin:    0 00:24:58       -6.842822        0.2827
GPMin:    1 00:25:06       -6.970192        0.2352
GPMin:    2 00:25:13       -7.073909        0.2216
GPMin:    3 00:25:21       -7.147516        0.1493
GPMin:    4 00:25:27       -7.178773        0.0775
GPMin:    5 00:25:34       -7.199354        0.0836
GPMin:    6 00:25:40       -7.220691        0.0467
GPMin:    7 00:25:46       -7.233423        0.0394
GPMin:    8 00:25:52       -7.238279        0.0246
GPMin:    9 00:25:58       -7.241087        0.0222
GPMin:   10 00:26:04       -7.245813        0.0320
GPMin:   11 00:26:10       -7.251968        0.0317
GPMin:   12 00:26:17       -7.259837        0.0440
GPMin:   13 00:26:23       -7.270668        0.0348
GPMin:   14 00:26:30       -7.278620        0.0214
GPMin:   15 00:26:36       -7.280241        0.0130
       Step     Time          Energy         fmax
GPMin:    0 00:26:47       -6.571457        0.8401
GPMin:    1 00:26:55       -6.910716        0.3204
GPMin:    2 00:27:03       -7.035839        0.1950
GPMin:    3 00:27:11       -7.110159        0.1227
GPMin:    4 00:27:17       -7.148693        0.1297
GPMin:    5 00:27:24       -7.190460        0.1150
GPMin:    6 00:27:31       -7.219987        0.0932
GPMin:    7 00:27:38       -7.234553        0.0584
GPMin:    8 00:27:44       -7.239866        0.0352
GPMin:    9 00:27:50       -7.241216        0.0271
GPMin:   10 00:27:56       -7.242008        0.0169
       Step     Time          Energy         fmax
GPMin:    0 00:28:07       -6.167084        0.6081
GPMin:    1 00:28:14       -6.482993        0.2310
GPMin:    2 00:28:21       -6.586180        0.1554
GPMin:    3 00:28:28       -6.634056        0.1539
GPMin:    4 00:28:35       -6.685608        0.1606
GPMin:    5 00:28:41       -6.742646        0.1661
GPMin:    6 00:28:47       -6.801786        0.1392
GPMin:    7 00:28:53       -6.838282        0.0619
GPMin:    8 00:28:59       -6.844716        0.0228
GPMin:    9 00:29:03       -6.845552        0.0171
       Step     Time          Energy         fmax
GPMin:    0 00:29:16       -6.309622        0.3758
GPMin:    1 00:29:25       -6.516716        0.2500
GPMin:    2 00:29:34       -6.619362        0.1904
GPMin:    3 00:29:41       -6.683497        0.1887
GPMin:    4 00:29:48       -6.743093        0.1980
GPMin:    5 00:29:56       -6.811413        0.2066
GPMin:    6 00:30:02       -6.879062        0.2160
GPMin:    7 00:30:09       -6.948610        0.2129
GPMin:    8 00:30:16       -7.016674        0.1836
GPMin:    9 00:30:24       -7.066412        0.1060
GPMin:   10 00:30:31       -7.081651        0.0540
GPMin:   11 00:30:37       -7.087074        0.0550
GPMin:   12 00:30:43       -7.092306        0.0322
GPMin:   13 00:30:49       -7.094800        0.0294
GPMin:   14 00:30:55       -7.097297        0.0185
       Step     Time          Energy         fmax
GPMin:    0 00:31:06       -6.842467        0.3159
GPMin:    1 00:31:13       -7.004995        0.2124
GPMin:    2 00:31:21       -7.089894        0.1321
GPMin:    3 00:31:28       -7.153487        0.1036
GPMin:    4 00:31:36       -7.201498        0.0938
GPMin:    5 00:31:42       -7.231238        0.0691
GPMin:    6 00:31:49       -7.249926        0.0494
GPMin:    7 00:31:56       -7.264033        0.0563
GPMin:    8 00:32:02       -7.271972        0.0448
GPMin:    9 00:32:08       -7.276143        0.0242
GPMin:   10 00:32:14       -7.278325        0.0198
       Step     Time          Energy         fmax
GPMin:    0 00:32:26       -6.697345        0.8103
GPMin:    1 00:32:34       -7.064336        0.2479
GPMin:    2 00:32:41       -7.172414        0.1448
GPMin:    3 00:32:48       -7.209495        0.1078
GPMin:    4 00:32:55       -7.230765        0.0955
GPMin:    5 00:33:02       -7.246617        0.0569
GPMin:    6 00:33:08       -7.255351        0.0480
GPMin:    7 00:33:14       -7.263296        0.0370
GPMin:    8 00:33:19       -7.268573        0.0408
GPMin:    9 00:33:25       -7.273571        0.0316
GPMin:   10 00:33:31       -7.277405        0.0266
GPMin:   11 00:33:37       -7.279684        0.0179
       Step     Time          Energy         fmax
GPMin:    0 00:33:48       -6.630012        0.3710
GPMin:    1 00:33:56       -6.798911        0.2512
GPMin:    2 00:34:03       -6.926918        0.2270
GPMin:    3 00:34:10       -7.017632        0.2498
GPMin:    4 00:34:17       -7.103286        0.2335
GPMin:    5 00:34:23       -7.176069        0.1747
GPMin:    6 00:34:30       -7.219177        0.0970
GPMin:    7 00:34:36       -7.241838        0.0994
GPMin:    8 00:34:42       -7.257520        0.0469
GPMin:    9 00:34:48       -7.264108        0.0338
GPMin:   10 00:34:54       -7.268306        0.0285
GPMin:   11 00:35:00       -7.272569        0.0323
GPMin:   12 00:35:06       -7.276441        0.0348
GPMin:   13 00:35:12       -7.279377        0.0221
GPMin:   14 00:35:18       -7.280214        0.0115
       Step     Time          Energy         fmax
GPMin:    0 00:35:29       -6.527756        0.2405
GPMin:    1 00:35:37       -6.686908        0.1889
GPMin:    2 00:35:44       -6.781004        0.2181
GPMin:    3 00:35:52       -6.874544        0.2260
GPMin:    4 00:35:59       -6.968678        0.2299
GPMin:    5 00:36:07       -7.060872        0.2199
GPMin:    6 00:36:14       -7.144797        0.1795
GPMin:    7 00:36:22       -7.206640        0.0964
GPMin:    8 00:36:28       -7.233987        0.0669
GPMin:    9 00:36:34       -7.244240        0.0648
GPMin:   10 00:36:40       -7.253920        0.0471
GPMin:   11 00:36:46       -7.258938        0.0357
GPMin:   12 00:36:52       -7.262900        0.0417
GPMin:   13 00:36:58       -7.269364        0.0395
GPMin:   14 00:37:04       -7.275638        0.0269
GPMin:   15 00:37:10       -7.278861        0.0208
GPMin:   16 00:37:16       -7.279769        0.0140
       Step     Time          Energy         fmax
GPMin:    0 00:37:27       -6.648456        0.8533
GPMin:    1 00:37:35       -6.926100        0.2793
GPMin:    2 00:37:43       -6.998799        0.2052
GPMin:    3 00:37:49       -7.047975        0.1181
GPMin:    4 00:37:56       -7.074990        0.0996
GPMin:    5 00:38:02       -7.095624        0.0607
GPMin:    6 00:38:08       -7.106947        0.0381
GPMin:    7 00:38:14       -7.110253        0.0328
GPMin:    8 00:38:20       -7.111939        0.0199
       Step     Time          Energy         fmax
GPMin:    0 00:38:31       -6.285046        0.4232
GPMin:    1 00:38:39       -6.470293        0.2503
GPMin:    2 00:38:46       -6.592184        0.2210
GPMin:    3 00:38:54       -6.676267        0.1843
GPMin:    4 00:39:01       -6.723549        0.1497
GPMin:    5 00:39:08       -6.784238        0.1121
GPMin:    6 00:39:15       -6.815467        0.1182
GPMin:    7 00:39:22       -6.875708        0.1781
GPMin:    8 00:39:29       -6.895877        0.1730
GPMin:    9 00:39:36       -6.961066        0.1224
GPMin:   10 00:39:43       -7.016686        0.1306
GPMin:   11 00:39:50       -7.061061        0.1133
GPMin:   12 00:39:56       -7.091542        0.0874
GPMin:   13 00:40:02       -7.111157        0.0664
GPMin:   14 00:40:08       -7.121449        0.0511
GPMin:   15 00:40:14       -7.128050        0.0529
GPMin:   16 00:40:20       -7.138700        0.0561
GPMin:   17 00:40:26       -7.151549        0.0465
GPMin:   18 00:40:33       -7.159742        0.0502
GPMin:   19 00:40:39       -7.165123        0.0604
GPMin:   20 00:40:46       -7.173649        0.0498
GPMin:   21 00:40:53       -7.187725        0.0627
GPMin:   22 00:40:59       -7.209903        0.0678
GPMin:   23 00:41:06       -7.234275        0.0579
GPMin:   24 00:41:13       -7.255883        0.0578
GPMin:   25 00:41:19       -7.270761        0.0455
GPMin:   26 00:41:25       -7.276074        0.0402
GPMin:   27 00:41:31       -7.278240        0.0291
GPMin:   28 00:41:38       -7.279214        0.0178
       Step     Time          Energy         fmax
GPMin:    0 00:41:48       -6.285048        0.4233
GPMin:    1 00:41:56       -6.470285        0.2503
GPMin:    2 00:42:04       -6.592181        0.2210
GPMin:    3 00:42:11       -6.676270        0.1843
GPMin:    4 00:42:19       -6.723556        0.1497
GPMin:    5 00:42:25       -6.784233        0.1121
GPMin:    6 00:42:32       -6.815462        0.1182
GPMin:    7 00:42:40       -6.875700        0.1781
GPMin:    8 00:42:46       -6.895836        0.1730
GPMin:    9 00:42:54       -6.961102        0.1224
GPMin:   10 00:43:00       -7.016707        0.1307
GPMin:   11 00:43:07       -7.061076        0.1134
GPMin:   12 00:43:13       -7.091550        0.0874
GPMin:   13 00:43:19       -7.111154        0.0664
GPMin:   14 00:43:25       -7.121441        0.0512
GPMin:   15 00:43:31       -7.128047        0.0529
GPMin:   16 00:43:37       -7.138699        0.0562
GPMin:   17 00:43:44       -7.151552        0.0466
GPMin:   18 00:43:51       -7.159753        0.0503
GPMin:   19 00:43:57       -7.165137        0.0604
GPMin:   20 00:44:03       -7.173668        0.0499
GPMin:   21 00:44:10       -7.187749        0.0627
GPMin:   22 00:44:17       -7.209941        0.0678
GPMin:   23 00:44:24       -7.234330        0.0579
GPMin:   24 00:44:30       -7.255927        0.0578
GPMin:   25 00:44:37       -7.270780        0.0455
GPMin:   26 00:44:43       -7.276077        0.0403
GPMin:   27 00:44:49       -7.278239        0.0292
GPMin:   28 00:44:55       -7.279214        0.0178
       Step     Time          Energy         fmax
GPMin:    0 00:45:07       -6.408118        0.4661
GPMin:    1 00:45:15       -6.691585        0.3292
GPMin:    2 00:45:22       -6.843733        0.2970
GPMin:    3 00:45:29       -6.963670        0.2369
GPMin:    4 00:45:36       -7.035427        0.1441
GPMin:    5 00:45:43       -7.062952        0.1108
GPMin:    6 00:45:49       -7.082502        0.0876
GPMin:    7 00:45:56       -7.096053        0.0575
GPMin:    8 00:46:02       -7.103883        0.0477
GPMin:    9 00:46:08       -7.107283        0.0293
GPMin:   10 00:46:14       -7.109111        0.0214
GPMin:   11 00:46:20       -7.110343        0.0165
       Step     Time          Energy         fmax
GPMin:    0 00:46:31       -6.535455        0.4632
GPMin:    1 00:46:38       -6.768073        0.1388
GPMin:    2 00:46:46       -6.794267        0.0831
GPMin:    3 00:46:52       -6.812575        0.0553
GPMin:    4 00:46:59       -6.828082        0.0331
GPMin:    5 00:47:05       -6.837748        0.0256
GPMin:    6 00:47:12       -6.845047        0.0149
       Step     Time          Energy         fmax
GPMin:    0 00:47:25       -5.818813        0.8353
GPMin:    1 00:47:34       -6.223887        0.4039
GPMin:    2 00:47:43       -6.414638        0.2948
GPMin:    3 00:47:51       -6.549809        0.2897
GPMin:    4 00:47:59       -6.652402        0.2769
GPMin:    5 00:48:06       -6.785903        0.2253
GPMin:    6 00:48:13       -6.842109        0.2006
GPMin:    7 00:48:20       -6.902403        0.1938
GPMin:    8 00:48:27       -6.959634        0.1384
GPMin:    9 00:48:34       -7.003943        0.1213
GPMin:   10 00:48:41       -7.046932        0.1112
GPMin:   11 00:48:48       -7.092561        0.1087
GPMin:   12 00:48:54       -7.132458        0.1029
GPMin:   13 00:49:00       -7.165114        0.0858
GPMin:   14 00:49:06       -7.189133        0.0686
GPMin:   15 00:49:12       -7.203851        0.0675
GPMin:   16 00:49:18       -7.214406        0.0609
GPMin:   17 00:49:24       -7.225178        0.0491
GPMin:   18 00:49:30       -7.233505        0.0347
GPMin:   19 00:49:36       -7.237385        0.0234
GPMin:   20 00:49:42       -7.238888        0.0259
GPMin:   21 00:49:47       -7.239626        0.0133
       Step     Time          Energy         fmax
GPMin:    0 00:50:01       -6.405317        0.5175
GPMin:    1 00:50:08       -6.658756        0.1773
GPMin:    2 00:50:15       -6.740143        0.1652
GPMin:    3 00:50:22       -6.799784        0.1369
GPMin:    4 00:50:28       -6.833543        0.0701
GPMin:    5 00:50:34       -6.842322        0.0285
GPMin:    6 00:50:40       -6.844180        0.0185
       Step     Time          Energy         fmax
GPMin:    0 00:50:51       -6.101346        0.4264
GPMin:    1 00:50:58       -6.240716        0.1013
GPMin:    2 00:51:05       -6.263099        0.0681
GPMin:    3 00:51:12       -6.276312        0.0752
GPMin:    4 00:51:19       -6.286616        0.0287
GPMin:    5 00:51:25       -6.290216        0.0179
       Step     Time          Energy         fmax
GPMin:    0 00:51:39       -6.406089        0.3104
GPMin:    1 00:51:46       -6.663345        0.2785
GPMin:    2 00:51:53       -6.842587        0.2498
GPMin:    3 00:52:01       -6.990414        0.2011
GPMin:    4 00:52:08       -7.099007        0.1604
GPMin:    5 00:52:16       -7.165508        0.1316
GPMin:    6 00:52:22       -7.198644        0.0949
GPMin:    7 00:52:29       -7.214626        0.0692
GPMin:    8 00:52:35       -7.225067        0.0701
GPMin:    9 00:52:41       -7.232196        0.0478
GPMin:   10 00:52:47       -7.236622        0.0286
GPMin:   11 00:52:53       -7.238510        0.0175
       Step     Time          Energy         fmax
GPMin:    0 00:53:06       -6.466666        0.2258
GPMin:    1 00:53:13       -6.668468        0.1932
GPMin:    2 00:53:19       -6.774469        0.1663
GPMin:    3 00:53:26       -6.827589        0.1116
GPMin:    4 00:53:32       -6.846790        0.0360
GPMin:    5 00:53:38       -6.849903        0.0141
       Step     Time          Energy         fmax
GPMin:    0 00:53:49       -6.437192        0.4839
GPMin:    1 00:53:57       -6.685418        0.2225
GPMin:    2 00:54:04       -6.805241        0.1950
GPMin:    3 00:54:12       -6.907386        0.1778
GPMin:    4 00:54:19       -6.988392        0.1559
GPMin:    5 00:54:26       -7.047630        0.1247
GPMin:    6 00:54:34       -7.089805        0.0969
GPMin:    7 00:54:41       -7.115386        0.0723
GPMin:    8 00:54:47       -7.126941        0.0539
GPMin:    9 00:54:53       -7.133969        0.0455
GPMin:   10 00:54:59       -7.139988        0.0330
GPMin:   11 00:55:05       -7.142876        0.0207
GPMin:   12 00:55:10       -7.144098        0.0159
       Step     Time          Energy         fmax
GPMin:    0 00:55:22       -6.257314        0.5207
GPMin:    1 00:55:30       -6.459368        0.2560
GPMin:    2 00:55:38       -6.601068        0.2628
GPMin:    3 00:55:45       -6.728607        0.2655
GPMin:    4 00:55:53       -6.851044        0.2617
GPMin:    5 00:56:00       -6.957130        0.2332
GPMin:    6 00:56:07       -7.035720        0.1704
GPMin:    7 00:56:14       -7.080025        0.0951
GPMin:    8 00:56:21       -7.100514        0.0996
GPMin:    9 00:56:27       -7.115622        0.0753
GPMin:   10 00:56:33       -7.128681        0.0511
GPMin:   11 00:56:39       -7.138340        0.0588
GPMin:   12 00:56:45       -7.144830        0.0540
GPMin:   13 00:56:51       -7.149057        0.0334
GPMin:   14 00:56:57       -7.151541        0.0326
GPMin:   15 00:57:03       -7.155205        0.0421
GPMin:   16 00:57:09       -7.161526        0.0615
GPMin:   17 00:57:15       -7.172717        0.0726
GPMin:   18 00:57:21       -7.191580        0.0748
GPMin:   19 00:57:28       -7.217501        0.0739
GPMin:   20 00:57:35       -7.240611        0.0624
GPMin:   21 00:57:42       -7.258553        0.0516
GPMin:   22 00:57:48       -7.267264        0.0416
GPMin:   23 00:57:54       -7.270939        0.0380
GPMin:   24 00:58:00       -7.274109        0.0289
GPMin:   25 00:58:06       -7.276389        0.0261
GPMin:   26 00:58:12       -7.278331        0.0208
GPMin:   27 00:58:18       -7.279314        0.0158
       Step     Time          Energy         fmax
GPMin:    0 00:58:27       -6.274444        0.4448
GPMin:    1 00:58:35       -6.499863        0.2505
GPMin:    2 00:58:42       -6.631179        0.1667
GPMin:    3 00:58:49       -6.725683        0.1536
GPMin:    4 00:58:56       -6.794457        0.1369
GPMin:    5 00:59:02       -6.832797        0.0941
GPMin:    6 00:59:08       -6.845941        0.0335
GPMin:    7 00:59:14       -6.848103        0.0191
       Step     Time          Energy         fmax
GPMin:    0 00:59:25       -6.335768        0.6517
GPMin:    1 00:59:33       -6.617291        0.2291
GPMin:    2 00:59:40       -6.733008        0.2242
GPMin:    3 00:59:47       -6.840298        0.1917
GPMin:    4 00:59:55       -6.934644        0.1641
GPMin:    5 01:00:02       -7.000953        0.1390
GPMin:    6 01:00:10       -7.044257        0.0967
GPMin:    7 01:00:16       -7.065180        0.0542
GPMin:    8 01:00:22       -7.072887        0.0510
GPMin:    9 01:00:28       -7.078604        0.0376
GPMin:   10 01:00:34       -7.082105        0.0310
GPMin:   11 01:00:40       -7.084408        0.0341
GPMin:   12 01:00:46       -7.091299        0.0390
GPMin:   13 01:00:52       -7.103567        0.0477
GPMin:   14 01:00:59       -7.121901        0.0443
GPMin:   15 01:01:06       -7.143583        0.0753
GPMin:   16 01:01:12       -7.166284        0.0921
GPMin:   17 01:01:19       -7.193117        0.0804
GPMin:   18 01:01:25       -7.215432        0.0529
GPMin:   19 01:01:32       -7.228522        0.0563
GPMin:   20 01:01:38       -7.234347        0.0424
GPMin:   21 01:01:44       -7.236688        0.0233
GPMin:   22 01:01:49       -7.237481        0.0171
       Step     Time          Energy         fmax
GPMin:    0 01:02:01       -6.433051        0.4153
GPMin:    1 01:02:09       -6.677755        0.3390
GPMin:    2 01:02:16       -6.835727        0.2509
GPMin:    3 01:02:24       -6.939334        0.1519
GPMin:    4 01:02:30       -6.994932        0.1374
GPMin:    5 01:02:37       -7.042065        0.1172
GPMin:    6 01:02:44       -7.088080        0.0911
GPMin:    7 01:02:50       -7.126159        0.0779
GPMin:    8 01:02:57       -7.155442        0.0764
GPMin:    9 01:03:03       -7.180801        0.0715
GPMin:   10 01:03:09       -7.204299        0.0679
GPMin:   11 01:03:15       -7.221609        0.0541
GPMin:   12 01:03:21       -7.232135        0.0399
GPMin:   13 01:03:27       -7.237115        0.0241
GPMin:   14 01:03:33       -7.238883        0.0228
GPMin:   15 01:03:39       -7.240715        0.0243
GPMin:   16 01:03:45       -7.243038        0.0214
GPMin:   17 01:03:51       -7.245291        0.0281
GPMin:   18 01:03:57       -7.247910        0.0311
GPMin:   19 01:04:04       -7.253636        0.0340
GPMin:   20 01:04:10       -7.261878        0.0334
GPMin:   21 01:04:16       -7.271290        0.0291
GPMin:   22 01:04:22       -7.277607        0.0240
GPMin:   23 01:04:28       -7.279680        0.0193
       Step     Time          Energy         fmax
GPMin:    0 01:04:39       -6.436566        0.8178
GPMin:    1 01:04:47       -6.798339        0.2920
GPMin:    2 01:04:54       -6.906968        0.2314
GPMin:    3 01:05:02       -6.983247        0.1948
GPMin:    4 01:05:08       -7.064877        0.1402
GPMin:    5 01:05:15       -7.135840        0.1352
GPMin:    6 01:05:22       -7.189514        0.1244
GPMin:    7 01:05:28       -7.226312        0.1052
GPMin:    8 01:05:35       -7.250110        0.0777
GPMin:    9 01:05:41       -7.265349        0.0545
GPMin:   10 01:05:47       -7.272853        0.0473
GPMin:   11 01:05:53       -7.276072        0.0294
GPMin:   12 01:05:59       -7.278404        0.0213
GPMin:   13 01:06:04       -7.279579        0.0180
       Step     Time          Energy         fmax
GPMin:    0 01:06:15       -6.236293        0.5545
GPMin:    1 01:06:23       -6.547143        0.2426
GPMin:    2 01:06:30       -6.667568        0.2072
GPMin:    3 01:06:37       -6.760071        0.1569
GPMin:    4 01:06:43       -6.816192        0.0948
GPMin:    5 01:06:50       -6.834152        0.0391
GPMin:    6 01:06:55       -6.838848        0.0326
GPMin:    7 01:07:01       -6.841837        0.0229
GPMin:    8 01:07:07       -6.843367        0.0198
       Step     Time          Energy         fmax
GPMin:    0 01:07:17       -7.099635        0.3261
GPMin:    1 01:07:25       -7.180597        0.1139
GPMin:    2 01:07:32       -7.213424        0.0444
GPMin:    3 01:07:38       -7.218315        0.0281
GPMin:    4 01:07:44       -7.221361        0.0246
GPMin:    5 01:07:51       -7.229844        0.0291
GPMin:    6 01:07:57       -7.237455        0.0193
       Step     Time          Energy         fmax
GPMin:    0 01:08:08       -6.668277        0.2884
GPMin:    1 01:08:16       -6.851684        0.2599
GPMin:    2 01:08:23       -6.997832        0.2267
GPMin:    3 01:08:31       -7.109612        0.1578
GPMin:    4 01:08:37       -7.165874        0.1229
GPMin:    5 01:08:44       -7.191219        0.1253
GPMin:    6 01:08:51       -7.219464        0.0803
GPMin:    7 01:08:58       -7.237273        0.0596
GPMin:    8 01:09:04       -7.248060        0.0445
GPMin:    9 01:09:10       -7.254871        0.0392
GPMin:   10 01:09:16       -7.258903        0.0406
GPMin:   11 01:09:22       -7.265703        0.0438
GPMin:   12 01:09:28       -7.272753        0.0335
GPMin:   13 01:09:34       -7.277281        0.0214
GPMin:   14 01:09:40       -7.278695        0.0173
       Step     Time          Energy         fmax
GPMin:    0 01:09:51       -6.465082        0.5094
GPMin:    1 01:09:58       -6.694918        0.1878
GPMin:    2 01:10:05       -6.769124        0.1509
GPMin:    3 01:10:12       -6.815225        0.0644
GPMin:    4 01:10:18       -6.827468        0.0375
GPMin:    5 01:10:24       -6.832872        0.0297
GPMin:    6 01:10:30       -6.840159        0.0245
GPMin:    7 01:10:36       -6.845299        0.0143
       Step     Time          Energy         fmax
GPMin:    0 01:10:48       -6.566401        0.2149
GPMin:    1 01:10:56       -6.718111        0.1972
GPMin:    2 01:11:04       -6.808446        0.1781
GPMin:    3 01:11:11       -6.889269        0.1834
GPMin:    4 01:11:19       -6.971782        0.1821
GPMin:    5 01:11:26       -7.048931        0.1541
GPMin:    6 01:11:33       -7.100513        0.0879
GPMin:    7 01:11:39       -7.122772        0.0605
GPMin:    8 01:11:45       -7.132544        0.0516
GPMin:    9 01:11:51       -7.146402        0.0445
GPMin:   10 01:11:57       -7.155333        0.0453
GPMin:   11 01:12:04       -7.165238        0.0699
GPMin:   12 01:12:11       -7.176886        0.0771
GPMin:   13 01:12:17       -7.199644        0.0790
GPMin:   14 01:12:24       -7.226635        0.0663
GPMin:   15 01:12:31       -7.250981        0.0783
GPMin:   16 01:12:37       -7.267165        0.0723
GPMin:   17 01:12:43       -7.273861        0.0448
GPMin:   18 01:12:49       -7.276199        0.0309
GPMin:   19 01:12:55       -7.277989        0.0228
GPMin:   20 01:13:00       -7.279185        0.0198
       Step     Time          Energy         fmax
GPMin:    0 01:13:11       -6.497691        0.2423
GPMin:    1 01:13:19       -6.672107        0.1774
GPMin:    2 01:13:27       -6.758298        0.1335
GPMin:    3 01:13:34       -6.800966        0.1434
GPMin:    4 01:13:40       -6.848811        0.1538
GPMin:    5 01:13:47       -6.908440        0.1587
GPMin:    6 01:13:53       -6.969440        0.1386
GPMin:    7 01:14:00       -7.016633        0.1152
GPMin:    8 01:14:07       -7.055114        0.1202
GPMin:    9 01:14:13       -7.102106        0.1171
GPMin:   10 01:14:20       -7.145660        0.0923
GPMin:   11 01:14:27       -7.175153        0.0835
GPMin:   12 01:14:34       -7.195084        0.0685
GPMin:   13 01:14:40       -7.209450        0.0696
GPMin:   14 01:14:46       -7.221695        0.0667
GPMin:   15 01:14:52       -7.236401        0.0534
GPMin:   16 01:14:59       -7.249319        0.0330
GPMin:   17 01:15:05       -7.254024        0.0308
GPMin:   18 01:15:11       -7.256692        0.0359
GPMin:   19 01:15:18       -7.263538        0.0366
GPMin:   20 01:15:24       -7.270570        0.0352
GPMin:   21 01:15:30       -7.276005        0.0287
GPMin:   22 01:15:36       -7.278361        0.0171
       Step     Time          Energy         fmax
GPMin:    0 01:15:47       -6.426608        1.0145
GPMin:    1 01:15:54       -6.812188        0.3367
GPMin:    2 01:16:02       -6.932713        0.2759
GPMin:    3 01:16:09       -7.009502        0.2425
GPMin:    4 01:16:17       -7.088339        0.1763
GPMin:    5 01:16:24       -7.138727        0.0970
GPMin:    6 01:16:31       -7.163108        0.0819
GPMin:    7 01:16:37       -7.184772        0.0858
GPMin:    8 01:16:43       -7.207531        0.0792
GPMin:    9 01:16:49       -7.228499        0.0704
GPMin:   10 01:16:55       -7.247312        0.0758
GPMin:   11 01:17:02       -7.264557        0.0585
GPMin:   12 01:17:09       -7.273558        0.0441
GPMin:   13 01:17:15       -7.275794        0.0344
GPMin:   14 01:17:21       -7.278070        0.0187
       Step     Time          Energy         fmax
GPMin:    0 01:17:32       -6.521438        0.4014
GPMin:    1 01:17:40       -6.748143        0.3697
GPMin:    2 01:17:48       -6.894631        0.3247
GPMin:    3 01:17:55       -7.022638        0.2683
GPMin:    4 01:18:03       -7.119702        0.1734
GPMin:    5 01:18:09       -7.169919        0.1157
GPMin:    6 01:18:15       -7.190655        0.1137
GPMin:    7 01:18:22       -7.205412        0.0766
GPMin:    8 01:18:29       -7.220525        0.0666
GPMin:    9 01:18:35       -7.238634        0.0605
GPMin:   10 01:18:41       -7.256846        0.0533
GPMin:   11 01:18:47       -7.269276        0.0385
GPMin:   12 01:18:53       -7.274199        0.0332
GPMin:   13 01:18:59       -7.276304        0.0283
GPMin:   14 01:19:05       -7.278628        0.0218
GPMin:   15 01:19:11       -7.279860        0.0159
       Step     Time          Energy         fmax
GPMin:    0 01:19:22       -6.010345        0.7196
GPMin:    1 01:19:31       -6.339287        0.3715
GPMin:    2 01:19:38       -6.514221        0.3180
GPMin:    3 01:19:45       -6.641922        0.2279
GPMin:    4 01:19:52       -6.720623        0.1968
GPMin:    5 01:19:59       -6.785244        0.2190
GPMin:    6 01:20:06       -6.870317        0.2486
GPMin:    7 01:20:14       -6.969478        0.2744
GPMin:    8 01:20:21       -7.068957        0.2760
GPMin:    9 01:20:28       -7.155973        0.2312
GPMin:   10 01:20:34       -7.218033        0.1199
GPMin:   11 01:20:41       -7.239314        0.1079
GPMin:   12 01:20:47       -7.248073        0.1121
GPMin:   13 01:20:54       -7.260611        0.0558
GPMin:   14 01:21:00       -7.265842        0.0427
GPMin:   15 01:21:06       -7.268364        0.0437
GPMin:   16 01:21:12       -7.272787        0.0353
GPMin:   17 01:21:18       -7.274998        0.0296
GPMin:   18 01:21:24       -7.277860        0.0280
GPMin:   19 01:21:29       -7.279140        0.0197
       Step     Time          Energy         fmax
GPMin:    0 01:21:41       -7.034844        0.2436
GPMin:    1 01:21:48       -7.119897        0.1263
GPMin:    2 01:21:56       -7.149281        0.0922
GPMin:    3 01:22:03       -7.181052        0.1015
GPMin:    4 01:22:10       -7.224250        0.1066
GPMin:    5 01:22:17       -7.260596        0.0780
GPMin:    6 01:22:23       -7.277741        0.0279
GPMin:    7 01:22:29       -7.280576        0.0160
       Step     Time          Energy         fmax
GPMin:    0 01:22:41       -6.188679        0.8316
GPMin:    1 01:22:49       -6.612134        0.3361
GPMin:    2 01:22:56       -6.761509        0.1811
GPMin:    3 01:23:03       -6.819855        0.1002
GPMin:    4 01:23:10       -6.837398        0.0531
GPMin:    5 01:23:16       -6.843087        0.0308
GPMin:    6 01:23:22       -6.845245        0.0176
       Step     Time          Energy         fmax
GPMin:    0 01:23:34       -5.986801        0.3246
GPMin:    1 01:23:42       -6.240899        0.2848
GPMin:    2 01:23:50       -6.424384        0.2577
GPMin:    3 01:23:57       -6.587295        0.2244
GPMin:    4 01:24:04       -6.718517        0.1809
GPMin:    5 01:24:12       -6.813768        0.1680
GPMin:    6 01:24:19       -6.888259        0.1481
GPMin:    7 01:24:25       -6.968946        0.1314
GPMin:    8 01:24:31       -7.020350        0.1186
GPMin:    9 01:24:38       -7.070812        0.1193
GPMin:   10 01:24:44       -7.118100        0.1053
GPMin:   11 01:24:50       -7.149606        0.0714
GPMin:   12 01:24:56       -7.167652        0.0510
GPMin:   13 01:25:02       -7.177214        0.0636
GPMin:   14 01:25:08       -7.185177        0.0760
GPMin:   15 01:25:14       -7.200083        0.0801
GPMin:   16 01:25:20       -7.219268        0.0768
GPMin:   17 01:25:27       -7.239927        0.0656
GPMin:   18 01:25:33       -7.257747        0.0534
GPMin:   19 01:25:40       -7.271153        0.0454
GPMin:   20 01:25:47       -7.277541        0.0354
GPMin:   21 01:25:53       -7.279529        0.0224
GPMin:   22 01:25:58       -7.280256        0.0187
       Step     Time          Energy         fmax
GPMin:    0 01:26:08       -6.680895        0.2843
GPMin:    1 01:26:16       -6.897228        0.2500
GPMin:    2 01:26:23       -7.032605        0.2158
GPMin:    3 01:26:31       -7.123240        0.1498
GPMin:    4 01:26:38       -7.174735        0.0895
GPMin:    5 01:26:45       -7.197717        0.0681
GPMin:    6 01:26:51       -7.212167        0.0581
GPMin:    7 01:26:57       -7.219127        0.0321
GPMin:    8 01:27:03       -7.222498        0.0342
GPMin:    9 01:27:09       -7.226967        0.0290
GPMin:   10 01:27:15       -7.231291        0.0346
GPMin:   11 01:27:21       -7.236592        0.0291
GPMin:   12 01:27:27       -7.240540        0.0294
GPMin:   13 01:27:33       -7.243931        0.0272
GPMin:   14 01:27:39       -7.246617        0.0243
GPMin:   15 01:27:45       -7.252294        0.0368
GPMin:   16 01:27:51       -7.261332        0.0418
GPMin:   17 01:27:58       -7.272532        0.0340
GPMin:   18 01:28:04       -7.278488        0.0182
       Step     Time          Energy         fmax
GPMin:    0 01:28:15       -6.664197        0.6923
GPMin:    1 01:28:23       -6.897723        0.2231
GPMin:    2 01:28:30       -7.009700        0.2111
GPMin:    3 01:28:38       -7.111130        0.1668
GPMin:    4 01:28:45       -7.178184        0.1341
GPMin:    5 01:28:52       -7.211217        0.0903
GPMin:    6 01:28:59       -7.229408        0.0667
GPMin:    7 01:29:05       -7.240024        0.0480
GPMin:    8 01:29:11       -7.246953        0.0390
GPMin:    9 01:29:17       -7.250688        0.0324
GPMin:   10 01:29:23       -7.254774        0.0356
GPMin:   11 01:29:30       -7.262070        0.0387
GPMin:   12 01:29:36       -7.269988        0.0312
GPMin:   13 01:29:42       -7.275278        0.0258
GPMin:   14 01:29:48       -7.277854        0.0215
GPMin:   15 01:29:54       -7.279405        0.0185
       Step     Time          Energy         fmax
GPMin:    0 01:30:06       -6.536561        0.7309
GPMin:    1 01:30:14       -6.787238        0.2648
GPMin:    2 01:30:21       -6.879524        0.2620
GPMin:    3 01:30:29       -6.974425        0.2478
GPMin:    4 01:30:36       -7.065502        0.2014
GPMin:    5 01:30:44       -7.133454        0.1344
GPMin:    6 01:30:51       -7.178181        0.1357
GPMin:    7 01:30:58       -7.208968        0.1075
GPMin:    8 01:31:04       -7.230874        0.0939
GPMin:    9 01:31:10       -7.244409        0.0747
GPMin:   10 01:31:16       -7.251998        0.0469
GPMin:   11 01:31:22       -7.257853        0.0523
GPMin:   12 01:31:28       -7.264746        0.0449
GPMin:   13 01:31:34       -7.270830        0.0417
GPMin:   14 01:31:40       -7.275269        0.0284
GPMin:   15 01:31:46       -7.277610        0.0229
GPMin:   16 01:31:52       -7.279150        0.0172
       Step     Time          Energy         fmax
GPMin:    0 01:32:05       -6.207044        0.6684
GPMin:    1 01:32:13       -6.504102        0.3218
GPMin:    2 01:32:20       -6.640263        0.2832
GPMin:    3 01:32:28       -6.757157        0.2369
GPMin:    4 01:32:35       -6.844981        0.1702
GPMin:    5 01:32:42       -6.912613        0.1443
GPMin:    6 01:32:49       -6.975001        0.1450
GPMin:    7 01:32:55       -7.022395        0.1290
GPMin:    8 01:33:02       -7.051717        0.0963
GPMin:    9 01:33:08       -7.067167        0.0620
GPMin:   10 01:33:14       -7.075728        0.0644
GPMin:   11 01:33:20       -7.088475        0.0729
GPMin:   12 01:33:26       -7.105677        0.0616
GPMin:   13 01:33:33       -7.124020        0.0647
GPMin:   14 01:33:39       -7.138223        0.0558
GPMin:   15 01:33:45       -7.145571        0.0302
GPMin:   16 01:33:51       -7.147394        0.0230
GPMin:   17 01:33:57       -7.149422        0.0277
GPMin:   18 01:34:03       -7.151934        0.0320
GPMin:   19 01:34:09       -7.155576        0.0406
GPMin:   20 01:34:15       -7.162829        0.0458
GPMin:   21 01:34:21       -7.174520        0.0496
GPMin:   22 01:34:27       -7.191550        0.0612
GPMin:   23 01:34:33       -7.215620        0.0701
GPMin:   24 01:34:39       -7.234780        0.0563
GPMin:   25 01:34:46       -7.247892        0.0390
GPMin:   26 01:34:52       -7.252700        0.0372
GPMin:   27 01:34:58       -7.255749        0.0368
GPMin:   28 01:35:04       -7.260588        0.0440
GPMin:   29 01:35:10       -7.265521        0.0513
GPMin:   30 01:35:16       -7.271992        0.0362
GPMin:   31 01:35:22       -7.276537        0.0265
GPMin:   32 01:35:28       -7.278496        0.0204
GPMin:   33 01:35:34       -7.279683        0.0177
       Step     Time          Energy         fmax
GPMin:    0 01:35:46       -6.694915        0.3021
GPMin:    1 01:35:53       -6.931711        0.2513
GPMin:    2 01:36:01       -7.079459        0.1955
GPMin:    3 01:36:08       -7.172552        0.1191
GPMin:    4 01:36:16       -7.212217        0.0800
GPMin:    5 01:36:22       -7.225699        0.0604
GPMin:    6 01:36:28       -7.235122        0.0369
GPMin:    7 01:36:34       -7.237435        0.0250
GPMin:    8 01:36:40       -7.238849        0.0132
       Step     Time          Energy         fmax
GPMin:    0 01:36:54       -5.544527        0.7492
GPMin:    1 01:37:04       -5.972987        0.3289
GPMin:    2 01:37:13       -6.096409        0.1003
GPMin:    3 01:37:21       -6.122103        0.0875
GPMin:    4 01:37:29       -6.144882        0.0813
GPMin:    5 01:37:36       -6.171016        0.1096
GPMin:    6 01:37:43       -6.216232        0.1182
GPMin:    7 01:37:49       -6.273782        0.1276
GPMin:    8 01:37:56       -6.338771        0.1509
GPMin:    9 01:38:03       -6.414465        0.1693
GPMin:   10 01:38:10       -6.508030        0.1820
GPMin:   11 01:38:17       -6.608278        0.1883
GPMin:   12 01:38:23       -6.701335        0.1775
GPMin:   13 01:38:30       -6.780346        0.1446
GPMin:   14 01:38:37       -6.827383        0.0840
GPMin:   15 01:38:43       -6.840387        0.0342
GPMin:   16 01:38:48       -6.841853        0.0294
GPMin:   17 01:38:54       -6.844254        0.0205
GPMin:   18 01:39:00       -6.844832        0.0150
       Step     Time          Energy         fmax
GPMin:    0 01:39:11       -6.593176        0.7733
GPMin:    1 01:39:19       -6.943627        0.2708
GPMin:    2 01:39:26       -7.024966        0.1745
GPMin:    3 01:39:33       -7.067143        0.1734
GPMin:    4 01:39:40       -7.114581        0.1238
GPMin:    5 01:39:46       -7.144038        0.1004
GPMin:    6 01:39:53       -7.177073        0.1091
GPMin:    7 01:40:00       -7.207694        0.1104
GPMin:    8 01:40:07       -7.235263        0.1076
GPMin:    9 01:40:13       -7.261477        0.0768
GPMin:   10 01:40:20       -7.274096        0.0356
GPMin:   11 01:40:26       -7.277513        0.0390
GPMin:   12 01:40:32       -7.279846        0.0250
GPMin:   13 01:40:38       -7.280724        0.0137
       Step     Time          Energy         fmax
GPMin:    0 01:40:49       -6.799696        0.2405
GPMin:    1 01:40:57       -6.945697        0.2322
GPMin:    2 01:41:04       -7.042752        0.1836
GPMin:    3 01:41:11       -7.114627        0.1237
GPMin:    4 01:41:17       -7.153850        0.1236
GPMin:    5 01:41:24       -7.190622        0.0899
GPMin:    6 01:41:31       -7.211190        0.0728
GPMin:    7 01:41:37       -7.224650        0.0550
GPMin:    8 01:41:43       -7.235190        0.0415
GPMin:    9 01:41:49       -7.238835        0.0248
GPMin:   10 01:41:55       -7.240157        0.0113
       Step     Time          Energy         fmax
GPMin:    0 01:42:05       -6.713217        0.2652
GPMin:    1 01:42:12       -6.877952        0.1620
GPMin:    2 01:42:20       -6.956591        0.1253
GPMin:    3 01:42:27       -7.016481        0.1076
GPMin:    4 01:42:33       -7.079804        0.1116
GPMin:    5 01:42:40       -7.134429        0.0858
GPMin:    6 01:42:47       -7.174688        0.0809
GPMin:    7 01:42:53       -7.204039        0.0739
GPMin:    8 01:43:00       -7.230892        0.0645
GPMin:    9 01:43:07       -7.252814        0.0525
GPMin:   10 01:43:13       -7.266946        0.0387
GPMin:   11 01:43:19       -7.272685        0.0304
GPMin:   12 01:43:24       -7.275430        0.0255
GPMin:   13 01:43:30       -7.278441        0.0200
       Step     Time          Energy         fmax
GPMin:    0 01:43:42       -6.522537        0.2703
GPMin:    1 01:43:49       -6.701718        0.2100
GPMin:    2 01:43:56       -6.801932        0.2036
GPMin:    3 01:44:04       -6.890602        0.2162
GPMin:    4 01:44:11       -6.976735        0.2200
GPMin:    5 01:44:19       -7.064186        0.2165
GPMin:    6 01:44:26       -7.145411        0.1914
GPMin:    7 01:44:33       -7.204997        0.1348
GPMin:    8 01:44:40       -7.234227        0.0669
GPMin:    9 01:44:46       -7.247026        0.0554
GPMin:   10 01:44:52       -7.253690        0.0569
GPMin:   11 01:44:58       -7.259207        0.0360
GPMin:   12 01:45:04       -7.262719        0.0389
GPMin:   13 01:45:10       -7.268808        0.0434
GPMin:   14 01:45:16       -7.275723        0.0304
GPMin:   15 01:45:22       -7.279309        0.0168
       Step     Time          Energy         fmax
GPMin:    0 01:45:33       -5.883579        0.7302
GPMin:    1 01:45:40       -6.262183        0.3320
GPMin:    2 01:45:48       -6.426702        0.3294
GPMin:    3 01:45:55       -6.584503        0.3166
GPMin:    4 01:46:02       -6.730783        0.2791
GPMin:    5 01:46:08       -6.852701        0.2252
GPMin:    6 01:46:15       -6.943620        0.1801
GPMin:    7 01:46:22       -7.013462        0.1752
GPMin:    8 01:46:28       -7.079077        0.1732
GPMin:    9 01:46:36       -7.141187        0.1337
GPMin:   10 01:46:43       -7.184273        0.1163
GPMin:   11 01:46:49       -7.211278        0.0931
GPMin:   12 01:46:56       -7.226345        0.0679
GPMin:   13 01:47:02       -7.233809        0.0508
GPMin:   14 01:47:08       -7.238944        0.0453
GPMin:   15 01:47:14       -7.243107        0.0351
GPMin:   16 01:47:20       -7.246203        0.0365
GPMin:   17 01:47:26       -7.248740        0.0404
GPMin:   18 01:47:32       -7.252277        0.0344
GPMin:   19 01:47:38       -7.256231        0.0436
GPMin:   20 01:47:44       -7.261035        0.0545
GPMin:   21 01:47:50       -7.267632        0.0460
GPMin:   22 01:47:56       -7.273323        0.0386
GPMin:   23 01:48:02       -7.276915        0.0345
GPMin:   24 01:48:08       -7.278893        0.0248
GPMin:   25 01:48:14       -7.280102        0.0171
       Step     Time          Energy         fmax
GPMin:    0 01:48:27       -5.747941        0.6725
GPMin:    1 01:48:35       -6.018886        0.2255
GPMin:    2 01:48:42       -6.140618        0.2445
GPMin:    3 01:48:49       -6.277836        0.2568
GPMin:    4 01:48:56       -6.409700        0.2590
GPMin:    5 01:49:03       -6.525558        0.2490
GPMin:    6 01:49:10       -6.617929        0.2277
GPMin:    7 01:49:16       -6.709677        0.1882
GPMin:    8 01:49:23       -6.748131        0.1717
GPMin:    9 01:49:29       -6.779480        0.1566
GPMin:   10 01:49:36       -6.813323        0.1119
GPMin:   11 01:49:42       -6.831444        0.0566
GPMin:   12 01:49:48       -6.836548        0.0472
GPMin:   13 01:49:54       -6.840236        0.0382
GPMin:   14 01:50:00       -6.842543        0.0289
GPMin:   15 01:50:06       -6.844744        0.0307
GPMin:   16 01:50:12       -6.849127        0.0254
GPMin:   17 01:50:18       -6.852552        0.0309
GPMin:   18 01:50:24       -6.862085        0.0552
GPMin:   19 01:50:30       -6.879689        0.0721
GPMin:   20 01:50:36       -6.914286        0.0999
GPMin:   21 01:50:43       -6.967578        0.1167
GPMin:   22 01:50:50       -7.031626        0.1290
GPMin:   23 01:50:57       -7.089669        0.1141
GPMin:   24 01:51:03       -7.129864        0.0825
GPMin:   25 01:51:09       -7.144496        0.0559
GPMin:   26 01:51:15       -7.147377        0.0394
GPMin:   27 01:51:21       -7.149815        0.0256
GPMin:   28 01:51:26       -7.150555        0.0145
       Step     Time          Energy         fmax
GPMin:    0 01:51:37       -6.727167        0.2643
GPMin:    1 01:51:44       -6.891744        0.2155
GPMin:    2 01:51:52       -6.983337        0.2116
GPMin:    3 01:51:58       -7.063545        0.1742
GPMin:    4 01:52:05       -7.112418        0.1086
GPMin:    5 01:52:11       -7.131523        0.0760
GPMin:    6 01:52:18       -7.143972        0.0514
GPMin:    7 01:52:24       -7.154100        0.0413
GPMin:    8 01:52:30       -7.163358        0.0484
GPMin:    9 01:52:36       -7.173409        0.0581
GPMin:   10 01:52:42       -7.194697        0.0654
GPMin:   11 01:52:49       -7.224489        0.0625
GPMin:   12 01:52:56       -7.253626        0.0609
GPMin:   13 01:53:03       -7.270358        0.0460
GPMin:   14 01:53:09       -7.274520        0.0355
GPMin:   15 01:53:15       -7.276999        0.0304
GPMin:   16 01:53:21       -7.278881        0.0223
GPMin:   17 01:53:27       -7.280134        0.0169
       Step     Time          Energy         fmax
GPMin:    0 01:53:38       -6.655177        0.3286
GPMin:    1 01:53:46       -6.822614        0.2048
GPMin:    2 01:53:53       -6.917801        0.1727
GPMin:    3 01:54:00       -6.980418        0.1065
GPMin:    4 01:54:07       -7.021391        0.0888
GPMin:    5 01:54:13       -7.055536        0.0694
GPMin:    6 01:54:19       -7.082925        0.0633
GPMin:    7 01:54:26       -7.099537        0.0608
GPMin:    8 01:54:34       -7.113621        0.0430
GPMin:    9 01:54:40       -7.121372        0.0396
GPMin:   10 01:54:47       -7.129590        0.0386
GPMin:   11 01:54:53       -7.136439        0.0334
GPMin:   12 01:54:59       -7.141422        0.0270
GPMin:   13 01:55:05       -7.146294        0.0331
GPMin:   14 01:55:11       -7.151934        0.0392
GPMin:   15 01:55:18       -7.160789        0.0407
GPMin:   16 01:55:24       -7.175474        0.0590
GPMin:   17 01:55:31       -7.197496        0.0751
GPMin:   18 01:55:38       -7.227072        0.0772
GPMin:   19 01:55:44       -7.253396        0.0508
GPMin:   20 01:55:51       -7.267039        0.0458
GPMin:   21 01:55:57       -7.272550        0.0308
GPMin:   22 01:56:03       -7.275561        0.0230
GPMin:   23 01:56:09       -7.277611        0.0256
GPMin:   24 01:56:15       -7.279245        0.0194
       Step     Time          Energy         fmax
GPMin:    0 01:56:28       -6.229938        0.5587
GPMin:    1 01:56:35       -6.524803        0.3628
GPMin:    2 01:56:43       -6.683231        0.3098
GPMin:    3 01:56:50       -6.813310        0.2600
GPMin:    4 01:56:57       -6.913192        0.2259
GPMin:    5 01:57:04       -6.989931        0.1994
GPMin:    6 01:57:11       -7.051904        0.1598
GPMin:    7 01:57:17       -7.097752        0.1206
GPMin:    8 01:57:24       -7.125286        0.0896
GPMin:    9 01:57:31       -7.138231        0.0554
GPMin:   10 01:57:37       -7.142960        0.0314
GPMin:   11 01:57:43       -7.145469        0.0231
GPMin:   12 01:57:49       -7.147200        0.0176
       Step     Time          Energy         fmax
GPMin:    0 01:58:00       -6.426563        0.7773
GPMin:    1 01:58:08       -6.703493        0.2320
GPMin:    2 01:58:16       -6.820007        0.2186
GPMin:    3 01:58:23       -6.909952        0.1948
GPMin:    4 01:58:30       -6.978796        0.1659
GPMin:    5 01:58:36       -7.036692        0.1289
GPMin:    6 01:58:42       -7.083019        0.0992
GPMin:    7 01:58:49       -7.120386        0.0955
GPMin:    8 01:58:56       -7.149086        0.0853
GPMin:    9 01:59:02       -7.168931        0.0771
GPMin:   10 01:59:08       -7.182107        0.0845
GPMin:   11 01:59:15       -7.197441        0.0862
GPMin:   12 01:59:21       -7.217341        0.0750
GPMin:   13 01:59:28       -7.239441        0.0775
GPMin:   14 01:59:35       -7.259116        0.0648
GPMin:   15 01:59:42       -7.272231        0.0387
GPMin:   16 01:59:48       -7.276391        0.0234
GPMin:   17 01:59:54       -7.277426        0.0202
GPMin:   18 01:59:59       -7.278824        0.0167
       Step     Time          Energy         fmax
GPMin:    0 02:00:10       -6.694618        0.2334
GPMin:    1 02:00:18       -6.817669        0.1807
GPMin:    2 02:00:25       -6.892014        0.1474
GPMin:    3 02:00:33       -6.943479        0.1354
GPMin:    4 02:00:40       -6.980739        0.0895
GPMin:    5 02:00:47       -7.006259        0.0744
GPMin:    6 02:00:54       -7.036929        0.0882
GPMin:    7 02:01:00       -7.073099        0.0802
GPMin:    8 02:01:07       -7.111566        0.0807
GPMin:    9 02:01:13       -7.151957        0.0715
GPMin:   10 02:01:20       -7.187952        0.0744
GPMin:   11 02:01:27       -7.215416        0.0749
GPMin:   12 02:01:33       -7.241129        0.0731
GPMin:   13 02:01:40       -7.264395        0.0565
GPMin:   14 02:01:47       -7.276088        0.0381
GPMin:   15 02:01:53       -7.278517        0.0270
GPMin:   16 02:01:59       -7.279850        0.0142
       Step     Time          Energy         fmax
GPMin:    0 02:02:10       -6.263370        1.1086
GPMin:    1 02:02:18       -6.656523        0.3298
GPMin:    2 02:02:26       -6.754960        0.1917
GPMin:    3 02:02:34       -6.824154        0.1972
GPMin:    4 02:02:41       -6.908319        0.1849
GPMin:    5 02:02:48       -6.980245        0.1733
GPMin:    6 02:02:55       -7.036967        0.1508
GPMin:    7 02:03:02       -7.083585        0.1290
GPMin:    8 02:03:09       -7.120195        0.1049
GPMin:    9 02:03:15       -7.140832        0.0567
GPMin:   10 02:03:21       -7.145714        0.0302
GPMin:   11 02:03:26       -7.146554        0.0205
GPMin:   12 02:03:31       -7.147428        0.0157
       Step     Time          Energy         fmax
GPMin:    0 02:03:44       -6.650399        0.4140
GPMin:    1 02:03:52       -6.847656        0.1864
GPMin:    2 02:04:00       -6.925760        0.1650
GPMin:    3 02:04:07       -6.982092        0.1401
GPMin:    4 02:04:13       -7.029803        0.1286
GPMin:    5 02:04:20       -7.088184        0.1331
GPMin:    6 02:04:27       -7.148764        0.1232
GPMin:    7 02:04:33       -7.192448        0.0824
GPMin:    8 02:04:39       -7.208638        0.0446
GPMin:    9 02:04:45       -7.211943        0.0362
GPMin:   10 02:04:51       -7.214355        0.0225
GPMin:   11 02:04:57       -7.214990        0.0188
       Step     Time          Energy         fmax
GPMin:    0 02:05:08       -6.586627        0.3182
GPMin:    1 02:05:15       -6.746416        0.2182
GPMin:    2 02:05:23       -6.831425        0.1240
GPMin:    3 02:05:29       -6.901024        0.1289
GPMin:    4 02:05:36       -6.980565        0.1260
GPMin:    5 02:05:43       -7.047541        0.1248
GPMin:    6 02:05:49       -7.099745        0.1237
GPMin:    7 02:05:56       -7.138100        0.1205
GPMin:    8 02:06:02       -7.172318        0.1122
GPMin:    9 02:06:09       -7.202164        0.0950
GPMin:   10 02:06:15       -7.226672        0.0807
GPMin:   11 02:06:22       -7.247445        0.0732
GPMin:   12 02:06:28       -7.264116        0.0560
GPMin:   13 02:06:34       -7.274276        0.0463
GPMin:   14 02:06:40       -7.277146        0.0316
GPMin:   15 02:06:45       -7.278454        0.0191
       Step     Time          Energy         fmax
GPMin:    0 02:06:57       -6.207044        0.6683
GPMin:    1 02:07:05       -6.504129        0.3218
GPMin:    2 02:07:12       -6.640292        0.2832
GPMin:    3 02:07:20       -6.757161        0.2369
GPMin:    4 02:07:27       -6.844980        0.1702
GPMin:    5 02:07:34       -6.912618        0.1443
GPMin:    6 02:07:40       -6.975001        0.1450
GPMin:    7 02:07:47       -7.022394        0.1290
GPMin:    8 02:07:54       -7.051718        0.0962
GPMin:    9 02:08:00       -7.067169        0.0620
GPMin:   10 02:08:06       -7.075729        0.0644
GPMin:   11 02:08:12       -7.088477        0.0728
GPMin:   12 02:08:18       -7.105679        0.0616
GPMin:   13 02:08:25       -7.124023        0.0647
GPMin:   14 02:08:31       -7.138226        0.0558
GPMin:   15 02:08:37       -7.145573        0.0302
GPMin:   16 02:08:43       -7.147395        0.0230
GPMin:   17 02:08:49       -7.149425        0.0277
GPMin:   18 02:08:55       -7.151938        0.0320
GPMin:   19 02:09:01       -7.155583        0.0406
GPMin:   20 02:09:07       -7.162840        0.0458
GPMin:   21 02:09:12       -7.174539        0.0496
GPMin:   22 02:09:18       -7.191574        0.0612
GPMin:   23 02:09:24       -7.215639        0.0700
GPMin:   24 02:09:30       -7.234799        0.0563
GPMin:   25 02:09:37       -7.247900        0.0390
GPMin:   26 02:09:43       -7.252708        0.0372
GPMin:   27 02:09:49       -7.255760        0.0368
GPMin:   28 02:09:55       -7.260599        0.0440
GPMin:   29 02:10:01       -7.265536        0.0513
GPMin:   30 02:10:07       -7.272002        0.0362
GPMin:   31 02:10:12       -7.276542        0.0264
GPMin:   32 02:10:19       -7.278499        0.0204
GPMin:   33 02:10:25       -7.279684        0.0177
